[7.485s] Invoking command in '/home/pi/Sandbox/RPI_led_service/src/rpi_LCD_control': CMAKE_PREFIX_PATH=/home/pi/Sandbox/RPI_led_service/install/rpi_gpio_msgs:/home/pi/Sandbox/RPI_led_service/install/rpi_gpio PYTHONPATH=/home/pi/Sandbox/RPI_led_service/build/rpi_LCD_control/prefix_override:/home/pi/Sandbox/RPI_led_service/install/rpi_LCD_control/lib/python3.10/site-packages:/home/pi/Sandbox/RPI_led_service/install/rpi_gpio_msgs/lib/python3.10/site-packages:/home/pi/Sandbox/RPI_led_service/install/rpi_LCD_control/lib/python3.10/site-packages:/opt/ros/iron/lib/python3.10/site-packages /usr/bin/python3 setup.py egg_info --egg-base ../../build/rpi_LCD_control build --build-base /home/pi/Sandbox/RPI_led_service/build/rpi_LCD_control/build install --record /home/pi/Sandbox/RPI_led_service/build/rpi_LCD_control/install.log --single-version-externally-managed
[9.014s] running egg_info
[9.017s] writing ../../build/rpi_LCD_control/rpi_LCD_control.egg-info/PKG-INFO
[9.019s] writing dependency_links to ../../build/rpi_LCD_control/rpi_LCD_control.egg-info/dependency_links.txt
[9.020s] writing entry points to ../../build/rpi_LCD_control/rpi_LCD_control.egg-info/entry_points.txt
[9.020s] writing requirements to ../../build/rpi_LCD_control/rpi_LCD_control.egg-info/requires.txt
[9.022s] writing top-level names to ../../build/rpi_LCD_control/rpi_LCD_control.egg-info/top_level.txt
[9.032s] reading manifest file '../../build/rpi_LCD_control/rpi_LCD_control.egg-info/SOURCES.txt'
[9.037s] writing manifest file '../../build/rpi_LCD_control/rpi_LCD_control.egg-info/SOURCES.txt'
[9.039s] running build
[9.040s] running build_py
[9.041s] running install
[9.042s] /usr/lib/python3/dist-packages/setuptools/command/install.py:34: SetuptoolsDeprecationWarning: setup.py install is deprecated. Use build and pip and other standards-based tools.
[9.043s]   warnings.warn(
[9.043s] running install_lib
[9.050s] running install_data
[9.053s] running install_egg_info
[9.061s] removing '/home/pi/Sandbox/RPI_led_service/install/rpi_LCD_control/lib/python3.10/site-packages/rpi_LCD_control-0.0.0-py3.10.egg-info' (and everything under it)
[9.063s] Copying ../../build/rpi_LCD_control/rpi_LCD_control.egg-info to /home/pi/Sandbox/RPI_led_service/install/rpi_LCD_control/lib/python3.10/site-packages/rpi_LCD_control-0.0.0-py3.10.egg-info
[9.071s] running install_scripts
[9.163s] Installing displayclient script to /home/pi/Sandbox/RPI_led_service/install/rpi_LCD_control/lib/rpi_LCD_control
[9.165s] writing list of installed files to '/home/pi/Sandbox/RPI_led_service/build/rpi_LCD_control/install.log'
[9.300s] Invoked command in '/home/pi/Sandbox/RPI_led_service/src/rpi_LCD_control' returned '0': CMAKE_PREFIX_PATH=/home/pi/Sandbox/RPI_led_service/install/rpi_gpio_msgs:/home/pi/Sandbox/RPI_led_service/install/rpi_gpio PYTHONPATH=/home/pi/Sandbox/RPI_led_service/build/rpi_LCD_control/prefix_override:/home/pi/Sandbox/RPI_led_service/install/rpi_LCD_control/lib/python3.10/site-packages:/home/pi/Sandbox/RPI_led_service/install/rpi_gpio_msgs/lib/python3.10/site-packages:/home/pi/Sandbox/RPI_led_service/install/rpi_LCD_control/lib/python3.10/site-packages:/opt/ros/iron/lib/python3.10/site-packages /usr/bin/python3 setup.py egg_info --egg-base ../../build/rpi_LCD_control build --build-base /home/pi/Sandbox/RPI_led_service/build/rpi_LCD_control/build install --record /home/pi/Sandbox/RPI_led_service/build/rpi_LCD_control/install.log --single-version-externally-managed
