-- Found ament_cmake: 2.0.3 (/opt/ros/iron/share/ament_cmake/cmake)
-- Found rclcpp: 21.0.3 (/opt/ros/iron/share/rclcpp/cmake)
-- Found rosidl_generator_c: 4.0.1 (/opt/ros/iron/share/rosidl_generator_c/cmake)
-- Found rosidl_generator_cpp: 4.0.1 (/opt/ros/iron/share/rosidl_generator_cpp/cmake)
-- Using all available rosidl_typesupport_c: rosidl_typesupport_fastrtps_c;rosidl_typesupport_introspection_c
-- Using all available rosidl_typesupport_cpp: rosidl_typesupport_fastrtps_cpp;rosidl_typesupport_introspection_cpp
-- Found rmw_implementation_cmake: 7.1.0 (/opt/ros/iron/share/rmw_implementation_cmake/cmake)
-- Found rmw_fastrtps_cpp: 7.1.1 (/opt/ros/iron/share/rmw_fastrtps_cpp/cmake)
-- Using RMW implementation 'rmw_fastrtps_cpp' as default
-- Found rosidl_default_generators: 1.5.0 (/opt/ros/iron/share/rosidl_default_generators/cmake)
-- Found rosidl_adapter: 4.0.1 (/opt/ros/iron/share/rosidl_adapter/cmake)
-- Found rpi_gpio_msgs: 0.0.0 (/home/lsantos/GitHub/Sandbox/RPI_led_service/install/rpi_gpio_msgs/share/rpi_gpio_msgs/cmake)
[31mCMake Error at /opt/ros/iron/share/rosidl_cmake/cmake/rosidl_generate_interfaces.cmake:95 (message):
  rosidl_generate_interfaces() the passed file
  'rpi_gpio_msgs/srv/LEDToggle.srv' doesn't exist relative to the
  CMAKE_CURRENT_SOURCE_DIR
  '/home/lsantos/GitHub/Sandbox/RPI_led_service/src/rpi_gpio'
Call Stack (most recent call first):
  CMakeLists.txt:14 (rosidl_generate_interfaces)

[0m
-- Configuring incomplete, errors occurred!
See also "/home/lsantos/GitHub/Sandbox/RPI_led_service/build/rpi_gpio/CMakeFiles/CMakeOutput.log".
