[0.048s] Invoking command in '/home/lsantos/GitHub/Sandbox/RPI_led_service/build/rpi_gpio': CMAKE_PREFIX_PATH=${CMAKE_PREFIX_PATH}:/opt/ros/iron /usr/bin/cmake /home/lsantos/GitHub/Sandbox/RPI_led_service/src/rpi_gpio -DCMAKE_INSTALL_PREFIX=/home/lsantos/GitHub/Sandbox/RPI_led_service/install/rpi_gpio
[0.054s] -- Found ament_cmake: 2.0.3 (/opt/ros/iron/share/ament_cmake/cmake)
[0.132s] -- Found rclcpp: 21.0.3 (/opt/ros/iron/share/rclcpp/cmake)
[0.147s] -- Found rosidl_generator_c: 4.0.1 (/opt/ros/iron/share/rosidl_generator_c/cmake)
[0.151s] -- Found rosidl_generator_cpp: 4.0.1 (/opt/ros/iron/share/rosidl_generator_cpp/cmake)
[0.157s] -- Using all available rosidl_typesupport_c: rosidl_typesupport_fastrtps_c;rosidl_typesupport_introspection_c
[0.164s] -- Using all available rosidl_typesupport_cpp: rosidl_typesupport_fastrtps_cpp;rosidl_typesupport_introspection_cpp
[0.243s] -- Found rmw_implementation_cmake: 7.1.0 (/opt/ros/iron/share/rmw_implementation_cmake/cmake)
[0.243s] -- Found rmw_fastrtps_cpp: 7.1.1 (/opt/ros/iron/share/rmw_fastrtps_cpp/cmake)
[0.302s] -- Using RMW implementation 'rmw_fastrtps_cpp' as default
[0.388s] -- Found rpi_gpio_msgs: 0.0.0 (/home/lsantos/GitHub/Sandbox/RPI_led_service/install/rpi_gpio_msgs/share/rpi_gpio_msgs/cmake)
[0.408s] -- Found ament_lint_auto: 0.14.2 (/opt/ros/iron/share/ament_lint_auto/cmake)
[0.445s] -- Added test 'cppcheck' to perform static code analysis on C / C++ code
[0.445s] -- Configured cppcheck include dirs: 
[0.445s] -- Configured cppcheck exclude dirs and/or files: 
[0.445s] -- Added test 'lint_cmake' to check CMake code style
[0.445s] -- Added test 'uncrustify' to check C / C++ code style
[0.445s] -- Configured uncrustify additional arguments: 
[0.445s] -- Added test 'xmllint' to check XML markup files
[0.446s] -- Configuring done
[0.452s] -- Generating done
[0.452s] -- Build files have been written to: /home/lsantos/GitHub/Sandbox/RPI_led_service/build/rpi_gpio
[0.456s] Invoked command in '/home/lsantos/GitHub/Sandbox/RPI_led_service/build/rpi_gpio' returned '0': CMAKE_PREFIX_PATH=${CMAKE_PREFIX_PATH}:/opt/ros/iron /usr/bin/cmake /home/lsantos/GitHub/Sandbox/RPI_led_service/src/rpi_gpio -DCMAKE_INSTALL_PREFIX=/home/lsantos/GitHub/Sandbox/RPI_led_service/install/rpi_gpio
[0.457s] Invoking command in '/home/lsantos/GitHub/Sandbox/RPI_led_service/build/rpi_gpio': CMAKE_PREFIX_PATH=${CMAKE_PREFIX_PATH}:/opt/ros/iron /usr/bin/cmake --build /home/lsantos/GitHub/Sandbox/RPI_led_service/build/rpi_gpio -- -j24 -l24
[0.476s] [ 25%] [32mBuilding CXX object CMakeFiles/gpio_server.dir/src/server.cpp.o[0m
[0.476s] [ 50%] [32mBuilding CXX object CMakeFiles/gpio_client.dir/src/client.cpp.o[0m
[1.750s] [01m[K/home/lsantos/GitHub/Sandbox/RPI_led_service/src/rpi_gpio/src/server.cpp:[m[K In constructor ‘[01m[KGPIOServer::GPIOServer()[m[K’:
[1.750s] [01m[K/home/lsantos/GitHub/Sandbox/RPI_led_service/src/rpi_gpio/src/server.cpp:16:22:[m[K [01;35m[Kwarning: [m[Kmissing initializer for member ‘[01m[Kgpiod::line_request::flags[m[K’ [[01;35m[K]8;;https://gcc.gnu.org/onlinedocs/gcc/Warning-Options.html#index-Wmissing-field-initializers-Wmissing-field-initializers]8;;[m[K]
[1.750s]    16 |         [01;35m[Kline_.request({"ros2_gpio_service", gpiod::line_request::DIRECTION_OUTPUT})[m[K;
[1.750s]       |         [01;35m[K~~~~~~~~~~~~~^~~~~~~~~~~~~~~~~~~~~~~~~~~~~~~~~~~~~~~~~~~~~~~~~~~~~~~~~~~~~~[m[K
[2.555s] [ 75%] [32m[1mLinking CXX executable gpio_server[0m
[2.560s] [100%] [32m[1mLinking CXX executable gpio_client[0m
[2.677s] [100%] Built target gpio_server
[2.677s] [100%] Built target gpio_client
[2.682s] Invoked command in '/home/lsantos/GitHub/Sandbox/RPI_led_service/build/rpi_gpio' returned '0': CMAKE_PREFIX_PATH=${CMAKE_PREFIX_PATH}:/opt/ros/iron /usr/bin/cmake --build /home/lsantos/GitHub/Sandbox/RPI_led_service/build/rpi_gpio -- -j24 -l24
[2.691s] Invoking command in '/home/lsantos/GitHub/Sandbox/RPI_led_service/build/rpi_gpio': CMAKE_PREFIX_PATH=${CMAKE_PREFIX_PATH}:/opt/ros/iron /usr/bin/cmake --install /home/lsantos/GitHub/Sandbox/RPI_led_service/build/rpi_gpio
[2.694s] -- Install configuration: ""
[2.694s] -- Installing: /home/lsantos/GitHub/Sandbox/RPI_led_service/install/rpi_gpio/lib/rpi_gpio/gpio_server
[2.695s] -- Set runtime path of "/home/lsantos/GitHub/Sandbox/RPI_led_service/install/rpi_gpio/lib/rpi_gpio/gpio_server" to ""
[2.695s] -- Installing: /home/lsantos/GitHub/Sandbox/RPI_led_service/install/rpi_gpio/lib/rpi_gpio/gpio_client
[2.695s] -- Set runtime path of "/home/lsantos/GitHub/Sandbox/RPI_led_service/install/rpi_gpio/lib/rpi_gpio/gpio_client" to ""
[2.695s] -- Installing: /home/lsantos/GitHub/Sandbox/RPI_led_service/install/rpi_gpio/share/ament_index/resource_index/package_run_dependencies/rpi_gpio
[2.695s] -- Installing: /home/lsantos/GitHub/Sandbox/RPI_led_service/install/rpi_gpio/share/ament_index/resource_index/parent_prefix_path/rpi_gpio
[2.695s] -- Installing: /home/lsantos/GitHub/Sandbox/RPI_led_service/install/rpi_gpio/share/rpi_gpio/environment/ament_prefix_path.sh
[2.695s] -- Installing: /home/lsantos/GitHub/Sandbox/RPI_led_service/install/rpi_gpio/share/rpi_gpio/environment/ament_prefix_path.dsv
[2.695s] -- Installing: /home/lsantos/GitHub/Sandbox/RPI_led_service/install/rpi_gpio/share/rpi_gpio/environment/path.sh
[2.695s] -- Installing: /home/lsantos/GitHub/Sandbox/RPI_led_service/install/rpi_gpio/share/rpi_gpio/environment/path.dsv
[2.695s] -- Installing: /home/lsantos/GitHub/Sandbox/RPI_led_service/install/rpi_gpio/share/rpi_gpio/local_setup.bash
[2.695s] -- Installing: /home/lsantos/GitHub/Sandbox/RPI_led_service/install/rpi_gpio/share/rpi_gpio/local_setup.sh
[2.695s] -- Installing: /home/lsantos/GitHub/Sandbox/RPI_led_service/install/rpi_gpio/share/rpi_gpio/local_setup.zsh
[2.695s] -- Installing: /home/lsantos/GitHub/Sandbox/RPI_led_service/install/rpi_gpio/share/rpi_gpio/local_setup.dsv
[2.696s] -- Installing: /home/lsantos/GitHub/Sandbox/RPI_led_service/install/rpi_gpio/share/rpi_gpio/package.dsv
[2.696s] -- Installing: /home/lsantos/GitHub/Sandbox/RPI_led_service/install/rpi_gpio/share/ament_index/resource_index/packages/rpi_gpio
[2.696s] -- Installing: /home/lsantos/GitHub/Sandbox/RPI_led_service/install/rpi_gpio/share/rpi_gpio/cmake/rpi_gpioConfig.cmake
[2.696s] -- Installing: /home/lsantos/GitHub/Sandbox/RPI_led_service/install/rpi_gpio/share/rpi_gpio/cmake/rpi_gpioConfig-version.cmake
[2.696s] -- Installing: /home/lsantos/GitHub/Sandbox/RPI_led_service/install/rpi_gpio/share/rpi_gpio/package.xml
[2.696s] Invoked command in '/home/lsantos/GitHub/Sandbox/RPI_led_service/build/rpi_gpio' returned '0': CMAKE_PREFIX_PATH=${CMAKE_PREFIX_PATH}:/opt/ros/iron /usr/bin/cmake --install /home/lsantos/GitHub/Sandbox/RPI_led_service/build/rpi_gpio
