[0.384s] DEBUG:colcon:Command line arguments: ['/usr/bin/colcon', 'build', '--packages-select', 'rpi_gpio_msgs']
[0.384s] DEBUG:colcon:Parsed command line arguments: Namespace(log_base=None, log_level=None, verb_name='build', build_base='build', install_base='install', merge_install=False, symlink_install=False, test_result_base=None, continue_on_error=False, executor='parallel', parallel_workers=24, event_handlers=None, ignore_user_meta=False, metas=['./colcon.meta'], base_paths=['.'], packages_ignore=None, packages_ignore_regex=None, paths=None, packages_up_to=None, packages_up_to_regex=None, packages_above=None, packages_above_and_dependencies=None, packages_above_depth=None, packages_select_by_dep=None, packages_skip_by_dep=None, packages_skip_up_to=None, packages_select_build_failed=False, packages_skip_build_finished=False, packages_select_test_failures=False, packages_skip_test_passed=False, packages_select=['rpi_gpio_msgs'], packages_skip=None, packages_select_regex=None, packages_skip_regex=None, packages_start=None, packages_end=None, allow_overriding=[], cmake_args=None, cmake_target=None, cmake_target_skip_unavailable=False, cmake_clean_cache=False, cmake_clean_first=False, cmake_force_configure=False, ament_cmake_args=None, catkin_cmake_args=None, catkin_skip_building_tests=False, verb_parser=<colcon_defaults.argument_parser.defaults.DefaultArgumentsDecorator object at 0x7f817ad0d930>, verb_extension=<colcon_core.verb.build.BuildVerb object at 0x7f817ad0faf0>, main=<bound method BuildVerb.main of <colcon_core.verb.build.BuildVerb object at 0x7f817ad0faf0>>)
[0.403s] Level 1:colcon.colcon_core.package_discovery:discover_packages(colcon_meta) check parameters
[0.403s] Level 1:colcon.colcon_core.package_discovery:discover_packages(recursive) check parameters
[0.403s] Level 1:colcon.colcon_core.package_discovery:discover_packages(ignore) check parameters
[0.403s] Level 1:colcon.colcon_core.package_discovery:discover_packages(path) check parameters
[0.403s] Level 1:colcon.colcon_core.package_discovery:discover_packages(colcon_meta) discover
[0.403s] Level 1:colcon.colcon_core.package_discovery:discover_packages(recursive) discover
[0.403s] INFO:colcon.colcon_core.package_discovery:Crawling recursively for packages in '/home/lsantos/GitHub/Sandbox/RPI_led_service'
[0.403s] Level 1:colcon.colcon_core.package_identification:_identify(.) by extensions ['ignore', 'ignore_ament_install']
[0.404s] Level 1:colcon.colcon_core.package_identification:_identify(.) by extension 'ignore'
[0.404s] Level 1:colcon.colcon_core.package_identification:_identify(.) by extension 'ignore_ament_install'
[0.404s] Level 1:colcon.colcon_core.package_identification:_identify(.) by extensions ['colcon_pkg']
[0.404s] Level 1:colcon.colcon_core.package_identification:_identify(.) by extension 'colcon_pkg'
[0.404s] Level 1:colcon.colcon_core.package_identification:_identify(.) by extensions ['colcon_meta']
[0.404s] Level 1:colcon.colcon_core.package_identification:_identify(.) by extension 'colcon_meta'
[0.404s] Level 1:colcon.colcon_core.package_identification:_identify(.) by extensions ['ros']
[0.404s] Level 1:colcon.colcon_core.package_identification:_identify(.) by extension 'ros'
[0.409s] Level 1:colcon.colcon_core.package_identification:_identify(.) by extensions ['cmake', 'python']
[0.409s] Level 1:colcon.colcon_core.package_identification:_identify(.) by extension 'cmake'
[0.409s] Level 1:colcon.colcon_core.package_identification:_identify(.) by extension 'python'
[0.409s] Level 1:colcon.colcon_core.package_identification:_identify(.) by extensions ['python_setup_py']
[0.409s] Level 1:colcon.colcon_core.package_identification:_identify(.) by extension 'python_setup_py'
[0.409s] Level 1:colcon.colcon_core.package_identification:_identify(build) by extensions ['ignore', 'ignore_ament_install']
[0.409s] Level 1:colcon.colcon_core.package_identification:_identify(build) by extension 'ignore'
[0.409s] Level 1:colcon.colcon_core.package_identification:_identify(build) ignored
[0.410s] Level 1:colcon.colcon_core.package_identification:_identify(install) by extensions ['ignore', 'ignore_ament_install']
[0.410s] Level 1:colcon.colcon_core.package_identification:_identify(install) by extension 'ignore'
[0.410s] Level 1:colcon.colcon_core.package_identification:_identify(install) ignored
[0.410s] Level 1:colcon.colcon_core.package_identification:_identify(log) by extensions ['ignore', 'ignore_ament_install']
[0.410s] Level 1:colcon.colcon_core.package_identification:_identify(log) by extension 'ignore'
[0.410s] Level 1:colcon.colcon_core.package_identification:_identify(log) ignored
[0.410s] Level 1:colcon.colcon_core.package_identification:_identify(src) by extensions ['ignore', 'ignore_ament_install']
[0.410s] Level 1:colcon.colcon_core.package_identification:_identify(src) by extension 'ignore'
[0.410s] Level 1:colcon.colcon_core.package_identification:_identify(src) by extension 'ignore_ament_install'
[0.410s] Level 1:colcon.colcon_core.package_identification:_identify(src) by extensions ['colcon_pkg']
[0.410s] Level 1:colcon.colcon_core.package_identification:_identify(src) by extension 'colcon_pkg'
[0.410s] Level 1:colcon.colcon_core.package_identification:_identify(src) by extensions ['colcon_meta']
[0.410s] Level 1:colcon.colcon_core.package_identification:_identify(src) by extension 'colcon_meta'
[0.410s] Level 1:colcon.colcon_core.package_identification:_identify(src) by extensions ['ros']
[0.410s] Level 1:colcon.colcon_core.package_identification:_identify(src) by extension 'ros'
[0.410s] Level 1:colcon.colcon_core.package_identification:_identify(src) by extensions ['cmake', 'python']
[0.410s] Level 1:colcon.colcon_core.package_identification:_identify(src) by extension 'cmake'
[0.410s] Level 1:colcon.colcon_core.package_identification:_identify(src) by extension 'python'
[0.410s] Level 1:colcon.colcon_core.package_identification:_identify(src) by extensions ['python_setup_py']
[0.410s] Level 1:colcon.colcon_core.package_identification:_identify(src) by extension 'python_setup_py'
[0.410s] Level 1:colcon.colcon_core.package_identification:_identify(src/rpi_gpio) by extensions ['ignore', 'ignore_ament_install']
[0.410s] Level 1:colcon.colcon_core.package_identification:_identify(src/rpi_gpio) by extension 'ignore'
[0.410s] Level 1:colcon.colcon_core.package_identification:_identify(src/rpi_gpio) by extension 'ignore_ament_install'
[0.410s] Level 1:colcon.colcon_core.package_identification:_identify(src/rpi_gpio) by extensions ['colcon_pkg']
[0.410s] Level 1:colcon.colcon_core.package_identification:_identify(src/rpi_gpio) by extension 'colcon_pkg'
[0.410s] Level 1:colcon.colcon_core.package_identification:_identify(src/rpi_gpio) by extensions ['colcon_meta']
[0.410s] Level 1:colcon.colcon_core.package_identification:_identify(src/rpi_gpio) by extension 'colcon_meta'
[0.410s] Level 1:colcon.colcon_core.package_identification:_identify(src/rpi_gpio) by extensions ['ros']
[0.410s] Level 1:colcon.colcon_core.package_identification:_identify(src/rpi_gpio) by extension 'ros'
[0.411s] DEBUG:colcon.colcon_core.package_identification:Package 'src/rpi_gpio' with type 'ros.ament_cmake' and name 'rpi_gpio'
[0.412s] Level 1:colcon.colcon_core.package_identification:_identify(src/rpi_gpio_msgs) by extensions ['ignore', 'ignore_ament_install']
[0.412s] Level 1:colcon.colcon_core.package_identification:_identify(src/rpi_gpio_msgs) by extension 'ignore'
[0.412s] Level 1:colcon.colcon_core.package_identification:_identify(src/rpi_gpio_msgs) by extension 'ignore_ament_install'
[0.412s] Level 1:colcon.colcon_core.package_identification:_identify(src/rpi_gpio_msgs) by extensions ['colcon_pkg']
[0.412s] Level 1:colcon.colcon_core.package_identification:_identify(src/rpi_gpio_msgs) by extension 'colcon_pkg'
[0.412s] Level 1:colcon.colcon_core.package_identification:_identify(src/rpi_gpio_msgs) by extensions ['colcon_meta']
[0.412s] Level 1:colcon.colcon_core.package_identification:_identify(src/rpi_gpio_msgs) by extension 'colcon_meta'
[0.412s] Level 1:colcon.colcon_core.package_identification:_identify(src/rpi_gpio_msgs) by extensions ['ros']
[0.412s] Level 1:colcon.colcon_core.package_identification:_identify(src/rpi_gpio_msgs) by extension 'ros'
[0.412s] DEBUG:colcon.colcon_core.package_identification:Package 'src/rpi_gpio_msgs' with type 'ros.ament_cmake' and name 'rpi_gpio_msgs'
[0.412s] Level 1:colcon.colcon_core.package_discovery:discover_packages(recursive) using defaults
[0.412s] Level 1:colcon.colcon_core.package_discovery:discover_packages(ignore) discover
[0.412s] Level 1:colcon.colcon_core.package_discovery:discover_packages(ignore) using defaults
[0.412s] Level 1:colcon.colcon_core.package_discovery:discover_packages(path) discover
[0.412s] Level 1:colcon.colcon_core.package_discovery:discover_packages(path) using defaults
[0.437s] INFO:colcon.colcon_core.package_selection:Skipping not selected package 'rpi_gpio' in 'src/rpi_gpio'
[0.448s] Level 1:colcon.colcon_core.package_discovery:discover_packages(prefix_path) check parameters
[0.448s] Level 1:colcon.colcon_core.package_discovery:discover_packages(prefix_path) discover
[0.459s] DEBUG:colcon.colcon_installed_package_information.package_discovery:Found 2 installed packages in /home/lsantos/GitHub/Sandbox/RPI_led_service/install
[0.465s] DEBUG:colcon.colcon_installed_package_information.package_discovery:Found 281 installed packages in /opt/ros/iron
[0.465s] Level 1:colcon.colcon_core.package_discovery:discover_packages(prefix_path) using defaults
[0.504s] Level 5:colcon.colcon_core.verb:set package 'rpi_gpio_msgs' build argument 'cmake_args' from command line to 'None'
[0.504s] Level 5:colcon.colcon_core.verb:set package 'rpi_gpio_msgs' build argument 'cmake_target' from command line to 'None'
[0.504s] Level 5:colcon.colcon_core.verb:set package 'rpi_gpio_msgs' build argument 'cmake_target_skip_unavailable' from command line to 'False'
[0.504s] Level 5:colcon.colcon_core.verb:set package 'rpi_gpio_msgs' build argument 'cmake_clean_cache' from command line to 'False'
[0.504s] Level 5:colcon.colcon_core.verb:set package 'rpi_gpio_msgs' build argument 'cmake_clean_first' from command line to 'False'
[0.504s] Level 5:colcon.colcon_core.verb:set package 'rpi_gpio_msgs' build argument 'cmake_force_configure' from command line to 'False'
[0.504s] Level 5:colcon.colcon_core.verb:set package 'rpi_gpio_msgs' build argument 'ament_cmake_args' from command line to 'None'
[0.504s] Level 5:colcon.colcon_core.verb:set package 'rpi_gpio_msgs' build argument 'catkin_cmake_args' from command line to 'None'
[0.504s] Level 5:colcon.colcon_core.verb:set package 'rpi_gpio_msgs' build argument 'catkin_skip_building_tests' from command line to 'False'
[0.504s] DEBUG:colcon.colcon_core.verb:Building package 'rpi_gpio_msgs' with the following arguments: {'ament_cmake_args': None, 'build_base': '/home/lsantos/GitHub/Sandbox/RPI_led_service/build/rpi_gpio_msgs', 'catkin_cmake_args': None, 'catkin_skip_building_tests': False, 'cmake_args': None, 'cmake_clean_cache': False, 'cmake_clean_first': False, 'cmake_force_configure': False, 'cmake_target': None, 'cmake_target_skip_unavailable': False, 'install_base': '/home/lsantos/GitHub/Sandbox/RPI_led_service/install/rpi_gpio_msgs', 'merge_install': False, 'path': '/home/lsantos/GitHub/Sandbox/RPI_led_service/src/rpi_gpio_msgs', 'symlink_install': False, 'test_result_base': None}
[0.509s] INFO:colcon.colcon_core.executor:Executing jobs using 'parallel' executor
[0.515s] DEBUG:colcon.colcon_parallel_executor.executor.parallel:run_until_complete
[0.515s] INFO:colcon.colcon_ros.task.ament_cmake.build:Building ROS package in '/home/lsantos/GitHub/Sandbox/RPI_led_service/src/rpi_gpio_msgs' with build type 'ament_cmake'
[0.515s] INFO:colcon.colcon_cmake.task.cmake.build:Building CMake package in '/home/lsantos/GitHub/Sandbox/RPI_led_service/src/rpi_gpio_msgs'
[0.522s] INFO:colcon.colcon_core.plugin_system:Skipping extension 'colcon_core.shell.bat': Not used on non-Windows systems
[0.522s] INFO:colcon.colcon_core.shell:Skip shell extension 'powershell' for command environment: Not usable outside of PowerShell
[0.522s] DEBUG:colcon.colcon_core.shell:Skip shell extension 'dsv' for command environment
[0.542s] DEBUG:colcon.colcon_core.event_handler.log_command:Invoking command in '/home/lsantos/GitHub/Sandbox/RPI_led_service/build/rpi_gpio_msgs': CMAKE_PREFIX_PATH=${CMAKE_PREFIX_PATH}:/opt/ros/iron /usr/bin/cmake --build /home/lsantos/GitHub/Sandbox/RPI_led_service/build/rpi_gpio_msgs -- -j24 -l24
[0.700s] DEBUG:colcon.colcon_core.event_handler.log_command:Invoked command in '/home/lsantos/GitHub/Sandbox/RPI_led_service/build/rpi_gpio_msgs' returned '0': CMAKE_PREFIX_PATH=${CMAKE_PREFIX_PATH}:/opt/ros/iron /usr/bin/cmake --build /home/lsantos/GitHub/Sandbox/RPI_led_service/build/rpi_gpio_msgs -- -j24 -l24
[0.723s] DEBUG:colcon.colcon_core.event_handler.log_command:Invoking command in '/home/lsantos/GitHub/Sandbox/RPI_led_service/build/rpi_gpio_msgs': CMAKE_PREFIX_PATH=${CMAKE_PREFIX_PATH}:/opt/ros/iron /usr/bin/cmake --install /home/lsantos/GitHub/Sandbox/RPI_led_service/build/rpi_gpio_msgs
[0.747s] Level 1:colcon.colcon_core.environment:create_environment_scripts_only(rpi_gpio_msgs)
[0.748s] DEBUG:colcon.colcon_core.event_handler.log_command:Invoked command in '/home/lsantos/GitHub/Sandbox/RPI_led_service/build/rpi_gpio_msgs' returned '0': CMAKE_PREFIX_PATH=${CMAKE_PREFIX_PATH}:/opt/ros/iron /usr/bin/cmake --install /home/lsantos/GitHub/Sandbox/RPI_led_service/build/rpi_gpio_msgs
[0.755s] Level 1:colcon.colcon_core.environment:checking '/home/lsantos/GitHub/Sandbox/RPI_led_service/install/rpi_gpio_msgs' for CMake module files
[0.755s] Level 1:colcon.colcon_core.environment:checking '/home/lsantos/GitHub/Sandbox/RPI_led_service/install/rpi_gpio_msgs' for CMake config files
[0.755s] Level 1:colcon.colcon_core.shell:create_environment_hook('rpi_gpio_msgs', 'cmake_prefix_path')
[0.761s] INFO:colcon.colcon_core.shell:Creating environment hook '/home/lsantos/GitHub/Sandbox/RPI_led_service/install/rpi_gpio_msgs/share/rpi_gpio_msgs/hook/cmake_prefix_path.ps1'
[0.762s] INFO:colcon.colcon_core.shell:Creating environment descriptor '/home/lsantos/GitHub/Sandbox/RPI_led_service/install/rpi_gpio_msgs/share/rpi_gpio_msgs/hook/cmake_prefix_path.dsv'
[0.762s] INFO:colcon.colcon_core.shell:Creating environment hook '/home/lsantos/GitHub/Sandbox/RPI_led_service/install/rpi_gpio_msgs/share/rpi_gpio_msgs/hook/cmake_prefix_path.sh'
[0.762s] Level 1:colcon.colcon_core.environment:checking '/home/lsantos/GitHub/Sandbox/RPI_led_service/install/rpi_gpio_msgs/lib'
[0.762s] Level 1:colcon.colcon_core.shell:create_environment_hook('rpi_gpio_msgs', 'ld_library_path_lib')
[0.769s] INFO:colcon.colcon_core.shell:Creating environment hook '/home/lsantos/GitHub/Sandbox/RPI_led_service/install/rpi_gpio_msgs/share/rpi_gpio_msgs/hook/ld_library_path_lib.ps1'
[0.769s] INFO:colcon.colcon_core.shell:Creating environment descriptor '/home/lsantos/GitHub/Sandbox/RPI_led_service/install/rpi_gpio_msgs/share/rpi_gpio_msgs/hook/ld_library_path_lib.dsv'
[0.769s] INFO:colcon.colcon_core.shell:Creating environment hook '/home/lsantos/GitHub/Sandbox/RPI_led_service/install/rpi_gpio_msgs/share/rpi_gpio_msgs/hook/ld_library_path_lib.sh'
[0.770s] Level 1:colcon.colcon_core.environment:checking '/home/lsantos/GitHub/Sandbox/RPI_led_service/install/rpi_gpio_msgs/bin'
[0.770s] Level 1:colcon.colcon_core.environment:checking '/home/lsantos/GitHub/Sandbox/RPI_led_service/install/rpi_gpio_msgs/lib/pkgconfig/rpi_gpio_msgs.pc'
[0.770s] Level 1:colcon.colcon_core.environment:checking '/home/lsantos/GitHub/Sandbox/RPI_led_service/install/rpi_gpio_msgs/lib/python3.10/site-packages'
[0.770s] Level 1:colcon.colcon_core.shell:create_environment_hook('rpi_gpio_msgs', 'pythonpath')
[0.775s] INFO:colcon.colcon_core.shell:Creating environment hook '/home/lsantos/GitHub/Sandbox/RPI_led_service/install/rpi_gpio_msgs/share/rpi_gpio_msgs/hook/pythonpath.ps1'
[0.776s] INFO:colcon.colcon_core.shell:Creating environment descriptor '/home/lsantos/GitHub/Sandbox/RPI_led_service/install/rpi_gpio_msgs/share/rpi_gpio_msgs/hook/pythonpath.dsv'
[0.776s] INFO:colcon.colcon_core.shell:Creating environment hook '/home/lsantos/GitHub/Sandbox/RPI_led_service/install/rpi_gpio_msgs/share/rpi_gpio_msgs/hook/pythonpath.sh'
[0.776s] Level 1:colcon.colcon_core.environment:checking '/home/lsantos/GitHub/Sandbox/RPI_led_service/install/rpi_gpio_msgs/bin'
[0.782s] INFO:colcon.colcon_core.shell:Creating package script '/home/lsantos/GitHub/Sandbox/RPI_led_service/install/rpi_gpio_msgs/share/rpi_gpio_msgs/package.ps1'
[0.782s] INFO:colcon.colcon_core.shell:Creating package descriptor '/home/lsantos/GitHub/Sandbox/RPI_led_service/install/rpi_gpio_msgs/share/rpi_gpio_msgs/package.dsv'
[0.782s] INFO:colcon.colcon_core.shell:Creating package script '/home/lsantos/GitHub/Sandbox/RPI_led_service/install/rpi_gpio_msgs/share/rpi_gpio_msgs/package.sh'
[0.783s] INFO:colcon.colcon_core.shell:Creating package script '/home/lsantos/GitHub/Sandbox/RPI_led_service/install/rpi_gpio_msgs/share/rpi_gpio_msgs/package.bash'
[0.783s] INFO:colcon.colcon_core.shell:Creating package script '/home/lsantos/GitHub/Sandbox/RPI_led_service/install/rpi_gpio_msgs/share/rpi_gpio_msgs/package.zsh'
[0.783s] Level 1:colcon.colcon_core.environment:create_file_with_runtime_dependencies(/home/lsantos/GitHub/Sandbox/RPI_led_service/install/rpi_gpio_msgs/share/colcon-core/packages/rpi_gpio_msgs)
[0.810s] Level 1:colcon.colcon_core.environment:create_environment_scripts_only(rpi_gpio_msgs)
[0.815s] Level 1:colcon.colcon_core.environment:checking '/home/lsantos/GitHub/Sandbox/RPI_led_service/install/rpi_gpio_msgs' for CMake module files
[0.816s] Level 1:colcon.colcon_core.environment:checking '/home/lsantos/GitHub/Sandbox/RPI_led_service/install/rpi_gpio_msgs' for CMake config files
[0.816s] Level 1:colcon.colcon_core.shell:create_environment_hook('rpi_gpio_msgs', 'cmake_prefix_path')
[0.822s] INFO:colcon.colcon_core.shell:Creating environment hook '/home/lsantos/GitHub/Sandbox/RPI_led_service/install/rpi_gpio_msgs/share/rpi_gpio_msgs/hook/cmake_prefix_path.ps1'
[0.822s] INFO:colcon.colcon_core.shell:Creating environment descriptor '/home/lsantos/GitHub/Sandbox/RPI_led_service/install/rpi_gpio_msgs/share/rpi_gpio_msgs/hook/cmake_prefix_path.dsv'
[0.822s] INFO:colcon.colcon_core.shell:Creating environment hook '/home/lsantos/GitHub/Sandbox/RPI_led_service/install/rpi_gpio_msgs/share/rpi_gpio_msgs/hook/cmake_prefix_path.sh'
[0.822s] Level 1:colcon.colcon_core.environment:checking '/home/lsantos/GitHub/Sandbox/RPI_led_service/install/rpi_gpio_msgs/lib'
[0.822s] Level 1:colcon.colcon_core.shell:create_environment_hook('rpi_gpio_msgs', 'ld_library_path_lib')
[0.828s] INFO:colcon.colcon_core.shell:Creating environment hook '/home/lsantos/GitHub/Sandbox/RPI_led_service/install/rpi_gpio_msgs/share/rpi_gpio_msgs/hook/ld_library_path_lib.ps1'
[0.828s] INFO:colcon.colcon_core.shell:Creating environment descriptor '/home/lsantos/GitHub/Sandbox/RPI_led_service/install/rpi_gpio_msgs/share/rpi_gpio_msgs/hook/ld_library_path_lib.dsv'
[0.828s] INFO:colcon.colcon_core.shell:Creating environment hook '/home/lsantos/GitHub/Sandbox/RPI_led_service/install/rpi_gpio_msgs/share/rpi_gpio_msgs/hook/ld_library_path_lib.sh'
[0.828s] Level 1:colcon.colcon_core.environment:checking '/home/lsantos/GitHub/Sandbox/RPI_led_service/install/rpi_gpio_msgs/bin'
[0.828s] Level 1:colcon.colcon_core.environment:checking '/home/lsantos/GitHub/Sandbox/RPI_led_service/install/rpi_gpio_msgs/lib/pkgconfig/rpi_gpio_msgs.pc'
[0.828s] Level 1:colcon.colcon_core.environment:checking '/home/lsantos/GitHub/Sandbox/RPI_led_service/install/rpi_gpio_msgs/lib/python3.10/site-packages'
[0.828s] Level 1:colcon.colcon_core.shell:create_environment_hook('rpi_gpio_msgs', 'pythonpath')
[0.834s] INFO:colcon.colcon_core.shell:Creating environment hook '/home/lsantos/GitHub/Sandbox/RPI_led_service/install/rpi_gpio_msgs/share/rpi_gpio_msgs/hook/pythonpath.ps1'
[0.834s] INFO:colcon.colcon_core.shell:Creating environment descriptor '/home/lsantos/GitHub/Sandbox/RPI_led_service/install/rpi_gpio_msgs/share/rpi_gpio_msgs/hook/pythonpath.dsv'
[0.834s] INFO:colcon.colcon_core.shell:Creating environment hook '/home/lsantos/GitHub/Sandbox/RPI_led_service/install/rpi_gpio_msgs/share/rpi_gpio_msgs/hook/pythonpath.sh'
[0.834s] Level 1:colcon.colcon_core.environment:checking '/home/lsantos/GitHub/Sandbox/RPI_led_service/install/rpi_gpio_msgs/bin'
[0.840s] INFO:colcon.colcon_core.shell:Creating package script '/home/lsantos/GitHub/Sandbox/RPI_led_service/install/rpi_gpio_msgs/share/rpi_gpio_msgs/package.ps1'
[0.840s] INFO:colcon.colcon_core.shell:Creating package descriptor '/home/lsantos/GitHub/Sandbox/RPI_led_service/install/rpi_gpio_msgs/share/rpi_gpio_msgs/package.dsv'
[0.840s] INFO:colcon.colcon_core.shell:Creating package script '/home/lsantos/GitHub/Sandbox/RPI_led_service/install/rpi_gpio_msgs/share/rpi_gpio_msgs/package.sh'
[0.840s] INFO:colcon.colcon_core.shell:Creating package script '/home/lsantos/GitHub/Sandbox/RPI_led_service/install/rpi_gpio_msgs/share/rpi_gpio_msgs/package.bash'
[0.841s] INFO:colcon.colcon_core.shell:Creating package script '/home/lsantos/GitHub/Sandbox/RPI_led_service/install/rpi_gpio_msgs/share/rpi_gpio_msgs/package.zsh'
[0.841s] Level 1:colcon.colcon_core.environment:create_file_with_runtime_dependencies(/home/lsantos/GitHub/Sandbox/RPI_led_service/install/rpi_gpio_msgs/share/colcon-core/packages/rpi_gpio_msgs)
[0.841s] DEBUG:colcon.colcon_parallel_executor.executor.parallel:closing loop
[0.841s] DEBUG:colcon.colcon_parallel_executor.executor.parallel:loop closed
[0.841s] DEBUG:colcon.colcon_parallel_executor.executor.parallel:run_until_complete finished with '0'
[0.841s] DEBUG:colcon.colcon_core.event_reactor:joining thread
[0.849s] INFO:colcon.colcon_core.plugin_system:Skipping extension 'colcon_notification.desktop_notification.terminal_notifier': Not used on non-Darwin systems
[0.849s] INFO:colcon.colcon_core.plugin_system:Skipping extension 'colcon_notification.desktop_notification.win32': Not used on non-Windows systems
[0.849s] INFO:colcon.colcon_notification.desktop_notification:Sending desktop notification using 'notify2'
[0.851s] DEBUG:colcon.colcon_core.event_reactor:joined thread
[0.856s] INFO:colcon.colcon_core.shell:Creating prefix script '/home/lsantos/GitHub/Sandbox/RPI_led_service/install/local_setup.ps1'
[0.857s] INFO:colcon.colcon_core.shell:Creating prefix util module '/home/lsantos/GitHub/Sandbox/RPI_led_service/install/_local_setup_util_ps1.py'
[0.857s] INFO:colcon.colcon_core.shell:Creating prefix chain script '/home/lsantos/GitHub/Sandbox/RPI_led_service/install/setup.ps1'
[0.864s] INFO:colcon.colcon_core.shell:Creating prefix script '/home/lsantos/GitHub/Sandbox/RPI_led_service/install/local_setup.sh'
[0.864s] INFO:colcon.colcon_core.shell:Creating prefix util module '/home/lsantos/GitHub/Sandbox/RPI_led_service/install/_local_setup_util_sh.py'
[0.864s] INFO:colcon.colcon_core.shell:Creating prefix chain script '/home/lsantos/GitHub/Sandbox/RPI_led_service/install/setup.sh'
[0.870s] INFO:colcon.colcon_core.shell:Creating prefix script '/home/lsantos/GitHub/Sandbox/RPI_led_service/install/local_setup.bash'
[0.870s] INFO:colcon.colcon_core.shell:Creating prefix chain script '/home/lsantos/GitHub/Sandbox/RPI_led_service/install/setup.bash'
[0.876s] INFO:colcon.colcon_core.shell:Creating prefix script '/home/lsantos/GitHub/Sandbox/RPI_led_service/install/local_setup.zsh'
[0.876s] INFO:colcon.colcon_core.shell:Creating prefix chain script '/home/lsantos/GitHub/Sandbox/RPI_led_service/install/setup.zsh'
