[0.071s] Invoking command in '/home/lsantos/GitHub/Sandbox/build/gpio_control': CMAKE_PREFIX_PATH=${CMAKE_PREFIX_PATH}:/opt/ros/iron /usr/bin/cmake /home/lsantos/GitHub/Sandbox/RPI_led/src/gpio_control -DCMAKE_INSTALL_PREFIX=/home/lsantos/GitHub/Sandbox/install/gpio_control
[0.095s] -- The C compiler identification is GNU 11.4.0
[0.120s] -- The CXX compiler identification is GNU 11.4.0
[0.124s] -- Detecting C compiler ABI info
[0.154s] -- Detecting C compiler ABI info - done
[0.157s] -- Check for working C compiler: /usr/bin/cc - skipped
[0.157s] -- Detecting C compile features
[0.158s] -- Detecting C compile features - done
[0.159s] -- Detecting CXX compiler ABI info
[0.193s] -- Detecting CXX compiler ABI info - done
[0.197s] -- Check for working CXX compiler: /usr/bin/c++ - skipped
[0.197s] -- Detecting CXX compile features
[0.197s] -- Detecting CXX compile features - done
[0.198s] -- Found ament_cmake: 2.0.3 (/opt/ros/iron/share/ament_cmake/cmake)
[0.280s] -- Found Python3: /usr/bin/python3.10 (found version "3.10.12") found components: Interpreter 
[0.321s] -- Found rclcpp: 21.0.3 (/opt/ros/iron/share/rclcpp/cmake)
[0.341s] -- Found rosidl_generator_c: 4.0.1 (/opt/ros/iron/share/rosidl_generator_c/cmake)
[0.346s] -- Found rosidl_generator_cpp: 4.0.1 (/opt/ros/iron/share/rosidl_generator_cpp/cmake)
[0.354s] -- Using all available rosidl_typesupport_c: rosidl_typesupport_fastrtps_c;rosidl_typesupport_introspection_c
[0.363s] -- Using all available rosidl_typesupport_cpp: rosidl_typesupport_fastrtps_cpp;rosidl_typesupport_introspection_cpp
[0.447s] -- Found rmw_implementation_cmake: 7.1.0 (/opt/ros/iron/share/rmw_implementation_cmake/cmake)
[0.448s] -- Found rmw_fastrtps_cpp: 7.1.1 (/opt/ros/iron/share/rmw_fastrtps_cpp/cmake)
[0.491s] -- Found OpenSSL: /usr/lib/x86_64-linux-gnu/libcrypto.so (found version "3.0.2")  
[0.504s] -- Found FastRTPS: /opt/ros/iron/include  
[0.525s] -- Using RMW implementation 'rmw_fastrtps_cpp' as default
[0.612s] -- Found std_msgs: 5.0.0 (/opt/ros/iron/share/std_msgs/cmake)
[0.632s] -- Found ament_lint_auto: 0.14.2 (/opt/ros/iron/share/ament_lint_auto/cmake)
[0.669s] -- Added test 'cppcheck' to perform static code analysis on C / C++ code
[0.669s] -- Configured cppcheck include dirs: 
[0.669s] -- Configured cppcheck exclude dirs and/or files: 
[0.669s] -- Added test 'lint_cmake' to check CMake code style
[0.669s] -- Added test 'uncrustify' to check C / C++ code style
[0.669s] -- Configured uncrustify additional arguments: 
[0.670s] -- Added test 'xmllint' to check XML markup files
[0.670s] -- Configuring done
[0.676s] -- Generating done
[0.676s] -- Build files have been written to: /home/lsantos/GitHub/Sandbox/build/gpio_control
[0.681s] Invoked command in '/home/lsantos/GitHub/Sandbox/build/gpio_control' returned '0': CMAKE_PREFIX_PATH=${CMAKE_PREFIX_PATH}:/opt/ros/iron /usr/bin/cmake /home/lsantos/GitHub/Sandbox/RPI_led/src/gpio_control -DCMAKE_INSTALL_PREFIX=/home/lsantos/GitHub/Sandbox/install/gpio_control
[0.682s] Invoking command in '/home/lsantos/GitHub/Sandbox/build/gpio_control': CMAKE_PREFIX_PATH=${CMAKE_PREFIX_PATH}:/opt/ros/iron /usr/bin/cmake --build /home/lsantos/GitHub/Sandbox/build/gpio_control -- -j24 -l24
[0.702s] [ 50%] [32mBuilding CXX object CMakeFiles/gpio_listener.dir/src/gpio_listener.cpp.o[0m
[0.702s] [ 50%] [32mBuilding CXX object CMakeFiles/gpio_talker.dir/src/gpio_talker.cpp.o[0m
[2.928s] [ 75%] [32m[1mLinking CXX executable gpio_talker[0m
[3.020s] [ 75%] Built target gpio_talker
[4.260s] [100%] [32m[1mLinking CXX executable gpio_listener[0m
[4.418s] [100%] Built target gpio_listener
[4.423s] Invoked command in '/home/lsantos/GitHub/Sandbox/build/gpio_control' returned '0': CMAKE_PREFIX_PATH=${CMAKE_PREFIX_PATH}:/opt/ros/iron /usr/bin/cmake --build /home/lsantos/GitHub/Sandbox/build/gpio_control -- -j24 -l24
[4.433s] Invoking command in '/home/lsantos/GitHub/Sandbox/build/gpio_control': CMAKE_PREFIX_PATH=${CMAKE_PREFIX_PATH}:/opt/ros/iron /usr/bin/cmake --install /home/lsantos/GitHub/Sandbox/build/gpio_control
[4.435s] -- Install configuration: ""
[4.435s] -- Installing: /home/lsantos/GitHub/Sandbox/install/gpio_control/lib/gpio_control/gpio_talker
[4.436s] -- Set runtime path of "/home/lsantos/GitHub/Sandbox/install/gpio_control/lib/gpio_control/gpio_talker" to ""
[4.436s] -- Installing: /home/lsantos/GitHub/Sandbox/install/gpio_control/lib/gpio_control/gpio_listener
[4.438s] -- Set runtime path of "/home/lsantos/GitHub/Sandbox/install/gpio_control/lib/gpio_control/gpio_listener" to ""
[4.438s] -- Installing: /home/lsantos/GitHub/Sandbox/install/gpio_control/share/ament_index/resource_index/package_run_dependencies/gpio_control
[4.438s] -- Installing: /home/lsantos/GitHub/Sandbox/install/gpio_control/share/ament_index/resource_index/parent_prefix_path/gpio_control
[4.438s] -- Installing: /home/lsantos/GitHub/Sandbox/install/gpio_control/share/gpio_control/environment/ament_prefix_path.sh
[4.438s] -- Installing: /home/lsantos/GitHub/Sandbox/install/gpio_control/share/gpio_control/environment/ament_prefix_path.dsv
[4.439s] -- Installing: /home/lsantos/GitHub/Sandbox/install/gpio_control/share/gpio_control/environment/path.sh
[4.439s] -- Installing: /home/lsantos/GitHub/Sandbox/install/gpio_control/share/gpio_control/environment/path.dsv
[4.439s] -- Installing: /home/lsantos/GitHub/Sandbox/install/gpio_control/share/gpio_control/local_setup.bash
[4.439s] -- Installing: /home/lsantos/GitHub/Sandbox/install/gpio_control/share/gpio_control/local_setup.sh
[4.439s] -- Installing: /home/lsantos/GitHub/Sandbox/install/gpio_control/share/gpio_control/local_setup.zsh
[4.439s] -- Installing: /home/lsantos/GitHub/Sandbox/install/gpio_control/share/gpio_control/local_setup.dsv
[4.439s] -- Installing: /home/lsantos/GitHub/Sandbox/install/gpio_control/share/gpio_control/package.dsv
[4.439s] -- Installing: /home/lsantos/GitHub/Sandbox/install/gpio_control/share/ament_index/resource_index/packages/gpio_control
[4.439s] -- Installing: /home/lsantos/GitHub/Sandbox/install/gpio_control/share/gpio_control/cmake/gpio_controlConfig.cmake
[4.439s] -- Installing: /home/lsantos/GitHub/Sandbox/install/gpio_control/share/gpio_control/cmake/gpio_controlConfig-version.cmake
[4.439s] -- Installing: /home/lsantos/GitHub/Sandbox/install/gpio_control/share/gpio_control/package.xml
[4.440s] Invoked command in '/home/lsantos/GitHub/Sandbox/build/gpio_control' returned '0': CMAKE_PREFIX_PATH=${CMAKE_PREFIX_PATH}:/opt/ros/iron /usr/bin/cmake --install /home/lsantos/GitHub/Sandbox/build/gpio_control
