[0.350s] DEBUG:colcon:Command line arguments: ['/usr/bin/colcon', 'list', '-p', '--base-paths', '/home/lsantos/GitHub/Sandbox/RPI_led_service']
[0.351s] DEBUG:colcon:Parsed command line arguments: Namespace(log_base=None, log_level=None, verb_name='list', build_base='build', ignore_user_meta=False, metas=['./colcon.meta'], base_paths=['/home/lsantos/GitHub/Sandbox/RPI_led_service'], packages_ignore=None, packages_ignore_regex=None, paths=None, packages_up_to=None, packages_up_to_regex=None, packages_above=None, packages_above_and_dependencies=None, packages_above_depth=None, packages_select_by_dep=None, packages_skip_by_dep=None, packages_skip_up_to=None, packages_select_build_failed=False, packages_skip_build_finished=False, packages_select_test_failures=False, packages_skip_test_passed=False, packages_select=None, packages_skip=None, packages_select_regex=None, packages_skip_regex=None, packages_start=None, packages_end=None, allow_overriding=[], topological_order=False, names_only=False, paths_only=True, topological_graph=False, topological_graph_dot=False, topological_graph_density=False, topological_graph_legend=False, topological_graph_dot_cluster=False, topological_graph_dot_include_skipped=False, verb_parser=<colcon_defaults.argument_parser.defaults.DefaultArgumentsDecorator object at 0x7fd5cec1caf0>, verb_extension=<colcon_package_information.verb.list.ListVerb object at 0x7fd5cebbf880>, main=<bound method ListVerb.main of <colcon_package_information.verb.list.ListVerb object at 0x7fd5cebbf880>>)
[0.372s] Level 1:colcon.colcon_core.package_discovery:discover_packages(colcon_meta) check parameters
[0.372s] Level 1:colcon.colcon_core.package_discovery:discover_packages(recursive) check parameters
[0.372s] Level 1:colcon.colcon_core.package_discovery:discover_packages(ignore) check parameters
[0.372s] Level 1:colcon.colcon_core.package_discovery:discover_packages(path) check parameters
[0.372s] Level 1:colcon.colcon_core.package_discovery:discover_packages(recursive) discover
[0.372s] INFO:colcon.colcon_core.package_discovery:Crawling recursively for packages in '/home/lsantos/GitHub/Sandbox/RPI_led_service'
[0.372s] Level 1:colcon.colcon_core.package_identification:_identify(/home/lsantos/GitHub/Sandbox/RPI_led_service) by extensions ['ignore', 'ignore_ament_install']
[0.372s] Level 1:colcon.colcon_core.package_identification:_identify(/home/lsantos/GitHub/Sandbox/RPI_led_service) by extension 'ignore'
[0.372s] Level 1:colcon.colcon_core.package_identification:_identify(/home/lsantos/GitHub/Sandbox/RPI_led_service) by extension 'ignore_ament_install'
[0.372s] Level 1:colcon.colcon_core.package_identification:_identify(/home/lsantos/GitHub/Sandbox/RPI_led_service) by extensions ['colcon_pkg']
[0.372s] Level 1:colcon.colcon_core.package_identification:_identify(/home/lsantos/GitHub/Sandbox/RPI_led_service) by extension 'colcon_pkg'
[0.372s] Level 1:colcon.colcon_core.package_identification:_identify(/home/lsantos/GitHub/Sandbox/RPI_led_service) by extensions ['colcon_meta']
[0.372s] Level 1:colcon.colcon_core.package_identification:_identify(/home/lsantos/GitHub/Sandbox/RPI_led_service) by extension 'colcon_meta'
[0.372s] Level 1:colcon.colcon_core.package_identification:_identify(/home/lsantos/GitHub/Sandbox/RPI_led_service) by extensions ['ros']
[0.372s] Level 1:colcon.colcon_core.package_identification:_identify(/home/lsantos/GitHub/Sandbox/RPI_led_service) by extension 'ros'
[0.378s] Level 1:colcon.colcon_core.package_identification:_identify(/home/lsantos/GitHub/Sandbox/RPI_led_service) by extensions ['cmake', 'python']
[0.378s] Level 1:colcon.colcon_core.package_identification:_identify(/home/lsantos/GitHub/Sandbox/RPI_led_service) by extension 'cmake'
[0.378s] Level 1:colcon.colcon_core.package_identification:_identify(/home/lsantos/GitHub/Sandbox/RPI_led_service) by extension 'python'
[0.378s] Level 1:colcon.colcon_core.package_identification:_identify(/home/lsantos/GitHub/Sandbox/RPI_led_service) by extensions ['python_setup_py']
[0.378s] Level 1:colcon.colcon_core.package_identification:_identify(/home/lsantos/GitHub/Sandbox/RPI_led_service) by extension 'python_setup_py'
[0.378s] Level 1:colcon.colcon_core.package_identification:_identify(/home/lsantos/GitHub/Sandbox/RPI_led_service/build) by extensions ['ignore', 'ignore_ament_install']
[0.378s] Level 1:colcon.colcon_core.package_identification:_identify(/home/lsantos/GitHub/Sandbox/RPI_led_service/build) by extension 'ignore'
[0.378s] Level 1:colcon.colcon_core.package_identification:_identify(/home/lsantos/GitHub/Sandbox/RPI_led_service/build) ignored
[0.378s] Level 1:colcon.colcon_core.package_identification:_identify(/home/lsantos/GitHub/Sandbox/RPI_led_service/install) by extensions ['ignore', 'ignore_ament_install']
[0.378s] Level 1:colcon.colcon_core.package_identification:_identify(/home/lsantos/GitHub/Sandbox/RPI_led_service/install) by extension 'ignore'
[0.378s] Level 1:colcon.colcon_core.package_identification:_identify(/home/lsantos/GitHub/Sandbox/RPI_led_service/install) ignored
[0.378s] Level 1:colcon.colcon_core.package_identification:_identify(/home/lsantos/GitHub/Sandbox/RPI_led_service/log) by extensions ['ignore', 'ignore_ament_install']
[0.379s] Level 1:colcon.colcon_core.package_identification:_identify(/home/lsantos/GitHub/Sandbox/RPI_led_service/log) by extension 'ignore'
[0.379s] Level 1:colcon.colcon_core.package_identification:_identify(/home/lsantos/GitHub/Sandbox/RPI_led_service/log) ignored
[0.379s] Level 1:colcon.colcon_core.package_identification:_identify(/home/lsantos/GitHub/Sandbox/RPI_led_service/src) by extensions ['ignore', 'ignore_ament_install']
[0.379s] Level 1:colcon.colcon_core.package_identification:_identify(/home/lsantos/GitHub/Sandbox/RPI_led_service/src) by extension 'ignore'
[0.379s] Level 1:colcon.colcon_core.package_identification:_identify(/home/lsantos/GitHub/Sandbox/RPI_led_service/src) by extension 'ignore_ament_install'
[0.379s] Level 1:colcon.colcon_core.package_identification:_identify(/home/lsantos/GitHub/Sandbox/RPI_led_service/src) by extensions ['colcon_pkg']
[0.379s] Level 1:colcon.colcon_core.package_identification:_identify(/home/lsantos/GitHub/Sandbox/RPI_led_service/src) by extension 'colcon_pkg'
[0.379s] Level 1:colcon.colcon_core.package_identification:_identify(/home/lsantos/GitHub/Sandbox/RPI_led_service/src) by extensions ['colcon_meta']
[0.379s] Level 1:colcon.colcon_core.package_identification:_identify(/home/lsantos/GitHub/Sandbox/RPI_led_service/src) by extension 'colcon_meta'
[0.379s] Level 1:colcon.colcon_core.package_identification:_identify(/home/lsantos/GitHub/Sandbox/RPI_led_service/src) by extensions ['ros']
[0.379s] Level 1:colcon.colcon_core.package_identification:_identify(/home/lsantos/GitHub/Sandbox/RPI_led_service/src) by extension 'ros'
[0.379s] Level 1:colcon.colcon_core.package_identification:_identify(/home/lsantos/GitHub/Sandbox/RPI_led_service/src) by extensions ['cmake', 'python']
[0.379s] Level 1:colcon.colcon_core.package_identification:_identify(/home/lsantos/GitHub/Sandbox/RPI_led_service/src) by extension 'cmake'
[0.379s] Level 1:colcon.colcon_core.package_identification:_identify(/home/lsantos/GitHub/Sandbox/RPI_led_service/src) by extension 'python'
[0.379s] Level 1:colcon.colcon_core.package_identification:_identify(/home/lsantos/GitHub/Sandbox/RPI_led_service/src) by extensions ['python_setup_py']
[0.379s] Level 1:colcon.colcon_core.package_identification:_identify(/home/lsantos/GitHub/Sandbox/RPI_led_service/src) by extension 'python_setup_py'
[0.379s] Level 1:colcon.colcon_core.package_identification:_identify(/home/lsantos/GitHub/Sandbox/RPI_led_service/src/rpi_gpio) by extensions ['ignore', 'ignore_ament_install']
[0.379s] Level 1:colcon.colcon_core.package_identification:_identify(/home/lsantos/GitHub/Sandbox/RPI_led_service/src/rpi_gpio) by extension 'ignore'
[0.379s] Level 1:colcon.colcon_core.package_identification:_identify(/home/lsantos/GitHub/Sandbox/RPI_led_service/src/rpi_gpio) by extension 'ignore_ament_install'
[0.379s] Level 1:colcon.colcon_core.package_identification:_identify(/home/lsantos/GitHub/Sandbox/RPI_led_service/src/rpi_gpio) by extensions ['colcon_pkg']
[0.379s] Level 1:colcon.colcon_core.package_identification:_identify(/home/lsantos/GitHub/Sandbox/RPI_led_service/src/rpi_gpio) by extension 'colcon_pkg'
[0.379s] Level 1:colcon.colcon_core.package_identification:_identify(/home/lsantos/GitHub/Sandbox/RPI_led_service/src/rpi_gpio) by extensions ['colcon_meta']
[0.379s] Level 1:colcon.colcon_core.package_identification:_identify(/home/lsantos/GitHub/Sandbox/RPI_led_service/src/rpi_gpio) by extension 'colcon_meta'
[0.379s] Level 1:colcon.colcon_core.package_identification:_identify(/home/lsantos/GitHub/Sandbox/RPI_led_service/src/rpi_gpio) by extensions ['ros']
[0.379s] Level 1:colcon.colcon_core.package_identification:_identify(/home/lsantos/GitHub/Sandbox/RPI_led_service/src/rpi_gpio) by extension 'ros'
[0.380s] DEBUG:colcon.colcon_core.package_identification:Package '/home/lsantos/GitHub/Sandbox/RPI_led_service/src/rpi_gpio' with type 'ros.ament_cmake' and name 'rpi_gpio'
[0.380s] Level 1:colcon.colcon_core.package_identification:_identify(/home/lsantos/GitHub/Sandbox/RPI_led_service/src/rpi_gpio_msgs) by extensions ['ignore', 'ignore_ament_install']
[0.381s] Level 1:colcon.colcon_core.package_identification:_identify(/home/lsantos/GitHub/Sandbox/RPI_led_service/src/rpi_gpio_msgs) by extension 'ignore'
[0.381s] Level 1:colcon.colcon_core.package_identification:_identify(/home/lsantos/GitHub/Sandbox/RPI_led_service/src/rpi_gpio_msgs) by extension 'ignore_ament_install'
[0.381s] Level 1:colcon.colcon_core.package_identification:_identify(/home/lsantos/GitHub/Sandbox/RPI_led_service/src/rpi_gpio_msgs) by extensions ['colcon_pkg']
[0.381s] Level 1:colcon.colcon_core.package_identification:_identify(/home/lsantos/GitHub/Sandbox/RPI_led_service/src/rpi_gpio_msgs) by extension 'colcon_pkg'
[0.381s] Level 1:colcon.colcon_core.package_identification:_identify(/home/lsantos/GitHub/Sandbox/RPI_led_service/src/rpi_gpio_msgs) by extensions ['colcon_meta']
[0.381s] Level 1:colcon.colcon_core.package_identification:_identify(/home/lsantos/GitHub/Sandbox/RPI_led_service/src/rpi_gpio_msgs) by extension 'colcon_meta'
[0.381s] Level 1:colcon.colcon_core.package_identification:_identify(/home/lsantos/GitHub/Sandbox/RPI_led_service/src/rpi_gpio_msgs) by extensions ['ros']
[0.381s] Level 1:colcon.colcon_core.package_identification:_identify(/home/lsantos/GitHub/Sandbox/RPI_led_service/src/rpi_gpio_msgs) by extension 'ros'
[0.381s] DEBUG:colcon.colcon_core.package_identification:Package '/home/lsantos/GitHub/Sandbox/RPI_led_service/src/rpi_gpio_msgs' with type 'ros.ament_cmake' and name 'rpi_gpio_msgs'
[0.381s] Level 1:colcon.colcon_core.package_discovery:discover_packages(recursive) using defaults
