[0.307s] Invoking command in '/home/pi/Sandbox/RPI_led_service/build/rpi_gpio_msgs': CMAKE_PREFIX_PATH=${CMAKE_PREFIX_PATH}:/home/pi/Sandbox/RPI_led_service/install/rpi_LCD_control:/opt/ros/iron /usr/bin/cmake --build /home/pi/Sandbox/RPI_led_service/build/rpi_gpio_msgs -- -j4 -l4
[0.533s] [  2%] Built target rpi_gpio_msgs__rosidl_generator_type_description
[0.592s] [  2%] Built target ament_cmake_python_copy_rpi_gpio_msgs
[0.651s] [ 17%] Built target rpi_gpio_msgs__rosidl_generator_c
[0.657s] [ 20%] Built target rpi_gpio_msgs__cpp
[0.761s] [ 29%] Built target rpi_gpio_msgs__rosidl_typesupport_c
[0.763s] [ 41%] Built target rpi_gpio_msgs__rosidl_typesupport_fastrtps_c
[0.765s] [ 47%] Built target rpi_gpio_msgs__rosidl_typesupport_introspection_c
[0.873s] [ 55%] Built target rpi_gpio_msgs__rosidl_typesupport_introspection_cpp
[0.916s] [ 64%] Built target rpi_gpio_msgs__rosidl_typesupport_fastrtps_cpp
[0.936s] [ 73%] Built target rpi_gpio_msgs__rosidl_typesupport_cpp
[1.033s] [ 73%] Built target rpi_gpio_msgs
[1.139s] [ 76%] Built target rpi_gpio_msgs__py
[1.246s] [ 82%] Built target rpi_gpio_msgs__rosidl_generator_py
[1.389s] [ 88%] Built target rpi_gpio_msgs__rosidl_typesupport_fastrtps_c__pyext
[1.425s] [ 94%] Built target rpi_gpio_msgs__rosidl_typesupport_introspection_c__pyext
[1.437s] [100%] Built target rpi_gpio_msgs__rosidl_typesupport_c__pyext
[2.187s] running egg_info
[2.191s] writing rpi_gpio_msgs.egg-info/PKG-INFO
[2.193s] writing dependency_links to rpi_gpio_msgs.egg-info/dependency_links.txt
[2.194s] writing top-level names to rpi_gpio_msgs.egg-info/top_level.txt
[2.205s] reading manifest file 'rpi_gpio_msgs.egg-info/SOURCES.txt'
[2.208s] writing manifest file 'rpi_gpio_msgs.egg-info/SOURCES.txt'
[2.349s] [100%] Built target ament_cmake_python_build_rpi_gpio_msgs_egg
[2.395s] Invoked command in '/home/pi/Sandbox/RPI_led_service/build/rpi_gpio_msgs' returned '0': CMAKE_PREFIX_PATH=${CMAKE_PREFIX_PATH}:/home/pi/Sandbox/RPI_led_service/install/rpi_LCD_control:/opt/ros/iron /usr/bin/cmake --build /home/pi/Sandbox/RPI_led_service/build/rpi_gpio_msgs -- -j4 -l4
[2.806s] Invoking command in '/home/pi/Sandbox/RPI_led_service/build/rpi_gpio_msgs': CMAKE_PREFIX_PATH=${CMAKE_PREFIX_PATH}:/home/pi/Sandbox/RPI_led_service/install/rpi_LCD_control:/opt/ros/iron /usr/bin/cmake --install /home/pi/Sandbox/RPI_led_service/build/rpi_gpio_msgs
[2.837s] -- Install configuration: ""
[2.838s] -- Up-to-date: /home/pi/Sandbox/RPI_led_service/install/rpi_gpio_msgs/share/ament_index/resource_index/rosidl_interfaces/rpi_gpio_msgs
[2.839s] -- Up-to-date: /home/pi/Sandbox/RPI_led_service/install/rpi_gpio_msgs/share/rpi_gpio_msgs/srv/LEDToggle.json
[2.841s] -- Up-to-date: /home/pi/Sandbox/RPI_led_service/install/rpi_gpio_msgs/include/rpi_gpio_msgs/rpi_gpio_msgs
[2.844s] -- Up-to-date: /home/pi/Sandbox/RPI_led_service/install/rpi_gpio_msgs/include/rpi_gpio_msgs/rpi_gpio_msgs/msg
[2.845s] -- Up-to-date: /home/pi/Sandbox/RPI_led_service/install/rpi_gpio_msgs/include/rpi_gpio_msgs/rpi_gpio_msgs/msg/rosidl_generator_c__visibility_control.h
[2.847s] -- Up-to-date: /home/pi/Sandbox/RPI_led_service/install/rpi_gpio_msgs/include/rpi_gpio_msgs/rpi_gpio_msgs/srv
[2.849s] -- Up-to-date: /home/pi/Sandbox/RPI_led_service/install/rpi_gpio_msgs/include/rpi_gpio_msgs/rpi_gpio_msgs/srv/detail
[2.850s] -- Up-to-date: /home/pi/Sandbox/RPI_led_service/install/rpi_gpio_msgs/include/rpi_gpio_msgs/rpi_gpio_msgs/srv/detail/led_toggle__functions.c
[2.851s] -- Installing: /home/pi/Sandbox/RPI_led_service/install/rpi_gpio_msgs/include/rpi_gpio_msgs/rpi_gpio_msgs/srv/detail/led_toggle__type_support.c
[2.854s] -- Up-to-date: /home/pi/Sandbox/RPI_led_service/install/rpi_gpio_msgs/include/rpi_gpio_msgs/rpi_gpio_msgs/srv/detail/led_toggle__description.c
[2.857s] -- Up-to-date: /home/pi/Sandbox/RPI_led_service/install/rpi_gpio_msgs/include/rpi_gpio_msgs/rpi_gpio_msgs/srv/detail/led_toggle__functions.h
[2.859s] -- Up-to-date: /home/pi/Sandbox/RPI_led_service/install/rpi_gpio_msgs/include/rpi_gpio_msgs/rpi_gpio_msgs/srv/detail/led_toggle__struct.h
[2.861s] -- Up-to-date: /home/pi/Sandbox/RPI_led_service/install/rpi_gpio_msgs/include/rpi_gpio_msgs/rpi_gpio_msgs/srv/detail/led_toggle__type_support.h
[2.864s] -- Up-to-date: /home/pi/Sandbox/RPI_led_service/install/rpi_gpio_msgs/include/rpi_gpio_msgs/rpi_gpio_msgs/srv/led_toggle.h
[2.868s] -- Up-to-date: /home/pi/Sandbox/RPI_led_service/install/rpi_gpio_msgs/share/rpi_gpio_msgs/environment/library_path.sh
[2.870s] -- Up-to-date: /home/pi/Sandbox/RPI_led_service/install/rpi_gpio_msgs/share/rpi_gpio_msgs/environment/library_path.dsv
[2.873s] -- Up-to-date: /home/pi/Sandbox/RPI_led_service/install/rpi_gpio_msgs/lib/librpi_gpio_msgs__rosidl_generator_c.so
[2.873s] -- Up-to-date: /home/pi/Sandbox/RPI_led_service/install/rpi_gpio_msgs/include/rpi_gpio_msgs/rpi_gpio_msgs
[2.880s] -- Up-to-date: /home/pi/Sandbox/RPI_led_service/install/rpi_gpio_msgs/include/rpi_gpio_msgs/rpi_gpio_msgs/msg
[2.881s] -- Up-to-date: /home/pi/Sandbox/RPI_led_service/install/rpi_gpio_msgs/include/rpi_gpio_msgs/rpi_gpio_msgs/msg/rosidl_typesupport_fastrtps_c__visibility_control.h
[2.881s] -- Up-to-date: /home/pi/Sandbox/RPI_led_service/install/rpi_gpio_msgs/include/rpi_gpio_msgs/rpi_gpio_msgs/srv
[2.883s] -- Up-to-date: /home/pi/Sandbox/RPI_led_service/install/rpi_gpio_msgs/include/rpi_gpio_msgs/rpi_gpio_msgs/srv/detail
[2.883s] -- Up-to-date: /home/pi/Sandbox/RPI_led_service/install/rpi_gpio_msgs/include/rpi_gpio_msgs/rpi_gpio_msgs/srv/detail/led_toggle__rosidl_typesupport_fastrtps_c.h
[2.888s] -- Up-to-date: /home/pi/Sandbox/RPI_led_service/install/rpi_gpio_msgs/lib/librpi_gpio_msgs__rosidl_typesupport_fastrtps_c.so
[2.889s] -- Up-to-date: /home/pi/Sandbox/RPI_led_service/install/rpi_gpio_msgs/include/rpi_gpio_msgs/rpi_gpio_msgs
[2.889s] -- Up-to-date: /home/pi/Sandbox/RPI_led_service/install/rpi_gpio_msgs/include/rpi_gpio_msgs/rpi_gpio_msgs/srv
[2.890s] -- Up-to-date: /home/pi/Sandbox/RPI_led_service/install/rpi_gpio_msgs/include/rpi_gpio_msgs/rpi_gpio_msgs/srv/detail
[2.894s] -- Up-to-date: /home/pi/Sandbox/RPI_led_service/install/rpi_gpio_msgs/include/rpi_gpio_msgs/rpi_gpio_msgs/srv/detail/led_toggle__builder.hpp
[2.895s] -- Up-to-date: /home/pi/Sandbox/RPI_led_service/install/rpi_gpio_msgs/include/rpi_gpio_msgs/rpi_gpio_msgs/srv/detail/led_toggle__struct.hpp
[2.899s] -- Up-to-date: /home/pi/Sandbox/RPI_led_service/install/rpi_gpio_msgs/include/rpi_gpio_msgs/rpi_gpio_msgs/srv/detail/led_toggle__traits.hpp
[2.900s] -- Up-to-date: /home/pi/Sandbox/RPI_led_service/install/rpi_gpio_msgs/include/rpi_gpio_msgs/rpi_gpio_msgs/srv/led_toggle.hpp
[2.901s] -- Up-to-date: /home/pi/Sandbox/RPI_led_service/install/rpi_gpio_msgs/include/rpi_gpio_msgs/rpi_gpio_msgs
[2.904s] -- Up-to-date: /home/pi/Sandbox/RPI_led_service/install/rpi_gpio_msgs/include/rpi_gpio_msgs/rpi_gpio_msgs/msg
[2.911s] -- Up-to-date: /home/pi/Sandbox/RPI_led_service/install/rpi_gpio_msgs/include/rpi_gpio_msgs/rpi_gpio_msgs/msg/rosidl_typesupport_fastrtps_cpp__visibility_control.h
[2.912s] -- Up-to-date: /home/pi/Sandbox/RPI_led_service/install/rpi_gpio_msgs/include/rpi_gpio_msgs/rpi_gpio_msgs/srv
[2.912s] -- Up-to-date: /home/pi/Sandbox/RPI_led_service/install/rpi_gpio_msgs/include/rpi_gpio_msgs/rpi_gpio_msgs/srv/detail
[2.913s] -- Up-to-date: /home/pi/Sandbox/RPI_led_service/install/rpi_gpio_msgs/include/rpi_gpio_msgs/rpi_gpio_msgs/srv/detail/led_toggle__rosidl_typesupport_fastrtps_cpp.hpp
[2.915s] -- Up-to-date: /home/pi/Sandbox/RPI_led_service/install/rpi_gpio_msgs/include/rpi_gpio_msgs/rpi_gpio_msgs/srv/detail/dds_fastrtps
[2.915s] -- Up-to-date: /home/pi/Sandbox/RPI_led_service/install/rpi_gpio_msgs/lib/librpi_gpio_msgs__rosidl_typesupport_fastrtps_cpp.so
[2.916s] -- Up-to-date: /home/pi/Sandbox/RPI_led_service/install/rpi_gpio_msgs/include/rpi_gpio_msgs/rpi_gpio_msgs
[2.918s] -- Up-to-date: /home/pi/Sandbox/RPI_led_service/install/rpi_gpio_msgs/include/rpi_gpio_msgs/rpi_gpio_msgs/msg
[2.918s] -- Up-to-date: /home/pi/Sandbox/RPI_led_service/install/rpi_gpio_msgs/include/rpi_gpio_msgs/rpi_gpio_msgs/msg/rosidl_typesupport_introspection_c__visibility_control.h
[2.919s] -- Up-to-date: /home/pi/Sandbox/RPI_led_service/install/rpi_gpio_msgs/include/rpi_gpio_msgs/rpi_gpio_msgs/srv
[2.920s] -- Up-to-date: /home/pi/Sandbox/RPI_led_service/install/rpi_gpio_msgs/include/rpi_gpio_msgs/rpi_gpio_msgs/srv/detail
[2.921s] -- Up-to-date: /home/pi/Sandbox/RPI_led_service/install/rpi_gpio_msgs/include/rpi_gpio_msgs/rpi_gpio_msgs/srv/detail/led_toggle__rosidl_typesupport_introspection_c.h
[2.930s] -- Installing: /home/pi/Sandbox/RPI_led_service/install/rpi_gpio_msgs/include/rpi_gpio_msgs/rpi_gpio_msgs/srv/detail/led_toggle__type_support.c
[2.931s] -- Up-to-date: /home/pi/Sandbox/RPI_led_service/install/rpi_gpio_msgs/lib/librpi_gpio_msgs__rosidl_typesupport_introspection_c.so
[2.931s] -- Up-to-date: /home/pi/Sandbox/RPI_led_service/install/rpi_gpio_msgs/lib/librpi_gpio_msgs__rosidl_typesupport_c.so
[2.932s] -- Up-to-date: /home/pi/Sandbox/RPI_led_service/install/rpi_gpio_msgs/include/rpi_gpio_msgs/rpi_gpio_msgs
[2.947s] -- Up-to-date: /home/pi/Sandbox/RPI_led_service/install/rpi_gpio_msgs/include/rpi_gpio_msgs/rpi_gpio_msgs/srv
[2.947s] -- Up-to-date: /home/pi/Sandbox/RPI_led_service/install/rpi_gpio_msgs/include/rpi_gpio_msgs/rpi_gpio_msgs/srv/detail
[2.948s] -- Up-to-date: /home/pi/Sandbox/RPI_led_service/install/rpi_gpio_msgs/include/rpi_gpio_msgs/rpi_gpio_msgs/srv/detail/led_toggle__rosidl_typesupport_introspection_cpp.hpp
[2.948s] -- Up-to-date: /home/pi/Sandbox/RPI_led_service/install/rpi_gpio_msgs/include/rpi_gpio_msgs/rpi_gpio_msgs/srv/detail/led_toggle__type_support.cpp
[2.949s] -- Up-to-date: /home/pi/Sandbox/RPI_led_service/install/rpi_gpio_msgs/lib/librpi_gpio_msgs__rosidl_typesupport_introspection_cpp.so
[2.950s] -- Up-to-date: /home/pi/Sandbox/RPI_led_service/install/rpi_gpio_msgs/lib/librpi_gpio_msgs__rosidl_typesupport_cpp.so
[2.950s] -- Up-to-date: /home/pi/Sandbox/RPI_led_service/install/rpi_gpio_msgs/share/rpi_gpio_msgs/environment/pythonpath.sh
[2.951s] -- Up-to-date: /home/pi/Sandbox/RPI_led_service/install/rpi_gpio_msgs/share/rpi_gpio_msgs/environment/pythonpath.dsv
[2.952s] -- Up-to-date: /home/pi/Sandbox/RPI_led_service/install/rpi_gpio_msgs/lib/python3.10/site-packages/rpi_gpio_msgs-0.0.0-py3.10.egg-info
[2.952s] -- Installing: /home/pi/Sandbox/RPI_led_service/install/rpi_gpio_msgs/lib/python3.10/site-packages/rpi_gpio_msgs-0.0.0-py3.10.egg-info/SOURCES.txt
[2.953s] -- Installing: /home/pi/Sandbox/RPI_led_service/install/rpi_gpio_msgs/lib/python3.10/site-packages/rpi_gpio_msgs-0.0.0-py3.10.egg-info/dependency_links.txt
[2.954s] -- Installing: /home/pi/Sandbox/RPI_led_service/install/rpi_gpio_msgs/lib/python3.10/site-packages/rpi_gpio_msgs-0.0.0-py3.10.egg-info/PKG-INFO
[2.954s] -- Installing: /home/pi/Sandbox/RPI_led_service/install/rpi_gpio_msgs/lib/python3.10/site-packages/rpi_gpio_msgs-0.0.0-py3.10.egg-info/top_level.txt
[2.955s] -- Up-to-date: /home/pi/Sandbox/RPI_led_service/install/rpi_gpio_msgs/lib/python3.10/site-packages/rpi_gpio_msgs
[2.955s] -- Up-to-date: /home/pi/Sandbox/RPI_led_service/install/rpi_gpio_msgs/lib/python3.10/site-packages/rpi_gpio_msgs/_rpi_gpio_msgs_s.ep.rosidl_typesupport_fastrtps_c.c
[2.956s] -- Up-to-date: /home/pi/Sandbox/RPI_led_service/install/rpi_gpio_msgs/lib/python3.10/site-packages/rpi_gpio_msgs/_rpi_gpio_msgs_s.ep.rosidl_typesupport_introspection_c.c
[2.957s] -- Up-to-date: /home/pi/Sandbox/RPI_led_service/install/rpi_gpio_msgs/lib/python3.10/site-packages/rpi_gpio_msgs/rpi_gpio_msgs_s__rosidl_typesupport_introspection_c.cpython-310-aarch64-linux-gnu.so
[2.957s] -- Up-to-date: /home/pi/Sandbox/RPI_led_service/install/rpi_gpio_msgs/lib/python3.10/site-packages/rpi_gpio_msgs/librpi_gpio_msgs__rosidl_generator_py.so
[2.962s] -- Up-to-date: /home/pi/Sandbox/RPI_led_service/install/rpi_gpio_msgs/lib/python3.10/site-packages/rpi_gpio_msgs/srv
[2.963s] -- Up-to-date: /home/pi/Sandbox/RPI_led_service/install/rpi_gpio_msgs/lib/python3.10/site-packages/rpi_gpio_msgs/srv/_led_toggle.py
[2.963s] -- Up-to-date: /home/pi/Sandbox/RPI_led_service/install/rpi_gpio_msgs/lib/python3.10/site-packages/rpi_gpio_msgs/srv/_led_toggle_s.c
[2.964s] -- Up-to-date: /home/pi/Sandbox/RPI_led_service/install/rpi_gpio_msgs/lib/python3.10/site-packages/rpi_gpio_msgs/srv/__init__.py
[2.965s] -- Up-to-date: /home/pi/Sandbox/RPI_led_service/install/rpi_gpio_msgs/lib/python3.10/site-packages/rpi_gpio_msgs/rpi_gpio_msgs_s__rosidl_typesupport_c.cpython-310-aarch64-linux-gnu.so
[2.965s] -- Up-to-date: /home/pi/Sandbox/RPI_led_service/install/rpi_gpio_msgs/lib/python3.10/site-packages/rpi_gpio_msgs/__init__.py
[2.965s] -- Up-to-date: /home/pi/Sandbox/RPI_led_service/install/rpi_gpio_msgs/lib/python3.10/site-packages/rpi_gpio_msgs/rpi_gpio_msgs_s__rosidl_typesupport_fastrtps_c.cpython-310-aarch64-linux-gnu.so
[2.966s] -- Up-to-date: /home/pi/Sandbox/RPI_led_service/install/rpi_gpio_msgs/lib/python3.10/site-packages/rpi_gpio_msgs/_rpi_gpio_msgs_s.ep.rosidl_typesupport_c.c
[3.103s] Listing '/home/pi/Sandbox/RPI_led_service/install/rpi_gpio_msgs/lib/python3.10/site-packages/rpi_gpio_msgs'...
[3.105s] Listing '/home/pi/Sandbox/RPI_led_service/install/rpi_gpio_msgs/lib/python3.10/site-packages/rpi_gpio_msgs/srv'...
[3.137s] -- Up-to-date: /home/pi/Sandbox/RPI_led_service/install/rpi_gpio_msgs/lib/python3.10/site-packages/rpi_gpio_msgs/rpi_gpio_msgs_s__rosidl_typesupport_fastrtps_c.cpython-310-aarch64-linux-gnu.so
[3.140s] -- Up-to-date: /home/pi/Sandbox/RPI_led_service/install/rpi_gpio_msgs/lib/python3.10/site-packages/rpi_gpio_msgs/rpi_gpio_msgs_s__rosidl_typesupport_introspection_c.cpython-310-aarch64-linux-gnu.so
[3.142s] -- Up-to-date: /home/pi/Sandbox/RPI_led_service/install/rpi_gpio_msgs/lib/python3.10/site-packages/rpi_gpio_msgs/rpi_gpio_msgs_s__rosidl_typesupport_c.cpython-310-aarch64-linux-gnu.so
[3.146s] -- Up-to-date: /home/pi/Sandbox/RPI_led_service/install/rpi_gpio_msgs/lib/librpi_gpio_msgs__rosidl_generator_py.so
[3.150s] -- Up-to-date: /home/pi/Sandbox/RPI_led_service/install/rpi_gpio_msgs/share/rpi_gpio_msgs/srv/LEDToggle.idl
[3.151s] -- Up-to-date: /home/pi/Sandbox/RPI_led_service/install/rpi_gpio_msgs/share/rpi_gpio_msgs/srv/LEDToggle.srv
[3.153s] -- Up-to-date: /home/pi/Sandbox/RPI_led_service/install/rpi_gpio_msgs/share/rpi_gpio_msgs/srv/LEDToggle_Request.msg
[3.153s] -- Up-to-date: /home/pi/Sandbox/RPI_led_service/install/rpi_gpio_msgs/share/rpi_gpio_msgs/srv/LEDToggle_Response.msg
[3.155s] -- Up-to-date: /home/pi/Sandbox/RPI_led_service/install/rpi_gpio_msgs/share/ament_index/resource_index/package_run_dependencies/rpi_gpio_msgs
[3.155s] -- Up-to-date: /home/pi/Sandbox/RPI_led_service/install/rpi_gpio_msgs/share/ament_index/resource_index/parent_prefix_path/rpi_gpio_msgs
[3.156s] -- Up-to-date: /home/pi/Sandbox/RPI_led_service/install/rpi_gpio_msgs/share/rpi_gpio_msgs/environment/ament_prefix_path.sh
[3.158s] -- Up-to-date: /home/pi/Sandbox/RPI_led_service/install/rpi_gpio_msgs/share/rpi_gpio_msgs/environment/ament_prefix_path.dsv
[3.160s] -- Up-to-date: /home/pi/Sandbox/RPI_led_service/install/rpi_gpio_msgs/share/rpi_gpio_msgs/environment/path.sh
[3.161s] -- Up-to-date: /home/pi/Sandbox/RPI_led_service/install/rpi_gpio_msgs/share/rpi_gpio_msgs/environment/path.dsv
[3.163s] -- Up-to-date: /home/pi/Sandbox/RPI_led_service/install/rpi_gpio_msgs/share/rpi_gpio_msgs/local_setup.bash
[3.166s] -- Up-to-date: /home/pi/Sandbox/RPI_led_service/install/rpi_gpio_msgs/share/rpi_gpio_msgs/local_setup.sh
[3.168s] -- Up-to-date: /home/pi/Sandbox/RPI_led_service/install/rpi_gpio_msgs/share/rpi_gpio_msgs/local_setup.zsh
[3.172s] -- Up-to-date: /home/pi/Sandbox/RPI_led_service/install/rpi_gpio_msgs/share/rpi_gpio_msgs/local_setup.dsv
[3.173s] -- Installing: /home/pi/Sandbox/RPI_led_service/install/rpi_gpio_msgs/share/rpi_gpio_msgs/package.dsv
[3.177s] -- Up-to-date: /home/pi/Sandbox/RPI_led_service/install/rpi_gpio_msgs/share/ament_index/resource_index/packages/rpi_gpio_msgs
[3.178s] -- Up-to-date: /home/pi/Sandbox/RPI_led_service/install/rpi_gpio_msgs/share/rpi_gpio_msgs/cmake/export_rpi_gpio_msgs__rosidl_generator_cExport.cmake
[3.178s] -- Up-to-date: /home/pi/Sandbox/RPI_led_service/install/rpi_gpio_msgs/share/rpi_gpio_msgs/cmake/export_rpi_gpio_msgs__rosidl_generator_cExport-noconfig.cmake
[3.179s] -- Up-to-date: /home/pi/Sandbox/RPI_led_service/install/rpi_gpio_msgs/share/rpi_gpio_msgs/cmake/export_rpi_gpio_msgs__rosidl_typesupport_fastrtps_cExport.cmake
[3.180s] -- Up-to-date: /home/pi/Sandbox/RPI_led_service/install/rpi_gpio_msgs/share/rpi_gpio_msgs/cmake/export_rpi_gpio_msgs__rosidl_typesupport_fastrtps_cExport-noconfig.cmake
[3.181s] -- Up-to-date: /home/pi/Sandbox/RPI_led_service/install/rpi_gpio_msgs/share/rpi_gpio_msgs/cmake/export_rpi_gpio_msgs__rosidl_generator_cppExport.cmake
[3.181s] -- Up-to-date: /home/pi/Sandbox/RPI_led_service/install/rpi_gpio_msgs/share/rpi_gpio_msgs/cmake/export_rpi_gpio_msgs__rosidl_typesupport_fastrtps_cppExport.cmake
[3.203s] -- Up-to-date: /home/pi/Sandbox/RPI_led_service/install/rpi_gpio_msgs/share/rpi_gpio_msgs/cmake/export_rpi_gpio_msgs__rosidl_typesupport_fastrtps_cppExport-noconfig.cmake
[3.204s] -- Up-to-date: /home/pi/Sandbox/RPI_led_service/install/rpi_gpio_msgs/share/rpi_gpio_msgs/cmake/rpi_gpio_msgs__rosidl_typesupport_introspection_cExport.cmake
[3.204s] -- Up-to-date: /home/pi/Sandbox/RPI_led_service/install/rpi_gpio_msgs/share/rpi_gpio_msgs/cmake/rpi_gpio_msgs__rosidl_typesupport_introspection_cExport-noconfig.cmake
[3.205s] -- Up-to-date: /home/pi/Sandbox/RPI_led_service/install/rpi_gpio_msgs/share/rpi_gpio_msgs/cmake/rpi_gpio_msgs__rosidl_typesupport_cExport.cmake
[3.205s] -- Up-to-date: /home/pi/Sandbox/RPI_led_service/install/rpi_gpio_msgs/share/rpi_gpio_msgs/cmake/rpi_gpio_msgs__rosidl_typesupport_cExport-noconfig.cmake
[3.206s] -- Up-to-date: /home/pi/Sandbox/RPI_led_service/install/rpi_gpio_msgs/share/rpi_gpio_msgs/cmake/rpi_gpio_msgs__rosidl_typesupport_introspection_cppExport.cmake
[3.207s] -- Up-to-date: /home/pi/Sandbox/RPI_led_service/install/rpi_gpio_msgs/share/rpi_gpio_msgs/cmake/rpi_gpio_msgs__rosidl_typesupport_introspection_cppExport-noconfig.cmake
[3.207s] -- Up-to-date: /home/pi/Sandbox/RPI_led_service/install/rpi_gpio_msgs/share/rpi_gpio_msgs/cmake/rpi_gpio_msgs__rosidl_typesupport_cppExport.cmake
[3.208s] -- Up-to-date: /home/pi/Sandbox/RPI_led_service/install/rpi_gpio_msgs/share/rpi_gpio_msgs/cmake/rpi_gpio_msgs__rosidl_typesupport_cppExport-noconfig.cmake
[3.209s] -- Up-to-date: /home/pi/Sandbox/RPI_led_service/install/rpi_gpio_msgs/share/rpi_gpio_msgs/cmake/export_rpi_gpio_msgs__rosidl_generator_pyExport.cmake
[3.210s] -- Up-to-date: /home/pi/Sandbox/RPI_led_service/install/rpi_gpio_msgs/share/rpi_gpio_msgs/cmake/export_rpi_gpio_msgs__rosidl_generator_pyExport-noconfig.cmake
[3.210s] -- Up-to-date: /home/pi/Sandbox/RPI_led_service/install/rpi_gpio_msgs/share/rpi_gpio_msgs/cmake/rosidl_cmake-extras.cmake
[3.211s] -- Up-to-date: /home/pi/Sandbox/RPI_led_service/install/rpi_gpio_msgs/share/rpi_gpio_msgs/cmake/ament_cmake_export_dependencies-extras.cmake
[3.212s] -- Up-to-date: /home/pi/Sandbox/RPI_led_service/install/rpi_gpio_msgs/share/rpi_gpio_msgs/cmake/ament_cmake_export_include_directories-extras.cmake
[3.212s] -- Up-to-date: /home/pi/Sandbox/RPI_led_service/install/rpi_gpio_msgs/share/rpi_gpio_msgs/cmake/ament_cmake_export_libraries-extras.cmake
[3.217s] -- Up-to-date: /home/pi/Sandbox/RPI_led_service/install/rpi_gpio_msgs/share/rpi_gpio_msgs/cmake/ament_cmake_export_targets-extras.cmake
[3.228s] -- Up-to-date: /home/pi/Sandbox/RPI_led_service/install/rpi_gpio_msgs/share/rpi_gpio_msgs/cmake/rosidl_cmake_export_typesupport_targets-extras.cmake
[3.229s] -- Up-to-date: /home/pi/Sandbox/RPI_led_service/install/rpi_gpio_msgs/share/rpi_gpio_msgs/cmake/rosidl_cmake_export_typesupport_libraries-extras.cmake
[3.230s] -- Up-to-date: /home/pi/Sandbox/RPI_led_service/install/rpi_gpio_msgs/share/rpi_gpio_msgs/cmake/rpi_gpio_msgsConfig.cmake
[3.230s] -- Up-to-date: /home/pi/Sandbox/RPI_led_service/install/rpi_gpio_msgs/share/rpi_gpio_msgs/cmake/rpi_gpio_msgsConfig-version.cmake
[3.231s] -- Up-to-date: /home/pi/Sandbox/RPI_led_service/install/rpi_gpio_msgs/share/rpi_gpio_msgs/package.xml
[3.232s] Invoked command in '/home/pi/Sandbox/RPI_led_service/build/rpi_gpio_msgs' returned '0': CMAKE_PREFIX_PATH=${CMAKE_PREFIX_PATH}:/home/pi/Sandbox/RPI_led_service/install/rpi_LCD_control:/opt/ros/iron /usr/bin/cmake --install /home/pi/Sandbox/RPI_led_service/build/rpi_gpio_msgs
