[0.020s] Invoking command in '/home/lsantos/GitHub/Sandbox/RPI_led_service/build/rpi_gpio_msgs': CMAKE_PREFIX_PATH=/opt/ros/iron /usr/bin/cmake /home/lsantos/GitHub/Sandbox/RPI_led_service/src/rpi_gpio_msgs -DCMAKE_INSTALL_PREFIX=/home/lsantos/GitHub/Sandbox/RPI_led_service/install/rpi_gpio_msgs
[0.026s] -- Found ament_cmake: 2.0.3 (/opt/ros/iron/share/ament_cmake/cmake)
[0.093s] -- Found rclcpp: 21.0.3 (/opt/ros/iron/share/rclcpp/cmake)
[0.107s] -- Found rosidl_generator_c: 4.0.1 (/opt/ros/iron/share/rosidl_generator_c/cmake)
[0.111s] -- Found rosidl_generator_cpp: 4.0.1 (/opt/ros/iron/share/rosidl_generator_cpp/cmake)
[0.117s] -- Using all available rosidl_typesupport_c: rosidl_typesupport_fastrtps_c;rosidl_typesupport_introspection_c
[0.124s] -- Using all available rosidl_typesupport_cpp: rosidl_typesupport_fastrtps_cpp;rosidl_typesupport_introspection_cpp
[0.198s] -- Found rmw_implementation_cmake: 7.1.0 (/opt/ros/iron/share/rmw_implementation_cmake/cmake)
[0.199s] -- Found rmw_fastrtps_cpp: 7.1.1 (/opt/ros/iron/share/rmw_fastrtps_cpp/cmake)
[0.254s] -- Using RMW implementation 'rmw_fastrtps_cpp' as default
[0.335s] -- Found rosidl_default_generators: 1.5.0 (/opt/ros/iron/share/rosidl_default_generators/cmake)
[0.339s] -- Found rosidl_adapter: 4.0.1 (/opt/ros/iron/share/rosidl_adapter/cmake)
[0.485s] -- Found ament_cmake_ros: 0.11.2 (/opt/ros/iron/share/ament_cmake_ros/cmake)
[0.626s] -- Using all available rosidl_typesupport_c: rosidl_typesupport_fastrtps_c;rosidl_typesupport_introspection_c
[0.699s] -- Using all available rosidl_typesupport_cpp: rosidl_typesupport_fastrtps_cpp;rosidl_typesupport_introspection_cpp
[0.710s] -- Found PythonInterp: /usr/bin/python3 (found suitable version "3.10.12", minimum required is "3.6") 
[0.710s] -- Found python_cmake_module: 0.10.2 (/opt/ros/iron/share/python_cmake_module/cmake)
[0.723s] -- Found PythonLibs: /usr/lib/x86_64-linux-gnu/libpython3.10.so (found suitable version "3.10.12", minimum required is "3.5") 
[0.723s] -- Using PYTHON_EXECUTABLE: /usr/bin/python3
[0.723s] -- Using PYTHON_INCLUDE_DIRS: /usr/include/python3.10
[0.723s] -- Using PYTHON_LIBRARIES: /usr/lib/x86_64-linux-gnu/libpython3.10.so
[0.732s] -- Found PythonExtra: .so  
[0.751s] -- Found ament_lint_auto: 0.14.2 (/opt/ros/iron/share/ament_lint_auto/cmake)
[0.758s] -- Added test 'lint_cmake' to check CMake code style
[0.759s] -- Added test 'xmllint' to check XML markup files
[0.760s] -- Configuring done
[0.774s] -- Generating done
[0.776s] -- Build files have been written to: /home/lsantos/GitHub/Sandbox/RPI_led_service/build/rpi_gpio_msgs
[0.781s] Invoked command in '/home/lsantos/GitHub/Sandbox/RPI_led_service/build/rpi_gpio_msgs' returned '0': CMAKE_PREFIX_PATH=/opt/ros/iron /usr/bin/cmake /home/lsantos/GitHub/Sandbox/RPI_led_service/src/rpi_gpio_msgs -DCMAKE_INSTALL_PREFIX=/home/lsantos/GitHub/Sandbox/RPI_led_service/install/rpi_gpio_msgs
[0.781s] Invoking command in '/home/lsantos/GitHub/Sandbox/RPI_led_service/build/rpi_gpio_msgs': CMAKE_PREFIX_PATH=/opt/ros/iron /usr/bin/cmake --build /home/lsantos/GitHub/Sandbox/RPI_led_service/build/rpi_gpio_msgs -- -j24 -l24
[0.801s] [  2%] [34m[1mGenerating type hashes for ROS interfaces[0m
[0.805s] [  2%] Built target ament_cmake_python_copy_rpi_gpio_msgs
[0.894s] [  2%] Built target rpi_gpio_msgs__rosidl_generator_type_description
[0.898s] [  5%] [34m[1mGenerating C code for ROS interfaces[0m
[0.902s] [  8%] [34m[1mGenerating C++ code for ROS interfaces[0m
[0.910s] running egg_info
[0.911s] creating rpi_gpio_msgs.egg-info
[0.911s] writing rpi_gpio_msgs.egg-info/PKG-INFO
[0.911s] writing dependency_links to rpi_gpio_msgs.egg-info/dependency_links.txt
[0.911s] writing top-level names to rpi_gpio_msgs.egg-info/top_level.txt
[0.911s] writing manifest file 'rpi_gpio_msgs.egg-info/SOURCES.txt'
[0.912s] reading manifest file 'rpi_gpio_msgs.egg-info/SOURCES.txt'
[0.913s] writing manifest file 'rpi_gpio_msgs.egg-info/SOURCES.txt'
[0.925s] [  8%] Built target ament_cmake_python_build_rpi_gpio_msgs_egg
[1.036s] [  8%] Built target rpi_gpio_msgs__cpp
[1.050s] [ 11%] [32mBuilding C object CMakeFiles/rpi_gpio_msgs__rosidl_generator_c.dir/rosidl_generator_c/rpi_gpio_msgs/srv/detail/led_toggle__description.c.o[0m
[1.051s] [ 14%] [32mBuilding C object CMakeFiles/rpi_gpio_msgs__rosidl_generator_c.dir/rosidl_generator_c/rpi_gpio_msgs/srv/detail/led_toggle__functions.c.o[0m
[1.051s] [ 17%] [32mBuilding C object CMakeFiles/rpi_gpio_msgs__rosidl_generator_c.dir/rosidl_generator_c/rpi_gpio_msgs/srv/detail/led_toggle__type_support.c.o[0m
[1.089s] [ 20%] [32m[1mLinking C shared library librpi_gpio_msgs__rosidl_generator_c.so[0m
[1.107s] [ 20%] Built target rpi_gpio_msgs__rosidl_generator_c
[1.110s] [ 29%] [34m[1mGenerating C introspection for ROS interfaces[0m
[1.111s] [ 29%] [34m[1mGenerating C++ type support dispatch for ROS interfaces[0m
[1.111s] [ 29%] [34m[1mGenerating C type support for eProsima Fast-RTPS[0m
[1.111s] [ 32%] [34m[1mGenerating C++ type support for eProsima Fast-RTPS[0m
[1.111s] [ 35%] [34m[1mGenerating C type support dispatch for ROS interfaces[0m
[1.111s] [ 38%] [34m[1mGenerating C++ introspection for ROS interfaces[0m
[1.225s] [ 41%] [32mBuilding CXX object CMakeFiles/rpi_gpio_msgs__rosidl_typesupport_c.dir/rosidl_typesupport_c/rpi_gpio_msgs/srv/led_toggle__type_support.cpp.o[0m
[1.225s] [ 44%] [32mBuilding CXX object CMakeFiles/rpi_gpio_msgs__rosidl_typesupport_cpp.dir/rosidl_typesupport_cpp/rpi_gpio_msgs/srv/led_toggle__type_support.cpp.o[0m
[1.239s] [ 47%] [32mBuilding CXX object CMakeFiles/rpi_gpio_msgs__rosidl_typesupport_introspection_cpp.dir/rosidl_typesupport_introspection_cpp/rpi_gpio_msgs/srv/detail/led_toggle__type_support.cpp.o[0m
[1.243s] [ 50%] [32mBuilding C object CMakeFiles/rpi_gpio_msgs__rosidl_typesupport_introspection_c.dir/rosidl_typesupport_introspection_c/rpi_gpio_msgs/srv/detail/led_toggle__type_support.c.o[0m
[1.245s] [ 52%] [32mBuilding CXX object CMakeFiles/rpi_gpio_msgs__rosidl_typesupport_fastrtps_c.dir/rosidl_typesupport_fastrtps_c/rpi_gpio_msgs/srv/detail/led_toggle__type_support_c.cpp.o[0m
[1.245s] [ 55%] [32m[1mLinking CXX shared library librpi_gpio_msgs__rosidl_typesupport_c.so[0m
[1.247s] [ 58%] [32mBuilding CXX object CMakeFiles/rpi_gpio_msgs__rosidl_typesupport_fastrtps_cpp.dir/rosidl_typesupport_fastrtps_cpp/rpi_gpio_msgs/srv/detail/dds_fastrtps/led_toggle__type_support.cpp.o[0m
[1.263s] [ 61%] [32m[1mLinking C shared library librpi_gpio_msgs__rosidl_typesupport_introspection_c.so[0m
[1.264s] [ 61%] Built target rpi_gpio_msgs__rosidl_typesupport_c
[1.277s] [ 61%] Built target rpi_gpio_msgs__rosidl_typesupport_introspection_c
[1.408s] [ 64%] [32m[1mLinking CXX shared library librpi_gpio_msgs__rosidl_typesupport_fastrtps_c.so[0m
[1.430s] [ 67%] [32m[1mLinking CXX shared library librpi_gpio_msgs__rosidl_typesupport_cpp.so[0m
[1.447s] [ 67%] Built target rpi_gpio_msgs__rosidl_typesupport_fastrtps_c
[1.455s] [ 70%] [32m[1mLinking CXX shared library librpi_gpio_msgs__rosidl_typesupport_introspection_cpp.so[0m
[1.467s] [ 70%] Built target rpi_gpio_msgs__rosidl_typesupport_cpp
[1.491s] [ 70%] Built target rpi_gpio_msgs__rosidl_typesupport_introspection_cpp
[1.529s] [ 73%] [32m[1mLinking CXX shared library librpi_gpio_msgs__rosidl_typesupport_fastrtps_cpp.so[0m
[1.579s] [ 73%] Built target rpi_gpio_msgs__rosidl_typesupport_fastrtps_cpp
[1.586s] [ 73%] Built target rpi_gpio_msgs
[1.598s] [ 76%] [34m[1mGenerating Python code for ROS interfaces[0m
[1.776s] [ 76%] Built target rpi_gpio_msgs__py
[1.783s] [ 79%] [32mBuilding C object CMakeFiles/rpi_gpio_msgs__rosidl_generator_py.dir/rosidl_generator_py/rpi_gpio_msgs/srv/_led_toggle_s.c.o[0m
[1.839s] [ 82%] [32m[1mLinking C shared library rosidl_generator_py/rpi_gpio_msgs/librpi_gpio_msgs__rosidl_generator_py.so[0m
[1.860s] [ 82%] Built target rpi_gpio_msgs__rosidl_generator_py
[1.868s] [ 85%] [32mBuilding C object CMakeFiles/rpi_gpio_msgs__rosidl_typesupport_fastrtps_c__pyext.dir/rosidl_generator_py/rpi_gpio_msgs/_rpi_gpio_msgs_s.ep.rosidl_typesupport_fastrtps_c.c.o[0m
[1.868s] [ 88%] [32mBuilding C object CMakeFiles/rpi_gpio_msgs__rosidl_typesupport_introspection_c__pyext.dir/rosidl_generator_py/rpi_gpio_msgs/_rpi_gpio_msgs_s.ep.rosidl_typesupport_introspection_c.c.o[0m
[1.868s] [ 91%] [32mBuilding C object CMakeFiles/rpi_gpio_msgs__rosidl_typesupport_c__pyext.dir/rosidl_generator_py/rpi_gpio_msgs/_rpi_gpio_msgs_s.ep.rosidl_typesupport_c.c.o[0m
[1.917s] [ 97%] [32m[1mLinking C shared library rosidl_generator_py/rpi_gpio_msgs/rpi_gpio_msgs_s__rosidl_typesupport_introspection_c.cpython-310-x86_64-linux-gnu.so[0m
[1.917s] [ 97%] [32m[1mLinking C shared library rosidl_generator_py/rpi_gpio_msgs/rpi_gpio_msgs_s__rosidl_typesupport_c.cpython-310-x86_64-linux-gnu.so[0m
[1.918s] [100%] [32m[1mLinking C shared library rosidl_generator_py/rpi_gpio_msgs/rpi_gpio_msgs_s__rosidl_typesupport_fastrtps_c.cpython-310-x86_64-linux-gnu.so[0m
[1.933s] [100%] Built target rpi_gpio_msgs__rosidl_typesupport_c__pyext
[1.933s] [100%] Built target rpi_gpio_msgs__rosidl_typesupport_introspection_c__pyext
[1.934s] [100%] Built target rpi_gpio_msgs__rosidl_typesupport_fastrtps_c__pyext
[1.939s] Invoked command in '/home/lsantos/GitHub/Sandbox/RPI_led_service/build/rpi_gpio_msgs' returned '0': CMAKE_PREFIX_PATH=/opt/ros/iron /usr/bin/cmake --build /home/lsantos/GitHub/Sandbox/RPI_led_service/build/rpi_gpio_msgs -- -j24 -l24
[1.979s] Invoking command in '/home/lsantos/GitHub/Sandbox/RPI_led_service/build/rpi_gpio_msgs': CMAKE_PREFIX_PATH=/opt/ros/iron /usr/bin/cmake --install /home/lsantos/GitHub/Sandbox/RPI_led_service/build/rpi_gpio_msgs
[1.988s] -- Install configuration: ""
[1.988s] -- Installing: /home/lsantos/GitHub/Sandbox/RPI_led_service/install/rpi_gpio_msgs/share/ament_index/resource_index/rosidl_interfaces/rpi_gpio_msgs
[1.989s] -- Installing: /home/lsantos/GitHub/Sandbox/RPI_led_service/install/rpi_gpio_msgs/share/rpi_gpio_msgs/srv/LEDToggle.json
[1.989s] -- Installing: /home/lsantos/GitHub/Sandbox/RPI_led_service/install/rpi_gpio_msgs/include/rpi_gpio_msgs/rpi_gpio_msgs
[1.989s] -- Installing: /home/lsantos/GitHub/Sandbox/RPI_led_service/install/rpi_gpio_msgs/include/rpi_gpio_msgs/rpi_gpio_msgs/srv
[1.989s] -- Installing: /home/lsantos/GitHub/Sandbox/RPI_led_service/install/rpi_gpio_msgs/include/rpi_gpio_msgs/rpi_gpio_msgs/srv/detail
[1.989s] -- Installing: /home/lsantos/GitHub/Sandbox/RPI_led_service/install/rpi_gpio_msgs/include/rpi_gpio_msgs/rpi_gpio_msgs/srv/detail/led_toggle__description.c
[1.990s] -- Installing: /home/lsantos/GitHub/Sandbox/RPI_led_service/install/rpi_gpio_msgs/include/rpi_gpio_msgs/rpi_gpio_msgs/srv/detail/led_toggle__functions.c
[1.990s] -- Installing: /home/lsantos/GitHub/Sandbox/RPI_led_service/install/rpi_gpio_msgs/include/rpi_gpio_msgs/rpi_gpio_msgs/srv/detail/led_toggle__type_support.h
[1.990s] -- Installing: /home/lsantos/GitHub/Sandbox/RPI_led_service/install/rpi_gpio_msgs/include/rpi_gpio_msgs/rpi_gpio_msgs/srv/detail/led_toggle__struct.h
[1.990s] -- Installing: /home/lsantos/GitHub/Sandbox/RPI_led_service/install/rpi_gpio_msgs/include/rpi_gpio_msgs/rpi_gpio_msgs/srv/detail/led_toggle__functions.h
[1.990s] -- Installing: /home/lsantos/GitHub/Sandbox/RPI_led_service/install/rpi_gpio_msgs/include/rpi_gpio_msgs/rpi_gpio_msgs/srv/detail/led_toggle__type_support.c
[1.991s] -- Installing: /home/lsantos/GitHub/Sandbox/RPI_led_service/install/rpi_gpio_msgs/include/rpi_gpio_msgs/rpi_gpio_msgs/srv/led_toggle.h
[1.991s] -- Installing: /home/lsantos/GitHub/Sandbox/RPI_led_service/install/rpi_gpio_msgs/include/rpi_gpio_msgs/rpi_gpio_msgs/msg
[1.991s] -- Installing: /home/lsantos/GitHub/Sandbox/RPI_led_service/install/rpi_gpio_msgs/include/rpi_gpio_msgs/rpi_gpio_msgs/msg/rosidl_generator_c__visibility_control.h
[1.991s] -- Installing: /home/lsantos/GitHub/Sandbox/RPI_led_service/install/rpi_gpio_msgs/share/rpi_gpio_msgs/environment/library_path.sh
[1.991s] -- Installing: /home/lsantos/GitHub/Sandbox/RPI_led_service/install/rpi_gpio_msgs/share/rpi_gpio_msgs/environment/library_path.dsv
[1.991s] -- Installing: /home/lsantos/GitHub/Sandbox/RPI_led_service/install/rpi_gpio_msgs/lib/librpi_gpio_msgs__rosidl_generator_c.so
[1.991s] -- Set runtime path of "/home/lsantos/GitHub/Sandbox/RPI_led_service/install/rpi_gpio_msgs/lib/librpi_gpio_msgs__rosidl_generator_c.so" to ""
[1.992s] -- Up-to-date: /home/lsantos/GitHub/Sandbox/RPI_led_service/install/rpi_gpio_msgs/include/rpi_gpio_msgs/rpi_gpio_msgs
[1.992s] -- Up-to-date: /home/lsantos/GitHub/Sandbox/RPI_led_service/install/rpi_gpio_msgs/include/rpi_gpio_msgs/rpi_gpio_msgs/srv
[1.992s] -- Up-to-date: /home/lsantos/GitHub/Sandbox/RPI_led_service/install/rpi_gpio_msgs/include/rpi_gpio_msgs/rpi_gpio_msgs/srv/detail
[1.992s] -- Installing: /home/lsantos/GitHub/Sandbox/RPI_led_service/install/rpi_gpio_msgs/include/rpi_gpio_msgs/rpi_gpio_msgs/srv/detail/led_toggle__rosidl_typesupport_fastrtps_c.h
[1.992s] -- Up-to-date: /home/lsantos/GitHub/Sandbox/RPI_led_service/install/rpi_gpio_msgs/include/rpi_gpio_msgs/rpi_gpio_msgs/msg
[1.992s] -- Installing: /home/lsantos/GitHub/Sandbox/RPI_led_service/install/rpi_gpio_msgs/include/rpi_gpio_msgs/rpi_gpio_msgs/msg/rosidl_typesupport_fastrtps_c__visibility_control.h
[1.992s] -- Installing: /home/lsantos/GitHub/Sandbox/RPI_led_service/install/rpi_gpio_msgs/lib/librpi_gpio_msgs__rosidl_typesupport_fastrtps_c.so
[1.993s] -- Set runtime path of "/home/lsantos/GitHub/Sandbox/RPI_led_service/install/rpi_gpio_msgs/lib/librpi_gpio_msgs__rosidl_typesupport_fastrtps_c.so" to ""
[1.993s] -- Up-to-date: /home/lsantos/GitHub/Sandbox/RPI_led_service/install/rpi_gpio_msgs/include/rpi_gpio_msgs/rpi_gpio_msgs
[1.993s] -- Up-to-date: /home/lsantos/GitHub/Sandbox/RPI_led_service/install/rpi_gpio_msgs/include/rpi_gpio_msgs/rpi_gpio_msgs/srv
[1.993s] -- Up-to-date: /home/lsantos/GitHub/Sandbox/RPI_led_service/install/rpi_gpio_msgs/include/rpi_gpio_msgs/rpi_gpio_msgs/srv/detail
[1.993s] -- Installing: /home/lsantos/GitHub/Sandbox/RPI_led_service/install/rpi_gpio_msgs/include/rpi_gpio_msgs/rpi_gpio_msgs/srv/detail/led_toggle__struct.hpp
[1.993s] -- Installing: /home/lsantos/GitHub/Sandbox/RPI_led_service/install/rpi_gpio_msgs/include/rpi_gpio_msgs/rpi_gpio_msgs/srv/detail/led_toggle__traits.hpp
[1.993s] -- Installing: /home/lsantos/GitHub/Sandbox/RPI_led_service/install/rpi_gpio_msgs/include/rpi_gpio_msgs/rpi_gpio_msgs/srv/detail/led_toggle__builder.hpp
[1.993s] -- Installing: /home/lsantos/GitHub/Sandbox/RPI_led_service/install/rpi_gpio_msgs/include/rpi_gpio_msgs/rpi_gpio_msgs/srv/led_toggle.hpp
[1.994s] -- Up-to-date: /home/lsantos/GitHub/Sandbox/RPI_led_service/install/rpi_gpio_msgs/include/rpi_gpio_msgs/rpi_gpio_msgs
[1.994s] -- Up-to-date: /home/lsantos/GitHub/Sandbox/RPI_led_service/install/rpi_gpio_msgs/include/rpi_gpio_msgs/rpi_gpio_msgs/srv
[1.994s] -- Up-to-date: /home/lsantos/GitHub/Sandbox/RPI_led_service/install/rpi_gpio_msgs/include/rpi_gpio_msgs/rpi_gpio_msgs/srv/detail
[1.994s] -- Installing: /home/lsantos/GitHub/Sandbox/RPI_led_service/install/rpi_gpio_msgs/include/rpi_gpio_msgs/rpi_gpio_msgs/srv/detail/led_toggle__rosidl_typesupport_fastrtps_cpp.hpp
[1.994s] -- Installing: /home/lsantos/GitHub/Sandbox/RPI_led_service/install/rpi_gpio_msgs/include/rpi_gpio_msgs/rpi_gpio_msgs/srv/detail/dds_fastrtps
[1.994s] -- Up-to-date: /home/lsantos/GitHub/Sandbox/RPI_led_service/install/rpi_gpio_msgs/include/rpi_gpio_msgs/rpi_gpio_msgs/msg
[1.994s] -- Installing: /home/lsantos/GitHub/Sandbox/RPI_led_service/install/rpi_gpio_msgs/include/rpi_gpio_msgs/rpi_gpio_msgs/msg/rosidl_typesupport_fastrtps_cpp__visibility_control.h
[1.994s] -- Installing: /home/lsantos/GitHub/Sandbox/RPI_led_service/install/rpi_gpio_msgs/lib/librpi_gpio_msgs__rosidl_typesupport_fastrtps_cpp.so
[1.994s] -- Set runtime path of "/home/lsantos/GitHub/Sandbox/RPI_led_service/install/rpi_gpio_msgs/lib/librpi_gpio_msgs__rosidl_typesupport_fastrtps_cpp.so" to ""
[1.994s] -- Up-to-date: /home/lsantos/GitHub/Sandbox/RPI_led_service/install/rpi_gpio_msgs/include/rpi_gpio_msgs/rpi_gpio_msgs
[1.995s] -- Up-to-date: /home/lsantos/GitHub/Sandbox/RPI_led_service/install/rpi_gpio_msgs/include/rpi_gpio_msgs/rpi_gpio_msgs/srv
[1.995s] -- Up-to-date: /home/lsantos/GitHub/Sandbox/RPI_led_service/install/rpi_gpio_msgs/include/rpi_gpio_msgs/rpi_gpio_msgs/srv/detail
[1.995s] -- Installing: /home/lsantos/GitHub/Sandbox/RPI_led_service/install/rpi_gpio_msgs/include/rpi_gpio_msgs/rpi_gpio_msgs/srv/detail/led_toggle__rosidl_typesupport_introspection_c.h
[1.995s] -- Up-to-date: /home/lsantos/GitHub/Sandbox/RPI_led_service/install/rpi_gpio_msgs/include/rpi_gpio_msgs/rpi_gpio_msgs/srv/detail/led_toggle__type_support.c
[1.995s] -- Up-to-date: /home/lsantos/GitHub/Sandbox/RPI_led_service/install/rpi_gpio_msgs/include/rpi_gpio_msgs/rpi_gpio_msgs/msg
[1.995s] -- Installing: /home/lsantos/GitHub/Sandbox/RPI_led_service/install/rpi_gpio_msgs/include/rpi_gpio_msgs/rpi_gpio_msgs/msg/rosidl_typesupport_introspection_c__visibility_control.h
[1.995s] -- Installing: /home/lsantos/GitHub/Sandbox/RPI_led_service/install/rpi_gpio_msgs/lib/librpi_gpio_msgs__rosidl_typesupport_introspection_c.so
[1.995s] -- Set runtime path of "/home/lsantos/GitHub/Sandbox/RPI_led_service/install/rpi_gpio_msgs/lib/librpi_gpio_msgs__rosidl_typesupport_introspection_c.so" to ""
[1.995s] -- Installing: /home/lsantos/GitHub/Sandbox/RPI_led_service/install/rpi_gpio_msgs/lib/librpi_gpio_msgs__rosidl_typesupport_c.so
[1.995s] -- Set runtime path of "/home/lsantos/GitHub/Sandbox/RPI_led_service/install/rpi_gpio_msgs/lib/librpi_gpio_msgs__rosidl_typesupport_c.so" to ""
[1.995s] -- Up-to-date: /home/lsantos/GitHub/Sandbox/RPI_led_service/install/rpi_gpio_msgs/include/rpi_gpio_msgs/rpi_gpio_msgs
[1.996s] -- Up-to-date: /home/lsantos/GitHub/Sandbox/RPI_led_service/install/rpi_gpio_msgs/include/rpi_gpio_msgs/rpi_gpio_msgs/srv
[1.996s] -- Up-to-date: /home/lsantos/GitHub/Sandbox/RPI_led_service/install/rpi_gpio_msgs/include/rpi_gpio_msgs/rpi_gpio_msgs/srv/detail
[1.996s] -- Installing: /home/lsantos/GitHub/Sandbox/RPI_led_service/install/rpi_gpio_msgs/include/rpi_gpio_msgs/rpi_gpio_msgs/srv/detail/led_toggle__type_support.cpp
[1.996s] -- Installing: /home/lsantos/GitHub/Sandbox/RPI_led_service/install/rpi_gpio_msgs/include/rpi_gpio_msgs/rpi_gpio_msgs/srv/detail/led_toggle__rosidl_typesupport_introspection_cpp.hpp
[1.996s] -- Installing: /home/lsantos/GitHub/Sandbox/RPI_led_service/install/rpi_gpio_msgs/lib/librpi_gpio_msgs__rosidl_typesupport_introspection_cpp.so
[1.996s] -- Set runtime path of "/home/lsantos/GitHub/Sandbox/RPI_led_service/install/rpi_gpio_msgs/lib/librpi_gpio_msgs__rosidl_typesupport_introspection_cpp.so" to ""
[1.996s] -- Installing: /home/lsantos/GitHub/Sandbox/RPI_led_service/install/rpi_gpio_msgs/lib/librpi_gpio_msgs__rosidl_typesupport_cpp.so
[1.996s] -- Set runtime path of "/home/lsantos/GitHub/Sandbox/RPI_led_service/install/rpi_gpio_msgs/lib/librpi_gpio_msgs__rosidl_typesupport_cpp.so" to ""
[1.996s] -- Installing: /home/lsantos/GitHub/Sandbox/RPI_led_service/install/rpi_gpio_msgs/share/rpi_gpio_msgs/environment/pythonpath.sh
[1.996s] -- Installing: /home/lsantos/GitHub/Sandbox/RPI_led_service/install/rpi_gpio_msgs/share/rpi_gpio_msgs/environment/pythonpath.dsv
[1.996s] -- Installing: /home/lsantos/GitHub/Sandbox/RPI_led_service/install/rpi_gpio_msgs/lib/python3.10/site-packages/rpi_gpio_msgs-0.0.0-py3.10.egg-info
[1.997s] -- Installing: /home/lsantos/GitHub/Sandbox/RPI_led_service/install/rpi_gpio_msgs/lib/python3.10/site-packages/rpi_gpio_msgs-0.0.0-py3.10.egg-info/dependency_links.txt
[1.997s] -- Installing: /home/lsantos/GitHub/Sandbox/RPI_led_service/install/rpi_gpio_msgs/lib/python3.10/site-packages/rpi_gpio_msgs-0.0.0-py3.10.egg-info/SOURCES.txt
[1.997s] -- Installing: /home/lsantos/GitHub/Sandbox/RPI_led_service/install/rpi_gpio_msgs/lib/python3.10/site-packages/rpi_gpio_msgs-0.0.0-py3.10.egg-info/top_level.txt
[1.997s] -- Installing: /home/lsantos/GitHub/Sandbox/RPI_led_service/install/rpi_gpio_msgs/lib/python3.10/site-packages/rpi_gpio_msgs-0.0.0-py3.10.egg-info/PKG-INFO
[1.997s] -- Installing: /home/lsantos/GitHub/Sandbox/RPI_led_service/install/rpi_gpio_msgs/lib/python3.10/site-packages/rpi_gpio_msgs
[1.997s] -- Installing: /home/lsantos/GitHub/Sandbox/RPI_led_service/install/rpi_gpio_msgs/lib/python3.10/site-packages/rpi_gpio_msgs/_rpi_gpio_msgs_s.ep.rosidl_typesupport_c.c
[1.997s] -- Installing: /home/lsantos/GitHub/Sandbox/RPI_led_service/install/rpi_gpio_msgs/lib/python3.10/site-packages/rpi_gpio_msgs/librpi_gpio_msgs__rosidl_generator_py.so
[1.997s] -- Installing: /home/lsantos/GitHub/Sandbox/RPI_led_service/install/rpi_gpio_msgs/lib/python3.10/site-packages/rpi_gpio_msgs/_rpi_gpio_msgs_s.ep.rosidl_typesupport_introspection_c.c
[1.997s] -- Installing: /home/lsantos/GitHub/Sandbox/RPI_led_service/install/rpi_gpio_msgs/lib/python3.10/site-packages/rpi_gpio_msgs/rpi_gpio_msgs_s__rosidl_typesupport_c.cpython-310-x86_64-linux-gnu.so
[1.997s] -- Installing: /home/lsantos/GitHub/Sandbox/RPI_led_service/install/rpi_gpio_msgs/lib/python3.10/site-packages/rpi_gpio_msgs/rpi_gpio_msgs_s__rosidl_typesupport_fastrtps_c.cpython-310-x86_64-linux-gnu.so
[1.998s] -- Installing: /home/lsantos/GitHub/Sandbox/RPI_led_service/install/rpi_gpio_msgs/lib/python3.10/site-packages/rpi_gpio_msgs/srv
[1.998s] -- Installing: /home/lsantos/GitHub/Sandbox/RPI_led_service/install/rpi_gpio_msgs/lib/python3.10/site-packages/rpi_gpio_msgs/srv/_led_toggle_s.c
[1.998s] -- Installing: /home/lsantos/GitHub/Sandbox/RPI_led_service/install/rpi_gpio_msgs/lib/python3.10/site-packages/rpi_gpio_msgs/srv/__init__.py
[1.998s] -- Installing: /home/lsantos/GitHub/Sandbox/RPI_led_service/install/rpi_gpio_msgs/lib/python3.10/site-packages/rpi_gpio_msgs/srv/_led_toggle.py
[1.998s] -- Installing: /home/lsantos/GitHub/Sandbox/RPI_led_service/install/rpi_gpio_msgs/lib/python3.10/site-packages/rpi_gpio_msgs/_rpi_gpio_msgs_s.ep.rosidl_typesupport_fastrtps_c.c
[1.998s] -- Installing: /home/lsantos/GitHub/Sandbox/RPI_led_service/install/rpi_gpio_msgs/lib/python3.10/site-packages/rpi_gpio_msgs/rpi_gpio_msgs_s__rosidl_typesupport_introspection_c.cpython-310-x86_64-linux-gnu.so
[1.998s] -- Installing: /home/lsantos/GitHub/Sandbox/RPI_led_service/install/rpi_gpio_msgs/lib/python3.10/site-packages/rpi_gpio_msgs/__init__.py
[2.015s] Listing '/home/lsantos/GitHub/Sandbox/RPI_led_service/install/rpi_gpio_msgs/lib/python3.10/site-packages/rpi_gpio_msgs'...
[2.015s] Compiling '/home/lsantos/GitHub/Sandbox/RPI_led_service/install/rpi_gpio_msgs/lib/python3.10/site-packages/rpi_gpio_msgs/__init__.py'...
[2.015s] Listing '/home/lsantos/GitHub/Sandbox/RPI_led_service/install/rpi_gpio_msgs/lib/python3.10/site-packages/rpi_gpio_msgs/srv'...
[2.015s] Compiling '/home/lsantos/GitHub/Sandbox/RPI_led_service/install/rpi_gpio_msgs/lib/python3.10/site-packages/rpi_gpio_msgs/srv/__init__.py'...
[2.015s] Compiling '/home/lsantos/GitHub/Sandbox/RPI_led_service/install/rpi_gpio_msgs/lib/python3.10/site-packages/rpi_gpio_msgs/srv/_led_toggle.py'...
[2.017s] -- Installing: /home/lsantos/GitHub/Sandbox/RPI_led_service/install/rpi_gpio_msgs/lib/python3.10/site-packages/rpi_gpio_msgs/rpi_gpio_msgs_s__rosidl_typesupport_fastrtps_c.cpython-310-x86_64-linux-gnu.so
[2.018s] -- Set runtime path of "/home/lsantos/GitHub/Sandbox/RPI_led_service/install/rpi_gpio_msgs/lib/python3.10/site-packages/rpi_gpio_msgs/rpi_gpio_msgs_s__rosidl_typesupport_fastrtps_c.cpython-310-x86_64-linux-gnu.so" to ""
[2.018s] -- Installing: /home/lsantos/GitHub/Sandbox/RPI_led_service/install/rpi_gpio_msgs/lib/python3.10/site-packages/rpi_gpio_msgs/rpi_gpio_msgs_s__rosidl_typesupport_introspection_c.cpython-310-x86_64-linux-gnu.so
[2.018s] -- Set runtime path of "/home/lsantos/GitHub/Sandbox/RPI_led_service/install/rpi_gpio_msgs/lib/python3.10/site-packages/rpi_gpio_msgs/rpi_gpio_msgs_s__rosidl_typesupport_introspection_c.cpython-310-x86_64-linux-gnu.so" to ""
[2.018s] -- Installing: /home/lsantos/GitHub/Sandbox/RPI_led_service/install/rpi_gpio_msgs/lib/python3.10/site-packages/rpi_gpio_msgs/rpi_gpio_msgs_s__rosidl_typesupport_c.cpython-310-x86_64-linux-gnu.so
[2.018s] -- Set runtime path of "/home/lsantos/GitHub/Sandbox/RPI_led_service/install/rpi_gpio_msgs/lib/python3.10/site-packages/rpi_gpio_msgs/rpi_gpio_msgs_s__rosidl_typesupport_c.cpython-310-x86_64-linux-gnu.so" to ""
[2.018s] -- Installing: /home/lsantos/GitHub/Sandbox/RPI_led_service/install/rpi_gpio_msgs/lib/librpi_gpio_msgs__rosidl_generator_py.so
[2.018s] -- Set runtime path of "/home/lsantos/GitHub/Sandbox/RPI_led_service/install/rpi_gpio_msgs/lib/librpi_gpio_msgs__rosidl_generator_py.so" to ""
[2.018s] -- Installing: /home/lsantos/GitHub/Sandbox/RPI_led_service/install/rpi_gpio_msgs/share/rpi_gpio_msgs/srv/LEDToggle.idl
[2.018s] -- Installing: /home/lsantos/GitHub/Sandbox/RPI_led_service/install/rpi_gpio_msgs/share/rpi_gpio_msgs/srv/LEDToggle.srv
[2.018s] -- Installing: /home/lsantos/GitHub/Sandbox/RPI_led_service/install/rpi_gpio_msgs/share/rpi_gpio_msgs/srv/LEDToggle_Request.msg
[2.018s] -- Installing: /home/lsantos/GitHub/Sandbox/RPI_led_service/install/rpi_gpio_msgs/share/rpi_gpio_msgs/srv/LEDToggle_Response.msg
[2.018s] -- Installing: /home/lsantos/GitHub/Sandbox/RPI_led_service/install/rpi_gpio_msgs/share/ament_index/resource_index/package_run_dependencies/rpi_gpio_msgs
[2.018s] -- Installing: /home/lsantos/GitHub/Sandbox/RPI_led_service/install/rpi_gpio_msgs/share/ament_index/resource_index/parent_prefix_path/rpi_gpio_msgs
[2.018s] -- Installing: /home/lsantos/GitHub/Sandbox/RPI_led_service/install/rpi_gpio_msgs/share/rpi_gpio_msgs/environment/ament_prefix_path.sh
[2.018s] -- Installing: /home/lsantos/GitHub/Sandbox/RPI_led_service/install/rpi_gpio_msgs/share/rpi_gpio_msgs/environment/ament_prefix_path.dsv
[2.019s] -- Installing: /home/lsantos/GitHub/Sandbox/RPI_led_service/install/rpi_gpio_msgs/share/rpi_gpio_msgs/environment/path.sh
[2.019s] -- Installing: /home/lsantos/GitHub/Sandbox/RPI_led_service/install/rpi_gpio_msgs/share/rpi_gpio_msgs/environment/path.dsv
[2.019s] -- Installing: /home/lsantos/GitHub/Sandbox/RPI_led_service/install/rpi_gpio_msgs/share/rpi_gpio_msgs/local_setup.bash
[2.019s] -- Installing: /home/lsantos/GitHub/Sandbox/RPI_led_service/install/rpi_gpio_msgs/share/rpi_gpio_msgs/local_setup.sh
[2.019s] -- Installing: /home/lsantos/GitHub/Sandbox/RPI_led_service/install/rpi_gpio_msgs/share/rpi_gpio_msgs/local_setup.zsh
[2.019s] -- Installing: /home/lsantos/GitHub/Sandbox/RPI_led_service/install/rpi_gpio_msgs/share/rpi_gpio_msgs/local_setup.dsv
[2.019s] -- Installing: /home/lsantos/GitHub/Sandbox/RPI_led_service/install/rpi_gpio_msgs/share/rpi_gpio_msgs/package.dsv
[2.019s] -- Installing: /home/lsantos/GitHub/Sandbox/RPI_led_service/install/rpi_gpio_msgs/share/ament_index/resource_index/packages/rpi_gpio_msgs
[2.019s] -- Installing: /home/lsantos/GitHub/Sandbox/RPI_led_service/install/rpi_gpio_msgs/share/rpi_gpio_msgs/cmake/export_rpi_gpio_msgs__rosidl_generator_cExport.cmake
[2.019s] -- Installing: /home/lsantos/GitHub/Sandbox/RPI_led_service/install/rpi_gpio_msgs/share/rpi_gpio_msgs/cmake/export_rpi_gpio_msgs__rosidl_generator_cExport-noconfig.cmake
[2.019s] -- Installing: /home/lsantos/GitHub/Sandbox/RPI_led_service/install/rpi_gpio_msgs/share/rpi_gpio_msgs/cmake/export_rpi_gpio_msgs__rosidl_typesupport_fastrtps_cExport.cmake
[2.019s] -- Installing: /home/lsantos/GitHub/Sandbox/RPI_led_service/install/rpi_gpio_msgs/share/rpi_gpio_msgs/cmake/export_rpi_gpio_msgs__rosidl_typesupport_fastrtps_cExport-noconfig.cmake
[2.019s] -- Installing: /home/lsantos/GitHub/Sandbox/RPI_led_service/install/rpi_gpio_msgs/share/rpi_gpio_msgs/cmake/export_rpi_gpio_msgs__rosidl_generator_cppExport.cmake
[2.019s] -- Installing: /home/lsantos/GitHub/Sandbox/RPI_led_service/install/rpi_gpio_msgs/share/rpi_gpio_msgs/cmake/export_rpi_gpio_msgs__rosidl_typesupport_fastrtps_cppExport.cmake
[2.019s] -- Installing: /home/lsantos/GitHub/Sandbox/RPI_led_service/install/rpi_gpio_msgs/share/rpi_gpio_msgs/cmake/export_rpi_gpio_msgs__rosidl_typesupport_fastrtps_cppExport-noconfig.cmake
[2.019s] -- Installing: /home/lsantos/GitHub/Sandbox/RPI_led_service/install/rpi_gpio_msgs/share/rpi_gpio_msgs/cmake/rpi_gpio_msgs__rosidl_typesupport_introspection_cExport.cmake
[2.020s] -- Installing: /home/lsantos/GitHub/Sandbox/RPI_led_service/install/rpi_gpio_msgs/share/rpi_gpio_msgs/cmake/rpi_gpio_msgs__rosidl_typesupport_introspection_cExport-noconfig.cmake
[2.020s] -- Installing: /home/lsantos/GitHub/Sandbox/RPI_led_service/install/rpi_gpio_msgs/share/rpi_gpio_msgs/cmake/rpi_gpio_msgs__rosidl_typesupport_cExport.cmake
[2.020s] -- Installing: /home/lsantos/GitHub/Sandbox/RPI_led_service/install/rpi_gpio_msgs/share/rpi_gpio_msgs/cmake/rpi_gpio_msgs__rosidl_typesupport_cExport-noconfig.cmake
[2.020s] -- Installing: /home/lsantos/GitHub/Sandbox/RPI_led_service/install/rpi_gpio_msgs/share/rpi_gpio_msgs/cmake/rpi_gpio_msgs__rosidl_typesupport_introspection_cppExport.cmake
[2.020s] -- Installing: /home/lsantos/GitHub/Sandbox/RPI_led_service/install/rpi_gpio_msgs/share/rpi_gpio_msgs/cmake/rpi_gpio_msgs__rosidl_typesupport_introspection_cppExport-noconfig.cmake
[2.020s] -- Installing: /home/lsantos/GitHub/Sandbox/RPI_led_service/install/rpi_gpio_msgs/share/rpi_gpio_msgs/cmake/rpi_gpio_msgs__rosidl_typesupport_cppExport.cmake
[2.020s] -- Installing: /home/lsantos/GitHub/Sandbox/RPI_led_service/install/rpi_gpio_msgs/share/rpi_gpio_msgs/cmake/rpi_gpio_msgs__rosidl_typesupport_cppExport-noconfig.cmake
[2.020s] -- Installing: /home/lsantos/GitHub/Sandbox/RPI_led_service/install/rpi_gpio_msgs/share/rpi_gpio_msgs/cmake/export_rpi_gpio_msgs__rosidl_generator_pyExport.cmake
[2.020s] -- Installing: /home/lsantos/GitHub/Sandbox/RPI_led_service/install/rpi_gpio_msgs/share/rpi_gpio_msgs/cmake/export_rpi_gpio_msgs__rosidl_generator_pyExport-noconfig.cmake
[2.020s] -- Installing: /home/lsantos/GitHub/Sandbox/RPI_led_service/install/rpi_gpio_msgs/share/rpi_gpio_msgs/cmake/rosidl_cmake-extras.cmake
[2.020s] -- Installing: /home/lsantos/GitHub/Sandbox/RPI_led_service/install/rpi_gpio_msgs/share/rpi_gpio_msgs/cmake/ament_cmake_export_dependencies-extras.cmake
[2.020s] -- Installing: /home/lsantos/GitHub/Sandbox/RPI_led_service/install/rpi_gpio_msgs/share/rpi_gpio_msgs/cmake/ament_cmake_export_include_directories-extras.cmake
[2.020s] -- Installing: /home/lsantos/GitHub/Sandbox/RPI_led_service/install/rpi_gpio_msgs/share/rpi_gpio_msgs/cmake/ament_cmake_export_libraries-extras.cmake
[2.020s] -- Installing: /home/lsantos/GitHub/Sandbox/RPI_led_service/install/rpi_gpio_msgs/share/rpi_gpio_msgs/cmake/ament_cmake_export_targets-extras.cmake
[2.020s] -- Installing: /home/lsantos/GitHub/Sandbox/RPI_led_service/install/rpi_gpio_msgs/share/rpi_gpio_msgs/cmake/rosidl_cmake_export_typesupport_targets-extras.cmake
[2.020s] -- Installing: /home/lsantos/GitHub/Sandbox/RPI_led_service/install/rpi_gpio_msgs/share/rpi_gpio_msgs/cmake/rosidl_cmake_export_typesupport_libraries-extras.cmake
[2.020s] -- Installing: /home/lsantos/GitHub/Sandbox/RPI_led_service/install/rpi_gpio_msgs/share/rpi_gpio_msgs/cmake/rpi_gpio_msgsConfig.cmake
[2.020s] -- Installing: /home/lsantos/GitHub/Sandbox/RPI_led_service/install/rpi_gpio_msgs/share/rpi_gpio_msgs/cmake/rpi_gpio_msgsConfig-version.cmake
[2.020s] -- Installing: /home/lsantos/GitHub/Sandbox/RPI_led_service/install/rpi_gpio_msgs/share/rpi_gpio_msgs/package.xml
[2.020s] Invoked command in '/home/lsantos/GitHub/Sandbox/RPI_led_service/build/rpi_gpio_msgs' returned '0': CMAKE_PREFIX_PATH=/opt/ros/iron /usr/bin/cmake --install /home/lsantos/GitHub/Sandbox/RPI_led_service/build/rpi_gpio_msgs
