[35m[1mConsolidate compiler generated dependencies of target gpio_client[0m
[35m[1mConsolidate compiler generated dependencies of target gpio_server[0m
[ 50%] Built target gpio_server
[ 75%] [32mBuilding CXX object CMakeFiles/gpio_client.dir/src/client.cpp.o[0m
[100%] [32m[1mLinking CXX executable gpio_client[0m
[100%] Built target gpio_client
-- Install configuration: ""
-- Up-to-date: /home/lsantos/GitHub/Sandbox/RPI_led_service/install/rpi_gpio/lib/rpi_gpio/gpio_server
-- Installing: /home/lsantos/GitHub/Sandbox/RPI_led_service/install/rpi_gpio/lib/rpi_gpio/gpio_client
-- Set runtime path of "/home/lsantos/GitHub/Sandbox/RPI_led_service/install/rpi_gpio/lib/rpi_gpio/gpio_client" to ""
-- Up-to-date: /home/lsantos/GitHub/Sandbox/RPI_led_service/install/rpi_gpio/share/ament_index/resource_index/package_run_dependencies/rpi_gpio
-- Up-to-date: /home/lsantos/GitHub/Sandbox/RPI_led_service/install/rpi_gpio/share/ament_index/resource_index/parent_prefix_path/rpi_gpio
-- Up-to-date: /home/lsantos/GitHub/Sandbox/RPI_led_service/install/rpi_gpio/share/rpi_gpio/environment/ament_prefix_path.sh
-- Up-to-date: /home/lsantos/GitHub/Sandbox/RPI_led_service/install/rpi_gpio/share/rpi_gpio/environment/ament_prefix_path.dsv
-- Up-to-date: /home/lsantos/GitHub/Sandbox/RPI_led_service/install/rpi_gpio/share/rpi_gpio/environment/path.sh
-- Up-to-date: /home/lsantos/GitHub/Sandbox/RPI_led_service/install/rpi_gpio/share/rpi_gpio/environment/path.dsv
-- Up-to-date: /home/lsantos/GitHub/Sandbox/RPI_led_service/install/rpi_gpio/share/rpi_gpio/local_setup.bash
-- Up-to-date: /home/lsantos/GitHub/Sandbox/RPI_led_service/install/rpi_gpio/share/rpi_gpio/local_setup.sh
-- Up-to-date: /home/lsantos/GitHub/Sandbox/RPI_led_service/install/rpi_gpio/share/rpi_gpio/local_setup.zsh
-- Up-to-date: /home/lsantos/GitHub/Sandbox/RPI_led_service/install/rpi_gpio/share/rpi_gpio/local_setup.dsv
-- Installing: /home/lsantos/GitHub/Sandbox/RPI_led_service/install/rpi_gpio/share/rpi_gpio/package.dsv
-- Up-to-date: /home/lsantos/GitHub/Sandbox/RPI_led_service/install/rpi_gpio/share/ament_index/resource_index/packages/rpi_gpio
-- Up-to-date: /home/lsantos/GitHub/Sandbox/RPI_led_service/install/rpi_gpio/share/rpi_gpio/cmake/rpi_gpioConfig.cmake
-- Up-to-date: /home/lsantos/GitHub/Sandbox/RPI_led_service/install/rpi_gpio/share/rpi_gpio/cmake/rpi_gpioConfig-version.cmake
-- Up-to-date: /home/lsantos/GitHub/Sandbox/RPI_led_service/install/rpi_gpio/share/rpi_gpio/package.xml
