[4.242s] DEBUG:colcon:Command line arguments: ['/usr/bin/colcon', 'build']
[4.242s] DEBUG:colcon:Parsed command line arguments: Namespace(log_base=None, log_level=None, verb_name='build', build_base='build', install_base='install', merge_install=False, symlink_install=False, test_result_base=None, continue_on_error=False, executor='parallel', parallel_workers=4, event_handlers=None, ignore_user_meta=False, metas=['./colcon.meta'], base_paths=['.'], packages_ignore=None, packages_ignore_regex=None, paths=None, packages_up_to=None, packages_up_to_regex=None, packages_above=None, packages_above_and_dependencies=None, packages_above_depth=None, packages_select_by_dep=None, packages_skip_by_dep=None, packages_skip_up_to=None, packages_select_build_failed=False, packages_skip_build_finished=False, packages_select_test_failures=False, packages_skip_test_passed=False, packages_select=None, packages_skip=None, packages_select_regex=None, packages_skip_regex=None, packages_start=None, packages_end=None, allow_overriding=[], cmake_args=None, cmake_target=None, cmake_target_skip_unavailable=False, cmake_clean_cache=False, cmake_clean_first=False, cmake_force_configure=False, ament_cmake_args=None, catkin_cmake_args=None, catkin_skip_building_tests=False, verb_parser=<colcon_defaults.argument_parser.defaults.DefaultArgumentsDecorator object at 0xffff81911360>, verb_extension=<colcon_core.verb.build.BuildVerb object at 0xffff81de3c40>, main=<bound method BuildVerb.main of <colcon_core.verb.build.BuildVerb object at 0xffff81de3c40>>)
[4.441s] Level 1:colcon.colcon_core.package_discovery:discover_packages(colcon_meta) check parameters
[4.441s] Level 1:colcon.colcon_core.package_discovery:discover_packages(recursive) check parameters
[4.441s] Level 1:colcon.colcon_core.package_discovery:discover_packages(ignore) check parameters
[4.442s] Level 1:colcon.colcon_core.package_discovery:discover_packages(path) check parameters
[4.442s] Level 1:colcon.colcon_core.package_discovery:discover_packages(colcon_meta) discover
[4.442s] Level 1:colcon.colcon_core.package_discovery:discover_packages(recursive) discover
[4.442s] INFO:colcon.colcon_core.package_discovery:Crawling recursively for packages in '/home/pi/Sandbox/RPI_led_service'
[4.443s] Level 1:colcon.colcon_core.package_identification:_identify(.) by extensions ['ignore', 'ignore_ament_install']
[4.443s] Level 1:colcon.colcon_core.package_identification:_identify(.) by extension 'ignore'
[4.443s] Level 1:colcon.colcon_core.package_identification:_identify(.) by extension 'ignore_ament_install'
[4.443s] Level 1:colcon.colcon_core.package_identification:_identify(.) by extensions ['colcon_pkg']
[4.444s] Level 1:colcon.colcon_core.package_identification:_identify(.) by extension 'colcon_pkg'
[4.444s] Level 1:colcon.colcon_core.package_identification:_identify(.) by extensions ['colcon_meta']
[4.444s] Level 1:colcon.colcon_core.package_identification:_identify(.) by extension 'colcon_meta'
[4.444s] Level 1:colcon.colcon_core.package_identification:_identify(.) by extensions ['ros']
[4.444s] Level 1:colcon.colcon_core.package_identification:_identify(.) by extension 'ros'
[4.491s] Level 1:colcon.colcon_core.package_identification:_identify(.) by extensions ['cmake', 'python']
[4.491s] Level 1:colcon.colcon_core.package_identification:_identify(.) by extension 'cmake'
[4.491s] Level 1:colcon.colcon_core.package_identification:_identify(.) by extension 'python'
[4.491s] Level 1:colcon.colcon_core.package_identification:_identify(.) by extensions ['python_setup_py']
[4.491s] Level 1:colcon.colcon_core.package_identification:_identify(.) by extension 'python_setup_py'
[4.492s] Level 1:colcon.colcon_core.package_identification:_identify(build) by extensions ['ignore', 'ignore_ament_install']
[4.492s] Level 1:colcon.colcon_core.package_identification:_identify(build) by extension 'ignore'
[4.493s] Level 1:colcon.colcon_core.package_identification:_identify(build) ignored
[4.493s] Level 1:colcon.colcon_core.package_identification:_identify(install) by extensions ['ignore', 'ignore_ament_install']
[4.494s] Level 1:colcon.colcon_core.package_identification:_identify(install) by extension 'ignore'
[4.494s] Level 1:colcon.colcon_core.package_identification:_identify(install) ignored
[4.495s] Level 1:colcon.colcon_core.package_identification:_identify(log) by extensions ['ignore', 'ignore_ament_install']
[4.495s] Level 1:colcon.colcon_core.package_identification:_identify(log) by extension 'ignore'
[4.496s] Level 1:colcon.colcon_core.package_identification:_identify(log) ignored
[4.496s] Level 1:colcon.colcon_core.package_identification:_identify(src) by extensions ['ignore', 'ignore_ament_install']
[4.497s] Level 1:colcon.colcon_core.package_identification:_identify(src) by extension 'ignore'
[4.497s] Level 1:colcon.colcon_core.package_identification:_identify(src) by extension 'ignore_ament_install'
[4.497s] Level 1:colcon.colcon_core.package_identification:_identify(src) by extensions ['colcon_pkg']
[4.497s] Level 1:colcon.colcon_core.package_identification:_identify(src) by extension 'colcon_pkg'
[4.497s] Level 1:colcon.colcon_core.package_identification:_identify(src) by extensions ['colcon_meta']
[4.497s] Level 1:colcon.colcon_core.package_identification:_identify(src) by extension 'colcon_meta'
[4.498s] Level 1:colcon.colcon_core.package_identification:_identify(src) by extensions ['ros']
[4.498s] Level 1:colcon.colcon_core.package_identification:_identify(src) by extension 'ros'
[4.498s] Level 1:colcon.colcon_core.package_identification:_identify(src) by extensions ['cmake', 'python']
[4.498s] Level 1:colcon.colcon_core.package_identification:_identify(src) by extension 'cmake'
[4.498s] Level 1:colcon.colcon_core.package_identification:_identify(src) by extension 'python'
[4.499s] Level 1:colcon.colcon_core.package_identification:_identify(src) by extensions ['python_setup_py']
[4.499s] Level 1:colcon.colcon_core.package_identification:_identify(src) by extension 'python_setup_py'
[4.499s] Level 1:colcon.colcon_core.package_identification:_identify(src/rpi_LCD_control) by extensions ['ignore', 'ignore_ament_install']
[4.500s] Level 1:colcon.colcon_core.package_identification:_identify(src/rpi_LCD_control) by extension 'ignore'
[4.500s] Level 1:colcon.colcon_core.package_identification:_identify(src/rpi_LCD_control) by extension 'ignore_ament_install'
[4.500s] Level 1:colcon.colcon_core.package_identification:_identify(src/rpi_LCD_control) by extensions ['colcon_pkg']
[4.500s] Level 1:colcon.colcon_core.package_identification:_identify(src/rpi_LCD_control) by extension 'colcon_pkg'
[4.500s] Level 1:colcon.colcon_core.package_identification:_identify(src/rpi_LCD_control) by extensions ['colcon_meta']
[4.501s] Level 1:colcon.colcon_core.package_identification:_identify(src/rpi_LCD_control) by extension 'colcon_meta'
[4.501s] Level 1:colcon.colcon_core.package_identification:_identify(src/rpi_LCD_control) by extensions ['ros']
[4.501s] Level 1:colcon.colcon_core.package_identification:_identify(src/rpi_LCD_control) by extension 'ros'
[4.512s] DEBUG:colcon.colcon_core.package_identification:Package 'src/rpi_LCD_control' with type 'ros.ament_python' and name 'rpi_LCD_control'
[4.513s] Level 1:colcon.colcon_core.package_identification:_identify(src/rpi_gpio) by extensions ['ignore', 'ignore_ament_install']
[4.513s] Level 1:colcon.colcon_core.package_identification:_identify(src/rpi_gpio) by extension 'ignore'
[4.514s] Level 1:colcon.colcon_core.package_identification:_identify(src/rpi_gpio) by extension 'ignore_ament_install'
[4.514s] Level 1:colcon.colcon_core.package_identification:_identify(src/rpi_gpio) by extensions ['colcon_pkg']
[4.514s] Level 1:colcon.colcon_core.package_identification:_identify(src/rpi_gpio) by extension 'colcon_pkg'
[4.515s] Level 1:colcon.colcon_core.package_identification:_identify(src/rpi_gpio) by extensions ['colcon_meta']
[4.515s] Level 1:colcon.colcon_core.package_identification:_identify(src/rpi_gpio) by extension 'colcon_meta'
[4.515s] Level 1:colcon.colcon_core.package_identification:_identify(src/rpi_gpio) by extensions ['ros']
[4.515s] Level 1:colcon.colcon_core.package_identification:_identify(src/rpi_gpio) by extension 'ros'
[4.519s] DEBUG:colcon.colcon_core.package_identification:Package 'src/rpi_gpio' with type 'ros.ament_cmake' and name 'rpi_gpio'
[4.520s] Level 1:colcon.colcon_core.package_identification:_identify(src/rpi_gpio_msgs) by extensions ['ignore', 'ignore_ament_install']
[4.520s] Level 1:colcon.colcon_core.package_identification:_identify(src/rpi_gpio_msgs) by extension 'ignore'
[4.521s] Level 1:colcon.colcon_core.package_identification:_identify(src/rpi_gpio_msgs) by extension 'ignore_ament_install'
[4.521s] Level 1:colcon.colcon_core.package_identification:_identify(src/rpi_gpio_msgs) by extensions ['colcon_pkg']
[4.521s] Level 1:colcon.colcon_core.package_identification:_identify(src/rpi_gpio_msgs) by extension 'colcon_pkg'
[4.521s] Level 1:colcon.colcon_core.package_identification:_identify(src/rpi_gpio_msgs) by extensions ['colcon_meta']
[4.522s] Level 1:colcon.colcon_core.package_identification:_identify(src/rpi_gpio_msgs) by extension 'colcon_meta'
[4.522s] Level 1:colcon.colcon_core.package_identification:_identify(src/rpi_gpio_msgs) by extensions ['ros']
[4.522s] Level 1:colcon.colcon_core.package_identification:_identify(src/rpi_gpio_msgs) by extension 'ros'
[4.525s] DEBUG:colcon.colcon_core.package_identification:Package 'src/rpi_gpio_msgs' with type 'ros.ament_cmake' and name 'rpi_gpio_msgs'
[4.526s] Level 1:colcon.colcon_core.package_discovery:discover_packages(recursive) using defaults
[4.526s] Level 1:colcon.colcon_core.package_discovery:discover_packages(ignore) discover
[4.526s] Level 1:colcon.colcon_core.package_discovery:discover_packages(ignore) using defaults
[4.526s] Level 1:colcon.colcon_core.package_discovery:discover_packages(path) discover
[4.526s] Level 1:colcon.colcon_core.package_discovery:discover_packages(path) using defaults
[4.924s] Level 1:colcon.colcon_core.package_discovery:discover_packages(prefix_path) check parameters
[4.925s] Level 1:colcon.colcon_core.package_discovery:discover_packages(prefix_path) discover
[5.050s] DEBUG:colcon.colcon_installed_package_information.package_discovery:Found 3 installed packages in /home/pi/Sandbox/RPI_led_service/install
[5.129s] DEBUG:colcon.colcon_installed_package_information.package_discovery:Found 281 installed packages in /opt/ros/iron
[5.135s] Level 1:colcon.colcon_core.package_discovery:discover_packages(prefix_path) using defaults
[5.488s] Level 5:colcon.colcon_core.verb:set package 'rpi_gpio_msgs' build argument 'cmake_args' from command line to 'None'
[5.489s] Level 5:colcon.colcon_core.verb:set package 'rpi_gpio_msgs' build argument 'cmake_target' from command line to 'None'
[5.489s] Level 5:colcon.colcon_core.verb:set package 'rpi_gpio_msgs' build argument 'cmake_target_skip_unavailable' from command line to 'False'
[5.489s] Level 5:colcon.colcon_core.verb:set package 'rpi_gpio_msgs' build argument 'cmake_clean_cache' from command line to 'False'
[5.489s] Level 5:colcon.colcon_core.verb:set package 'rpi_gpio_msgs' build argument 'cmake_clean_first' from command line to 'False'
[5.489s] Level 5:colcon.colcon_core.verb:set package 'rpi_gpio_msgs' build argument 'cmake_force_configure' from command line to 'False'
[5.489s] Level 5:colcon.colcon_core.verb:set package 'rpi_gpio_msgs' build argument 'ament_cmake_args' from command line to 'None'
[5.489s] Level 5:colcon.colcon_core.verb:set package 'rpi_gpio_msgs' build argument 'catkin_cmake_args' from command line to 'None'
[5.489s] Level 5:colcon.colcon_core.verb:set package 'rpi_gpio_msgs' build argument 'catkin_skip_building_tests' from command line to 'False'
[5.490s] DEBUG:colcon.colcon_core.verb:Building package 'rpi_gpio_msgs' with the following arguments: {'ament_cmake_args': None, 'build_base': '/home/pi/Sandbox/RPI_led_service/build/rpi_gpio_msgs', 'catkin_cmake_args': None, 'catkin_skip_building_tests': False, 'cmake_args': None, 'cmake_clean_cache': False, 'cmake_clean_first': False, 'cmake_force_configure': False, 'cmake_target': None, 'cmake_target_skip_unavailable': False, 'install_base': '/home/pi/Sandbox/RPI_led_service/install/rpi_gpio_msgs', 'merge_install': False, 'path': '/home/pi/Sandbox/RPI_led_service/src/rpi_gpio_msgs', 'symlink_install': False, 'test_result_base': None}
[5.552s] Level 5:colcon.colcon_core.verb:set package 'rpi_LCD_control' build argument 'cmake_args' from command line to 'None'
[5.553s] Level 5:colcon.colcon_core.verb:set package 'rpi_LCD_control' build argument 'cmake_target' from command line to 'None'
[5.553s] Level 5:colcon.colcon_core.verb:set package 'rpi_LCD_control' build argument 'cmake_target_skip_unavailable' from command line to 'False'
[5.553s] Level 5:colcon.colcon_core.verb:set package 'rpi_LCD_control' build argument 'cmake_clean_cache' from command line to 'False'
[5.553s] Level 5:colcon.colcon_core.verb:set package 'rpi_LCD_control' build argument 'cmake_clean_first' from command line to 'False'
[5.553s] Level 5:colcon.colcon_core.verb:set package 'rpi_LCD_control' build argument 'cmake_force_configure' from command line to 'False'
[5.553s] Level 5:colcon.colcon_core.verb:set package 'rpi_LCD_control' build argument 'ament_cmake_args' from command line to 'None'
[5.553s] Level 5:colcon.colcon_core.verb:set package 'rpi_LCD_control' build argument 'catkin_cmake_args' from command line to 'None'
[5.553s] Level 5:colcon.colcon_core.verb:set package 'rpi_LCD_control' build argument 'catkin_skip_building_tests' from command line to 'False'
[5.554s] DEBUG:colcon.colcon_core.verb:Building package 'rpi_LCD_control' with the following arguments: {'ament_cmake_args': None, 'build_base': '/home/pi/Sandbox/RPI_led_service/build/rpi_LCD_control', 'catkin_cmake_args': None, 'catkin_skip_building_tests': False, 'cmake_args': None, 'cmake_clean_cache': False, 'cmake_clean_first': False, 'cmake_force_configure': False, 'cmake_target': None, 'cmake_target_skip_unavailable': False, 'install_base': '/home/pi/Sandbox/RPI_led_service/install/rpi_LCD_control', 'merge_install': False, 'path': '/home/pi/Sandbox/RPI_led_service/src/rpi_LCD_control', 'symlink_install': False, 'test_result_base': None}
[5.614s] Level 5:colcon.colcon_core.verb:set package 'rpi_gpio' build argument 'cmake_args' from command line to 'None'
[5.614s] Level 5:colcon.colcon_core.verb:set package 'rpi_gpio' build argument 'cmake_target' from command line to 'None'
[5.614s] Level 5:colcon.colcon_core.verb:set package 'rpi_gpio' build argument 'cmake_target_skip_unavailable' from command line to 'False'
[5.614s] Level 5:colcon.colcon_core.verb:set package 'rpi_gpio' build argument 'cmake_clean_cache' from command line to 'False'
[5.615s] Level 5:colcon.colcon_core.verb:set package 'rpi_gpio' build argument 'cmake_clean_first' from command line to 'False'
[5.615s] Level 5:colcon.colcon_core.verb:set package 'rpi_gpio' build argument 'cmake_force_configure' from command line to 'False'
[5.615s] Level 5:colcon.colcon_core.verb:set package 'rpi_gpio' build argument 'ament_cmake_args' from command line to 'None'
[5.615s] Level 5:colcon.colcon_core.verb:set package 'rpi_gpio' build argument 'catkin_cmake_args' from command line to 'None'
[5.615s] Level 5:colcon.colcon_core.verb:set package 'rpi_gpio' build argument 'catkin_skip_building_tests' from command line to 'False'
[5.615s] DEBUG:colcon.colcon_core.verb:Building package 'rpi_gpio' with the following arguments: {'ament_cmake_args': None, 'build_base': '/home/pi/Sandbox/RPI_led_service/build/rpi_gpio', 'catkin_cmake_args': None, 'catkin_skip_building_tests': False, 'cmake_args': None, 'cmake_clean_cache': False, 'cmake_clean_first': False, 'cmake_force_configure': False, 'cmake_target': None, 'cmake_target_skip_unavailable': False, 'install_base': '/home/pi/Sandbox/RPI_led_service/install/rpi_gpio', 'merge_install': False, 'path': '/home/pi/Sandbox/RPI_led_service/src/rpi_gpio', 'symlink_install': False, 'test_result_base': None}
[5.675s] INFO:colcon.colcon_core.executor:Executing jobs using 'parallel' executor
[5.739s] DEBUG:colcon.colcon_parallel_executor.executor.parallel:run_until_complete
[5.740s] INFO:colcon.colcon_ros.task.ament_cmake.build:Building ROS package in '/home/pi/Sandbox/RPI_led_service/src/rpi_gpio_msgs' with build type 'ament_cmake'
[5.741s] INFO:colcon.colcon_cmake.task.cmake.build:Building CMake package in '/home/pi/Sandbox/RPI_led_service/src/rpi_gpio_msgs'
[5.814s] INFO:colcon.colcon_core.plugin_system:Skipping extension 'colcon_core.shell.bat': Not used on non-Windows systems
[5.815s] INFO:colcon.colcon_core.shell:Skip shell extension 'powershell' for command environment: Not usable outside of PowerShell
[5.815s] DEBUG:colcon.colcon_core.shell:Skip shell extension 'dsv' for command environment
[5.966s] DEBUG:colcon.colcon_parallel_executor.executor.parallel:run_until_complete was interrupted
[5.966s] DEBUG:colcon.colcon_parallel_executor.executor.parallel:run_until_complete again
[5.967s] DEBUG:colcon.colcon_parallel_executor.executor.parallel:run_until_complete finished
[5.968s] DEBUG:colcon.colcon_parallel_executor.executor.parallel:closing loop
[5.969s] DEBUG:colcon.colcon_parallel_executor.executor.parallel:loop closed
[5.970s] DEBUG:colcon.colcon_core.event_reactor:joining thread
[6.070s] INFO:colcon.colcon_core.plugin_system:Skipping extension 'colcon_notification.desktop_notification.notify_send': Could not find 'notify-send'
[6.071s] INFO:colcon.colcon_core.plugin_system:Skipping extension 'colcon_notification.desktop_notification.terminal_notifier': Not used on non-Darwin systems
[6.071s] INFO:colcon.colcon_core.plugin_system:Skipping extension 'colcon_notification.desktop_notification.win32': Not used on non-Windows systems
[6.071s] INFO:colcon.colcon_notification.desktop_notification:Sending desktop notification using 'notify2'
[6.074s] DEBUG:colcon.colcon_notification.desktop_notification.notify2:Failed to initialize notify2: org.freedesktop.DBus.Error.ServiceUnknown: The name org.freedesktop.Notifications was not provided by any .service files
[6.074s] DEBUG:colcon.colcon_core.event_reactor:joined thread
[6.148s] INFO:colcon.colcon_core.shell:Creating prefix script '/home/pi/Sandbox/RPI_led_service/install/local_setup.ps1'
[6.152s] INFO:colcon.colcon_core.shell:Creating prefix util module '/home/pi/Sandbox/RPI_led_service/install/_local_setup_util_ps1.py'
[6.158s] INFO:colcon.colcon_core.shell:Creating prefix chain script '/home/pi/Sandbox/RPI_led_service/install/setup.ps1'
[6.225s] INFO:colcon.colcon_core.shell:Creating prefix script '/home/pi/Sandbox/RPI_led_service/install/local_setup.sh'
[6.228s] INFO:colcon.colcon_core.shell:Creating prefix util module '/home/pi/Sandbox/RPI_led_service/install/_local_setup_util_sh.py'
[6.230s] INFO:colcon.colcon_core.shell:Creating prefix chain script '/home/pi/Sandbox/RPI_led_service/install/setup.sh'
[6.295s] INFO:colcon.colcon_core.shell:Creating prefix script '/home/pi/Sandbox/RPI_led_service/install/local_setup.bash'
[6.297s] INFO:colcon.colcon_core.shell:Creating prefix chain script '/home/pi/Sandbox/RPI_led_service/install/setup.bash'
[6.364s] INFO:colcon.colcon_core.shell:Creating prefix script '/home/pi/Sandbox/RPI_led_service/install/local_setup.zsh'
[6.366s] INFO:colcon.colcon_core.shell:Creating prefix chain script '/home/pi/Sandbox/RPI_led_service/install/setup.zsh'
