[0.026s] Invoking command in '/home/lsantos/GitHub/Sandbox/RPI_led_service/build/rpi_gpio_msgs': CMAKE_PREFIX_PATH=${CMAKE_PREFIX_PATH}:/opt/ros/iron /usr/bin/cmake /home/lsantos/GitHub/Sandbox/RPI_led_service/src/rpi_gpio_msgs -DCMAKE_INSTALL_PREFIX=/home/lsantos/GitHub/Sandbox/RPI_led_service/install/rpi_gpio_msgs
[0.048s] -- The C compiler identification is GNU 11.4.0
[0.076s] -- The CXX compiler identification is GNU 11.4.0
[0.079s] -- Detecting C compiler ABI info
[0.109s] -- Detecting C compiler ABI info - done
[0.112s] -- Check for working C compiler: /usr/bin/cc - skipped
[0.112s] -- Detecting C compile features
[0.113s] -- Detecting C compile features - done
[0.114s] -- Detecting CXX compiler ABI info
[0.147s] -- Detecting CXX compiler ABI info - done
[0.151s] -- Check for working CXX compiler: /usr/bin/c++ - skipped
[0.151s] -- Detecting CXX compile features
[0.151s] -- Detecting CXX compile features - done
[0.152s] -- Found ament_cmake: 2.0.3 (/opt/ros/iron/share/ament_cmake/cmake)
[0.232s] -- Found Python3: /usr/bin/python3.10 (found version "3.10.12") found components: Interpreter 
[0.271s] -- Found rclcpp: 21.0.3 (/opt/ros/iron/share/rclcpp/cmake)
[0.290s] -- Found rosidl_generator_c: 4.0.1 (/opt/ros/iron/share/rosidl_generator_c/cmake)
[0.295s] -- Found rosidl_generator_cpp: 4.0.1 (/opt/ros/iron/share/rosidl_generator_cpp/cmake)
[0.302s] -- Using all available rosidl_typesupport_c: rosidl_typesupport_fastrtps_c;rosidl_typesupport_introspection_c
[0.311s] -- Using all available rosidl_typesupport_cpp: rosidl_typesupport_fastrtps_cpp;rosidl_typesupport_introspection_cpp
[0.395s] -- Found rmw_implementation_cmake: 7.1.0 (/opt/ros/iron/share/rmw_implementation_cmake/cmake)
[0.396s] -- Found rmw_fastrtps_cpp: 7.1.1 (/opt/ros/iron/share/rmw_fastrtps_cpp/cmake)
[0.438s] -- Found OpenSSL: /usr/lib/x86_64-linux-gnu/libcrypto.so (found version "3.0.2")  
[0.452s] -- Found FastRTPS: /opt/ros/iron/include  
[0.474s] -- Using RMW implementation 'rmw_fastrtps_cpp' as default
[0.559s] -- Found rosidl_default_generators: 1.5.0 (/opt/ros/iron/share/rosidl_default_generators/cmake)
[0.565s] -- Found rosidl_adapter: 4.0.1 (/opt/ros/iron/share/rosidl_adapter/cmake)
[0.713s] -- Found ament_cmake_ros: 0.11.2 (/opt/ros/iron/share/ament_cmake_ros/cmake)
[0.861s] -- Using all available rosidl_typesupport_c: rosidl_typesupport_fastrtps_c;rosidl_typesupport_introspection_c
[0.917s] -- Using all available rosidl_typesupport_cpp: rosidl_typesupport_fastrtps_cpp;rosidl_typesupport_introspection_cpp
[0.928s] -- Found PythonInterp: /usr/bin/python3 (found suitable version "3.10.12", minimum required is "3.6") 
[0.928s] -- Found python_cmake_module: 0.10.2 (/opt/ros/iron/share/python_cmake_module/cmake)
[0.940s] -- Found PythonLibs: /usr/lib/x86_64-linux-gnu/libpython3.10.so (found suitable version "3.10.12", minimum required is "3.5") 
[0.940s] -- Using PYTHON_EXECUTABLE: /usr/bin/python3
[0.941s] -- Using PYTHON_INCLUDE_DIRS: /usr/include/python3.10
[0.941s] -- Using PYTHON_LIBRARIES: /usr/lib/x86_64-linux-gnu/libpython3.10.so
[0.950s] -- Found PythonExtra: .so  
[0.966s] -- Found ament_lint_auto: 0.14.2 (/opt/ros/iron/share/ament_lint_auto/cmake)
[0.973s] -- Added test 'lint_cmake' to check CMake code style
[0.973s] -- Added test 'xmllint' to check XML markup files
[0.974s] -- Configuring done
[0.988s] -- Generating done
[0.989s] -- Build files have been written to: /home/lsantos/GitHub/Sandbox/RPI_led_service/build/rpi_gpio_msgs
