[5.132s] Invoking command in '/home/pi/Sandbox/RPI_led_service/src/rpi_LCD_control': CMAKE_PREFIX_PATH=/home/pi/Sandbox/RPI_led_service/install/rpi_gpio_msgs:/home/pi/Sandbox/RPI_led_service/install/rpi_gpio PYTHONPATH=/home/pi/Sandbox/RPI_led_service/build/rpi_LCD_control/prefix_override:/home/pi/Sandbox/RPI_led_service/install/rpi_LCD_control/lib/python3.10/site-packages:/home/pi/Sandbox/RPI_led_service/install/rpi_gpio_msgs/lib/python3.10/site-packages:/home/pi/Sandbox/RPI_led_service/install/rpi_LCD_control/lib/python3.10/site-packages:/opt/ros/iron/lib/python3.10/site-packages /usr/bin/python3 setup.py egg_info --egg-base ../../build/rpi_LCD_control build --build-base /home/pi/Sandbox/RPI_led_service/build/rpi_LCD_control/build install --record /home/pi/Sandbox/RPI_led_service/build/rpi_LCD_control/install.log --single-version-externally-managed
[6.540s] running egg_info
[6.543s] writing ../../build/rpi_LCD_control/rpi_LCD_control.egg-info/PKG-INFO
[6.545s] writing dependency_links to ../../build/rpi_LCD_control/rpi_LCD_control.egg-info/dependency_links.txt
[6.546s] writing entry points to ../../build/rpi_LCD_control/rpi_LCD_control.egg-info/entry_points.txt
[6.548s] writing requirements to ../../build/rpi_LCD_control/rpi_LCD_control.egg-info/requires.txt
[6.549s] writing top-level names to ../../build/rpi_LCD_control/rpi_LCD_control.egg-info/top_level.txt
[6.559s] reading manifest file '../../build/rpi_LCD_control/rpi_LCD_control.egg-info/SOURCES.txt'
[6.563s] writing manifest file '../../build/rpi_LCD_control/rpi_LCD_control.egg-info/SOURCES.txt'
[6.564s] running build
[6.564s] running build_py
[6.567s] running install
[6.568s] /usr/lib/python3/dist-packages/setuptools/command/install.py:34: SetuptoolsDeprecationWarning: setup.py install is deprecated. Use build and pip and other standards-based tools.
[6.568s]   warnings.warn(
[6.571s] running install_lib
[6.577s] running install_data
[6.579s] running install_egg_info
[6.587s] removing '/home/pi/Sandbox/RPI_led_service/install/rpi_LCD_control/lib/python3.10/site-packages/rpi_LCD_control-0.0.0-py3.10.egg-info' (and everything under it)
[6.589s] Copying ../../build/rpi_LCD_control/rpi_LCD_control.egg-info to /home/pi/Sandbox/RPI_led_service/install/rpi_LCD_control/lib/python3.10/site-packages/rpi_LCD_control-0.0.0-py3.10.egg-info
[6.597s] running install_scripts
[6.689s] Installing displayclient script to /home/pi/Sandbox/RPI_led_service/install/rpi_LCD_control/lib/rpi_LCD_control
[6.691s] writing list of installed files to '/home/pi/Sandbox/RPI_led_service/build/rpi_LCD_control/install.log'
[6.828s] Invoked command in '/home/pi/Sandbox/RPI_led_service/src/rpi_LCD_control' returned '0': CMAKE_PREFIX_PATH=/home/pi/Sandbox/RPI_led_service/install/rpi_gpio_msgs:/home/pi/Sandbox/RPI_led_service/install/rpi_gpio PYTHONPATH=/home/pi/Sandbox/RPI_led_service/build/rpi_LCD_control/prefix_override:/home/pi/Sandbox/RPI_led_service/install/rpi_LCD_control/lib/python3.10/site-packages:/home/pi/Sandbox/RPI_led_service/install/rpi_gpio_msgs/lib/python3.10/site-packages:/home/pi/Sandbox/RPI_led_service/install/rpi_LCD_control/lib/python3.10/site-packages:/opt/ros/iron/lib/python3.10/site-packages /usr/bin/python3 setup.py egg_info --egg-base ../../build/rpi_LCD_control build --build-base /home/pi/Sandbox/RPI_led_service/build/rpi_LCD_control/build install --record /home/pi/Sandbox/RPI_led_service/build/rpi_LCD_control/install.log --single-version-externally-managed
