[ 50%] Built target gpio_server
[100%] Built target gpio_client
-- Install configuration: ""
-- Up-to-date: /home/pi/Sandbox/RPI_led_service/install/rpi_gpio/lib/rpi_gpio/gpio_server
-- Up-to-date: /home/pi/Sandbox/RPI_led_service/install/rpi_gpio/lib/rpi_gpio/gpio_client
-- Up-to-date: /home/pi/Sandbox/RPI_led_service/install/rpi_gpio/share/rpi_gpio//launch
-- Up-to-date: /home/pi/Sandbox/RPI_led_service/install/rpi_gpio/share/rpi_gpio//launch/my_nodes.launch.py
-- Up-to-date: /home/pi/Sandbox/RPI_led_service/install/rpi_gpio/share/ament_index/resource_index/package_run_dependencies/rpi_gpio
-- Up-to-date: /home/pi/Sandbox/RPI_led_service/install/rpi_gpio/share/ament_index/resource_index/parent_prefix_path/rpi_gpio
-- Up-to-date: /home/pi/Sandbox/RPI_led_service/install/rpi_gpio/share/rpi_gpio/environment/ament_prefix_path.sh
-- Up-to-date: /home/pi/Sandbox/RPI_led_service/install/rpi_gpio/share/rpi_gpio/environment/ament_prefix_path.dsv
-- Up-to-date: /home/pi/Sandbox/RPI_led_service/install/rpi_gpio/share/rpi_gpio/environment/path.sh
-- Up-to-date: /home/pi/Sandbox/RPI_led_service/install/rpi_gpio/share/rpi_gpio/environment/path.dsv
-- Up-to-date: /home/pi/Sandbox/RPI_led_service/install/rpi_gpio/share/rpi_gpio/local_setup.bash
-- Up-to-date: /home/pi/Sandbox/RPI_led_service/install/rpi_gpio/share/rpi_gpio/local_setup.sh
-- Up-to-date: /home/pi/Sandbox/RPI_led_service/install/rpi_gpio/share/rpi_gpio/local_setup.zsh
-- Up-to-date: /home/pi/Sandbox/RPI_led_service/install/rpi_gpio/share/rpi_gpio/local_setup.dsv
-- Installing: /home/pi/Sandbox/RPI_led_service/install/rpi_gpio/share/rpi_gpio/package.dsv
-- Up-to-date: /home/pi/Sandbox/RPI_led_service/install/rpi_gpio/share/ament_index/resource_index/packages/rpi_gpio
-- Up-to-date: /home/pi/Sandbox/RPI_led_service/install/rpi_gpio/share/rpi_gpio/cmake/rpi_gpioConfig.cmake
-- Up-to-date: /home/pi/Sandbox/RPI_led_service/install/rpi_gpio/share/rpi_gpio/cmake/rpi_gpioConfig-version.cmake
-- Up-to-date: /home/pi/Sandbox/RPI_led_service/install/rpi_gpio/share/rpi_gpio/package.xml
