[3.555s] Invoking command in '/home/pi/Sandbox/RPI_led_service/build/rpi_gpio': CMAKE_PREFIX_PATH=/home/pi/Sandbox/RPI_led_service/install/rpi_gpio_msgs:/home/pi/Sandbox/RPI_led_service/install/rpi_gpio:/home/pi/Sandbox/RPI_led_service/install/rpi_LCD_control:/opt/ros/iron PYTHONPATH=/home/pi/Sandbox/RPI_led_service/install/rpi_gpio_msgs/lib/python3.10/site-packages:/home/pi/Sandbox/RPI_led_service/install/rpi_LCD_control/lib/python3.10/site-packages:/opt/ros/iron/lib/python3.10/site-packages /usr/bin/cmake --build /home/pi/Sandbox/RPI_led_service/build/rpi_gpio -- -j4 -l4
[3.998s] [ 50%] Built target gpio_server
[4.037s] [100%] Built target gpio_client
[4.104s] Invoked command in '/home/pi/Sandbox/RPI_led_service/build/rpi_gpio' returned '0': CMAKE_PREFIX_PATH=/home/pi/Sandbox/RPI_led_service/install/rpi_gpio_msgs:/home/pi/Sandbox/RPI_led_service/install/rpi_gpio:/home/pi/Sandbox/RPI_led_service/install/rpi_LCD_control:/opt/ros/iron PYTHONPATH=/home/pi/Sandbox/RPI_led_service/install/rpi_gpio_msgs/lib/python3.10/site-packages:/home/pi/Sandbox/RPI_led_service/install/rpi_LCD_control/lib/python3.10/site-packages:/opt/ros/iron/lib/python3.10/site-packages /usr/bin/cmake --build /home/pi/Sandbox/RPI_led_service/build/rpi_gpio -- -j4 -l4
[4.603s] Invoking command in '/home/pi/Sandbox/RPI_led_service/build/rpi_gpio': CMAKE_PREFIX_PATH=/home/pi/Sandbox/RPI_led_service/install/rpi_gpio_msgs:/home/pi/Sandbox/RPI_led_service/install/rpi_gpio:/home/pi/Sandbox/RPI_led_service/install/rpi_LCD_control:/opt/ros/iron PYTHONPATH=/home/pi/Sandbox/RPI_led_service/install/rpi_gpio_msgs/lib/python3.10/site-packages:/home/pi/Sandbox/RPI_led_service/install/rpi_LCD_control/lib/python3.10/site-packages:/opt/ros/iron/lib/python3.10/site-packages /usr/bin/cmake --install /home/pi/Sandbox/RPI_led_service/build/rpi_gpio
[4.648s] -- Install configuration: ""
[4.652s] -- Up-to-date: /home/pi/Sandbox/RPI_led_service/install/rpi_gpio/lib/rpi_gpio/gpio_server
[4.658s] -- Up-to-date: /home/pi/Sandbox/RPI_led_service/install/rpi_gpio/lib/rpi_gpio/gpio_client
[4.663s] -- Up-to-date: /home/pi/Sandbox/RPI_led_service/install/rpi_gpio/share/rpi_gpio//launch
[4.666s] -- Up-to-date: /home/pi/Sandbox/RPI_led_service/install/rpi_gpio/share/rpi_gpio//launch/my_nodes.launch.py
[4.669s] -- Up-to-date: /home/pi/Sandbox/RPI_led_service/install/rpi_gpio/share/ament_index/resource_index/package_run_dependencies/rpi_gpio
[4.673s] -- Up-to-date: /home/pi/Sandbox/RPI_led_service/install/rpi_gpio/share/ament_index/resource_index/parent_prefix_path/rpi_gpio
[4.676s] -- Up-to-date: /home/pi/Sandbox/RPI_led_service/install/rpi_gpio/share/rpi_gpio/environment/ament_prefix_path.sh
[4.679s] -- Up-to-date: /home/pi/Sandbox/RPI_led_service/install/rpi_gpio/share/rpi_gpio/environment/ament_prefix_path.dsv
[4.683s] -- Up-to-date: /home/pi/Sandbox/RPI_led_service/install/rpi_gpio/share/rpi_gpio/environment/path.sh
[4.687s] -- Up-to-date: /home/pi/Sandbox/RPI_led_service/install/rpi_gpio/share/rpi_gpio/environment/path.dsv
[4.690s] -- Up-to-date: /home/pi/Sandbox/RPI_led_service/install/rpi_gpio/share/rpi_gpio/local_setup.bash
[4.694s] -- Up-to-date: /home/pi/Sandbox/RPI_led_service/install/rpi_gpio/share/rpi_gpio/local_setup.sh
[4.697s] -- Up-to-date: /home/pi/Sandbox/RPI_led_service/install/rpi_gpio/share/rpi_gpio/local_setup.zsh
[4.700s] -- Up-to-date: /home/pi/Sandbox/RPI_led_service/install/rpi_gpio/share/rpi_gpio/local_setup.dsv
[4.703s] -- Installing: /home/pi/Sandbox/RPI_led_service/install/rpi_gpio/share/rpi_gpio/package.dsv
[4.707s] -- Up-to-date: /home/pi/Sandbox/RPI_led_service/install/rpi_gpio/share/ament_index/resource_index/packages/rpi_gpio
[4.722s] -- Up-to-date: /home/pi/Sandbox/RPI_led_service/install/rpi_gpio/share/rpi_gpio/cmake/rpi_gpioConfig.cmake
[4.724s] -- Up-to-date: /home/pi/Sandbox/RPI_led_service/install/rpi_gpio/share/rpi_gpio/cmake/rpi_gpioConfig-version.cmake
[4.726s] -- Up-to-date: /home/pi/Sandbox/RPI_led_service/install/rpi_gpio/share/rpi_gpio/package.xml
[4.751s] Invoked command in '/home/pi/Sandbox/RPI_led_service/build/rpi_gpio' returned '0': CMAKE_PREFIX_PATH=/home/pi/Sandbox/RPI_led_service/install/rpi_gpio_msgs:/home/pi/Sandbox/RPI_led_service/install/rpi_gpio:/home/pi/Sandbox/RPI_led_service/install/rpi_LCD_control:/opt/ros/iron PYTHONPATH=/home/pi/Sandbox/RPI_led_service/install/rpi_gpio_msgs/lib/python3.10/site-packages:/home/pi/Sandbox/RPI_led_service/install/rpi_LCD_control/lib/python3.10/site-packages:/opt/ros/iron/lib/python3.10/site-packages /usr/bin/cmake --install /home/pi/Sandbox/RPI_led_service/build/rpi_gpio
