[0.020s] Invoking command in '/home/lsantos/GitHub/Sandbox/RPI_led_service/build/rpi_gpio': CMAKE_PREFIX_PATH=/opt/ros/iron /usr/bin/cmake /home/lsantos/GitHub/Sandbox/RPI_led_service/src/rpi_gpio -DCMAKE_INSTALL_PREFIX=/home/lsantos/GitHub/Sandbox/RPI_led_service/install/rpi_gpio
[0.045s] -- The C compiler identification is GNU 11.4.0
[0.085s] -- The CXX compiler identification is GNU 11.4.0
[0.093s] -- Detecting C compiler ABI info
[0.165s] -- Detecting C compiler ABI info - done
[0.180s] -- Check for working C compiler: /usr/bin/cc - skipped
[0.180s] -- Detecting C compile features
[0.181s] -- Detecting C compile features - done
[0.184s] -- Detecting CXX compiler ABI info
[0.243s] -- Detecting CXX compiler ABI info - done
[0.253s] -- Check for working CXX compiler: /usr/bin/c++ - skipped
[0.253s] -- Detecting CXX compile features
[0.254s] -- Detecting CXX compile features - done
[0.256s] -- Found ament_cmake: 2.0.3 (/opt/ros/iron/share/ament_cmake/cmake)
[0.335s] -- Found Python3: /usr/bin/python3.10 (found version "3.10.12") found components: Interpreter 
[0.372s] -- Found rclcpp: 21.0.3 (/opt/ros/iron/share/rclcpp/cmake)
[0.391s] -- Found rosidl_generator_c: 4.0.1 (/opt/ros/iron/share/rosidl_generator_c/cmake)
[0.396s] -- Found rosidl_generator_cpp: 4.0.1 (/opt/ros/iron/share/rosidl_generator_cpp/cmake)
[0.403s] -- Using all available rosidl_typesupport_c: rosidl_typesupport_fastrtps_c;rosidl_typesupport_introspection_c
[0.412s] -- Using all available rosidl_typesupport_cpp: rosidl_typesupport_fastrtps_cpp;rosidl_typesupport_introspection_cpp
[0.493s] -- Found rmw_implementation_cmake: 7.1.0 (/opt/ros/iron/share/rmw_implementation_cmake/cmake)
[0.494s] -- Found rmw_fastrtps_cpp: 7.1.1 (/opt/ros/iron/share/rmw_fastrtps_cpp/cmake)
[0.536s] -- Found OpenSSL: /usr/lib/x86_64-linux-gnu/libcrypto.so (found version "3.0.2")  
[0.549s] -- Found FastRTPS: /opt/ros/iron/include  
[0.569s] -- Using RMW implementation 'rmw_fastrtps_cpp' as default
[0.655s] -- Found rosidl_default_generators: 1.5.0 (/opt/ros/iron/share/rosidl_default_generators/cmake)
[0.660s] -- Found rosidl_adapter: 4.0.1 (/opt/ros/iron/share/rosidl_adapter/cmake)
[0.802s] -- Found ament_cmake_ros: 0.11.2 (/opt/ros/iron/share/ament_cmake_ros/cmake)
[0.939s] -- Using all available rosidl_typesupport_c: rosidl_typesupport_fastrtps_c;rosidl_typesupport_introspection_c
[0.994s] -- Using all available rosidl_typesupport_cpp: rosidl_typesupport_fastrtps_cpp;rosidl_typesupport_introspection_cpp
[1.005s] -- Found PythonInterp: /usr/bin/python3 (found suitable version "3.10.12", minimum required is "3.6") 
[1.005s] -- Found python_cmake_module: 0.10.2 (/opt/ros/iron/share/python_cmake_module/cmake)
[1.017s] -- Found PythonLibs: /usr/lib/x86_64-linux-gnu/libpython3.10.so (found suitable version "3.10.12", minimum required is "3.5") 
[1.017s] -- Using PYTHON_EXECUTABLE: /usr/bin/python3
[1.017s] -- Using PYTHON_INCLUDE_DIRS: /usr/include/python3.10
[1.017s] -- Using PYTHON_LIBRARIES: /usr/lib/x86_64-linux-gnu/libpython3.10.so
[1.027s] -- Found PythonExtra: .so  
[1.098s] [31mCMake Error at /opt/ros/iron/share/rosidl_cmake/cmake/rosidl_generate_interfaces.cmake:243 (add_custom_target):
[1.098s]   add_custom_target cannot create target "rpi_gpio" because another target
[1.098s]   with the same name already exists.  The existing target is a custom target
[1.098s]   created in source directory
[1.098s]   "/home/lsantos/GitHub/Sandbox/RPI_led_service/src/rpi_gpio".  See
[1.098s]   documentation for policy CMP0002 for more details.
[1.098s] Call Stack (most recent call first):
[1.098s]   CMakeLists.txt:36 (rosidl_generate_interfaces)
[1.098s] 
[1.098s] [0m
[1.098s] [0mCMake Deprecation Warning at /opt/ros/iron/share/rosidl_cmake/cmake/rosidl_target_interfaces.cmake:32 (message):
[1.098s]   Use rosidl_get_typesupport_target() and target_link_libraries() instead of
[1.098s]   rosidl_target_interfaces()
[1.098s] Call Stack (most recent call first):
[1.098s]   CMakeLists.txt:38 (rosidl_target_interfaces)
[1.098s] 
[1.098s] [0m
[1.098s] [0mCMake Deprecation Warning at /opt/ros/iron/share/rosidl_cmake/cmake/rosidl_target_interfaces.cmake:32 (message):
[1.098s]   Use rosidl_get_typesupport_target() and target_link_libraries() instead of
[1.098s]   rosidl_target_interfaces()
[1.098s] Call Stack (most recent call first):
[1.098s]   CMakeLists.txt:39 (rosidl_target_interfaces)
[1.098s] 
[1.098s] [0m
[1.099s] -- Found ament_lint_auto: 0.14.2 (/opt/ros/iron/share/ament_lint_auto/cmake)
[1.105s] -- Added test 'cppcheck' to perform static code analysis on C / C++ code
[1.105s] -- Configured cppcheck include dirs: 
[1.105s] -- Configured cppcheck exclude dirs and/or files: 
[1.106s] -- Added test 'lint_cmake' to check CMake code style
[1.106s] -- Added test 'uncrustify' to check C / C++ code style
[1.106s] -- Configured uncrustify additional arguments: 
[1.106s] -- Added test 'xmllint' to check XML markup files
[1.107s] -- Configuring incomplete, errors occurred!
[1.107s] See also "/home/lsantos/GitHub/Sandbox/RPI_led_service/build/rpi_gpio/CMakeFiles/CMakeOutput.log".
[1.113s] Invoked command in '/home/lsantos/GitHub/Sandbox/RPI_led_service/build/rpi_gpio' returned '1': CMAKE_PREFIX_PATH=/opt/ros/iron /usr/bin/cmake /home/lsantos/GitHub/Sandbox/RPI_led_service/src/rpi_gpio -DCMAKE_INSTALL_PREFIX=/home/lsantos/GitHub/Sandbox/RPI_led_service/install/rpi_gpio
