[4.208s] DEBUG:colcon:Command line arguments: ['/usr/bin/colcon', 'build']
[4.209s] DEBUG:colcon:Parsed command line arguments: Namespace(log_base=None, log_level=None, verb_name='build', build_base='build', install_base='install', merge_install=False, symlink_install=False, test_result_base=None, continue_on_error=False, executor='parallel', parallel_workers=4, event_handlers=None, ignore_user_meta=False, metas=['./colcon.meta'], base_paths=['.'], packages_ignore=None, packages_ignore_regex=None, paths=None, packages_up_to=None, packages_up_to_regex=None, packages_above=None, packages_above_and_dependencies=None, packages_above_depth=None, packages_select_by_dep=None, packages_skip_by_dep=None, packages_skip_up_to=None, packages_select_build_failed=False, packages_skip_build_finished=False, packages_select_test_failures=False, packages_skip_test_passed=False, packages_select=None, packages_skip=None, packages_select_regex=None, packages_skip_regex=None, packages_start=None, packages_end=None, allow_overriding=[], cmake_args=None, cmake_target=None, cmake_target_skip_unavailable=False, cmake_clean_cache=False, cmake_clean_first=False, cmake_force_configure=False, ament_cmake_args=None, catkin_cmake_args=None, catkin_skip_building_tests=False, verb_parser=<colcon_defaults.argument_parser.defaults.DefaultArgumentsDecorator object at 0xffffba4d2b00>, verb_extension=<colcon_core.verb.build.BuildVerb object at 0xffffbaa03970>, main=<bound method BuildVerb.main of <colcon_core.verb.build.BuildVerb object at 0xffffbaa03970>>)
[4.429s] Level 1:colcon.colcon_core.package_discovery:discover_packages(colcon_meta) check parameters
[4.429s] Level 1:colcon.colcon_core.package_discovery:discover_packages(recursive) check parameters
[4.430s] Level 1:colcon.colcon_core.package_discovery:discover_packages(ignore) check parameters
[4.430s] Level 1:colcon.colcon_core.package_discovery:discover_packages(path) check parameters
[4.430s] Level 1:colcon.colcon_core.package_discovery:discover_packages(colcon_meta) discover
[4.430s] Level 1:colcon.colcon_core.package_discovery:discover_packages(recursive) discover
[4.431s] INFO:colcon.colcon_core.package_discovery:Crawling recursively for packages in '/home/pi/Sandbox/RPI_led_service'
[4.431s] Level 1:colcon.colcon_core.package_identification:_identify(.) by extensions ['ignore', 'ignore_ament_install']
[4.432s] Level 1:colcon.colcon_core.package_identification:_identify(.) by extension 'ignore'
[4.432s] Level 1:colcon.colcon_core.package_identification:_identify(.) by extension 'ignore_ament_install'
[4.433s] Level 1:colcon.colcon_core.package_identification:_identify(.) by extensions ['colcon_pkg']
[4.433s] Level 1:colcon.colcon_core.package_identification:_identify(.) by extension 'colcon_pkg'
[4.433s] Level 1:colcon.colcon_core.package_identification:_identify(.) by extensions ['colcon_meta']
[4.434s] Level 1:colcon.colcon_core.package_identification:_identify(.) by extension 'colcon_meta'
[4.434s] Level 1:colcon.colcon_core.package_identification:_identify(.) by extensions ['ros']
[4.434s] Level 1:colcon.colcon_core.package_identification:_identify(.) by extension 'ros'
[4.491s] Level 1:colcon.colcon_core.package_identification:_identify(.) by extensions ['cmake', 'python']
[4.491s] Level 1:colcon.colcon_core.package_identification:_identify(.) by extension 'cmake'
[4.491s] Level 1:colcon.colcon_core.package_identification:_identify(.) by extension 'python'
[4.491s] Level 1:colcon.colcon_core.package_identification:_identify(.) by extensions ['python_setup_py']
[4.491s] Level 1:colcon.colcon_core.package_identification:_identify(.) by extension 'python_setup_py'
[4.492s] Level 1:colcon.colcon_core.package_identification:_identify(build) by extensions ['ignore', 'ignore_ament_install']
[4.492s] Level 1:colcon.colcon_core.package_identification:_identify(build) by extension 'ignore'
[4.493s] Level 1:colcon.colcon_core.package_identification:_identify(build) ignored
[4.493s] Level 1:colcon.colcon_core.package_identification:_identify(install) by extensions ['ignore', 'ignore_ament_install']
[4.494s] Level 1:colcon.colcon_core.package_identification:_identify(install) by extension 'ignore'
[4.494s] Level 1:colcon.colcon_core.package_identification:_identify(install) ignored
[4.495s] Level 1:colcon.colcon_core.package_identification:_identify(log) by extensions ['ignore', 'ignore_ament_install']
[4.495s] Level 1:colcon.colcon_core.package_identification:_identify(log) by extension 'ignore'
[4.495s] Level 1:colcon.colcon_core.package_identification:_identify(log) ignored
[4.496s] Level 1:colcon.colcon_core.package_identification:_identify(src) by extensions ['ignore', 'ignore_ament_install']
[4.497s] Level 1:colcon.colcon_core.package_identification:_identify(src) by extension 'ignore'
[4.497s] Level 1:colcon.colcon_core.package_identification:_identify(src) by extension 'ignore_ament_install'
[4.497s] Level 1:colcon.colcon_core.package_identification:_identify(src) by extensions ['colcon_pkg']
[4.497s] Level 1:colcon.colcon_core.package_identification:_identify(src) by extension 'colcon_pkg'
[4.498s] Level 1:colcon.colcon_core.package_identification:_identify(src) by extensions ['colcon_meta']
[4.498s] Level 1:colcon.colcon_core.package_identification:_identify(src) by extension 'colcon_meta'
[4.498s] Level 1:colcon.colcon_core.package_identification:_identify(src) by extensions ['ros']
[4.498s] Level 1:colcon.colcon_core.package_identification:_identify(src) by extension 'ros'
[4.498s] Level 1:colcon.colcon_core.package_identification:_identify(src) by extensions ['cmake', 'python']
[4.498s] Level 1:colcon.colcon_core.package_identification:_identify(src) by extension 'cmake'
[4.499s] Level 1:colcon.colcon_core.package_identification:_identify(src) by extension 'python'
[4.499s] Level 1:colcon.colcon_core.package_identification:_identify(src) by extensions ['python_setup_py']
[4.499s] Level 1:colcon.colcon_core.package_identification:_identify(src) by extension 'python_setup_py'
[4.499s] Level 1:colcon.colcon_core.package_identification:_identify(src/rpi_LCD_control) by extensions ['ignore', 'ignore_ament_install']
[4.500s] Level 1:colcon.colcon_core.package_identification:_identify(src/rpi_LCD_control) by extension 'ignore'
[4.500s] Level 1:colcon.colcon_core.package_identification:_identify(src/rpi_LCD_control) by extension 'ignore_ament_install'
[4.500s] Level 1:colcon.colcon_core.package_identification:_identify(src/rpi_LCD_control) by extensions ['colcon_pkg']
[4.500s] Level 1:colcon.colcon_core.package_identification:_identify(src/rpi_LCD_control) by extension 'colcon_pkg'
[4.501s] Level 1:colcon.colcon_core.package_identification:_identify(src/rpi_LCD_control) by extensions ['colcon_meta']
[4.501s] Level 1:colcon.colcon_core.package_identification:_identify(src/rpi_LCD_control) by extension 'colcon_meta'
[4.501s] Level 1:colcon.colcon_core.package_identification:_identify(src/rpi_LCD_control) by extensions ['ros']
[4.501s] Level 1:colcon.colcon_core.package_identification:_identify(src/rpi_LCD_control) by extension 'ros'
[4.510s] DEBUG:colcon.colcon_core.package_identification:Package 'src/rpi_LCD_control' with type 'ros.ament_python' and name 'rpi_LCD_control'
[4.511s] Level 1:colcon.colcon_core.package_identification:_identify(src/rpi_gpio) by extensions ['ignore', 'ignore_ament_install']
[4.511s] Level 1:colcon.colcon_core.package_identification:_identify(src/rpi_gpio) by extension 'ignore'
[4.512s] Level 1:colcon.colcon_core.package_identification:_identify(src/rpi_gpio) by extension 'ignore_ament_install'
[4.512s] Level 1:colcon.colcon_core.package_identification:_identify(src/rpi_gpio) by extensions ['colcon_pkg']
[4.512s] Level 1:colcon.colcon_core.package_identification:_identify(src/rpi_gpio) by extension 'colcon_pkg'
[4.512s] Level 1:colcon.colcon_core.package_identification:_identify(src/rpi_gpio) by extensions ['colcon_meta']
[4.512s] Level 1:colcon.colcon_core.package_identification:_identify(src/rpi_gpio) by extension 'colcon_meta'
[4.512s] Level 1:colcon.colcon_core.package_identification:_identify(src/rpi_gpio) by extensions ['ros']
[4.513s] Level 1:colcon.colcon_core.package_identification:_identify(src/rpi_gpio) by extension 'ros'
[4.516s] DEBUG:colcon.colcon_core.package_identification:Package 'src/rpi_gpio' with type 'ros.ament_cmake' and name 'rpi_gpio'
[4.517s] Level 1:colcon.colcon_core.package_identification:_identify(src/rpi_gpio_msgs) by extensions ['ignore', 'ignore_ament_install']
[4.517s] Level 1:colcon.colcon_core.package_identification:_identify(src/rpi_gpio_msgs) by extension 'ignore'
[4.517s] Level 1:colcon.colcon_core.package_identification:_identify(src/rpi_gpio_msgs) by extension 'ignore_ament_install'
[4.518s] Level 1:colcon.colcon_core.package_identification:_identify(src/rpi_gpio_msgs) by extensions ['colcon_pkg']
[4.518s] Level 1:colcon.colcon_core.package_identification:_identify(src/rpi_gpio_msgs) by extension 'colcon_pkg'
[4.518s] Level 1:colcon.colcon_core.package_identification:_identify(src/rpi_gpio_msgs) by extensions ['colcon_meta']
[4.518s] Level 1:colcon.colcon_core.package_identification:_identify(src/rpi_gpio_msgs) by extension 'colcon_meta'
[4.518s] Level 1:colcon.colcon_core.package_identification:_identify(src/rpi_gpio_msgs) by extensions ['ros']
[4.518s] Level 1:colcon.colcon_core.package_identification:_identify(src/rpi_gpio_msgs) by extension 'ros'
[4.521s] DEBUG:colcon.colcon_core.package_identification:Package 'src/rpi_gpio_msgs' with type 'ros.ament_cmake' and name 'rpi_gpio_msgs'
[4.521s] Level 1:colcon.colcon_core.package_discovery:discover_packages(recursive) using defaults
[4.521s] Level 1:colcon.colcon_core.package_discovery:discover_packages(ignore) discover
[4.522s] Level 1:colcon.colcon_core.package_discovery:discover_packages(ignore) using defaults
[4.522s] Level 1:colcon.colcon_core.package_discovery:discover_packages(path) discover
[4.522s] Level 1:colcon.colcon_core.package_discovery:discover_packages(path) using defaults
[4.899s] Level 1:colcon.colcon_core.package_discovery:discover_packages(prefix_path) check parameters
[4.899s] Level 1:colcon.colcon_core.package_discovery:discover_packages(prefix_path) discover
[5.045s] DEBUG:colcon.colcon_installed_package_information.package_discovery:Found 3 installed packages in /home/pi/Sandbox/RPI_led_service/install
[5.113s] DEBUG:colcon.colcon_installed_package_information.package_discovery:Found 281 installed packages in /opt/ros/iron
[5.119s] Level 1:colcon.colcon_core.package_discovery:discover_packages(prefix_path) using defaults
[5.463s] Level 5:colcon.colcon_core.verb:set package 'rpi_gpio_msgs' build argument 'cmake_args' from command line to 'None'
[5.464s] Level 5:colcon.colcon_core.verb:set package 'rpi_gpio_msgs' build argument 'cmake_target' from command line to 'None'
[5.464s] Level 5:colcon.colcon_core.verb:set package 'rpi_gpio_msgs' build argument 'cmake_target_skip_unavailable' from command line to 'False'
[5.464s] Level 5:colcon.colcon_core.verb:set package 'rpi_gpio_msgs' build argument 'cmake_clean_cache' from command line to 'False'
[5.464s] Level 5:colcon.colcon_core.verb:set package 'rpi_gpio_msgs' build argument 'cmake_clean_first' from command line to 'False'
[5.464s] Level 5:colcon.colcon_core.verb:set package 'rpi_gpio_msgs' build argument 'cmake_force_configure' from command line to 'False'
[5.464s] Level 5:colcon.colcon_core.verb:set package 'rpi_gpio_msgs' build argument 'ament_cmake_args' from command line to 'None'
[5.464s] Level 5:colcon.colcon_core.verb:set package 'rpi_gpio_msgs' build argument 'catkin_cmake_args' from command line to 'None'
[5.465s] Level 5:colcon.colcon_core.verb:set package 'rpi_gpio_msgs' build argument 'catkin_skip_building_tests' from command line to 'False'
[5.465s] DEBUG:colcon.colcon_core.verb:Building package 'rpi_gpio_msgs' with the following arguments: {'ament_cmake_args': None, 'build_base': '/home/pi/Sandbox/RPI_led_service/build/rpi_gpio_msgs', 'catkin_cmake_args': None, 'catkin_skip_building_tests': False, 'cmake_args': None, 'cmake_clean_cache': False, 'cmake_clean_first': False, 'cmake_force_configure': False, 'cmake_target': None, 'cmake_target_skip_unavailable': False, 'install_base': '/home/pi/Sandbox/RPI_led_service/install/rpi_gpio_msgs', 'merge_install': False, 'path': '/home/pi/Sandbox/RPI_led_service/src/rpi_gpio_msgs', 'symlink_install': False, 'test_result_base': None}
[5.526s] Level 5:colcon.colcon_core.verb:set package 'rpi_LCD_control' build argument 'cmake_args' from command line to 'None'
[5.526s] Level 5:colcon.colcon_core.verb:set package 'rpi_LCD_control' build argument 'cmake_target' from command line to 'None'
[5.526s] Level 5:colcon.colcon_core.verb:set package 'rpi_LCD_control' build argument 'cmake_target_skip_unavailable' from command line to 'False'
[5.526s] Level 5:colcon.colcon_core.verb:set package 'rpi_LCD_control' build argument 'cmake_clean_cache' from command line to 'False'
[5.527s] Level 5:colcon.colcon_core.verb:set package 'rpi_LCD_control' build argument 'cmake_clean_first' from command line to 'False'
[5.527s] Level 5:colcon.colcon_core.verb:set package 'rpi_LCD_control' build argument 'cmake_force_configure' from command line to 'False'
[5.527s] Level 5:colcon.colcon_core.verb:set package 'rpi_LCD_control' build argument 'ament_cmake_args' from command line to 'None'
[5.527s] Level 5:colcon.colcon_core.verb:set package 'rpi_LCD_control' build argument 'catkin_cmake_args' from command line to 'None'
[5.527s] Level 5:colcon.colcon_core.verb:set package 'rpi_LCD_control' build argument 'catkin_skip_building_tests' from command line to 'False'
[5.527s] DEBUG:colcon.colcon_core.verb:Building package 'rpi_LCD_control' with the following arguments: {'ament_cmake_args': None, 'build_base': '/home/pi/Sandbox/RPI_led_service/build/rpi_LCD_control', 'catkin_cmake_args': None, 'catkin_skip_building_tests': False, 'cmake_args': None, 'cmake_clean_cache': False, 'cmake_clean_first': False, 'cmake_force_configure': False, 'cmake_target': None, 'cmake_target_skip_unavailable': False, 'install_base': '/home/pi/Sandbox/RPI_led_service/install/rpi_LCD_control', 'merge_install': False, 'path': '/home/pi/Sandbox/RPI_led_service/src/rpi_LCD_control', 'symlink_install': False, 'test_result_base': None}
[5.588s] Level 5:colcon.colcon_core.verb:set package 'rpi_gpio' build argument 'cmake_args' from command line to 'None'
[5.588s] Level 5:colcon.colcon_core.verb:set package 'rpi_gpio' build argument 'cmake_target' from command line to 'None'
[5.589s] Level 5:colcon.colcon_core.verb:set package 'rpi_gpio' build argument 'cmake_target_skip_unavailable' from command line to 'False'
[5.589s] Level 5:colcon.colcon_core.verb:set package 'rpi_gpio' build argument 'cmake_clean_cache' from command line to 'False'
[5.589s] Level 5:colcon.colcon_core.verb:set package 'rpi_gpio' build argument 'cmake_clean_first' from command line to 'False'
[5.589s] Level 5:colcon.colcon_core.verb:set package 'rpi_gpio' build argument 'cmake_force_configure' from command line to 'False'
[5.589s] Level 5:colcon.colcon_core.verb:set package 'rpi_gpio' build argument 'ament_cmake_args' from command line to 'None'
[5.589s] Level 5:colcon.colcon_core.verb:set package 'rpi_gpio' build argument 'catkin_cmake_args' from command line to 'None'
[5.589s] Level 5:colcon.colcon_core.verb:set package 'rpi_gpio' build argument 'catkin_skip_building_tests' from command line to 'False'
[5.589s] DEBUG:colcon.colcon_core.verb:Building package 'rpi_gpio' with the following arguments: {'ament_cmake_args': None, 'build_base': '/home/pi/Sandbox/RPI_led_service/build/rpi_gpio', 'catkin_cmake_args': None, 'catkin_skip_building_tests': False, 'cmake_args': None, 'cmake_clean_cache': False, 'cmake_clean_first': False, 'cmake_force_configure': False, 'cmake_target': None, 'cmake_target_skip_unavailable': False, 'install_base': '/home/pi/Sandbox/RPI_led_service/install/rpi_gpio', 'merge_install': False, 'path': '/home/pi/Sandbox/RPI_led_service/src/rpi_gpio', 'symlink_install': False, 'test_result_base': None}
[5.650s] INFO:colcon.colcon_core.executor:Executing jobs using 'parallel' executor
[5.713s] DEBUG:colcon.colcon_parallel_executor.executor.parallel:run_until_complete
[5.714s] INFO:colcon.colcon_ros.task.ament_cmake.build:Building ROS package in '/home/pi/Sandbox/RPI_led_service/src/rpi_gpio_msgs' with build type 'ament_cmake'
[5.715s] INFO:colcon.colcon_cmake.task.cmake.build:Building CMake package in '/home/pi/Sandbox/RPI_led_service/src/rpi_gpio_msgs'
[5.785s] INFO:colcon.colcon_core.plugin_system:Skipping extension 'colcon_core.shell.bat': Not used on non-Windows systems
[5.786s] INFO:colcon.colcon_core.shell:Skip shell extension 'powershell' for command environment: Not usable outside of PowerShell
[5.787s] DEBUG:colcon.colcon_core.shell:Skip shell extension 'dsv' for command environment
[6.052s] DEBUG:colcon.colcon_core.event_handler.log_command:Invoking command in '/home/pi/Sandbox/RPI_led_service/build/rpi_gpio_msgs': CMAKE_PREFIX_PATH=${CMAKE_PREFIX_PATH}:/home/pi/Sandbox/RPI_led_service/install/rpi_LCD_control:/opt/ros/iron /usr/bin/cmake --build /home/pi/Sandbox/RPI_led_service/build/rpi_gpio_msgs -- -j4 -l4
[8.736s] DEBUG:colcon.colcon_core.event_handler.log_command:Invoked command in '/home/pi/Sandbox/RPI_led_service/build/rpi_gpio_msgs' returned '0': CMAKE_PREFIX_PATH=${CMAKE_PREFIX_PATH}:/home/pi/Sandbox/RPI_led_service/install/rpi_LCD_control:/opt/ros/iron /usr/bin/cmake --build /home/pi/Sandbox/RPI_led_service/build/rpi_gpio_msgs -- -j4 -l4
[9.135s] DEBUG:colcon.colcon_core.event_handler.log_command:Invoking command in '/home/pi/Sandbox/RPI_led_service/build/rpi_gpio_msgs': CMAKE_PREFIX_PATH=${CMAKE_PREFIX_PATH}:/home/pi/Sandbox/RPI_led_service/install/rpi_LCD_control:/opt/ros/iron /usr/bin/cmake --install /home/pi/Sandbox/RPI_led_service/build/rpi_gpio_msgs
[9.562s] Level 1:colcon.colcon_core.environment:create_environment_scripts_only(rpi_gpio_msgs)
[9.594s] DEBUG:colcon.colcon_core.event_handler.log_command:Invoked command in '/home/pi/Sandbox/RPI_led_service/build/rpi_gpio_msgs' returned '0': CMAKE_PREFIX_PATH=${CMAKE_PREFIX_PATH}:/home/pi/Sandbox/RPI_led_service/install/rpi_LCD_control:/opt/ros/iron /usr/bin/cmake --install /home/pi/Sandbox/RPI_led_service/build/rpi_gpio_msgs
[9.723s] Level 1:colcon.colcon_core.environment:checking '/home/pi/Sandbox/RPI_led_service/install/rpi_gpio_msgs' for CMake module files
[9.728s] Level 1:colcon.colcon_core.environment:checking '/home/pi/Sandbox/RPI_led_service/install/rpi_gpio_msgs' for CMake config files
[9.733s] Level 1:colcon.colcon_core.shell:create_environment_hook('rpi_gpio_msgs', 'cmake_prefix_path')
[9.850s] INFO:colcon.colcon_core.shell:Creating environment hook '/home/pi/Sandbox/RPI_led_service/install/rpi_gpio_msgs/share/rpi_gpio_msgs/hook/cmake_prefix_path.ps1'
[9.854s] INFO:colcon.colcon_core.shell:Creating environment descriptor '/home/pi/Sandbox/RPI_led_service/install/rpi_gpio_msgs/share/rpi_gpio_msgs/hook/cmake_prefix_path.dsv'
[9.857s] INFO:colcon.colcon_core.shell:Creating environment hook '/home/pi/Sandbox/RPI_led_service/install/rpi_gpio_msgs/share/rpi_gpio_msgs/hook/cmake_prefix_path.sh'
[9.862s] Level 1:colcon.colcon_core.environment:checking '/home/pi/Sandbox/RPI_led_service/install/rpi_gpio_msgs/lib'
[9.863s] Level 1:colcon.colcon_core.shell:create_environment_hook('rpi_gpio_msgs', 'ld_library_path_lib')
[9.986s] INFO:colcon.colcon_core.shell:Creating environment hook '/home/pi/Sandbox/RPI_led_service/install/rpi_gpio_msgs/share/rpi_gpio_msgs/hook/ld_library_path_lib.ps1'
[9.989s] INFO:colcon.colcon_core.shell:Creating environment descriptor '/home/pi/Sandbox/RPI_led_service/install/rpi_gpio_msgs/share/rpi_gpio_msgs/hook/ld_library_path_lib.dsv'
[9.994s] INFO:colcon.colcon_core.shell:Creating environment hook '/home/pi/Sandbox/RPI_led_service/install/rpi_gpio_msgs/share/rpi_gpio_msgs/hook/ld_library_path_lib.sh'
[9.997s] Level 1:colcon.colcon_core.environment:checking '/home/pi/Sandbox/RPI_led_service/install/rpi_gpio_msgs/bin'
[9.997s] Level 1:colcon.colcon_core.environment:checking '/home/pi/Sandbox/RPI_led_service/install/rpi_gpio_msgs/lib/pkgconfig/rpi_gpio_msgs.pc'
[9.999s] Level 1:colcon.colcon_core.environment:checking '/home/pi/Sandbox/RPI_led_service/install/rpi_gpio_msgs/lib/python3.10/site-packages'
[9.999s] Level 1:colcon.colcon_core.shell:create_environment_hook('rpi_gpio_msgs', 'pythonpath')
[10.133s] INFO:colcon.colcon_core.shell:Creating environment hook '/home/pi/Sandbox/RPI_led_service/install/rpi_gpio_msgs/share/rpi_gpio_msgs/hook/pythonpath.ps1'
[10.138s] INFO:colcon.colcon_core.shell:Creating environment descriptor '/home/pi/Sandbox/RPI_led_service/install/rpi_gpio_msgs/share/rpi_gpio_msgs/hook/pythonpath.dsv'
[10.142s] INFO:colcon.colcon_core.shell:Creating environment hook '/home/pi/Sandbox/RPI_led_service/install/rpi_gpio_msgs/share/rpi_gpio_msgs/hook/pythonpath.sh'
[10.147s] Level 1:colcon.colcon_core.environment:checking '/home/pi/Sandbox/RPI_led_service/install/rpi_gpio_msgs/bin'
[10.267s] INFO:colcon.colcon_core.shell:Creating package script '/home/pi/Sandbox/RPI_led_service/install/rpi_gpio_msgs/share/rpi_gpio_msgs/package.ps1'
[10.273s] INFO:colcon.colcon_core.shell:Creating package descriptor '/home/pi/Sandbox/RPI_led_service/install/rpi_gpio_msgs/share/rpi_gpio_msgs/package.dsv'
[10.276s] INFO:colcon.colcon_core.shell:Creating package script '/home/pi/Sandbox/RPI_led_service/install/rpi_gpio_msgs/share/rpi_gpio_msgs/package.sh'
[10.280s] INFO:colcon.colcon_core.shell:Creating package script '/home/pi/Sandbox/RPI_led_service/install/rpi_gpio_msgs/share/rpi_gpio_msgs/package.bash'
[10.287s] INFO:colcon.colcon_core.shell:Creating package script '/home/pi/Sandbox/RPI_led_service/install/rpi_gpio_msgs/share/rpi_gpio_msgs/package.zsh'
[10.291s] Level 1:colcon.colcon_core.environment:create_file_with_runtime_dependencies(/home/pi/Sandbox/RPI_led_service/install/rpi_gpio_msgs/share/colcon-core/packages/rpi_gpio_msgs)
[10.857s] Level 1:colcon.colcon_core.environment:create_environment_scripts_only(rpi_gpio_msgs)
[10.987s] Level 1:colcon.colcon_core.environment:checking '/home/pi/Sandbox/RPI_led_service/install/rpi_gpio_msgs' for CMake module files
[10.993s] Level 1:colcon.colcon_core.environment:checking '/home/pi/Sandbox/RPI_led_service/install/rpi_gpio_msgs' for CMake config files
[11.001s] Level 1:colcon.colcon_core.shell:create_environment_hook('rpi_gpio_msgs', 'cmake_prefix_path')
[11.118s] INFO:colcon.colcon_core.shell:Creating environment hook '/home/pi/Sandbox/RPI_led_service/install/rpi_gpio_msgs/share/rpi_gpio_msgs/hook/cmake_prefix_path.ps1'
[11.122s] INFO:colcon.colcon_core.shell:Creating environment descriptor '/home/pi/Sandbox/RPI_led_service/install/rpi_gpio_msgs/share/rpi_gpio_msgs/hook/cmake_prefix_path.dsv'
[11.125s] INFO:colcon.colcon_core.shell:Creating environment hook '/home/pi/Sandbox/RPI_led_service/install/rpi_gpio_msgs/share/rpi_gpio_msgs/hook/cmake_prefix_path.sh'
[11.130s] Level 1:colcon.colcon_core.environment:checking '/home/pi/Sandbox/RPI_led_service/install/rpi_gpio_msgs/lib'
[11.131s] Level 1:colcon.colcon_core.shell:create_environment_hook('rpi_gpio_msgs', 'ld_library_path_lib')
[11.272s] INFO:colcon.colcon_core.shell:Creating environment hook '/home/pi/Sandbox/RPI_led_service/install/rpi_gpio_msgs/share/rpi_gpio_msgs/hook/ld_library_path_lib.ps1'
[11.276s] INFO:colcon.colcon_core.shell:Creating environment descriptor '/home/pi/Sandbox/RPI_led_service/install/rpi_gpio_msgs/share/rpi_gpio_msgs/hook/ld_library_path_lib.dsv'
[11.281s] INFO:colcon.colcon_core.shell:Creating environment hook '/home/pi/Sandbox/RPI_led_service/install/rpi_gpio_msgs/share/rpi_gpio_msgs/hook/ld_library_path_lib.sh'
[11.286s] Level 1:colcon.colcon_core.environment:checking '/home/pi/Sandbox/RPI_led_service/install/rpi_gpio_msgs/bin'
[11.287s] Level 1:colcon.colcon_core.environment:checking '/home/pi/Sandbox/RPI_led_service/install/rpi_gpio_msgs/lib/pkgconfig/rpi_gpio_msgs.pc'
[11.289s] Level 1:colcon.colcon_core.environment:checking '/home/pi/Sandbox/RPI_led_service/install/rpi_gpio_msgs/lib/python3.10/site-packages'
[11.290s] Level 1:colcon.colcon_core.shell:create_environment_hook('rpi_gpio_msgs', 'pythonpath')
[11.402s] INFO:colcon.colcon_core.shell:Creating environment hook '/home/pi/Sandbox/RPI_led_service/install/rpi_gpio_msgs/share/rpi_gpio_msgs/hook/pythonpath.ps1'
[11.406s] INFO:colcon.colcon_core.shell:Creating environment descriptor '/home/pi/Sandbox/RPI_led_service/install/rpi_gpio_msgs/share/rpi_gpio_msgs/hook/pythonpath.dsv'
[11.409s] INFO:colcon.colcon_core.shell:Creating environment hook '/home/pi/Sandbox/RPI_led_service/install/rpi_gpio_msgs/share/rpi_gpio_msgs/hook/pythonpath.sh'
[11.414s] Level 1:colcon.colcon_core.environment:checking '/home/pi/Sandbox/RPI_led_service/install/rpi_gpio_msgs/bin'
[11.528s] INFO:colcon.colcon_core.shell:Creating package script '/home/pi/Sandbox/RPI_led_service/install/rpi_gpio_msgs/share/rpi_gpio_msgs/package.ps1'
[11.533s] INFO:colcon.colcon_core.shell:Creating package descriptor '/home/pi/Sandbox/RPI_led_service/install/rpi_gpio_msgs/share/rpi_gpio_msgs/package.dsv'
[11.538s] INFO:colcon.colcon_core.shell:Creating package script '/home/pi/Sandbox/RPI_led_service/install/rpi_gpio_msgs/share/rpi_gpio_msgs/package.sh'
[11.542s] INFO:colcon.colcon_core.shell:Creating package script '/home/pi/Sandbox/RPI_led_service/install/rpi_gpio_msgs/share/rpi_gpio_msgs/package.bash'
[11.546s] INFO:colcon.colcon_core.shell:Creating package script '/home/pi/Sandbox/RPI_led_service/install/rpi_gpio_msgs/share/rpi_gpio_msgs/package.zsh'
[11.550s] Level 1:colcon.colcon_core.environment:create_file_with_runtime_dependencies(/home/pi/Sandbox/RPI_led_service/install/rpi_gpio_msgs/share/colcon-core/packages/rpi_gpio_msgs)
[11.553s] INFO:colcon.colcon_ros.task.ament_python.build:Building ROS package in '/home/pi/Sandbox/RPI_led_service/src/rpi_LCD_control' with build type 'ament_python'
[11.555s] Level 1:colcon.colcon_core.shell:create_environment_hook('rpi_LCD_control', 'ament_prefix_path')
[11.673s] INFO:colcon.colcon_core.shell:Creating environment hook '/home/pi/Sandbox/RPI_led_service/install/rpi_LCD_control/share/rpi_LCD_control/hook/ament_prefix_path.ps1'
[11.677s] INFO:colcon.colcon_core.shell:Creating environment descriptor '/home/pi/Sandbox/RPI_led_service/install/rpi_LCD_control/share/rpi_LCD_control/hook/ament_prefix_path.dsv'
[11.680s] INFO:colcon.colcon_core.shell:Creating environment hook '/home/pi/Sandbox/RPI_led_service/install/rpi_LCD_control/share/rpi_LCD_control/hook/ament_prefix_path.sh'
[11.848s] INFO:colcon.colcon_core.shell:Skip shell extension 'powershell' for command environment: Not usable outside of PowerShell
[11.849s] DEBUG:colcon.colcon_core.shell:Skip shell extension 'dsv' for command environment
[12.205s] INFO:colcon.colcon_ros.task.ament_cmake.build:Building ROS package in '/home/pi/Sandbox/RPI_led_service/src/rpi_gpio' with build type 'ament_cmake'
[12.206s] INFO:colcon.colcon_cmake.task.cmake.build:Building CMake package in '/home/pi/Sandbox/RPI_led_service/src/rpi_gpio'
[12.308s] INFO:colcon.colcon_core.shell:Skip shell extension 'powershell' for command environment: Not usable outside of PowerShell
[12.308s] DEBUG:colcon.colcon_core.shell:Skip shell extension 'dsv' for command environment
[14.532s] INFO:colcon.colcon_core.task.python.build:Building Python package in '/home/pi/Sandbox/RPI_led_service/src/rpi_LCD_control'
[14.628s] INFO:colcon.colcon_core.shell:Skip shell extension 'powershell' for command environment: Not usable outside of PowerShell
[14.629s] DEBUG:colcon.colcon_core.shell:Skip shell extension 'dsv' for command environment
[14.940s] DEBUG:colcon.colcon_core.event_handler.log_command:Invoking command in '/home/pi/Sandbox/RPI_led_service/build/rpi_gpio': CMAKE_PREFIX_PATH=/home/pi/Sandbox/RPI_led_service/install/rpi_gpio_msgs:/home/pi/Sandbox/RPI_led_service/install/rpi_gpio:/home/pi/Sandbox/RPI_led_service/install/rpi_LCD_control:/opt/ros/iron PYTHONPATH=/home/pi/Sandbox/RPI_led_service/install/rpi_gpio_msgs/lib/python3.10/site-packages:/home/pi/Sandbox/RPI_led_service/install/rpi_LCD_control/lib/python3.10/site-packages:/opt/ros/iron/lib/python3.10/site-packages /usr/bin/cmake --build /home/pi/Sandbox/RPI_led_service/build/rpi_gpio -- -j4 -l4
[15.382s] DEBUG:colcon.colcon_core.event_handler.log_command:Invoked command in '/home/pi/Sandbox/RPI_led_service/build/rpi_gpio' returned '0': CMAKE_PREFIX_PATH=/home/pi/Sandbox/RPI_led_service/install/rpi_gpio_msgs:/home/pi/Sandbox/RPI_led_service/install/rpi_gpio:/home/pi/Sandbox/RPI_led_service/install/rpi_LCD_control:/opt/ros/iron PYTHONPATH=/home/pi/Sandbox/RPI_led_service/install/rpi_gpio_msgs/lib/python3.10/site-packages:/home/pi/Sandbox/RPI_led_service/install/rpi_LCD_control/lib/python3.10/site-packages:/opt/ros/iron/lib/python3.10/site-packages /usr/bin/cmake --build /home/pi/Sandbox/RPI_led_service/build/rpi_gpio -- -j4 -l4
[16.041s] DEBUG:colcon.colcon_core.event_handler.log_command:Invoking command in '/home/pi/Sandbox/RPI_led_service/build/rpi_gpio': CMAKE_PREFIX_PATH=/home/pi/Sandbox/RPI_led_service/install/rpi_gpio_msgs:/home/pi/Sandbox/RPI_led_service/install/rpi_gpio:/home/pi/Sandbox/RPI_led_service/install/rpi_LCD_control:/opt/ros/iron PYTHONPATH=/home/pi/Sandbox/RPI_led_service/install/rpi_gpio_msgs/lib/python3.10/site-packages:/home/pi/Sandbox/RPI_led_service/install/rpi_LCD_control/lib/python3.10/site-packages:/opt/ros/iron/lib/python3.10/site-packages /usr/bin/cmake --install /home/pi/Sandbox/RPI_led_service/build/rpi_gpio
[16.181s] Level 1:colcon.colcon_core.environment:create_environment_scripts_only(rpi_gpio)
[16.189s] DEBUG:colcon.colcon_core.event_handler.log_command:Invoked command in '/home/pi/Sandbox/RPI_led_service/build/rpi_gpio' returned '0': CMAKE_PREFIX_PATH=/home/pi/Sandbox/RPI_led_service/install/rpi_gpio_msgs:/home/pi/Sandbox/RPI_led_service/install/rpi_gpio:/home/pi/Sandbox/RPI_led_service/install/rpi_LCD_control:/opt/ros/iron PYTHONPATH=/home/pi/Sandbox/RPI_led_service/install/rpi_gpio_msgs/lib/python3.10/site-packages:/home/pi/Sandbox/RPI_led_service/install/rpi_LCD_control/lib/python3.10/site-packages:/opt/ros/iron/lib/python3.10/site-packages /usr/bin/cmake --install /home/pi/Sandbox/RPI_led_service/build/rpi_gpio
[16.364s] Level 1:colcon.colcon_core.environment:checking '/home/pi/Sandbox/RPI_led_service/install/rpi_gpio' for CMake module files
[16.367s] Level 1:colcon.colcon_core.environment:checking '/home/pi/Sandbox/RPI_led_service/install/rpi_gpio' for CMake config files
[16.369s] Level 1:colcon.colcon_core.shell:create_environment_hook('rpi_gpio', 'cmake_prefix_path')
[16.499s] INFO:colcon.colcon_core.shell:Creating environment hook '/home/pi/Sandbox/RPI_led_service/install/rpi_gpio/share/rpi_gpio/hook/cmake_prefix_path.ps1'
[16.502s] INFO:colcon.colcon_core.shell:Creating environment descriptor '/home/pi/Sandbox/RPI_led_service/install/rpi_gpio/share/rpi_gpio/hook/cmake_prefix_path.dsv'
[16.505s] INFO:colcon.colcon_core.shell:Creating environment hook '/home/pi/Sandbox/RPI_led_service/install/rpi_gpio/share/rpi_gpio/hook/cmake_prefix_path.sh'
[16.519s] Level 1:colcon.colcon_core.environment:checking '/home/pi/Sandbox/RPI_led_service/install/rpi_gpio/lib'
[16.519s] Level 1:colcon.colcon_core.environment:checking '/home/pi/Sandbox/RPI_led_service/install/rpi_gpio/bin'
[16.520s] Level 1:colcon.colcon_core.environment:checking '/home/pi/Sandbox/RPI_led_service/install/rpi_gpio/lib/pkgconfig/rpi_gpio.pc'
[16.521s] Level 1:colcon.colcon_core.environment:checking '/home/pi/Sandbox/RPI_led_service/install/rpi_gpio/lib/python3.10/site-packages'
[16.528s] Level 1:colcon.colcon_core.environment:checking '/home/pi/Sandbox/RPI_led_service/install/rpi_gpio/bin'
[16.723s] INFO:colcon.colcon_core.shell:Creating package script '/home/pi/Sandbox/RPI_led_service/install/rpi_gpio/share/rpi_gpio/package.ps1'
[16.745s] INFO:colcon.colcon_core.shell:Creating package descriptor '/home/pi/Sandbox/RPI_led_service/install/rpi_gpio/share/rpi_gpio/package.dsv'
[16.749s] INFO:colcon.colcon_core.shell:Creating package script '/home/pi/Sandbox/RPI_led_service/install/rpi_gpio/share/rpi_gpio/package.sh'
[16.753s] INFO:colcon.colcon_core.shell:Creating package script '/home/pi/Sandbox/RPI_led_service/install/rpi_gpio/share/rpi_gpio/package.bash'
[16.757s] INFO:colcon.colcon_core.shell:Creating package script '/home/pi/Sandbox/RPI_led_service/install/rpi_gpio/share/rpi_gpio/package.zsh'
[16.763s] Level 1:colcon.colcon_core.environment:create_file_with_runtime_dependencies(/home/pi/Sandbox/RPI_led_service/install/rpi_gpio/share/colcon-core/packages/rpi_gpio)
[17.236s] Level 1:colcon.colcon_core.environment:create_environment_scripts_only(rpi_gpio)
[17.633s] Level 1:colcon.colcon_core.environment:checking '/home/pi/Sandbox/RPI_led_service/install/rpi_gpio' for CMake module files
[17.647s] Level 1:colcon.colcon_core.environment:checking '/home/pi/Sandbox/RPI_led_service/install/rpi_gpio' for CMake config files
[17.650s] Level 1:colcon.colcon_core.shell:create_environment_hook('rpi_gpio', 'cmake_prefix_path')
[17.837s] INFO:colcon.colcon_core.shell:Creating environment hook '/home/pi/Sandbox/RPI_led_service/install/rpi_gpio/share/rpi_gpio/hook/cmake_prefix_path.ps1'
[17.840s] INFO:colcon.colcon_core.shell:Creating environment descriptor '/home/pi/Sandbox/RPI_led_service/install/rpi_gpio/share/rpi_gpio/hook/cmake_prefix_path.dsv'
[17.843s] INFO:colcon.colcon_core.shell:Creating environment hook '/home/pi/Sandbox/RPI_led_service/install/rpi_gpio/share/rpi_gpio/hook/cmake_prefix_path.sh'
[17.847s] Level 1:colcon.colcon_core.environment:checking '/home/pi/Sandbox/RPI_led_service/install/rpi_gpio/lib'
[17.848s] Level 1:colcon.colcon_core.environment:checking '/home/pi/Sandbox/RPI_led_service/install/rpi_gpio/bin'
[17.849s] Level 1:colcon.colcon_core.environment:checking '/home/pi/Sandbox/RPI_led_service/install/rpi_gpio/lib/pkgconfig/rpi_gpio.pc'
[17.850s] Level 1:colcon.colcon_core.environment:checking '/home/pi/Sandbox/RPI_led_service/install/rpi_gpio/lib/python3.10/site-packages'
[17.851s] Level 1:colcon.colcon_core.environment:checking '/home/pi/Sandbox/RPI_led_service/install/rpi_gpio/bin'
[18.017s] INFO:colcon.colcon_core.shell:Creating package script '/home/pi/Sandbox/RPI_led_service/install/rpi_gpio/share/rpi_gpio/package.ps1'
[18.021s] INFO:colcon.colcon_core.shell:Creating package descriptor '/home/pi/Sandbox/RPI_led_service/install/rpi_gpio/share/rpi_gpio/package.dsv'
[18.026s] INFO:colcon.colcon_core.shell:Creating package script '/home/pi/Sandbox/RPI_led_service/install/rpi_gpio/share/rpi_gpio/package.sh'
[18.030s] INFO:colcon.colcon_core.shell:Creating package script '/home/pi/Sandbox/RPI_led_service/install/rpi_gpio/share/rpi_gpio/package.bash'
[18.033s] INFO:colcon.colcon_core.shell:Creating package script '/home/pi/Sandbox/RPI_led_service/install/rpi_gpio/share/rpi_gpio/package.zsh'
[18.036s] Level 1:colcon.colcon_core.environment:create_file_with_runtime_dependencies(/home/pi/Sandbox/RPI_led_service/install/rpi_gpio/share/colcon-core/packages/rpi_gpio)
[18.065s] DEBUG:colcon.colcon_core.event_handler.log_command:Invoking command in '/home/pi/Sandbox/RPI_led_service/src/rpi_LCD_control': CMAKE_PREFIX_PATH=/home/pi/Sandbox/RPI_led_service/install/rpi_gpio_msgs:/home/pi/Sandbox/RPI_led_service/install/rpi_gpio PYTHONPATH=/home/pi/Sandbox/RPI_led_service/build/rpi_LCD_control/prefix_override:/home/pi/Sandbox/RPI_led_service/install/rpi_LCD_control/lib/python3.10/site-packages:/home/pi/Sandbox/RPI_led_service/install/rpi_gpio_msgs/lib/python3.10/site-packages:/home/pi/Sandbox/RPI_led_service/install/rpi_LCD_control/lib/python3.10/site-packages:/opt/ros/iron/lib/python3.10/site-packages /usr/bin/python3 setup.py egg_info --egg-base ../../build/rpi_LCD_control build --build-base /home/pi/Sandbox/RPI_led_service/build/rpi_LCD_control/build install --record /home/pi/Sandbox/RPI_led_service/build/rpi_LCD_control/install.log --single-version-externally-managed
[20.583s] DEBUG:colcon.colcon_core.event_handler.log_command:Invoked command in '/home/pi/Sandbox/RPI_led_service/src/rpi_LCD_control' returned '0': CMAKE_PREFIX_PATH=/home/pi/Sandbox/RPI_led_service/install/rpi_gpio_msgs:/home/pi/Sandbox/RPI_led_service/install/rpi_gpio PYTHONPATH=/home/pi/Sandbox/RPI_led_service/build/rpi_LCD_control/prefix_override:/home/pi/Sandbox/RPI_led_service/install/rpi_LCD_control/lib/python3.10/site-packages:/home/pi/Sandbox/RPI_led_service/install/rpi_gpio_msgs/lib/python3.10/site-packages:/home/pi/Sandbox/RPI_led_service/install/rpi_LCD_control/lib/python3.10/site-packages:/opt/ros/iron/lib/python3.10/site-packages /usr/bin/python3 setup.py egg_info --egg-base ../../build/rpi_LCD_control build --build-base /home/pi/Sandbox/RPI_led_service/build/rpi_LCD_control/build install --record /home/pi/Sandbox/RPI_led_service/build/rpi_LCD_control/install.log --single-version-externally-managed
[20.797s] Level 1:colcon.colcon_core.environment:checking '/home/pi/Sandbox/RPI_led_service/install/rpi_LCD_control' for CMake module files
[20.811s] Level 1:colcon.colcon_core.environment:checking '/home/pi/Sandbox/RPI_led_service/install/rpi_LCD_control' for CMake config files
[20.827s] Level 1:colcon.colcon_core.environment:checking '/home/pi/Sandbox/RPI_led_service/install/rpi_LCD_control/lib'
[20.828s] Level 1:colcon.colcon_core.environment:checking '/home/pi/Sandbox/RPI_led_service/install/rpi_LCD_control/bin'
[20.829s] Level 1:colcon.colcon_core.environment:checking '/home/pi/Sandbox/RPI_led_service/install/rpi_LCD_control/lib/pkgconfig/rpi_LCD_control.pc'
[20.831s] Level 1:colcon.colcon_core.environment:checking '/home/pi/Sandbox/RPI_led_service/install/rpi_LCD_control/lib/python3.10/site-packages'
[20.838s] Level 1:colcon.colcon_core.shell:create_environment_hook('rpi_LCD_control', 'pythonpath')
[21.085s] INFO:colcon.colcon_core.shell:Creating environment hook '/home/pi/Sandbox/RPI_led_service/install/rpi_LCD_control/share/rpi_LCD_control/hook/pythonpath.ps1'
[21.089s] INFO:colcon.colcon_core.shell:Creating environment descriptor '/home/pi/Sandbox/RPI_led_service/install/rpi_LCD_control/share/rpi_LCD_control/hook/pythonpath.dsv'
[21.092s] INFO:colcon.colcon_core.shell:Creating environment hook '/home/pi/Sandbox/RPI_led_service/install/rpi_LCD_control/share/rpi_LCD_control/hook/pythonpath.sh'
[21.096s] Level 1:colcon.colcon_core.environment:checking '/home/pi/Sandbox/RPI_led_service/install/rpi_LCD_control/bin'
[21.097s] Level 1:colcon.colcon_core.environment:create_environment_scripts_only(rpi_LCD_control)
[21.345s] INFO:colcon.colcon_core.shell:Creating package script '/home/pi/Sandbox/RPI_led_service/install/rpi_LCD_control/share/rpi_LCD_control/package.ps1'
[21.352s] INFO:colcon.colcon_core.shell:Creating package descriptor '/home/pi/Sandbox/RPI_led_service/install/rpi_LCD_control/share/rpi_LCD_control/package.dsv'
[21.359s] INFO:colcon.colcon_core.shell:Creating package script '/home/pi/Sandbox/RPI_led_service/install/rpi_LCD_control/share/rpi_LCD_control/package.sh'
[21.365s] INFO:colcon.colcon_core.shell:Creating package script '/home/pi/Sandbox/RPI_led_service/install/rpi_LCD_control/share/rpi_LCD_control/package.bash'
[21.370s] INFO:colcon.colcon_core.shell:Creating package script '/home/pi/Sandbox/RPI_led_service/install/rpi_LCD_control/share/rpi_LCD_control/package.zsh'
[21.374s] Level 1:colcon.colcon_core.environment:create_file_with_runtime_dependencies(/home/pi/Sandbox/RPI_led_service/install/rpi_LCD_control/share/colcon-core/packages/rpi_LCD_control)
[21.378s] DEBUG:colcon.colcon_parallel_executor.executor.parallel:closing loop
[21.379s] DEBUG:colcon.colcon_parallel_executor.executor.parallel:loop closed
[21.380s] DEBUG:colcon.colcon_parallel_executor.executor.parallel:run_until_complete finished with '0'
[21.382s] DEBUG:colcon.colcon_core.event_reactor:joining thread
[21.619s] INFO:colcon.colcon_core.plugin_system:Skipping extension 'colcon_notification.desktop_notification.notify_send': Could not find 'notify-send'
[21.621s] INFO:colcon.colcon_core.plugin_system:Skipping extension 'colcon_notification.desktop_notification.terminal_notifier': Not used on non-Darwin systems
[21.622s] INFO:colcon.colcon_core.plugin_system:Skipping extension 'colcon_notification.desktop_notification.win32': Not used on non-Windows systems
[21.623s] INFO:colcon.colcon_notification.desktop_notification:Sending desktop notification using 'notify2'
[21.630s] DEBUG:colcon.colcon_notification.desktop_notification.notify2:Failed to initialize notify2: org.freedesktop.DBus.Error.ServiceUnknown: The name org.freedesktop.Notifications was not provided by any .service files
[21.631s] DEBUG:colcon.colcon_core.event_reactor:joined thread
[21.806s] INFO:colcon.colcon_core.shell:Creating prefix script '/home/pi/Sandbox/RPI_led_service/install/local_setup.ps1'
[21.811s] INFO:colcon.colcon_core.shell:Creating prefix util module '/home/pi/Sandbox/RPI_led_service/install/_local_setup_util_ps1.py'
[21.820s] INFO:colcon.colcon_core.shell:Creating prefix chain script '/home/pi/Sandbox/RPI_led_service/install/setup.ps1'
[21.977s] INFO:colcon.colcon_core.shell:Creating prefix script '/home/pi/Sandbox/RPI_led_service/install/local_setup.sh'
[21.982s] INFO:colcon.colcon_core.shell:Creating prefix util module '/home/pi/Sandbox/RPI_led_service/install/_local_setup_util_sh.py'
[21.987s] INFO:colcon.colcon_core.shell:Creating prefix chain script '/home/pi/Sandbox/RPI_led_service/install/setup.sh'
[22.178s] INFO:colcon.colcon_core.shell:Creating prefix script '/home/pi/Sandbox/RPI_led_service/install/local_setup.bash'
[22.181s] INFO:colcon.colcon_core.shell:Creating prefix chain script '/home/pi/Sandbox/RPI_led_service/install/setup.bash'
[22.509s] INFO:colcon.colcon_core.shell:Creating prefix script '/home/pi/Sandbox/RPI_led_service/install/local_setup.zsh'
[22.514s] INFO:colcon.colcon_core.shell:Creating prefix chain script '/home/pi/Sandbox/RPI_led_service/install/setup.zsh'
