[0.026s] Invoking command in '/home/lsantos/Sandbox/RPI_led/build/gpio_control': CMAKE_PREFIX_PATH=${CMAKE_PREFIX_PATH}:/opt/ros/iron /usr/bin/cmake --build /home/lsantos/Sandbox/RPI_led/build/gpio_control -- -j24 -l24
[0.040s] [35m[1mConsolidate compiler generated dependencies of target gpio_listener[0m
[0.046s] [ 50%] Built target gpio_talker
[0.048s] [100%] Built target gpio_listener
[0.052s] Invoked command in '/home/lsantos/Sandbox/RPI_led/build/gpio_control' returned '0': CMAKE_PREFIX_PATH=${CMAKE_PREFIX_PATH}:/opt/ros/iron /usr/bin/cmake --build /home/lsantos/Sandbox/RPI_led/build/gpio_control -- -j24 -l24
[0.065s] Invoking command in '/home/lsantos/Sandbox/RPI_led/build/gpio_control': CMAKE_PREFIX_PATH=${CMAKE_PREFIX_PATH}:/opt/ros/iron /usr/bin/cmake --install /home/lsantos/Sandbox/RPI_led/build/gpio_control
[0.068s] -- Install configuration: ""
[0.068s] -- Up-to-date: /home/lsantos/Sandbox/RPI_led/install/gpio_control/lib/gpio_control/gpio_talker
[0.068s] -- Up-to-date: /home/lsantos/Sandbox/RPI_led/install/gpio_control/lib/gpio_control/gpio_listener
[0.068s] -- Up-to-date: /home/lsantos/Sandbox/RPI_led/install/gpio_control/share/ament_index/resource_index/package_run_dependencies/gpio_control
[0.068s] -- Up-to-date: /home/lsantos/Sandbox/RPI_led/install/gpio_control/share/ament_index/resource_index/parent_prefix_path/gpio_control
[0.068s] -- Up-to-date: /home/lsantos/Sandbox/RPI_led/install/gpio_control/share/gpio_control/environment/ament_prefix_path.sh
[0.068s] -- Up-to-date: /home/lsantos/Sandbox/RPI_led/install/gpio_control/share/gpio_control/environment/ament_prefix_path.dsv
[0.068s] -- Up-to-date: /home/lsantos/Sandbox/RPI_led/install/gpio_control/share/gpio_control/environment/path.sh
[0.068s] -- Up-to-date: /home/lsantos/Sandbox/RPI_led/install/gpio_control/share/gpio_control/environment/path.dsv
[0.068s] -- Up-to-date: /home/lsantos/Sandbox/RPI_led/install/gpio_control/share/gpio_control/local_setup.bash
[0.068s] -- Up-to-date: /home/lsantos/Sandbox/RPI_led/install/gpio_control/share/gpio_control/local_setup.sh
[0.068s] -- Up-to-date: /home/lsantos/Sandbox/RPI_led/install/gpio_control/share/gpio_control/local_setup.zsh
[0.069s] -- Up-to-date: /home/lsantos/Sandbox/RPI_led/install/gpio_control/share/gpio_control/local_setup.dsv
[0.069s] -- Installing: /home/lsantos/Sandbox/RPI_led/install/gpio_control/share/gpio_control/package.dsv
[0.069s] -- Up-to-date: /home/lsantos/Sandbox/RPI_led/install/gpio_control/share/ament_index/resource_index/packages/gpio_control
[0.069s] -- Up-to-date: /home/lsantos/Sandbox/RPI_led/install/gpio_control/share/gpio_control/cmake/gpio_controlConfig.cmake
[0.069s] -- Up-to-date: /home/lsantos/Sandbox/RPI_led/install/gpio_control/share/gpio_control/cmake/gpio_controlConfig-version.cmake
[0.069s] -- Up-to-date: /home/lsantos/Sandbox/RPI_led/install/gpio_control/share/gpio_control/package.xml
[0.070s] Invoked command in '/home/lsantos/Sandbox/RPI_led/build/gpio_control' returned '0': CMAKE_PREFIX_PATH=${CMAKE_PREFIX_PATH}:/opt/ros/iron /usr/bin/cmake --install /home/lsantos/Sandbox/RPI_led/build/gpio_control
