[1.156s] DEBUG:colcon:Command line arguments: ['/usr/bin/colcon', 'build']
[1.156s] DEBUG:colcon:Parsed command line arguments: Namespace(log_base=None, log_level=None, verb_name='build', build_base='build', install_base='install', merge_install=False, symlink_install=False, test_result_base=None, continue_on_error=False, executor='parallel', parallel_workers=4, event_handlers=None, ignore_user_meta=False, metas=['./colcon.meta'], base_paths=['.'], packages_ignore=None, packages_ignore_regex=None, paths=None, packages_up_to=None, packages_up_to_regex=None, packages_above=None, packages_above_and_dependencies=None, packages_above_depth=None, packages_select_by_dep=None, packages_skip_by_dep=None, packages_skip_up_to=None, packages_select_build_failed=False, packages_skip_build_finished=False, packages_select_test_failures=False, packages_skip_test_passed=False, packages_select=None, packages_skip=None, packages_select_regex=None, packages_skip_regex=None, packages_start=None, packages_end=None, allow_overriding=[], cmake_args=None, cmake_target=None, cmake_target_skip_unavailable=False, cmake_clean_cache=False, cmake_clean_first=False, cmake_force_configure=False, ament_cmake_args=None, catkin_cmake_args=None, catkin_skip_building_tests=False, verb_parser=<colcon_defaults.argument_parser.defaults.DefaultArgumentsDecorator object at 0x7f2fb735d540>, verb_extension=<colcon_core.verb.build.BuildVerb object at 0x7f2fb735ce20>, main=<bound method BuildVerb.main of <colcon_core.verb.build.BuildVerb object at 0x7f2fb735ce20>>)
[1.211s] Level 1:colcon.colcon_core.package_discovery:discover_packages(colcon_meta) check parameters
[1.211s] Level 1:colcon.colcon_core.package_discovery:discover_packages(recursive) check parameters
[1.211s] Level 1:colcon.colcon_core.package_discovery:discover_packages(ignore) check parameters
[1.211s] Level 1:colcon.colcon_core.package_discovery:discover_packages(path) check parameters
[1.211s] Level 1:colcon.colcon_core.package_discovery:discover_packages(colcon_meta) discover
[1.212s] Level 1:colcon.colcon_core.package_discovery:discover_packages(recursive) discover
[1.212s] INFO:colcon.colcon_core.package_discovery:Crawling recursively for packages in '/home/lsantos/Documents/GitHub/Sandbox/RPI_led'
[1.212s] Level 1:colcon.colcon_core.package_identification:_identify(.) by extensions ['ignore', 'ignore_ament_install']
[1.212s] Level 1:colcon.colcon_core.package_identification:_identify(.) by extension 'ignore'
[1.212s] Level 1:colcon.colcon_core.package_identification:_identify(.) by extension 'ignore_ament_install'
[1.212s] Level 1:colcon.colcon_core.package_identification:_identify(.) by extensions ['colcon_pkg']
[1.212s] Level 1:colcon.colcon_core.package_identification:_identify(.) by extension 'colcon_pkg'
[1.212s] Level 1:colcon.colcon_core.package_identification:_identify(.) by extensions ['colcon_meta']
[1.212s] Level 1:colcon.colcon_core.package_identification:_identify(.) by extension 'colcon_meta'
[1.212s] Level 1:colcon.colcon_core.package_identification:_identify(.) by extensions ['ros']
[1.212s] Level 1:colcon.colcon_core.package_identification:_identify(.) by extension 'ros'
[1.226s] Level 1:colcon.colcon_core.package_identification:_identify(.) by extensions ['cmake', 'python']
[1.226s] Level 1:colcon.colcon_core.package_identification:_identify(.) by extension 'cmake'
[1.226s] Level 1:colcon.colcon_core.package_identification:_identify(.) by extension 'python'
[1.226s] Level 1:colcon.colcon_core.package_identification:_identify(.) by extensions ['python_setup_py']
[1.226s] Level 1:colcon.colcon_core.package_identification:_identify(.) by extension 'python_setup_py'
[1.227s] Level 1:colcon.colcon_core.package_identification:_identify(build) by extensions ['ignore', 'ignore_ament_install']
[1.227s] Level 1:colcon.colcon_core.package_identification:_identify(build) by extension 'ignore'
[1.227s] Level 1:colcon.colcon_core.package_identification:_identify(build) ignored
[1.227s] Level 1:colcon.colcon_core.package_identification:_identify(install) by extensions ['ignore', 'ignore_ament_install']
[1.227s] Level 1:colcon.colcon_core.package_identification:_identify(install) by extension 'ignore'
[1.227s] Level 1:colcon.colcon_core.package_identification:_identify(install) ignored
[1.227s] Level 1:colcon.colcon_core.package_identification:_identify(log) by extensions ['ignore', 'ignore_ament_install']
[1.228s] Level 1:colcon.colcon_core.package_identification:_identify(log) by extension 'ignore'
[1.228s] Level 1:colcon.colcon_core.package_identification:_identify(log) ignored
[1.228s] Level 1:colcon.colcon_core.package_identification:_identify(src) by extensions ['ignore', 'ignore_ament_install']
[1.228s] Level 1:colcon.colcon_core.package_identification:_identify(src) by extension 'ignore'
[1.228s] Level 1:colcon.colcon_core.package_identification:_identify(src) by extension 'ignore_ament_install'
[1.228s] Level 1:colcon.colcon_core.package_identification:_identify(src) by extensions ['colcon_pkg']
[1.228s] Level 1:colcon.colcon_core.package_identification:_identify(src) by extension 'colcon_pkg'
[1.228s] Level 1:colcon.colcon_core.package_identification:_identify(src) by extensions ['colcon_meta']
[1.228s] Level 1:colcon.colcon_core.package_identification:_identify(src) by extension 'colcon_meta'
[1.228s] Level 1:colcon.colcon_core.package_identification:_identify(src) by extensions ['ros']
[1.229s] Level 1:colcon.colcon_core.package_identification:_identify(src) by extension 'ros'
[1.229s] Level 1:colcon.colcon_core.package_identification:_identify(src) by extensions ['cmake', 'python']
[1.229s] Level 1:colcon.colcon_core.package_identification:_identify(src) by extension 'cmake'
[1.229s] Level 1:colcon.colcon_core.package_identification:_identify(src) by extension 'python'
[1.229s] Level 1:colcon.colcon_core.package_identification:_identify(src) by extensions ['python_setup_py']
[1.229s] Level 1:colcon.colcon_core.package_identification:_identify(src) by extension 'python_setup_py'
[1.229s] Level 1:colcon.colcon_core.package_identification:_identify(src/gpio_control) by extensions ['ignore', 'ignore_ament_install']
[1.229s] Level 1:colcon.colcon_core.package_identification:_identify(src/gpio_control) by extension 'ignore'
[1.229s] Level 1:colcon.colcon_core.package_identification:_identify(src/gpio_control) by extension 'ignore_ament_install'
[1.229s] Level 1:colcon.colcon_core.package_identification:_identify(src/gpio_control) by extensions ['colcon_pkg']
[1.230s] Level 1:colcon.colcon_core.package_identification:_identify(src/gpio_control) by extension 'colcon_pkg'
[1.230s] Level 1:colcon.colcon_core.package_identification:_identify(src/gpio_control) by extensions ['colcon_meta']
[1.230s] Level 1:colcon.colcon_core.package_identification:_identify(src/gpio_control) by extension 'colcon_meta'
[1.230s] Level 1:colcon.colcon_core.package_identification:_identify(src/gpio_control) by extensions ['ros']
[1.230s] Level 1:colcon.colcon_core.package_identification:_identify(src/gpio_control) by extension 'ros'
[1.234s] DEBUG:colcon.colcon_core.package_identification:Package 'src/gpio_control' with type 'ros.ament_cmake' and name 'gpio_control'
[1.234s] Level 1:colcon.colcon_core.package_discovery:discover_packages(recursive) using defaults
[1.234s] Level 1:colcon.colcon_core.package_discovery:discover_packages(ignore) discover
[1.234s] Level 1:colcon.colcon_core.package_discovery:discover_packages(ignore) using defaults
[1.234s] Level 1:colcon.colcon_core.package_discovery:discover_packages(path) discover
[1.234s] Level 1:colcon.colcon_core.package_discovery:discover_packages(path) using defaults
[1.353s] Level 1:colcon.colcon_core.package_discovery:discover_packages(prefix_path) check parameters
[1.353s] Level 1:colcon.colcon_core.package_discovery:discover_packages(prefix_path) discover
[1.389s] DEBUG:colcon.colcon_installed_package_information.package_discovery:Found 1 installed packages in /home/lsantos/Documents/GitHub/Sandbox/RPI_led/install
[1.408s] DEBUG:colcon.colcon_installed_package_information.package_discovery:Found 281 installed packages in /opt/ros/iron
[1.410s] Level 1:colcon.colcon_core.package_discovery:discover_packages(prefix_path) using defaults
[1.504s] Level 5:colcon.colcon_core.verb:set package 'gpio_control' build argument 'cmake_args' from command line to 'None'
[1.504s] Level 5:colcon.colcon_core.verb:set package 'gpio_control' build argument 'cmake_target' from command line to 'None'
[1.504s] Level 5:colcon.colcon_core.verb:set package 'gpio_control' build argument 'cmake_target_skip_unavailable' from command line to 'False'
[1.504s] Level 5:colcon.colcon_core.verb:set package 'gpio_control' build argument 'cmake_clean_cache' from command line to 'False'
[1.504s] Level 5:colcon.colcon_core.verb:set package 'gpio_control' build argument 'cmake_clean_first' from command line to 'False'
[1.504s] Level 5:colcon.colcon_core.verb:set package 'gpio_control' build argument 'cmake_force_configure' from command line to 'False'
[1.504s] Level 5:colcon.colcon_core.verb:set package 'gpio_control' build argument 'ament_cmake_args' from command line to 'None'
[1.504s] Level 5:colcon.colcon_core.verb:set package 'gpio_control' build argument 'catkin_cmake_args' from command line to 'None'
[1.504s] Level 5:colcon.colcon_core.verb:set package 'gpio_control' build argument 'catkin_skip_building_tests' from command line to 'False'
[1.504s] DEBUG:colcon.colcon_core.verb:Building package 'gpio_control' with the following arguments: {'ament_cmake_args': None, 'build_base': '/home/lsantos/Documents/GitHub/Sandbox/RPI_led/build/gpio_control', 'catkin_cmake_args': None, 'catkin_skip_building_tests': False, 'cmake_args': None, 'cmake_clean_cache': False, 'cmake_clean_first': False, 'cmake_force_configure': False, 'cmake_target': None, 'cmake_target_skip_unavailable': False, 'install_base': '/home/lsantos/Documents/GitHub/Sandbox/RPI_led/install/gpio_control', 'merge_install': False, 'path': '/home/lsantos/Documents/GitHub/Sandbox/RPI_led/src/gpio_control', 'symlink_install': False, 'test_result_base': None}
[1.520s] INFO:colcon.colcon_core.executor:Executing jobs using 'parallel' executor
[1.537s] DEBUG:colcon.colcon_parallel_executor.executor.parallel:run_until_complete
[1.538s] INFO:colcon.colcon_ros.task.ament_cmake.build:Building ROS package in '/home/lsantos/Documents/GitHub/Sandbox/RPI_led/src/gpio_control' with build type 'ament_cmake'
[1.538s] INFO:colcon.colcon_cmake.task.cmake.build:Building CMake package in '/home/lsantos/Documents/GitHub/Sandbox/RPI_led/src/gpio_control'
[1.560s] INFO:colcon.colcon_core.plugin_system:Skipping extension 'colcon_core.shell.bat': Not used on non-Windows systems
[1.560s] INFO:colcon.colcon_core.shell:Skip shell extension 'powershell' for command environment: Not usable outside of PowerShell
[1.560s] DEBUG:colcon.colcon_core.shell:Skip shell extension 'dsv' for command environment
[1.622s] DEBUG:colcon.colcon_core.event_handler.log_command:Invoking command in '/home/lsantos/Documents/GitHub/Sandbox/RPI_led/build/gpio_control': CMAKE_PREFIX_PATH=${CMAKE_PREFIX_PATH}:/opt/ros/iron /usr/bin/cmake --build /home/lsantos/Documents/GitHub/Sandbox/RPI_led/build/gpio_control -- -j4 -l4
[1.770s] DEBUG:colcon.colcon_core.event_handler.log_command:Invoked command in '/home/lsantos/Documents/GitHub/Sandbox/RPI_led/build/gpio_control' returned '0': CMAKE_PREFIX_PATH=${CMAKE_PREFIX_PATH}:/opt/ros/iron /usr/bin/cmake --build /home/lsantos/Documents/GitHub/Sandbox/RPI_led/build/gpio_control -- -j4 -l4
[1.829s] DEBUG:colcon.colcon_core.event_handler.log_command:Invoking command in '/home/lsantos/Documents/GitHub/Sandbox/RPI_led/build/gpio_control': CMAKE_PREFIX_PATH=${CMAKE_PREFIX_PATH}:/opt/ros/iron /usr/bin/cmake --install /home/lsantos/Documents/GitHub/Sandbox/RPI_led/build/gpio_control
[1.847s] Level 1:colcon.colcon_core.environment:create_environment_scripts_only(gpio_control)
[1.848s] DEBUG:colcon.colcon_core.event_handler.log_command:Invoked command in '/home/lsantos/Documents/GitHub/Sandbox/RPI_led/build/gpio_control' returned '0': CMAKE_PREFIX_PATH=${CMAKE_PREFIX_PATH}:/opt/ros/iron /usr/bin/cmake --install /home/lsantos/Documents/GitHub/Sandbox/RPI_led/build/gpio_control
[1.870s] Level 1:colcon.colcon_core.environment:checking '/home/lsantos/Documents/GitHub/Sandbox/RPI_led/install/gpio_control' for CMake module files
[1.871s] Level 1:colcon.colcon_core.environment:checking '/home/lsantos/Documents/GitHub/Sandbox/RPI_led/install/gpio_control' for CMake config files
[1.871s] Level 1:colcon.colcon_core.shell:create_environment_hook('gpio_control', 'cmake_prefix_path')
[1.893s] INFO:colcon.colcon_core.shell:Creating environment hook '/home/lsantos/Documents/GitHub/Sandbox/RPI_led/install/gpio_control/share/gpio_control/hook/cmake_prefix_path.ps1'
[1.894s] INFO:colcon.colcon_core.shell:Creating environment descriptor '/home/lsantos/Documents/GitHub/Sandbox/RPI_led/install/gpio_control/share/gpio_control/hook/cmake_prefix_path.dsv'
[1.895s] INFO:colcon.colcon_core.shell:Creating environment hook '/home/lsantos/Documents/GitHub/Sandbox/RPI_led/install/gpio_control/share/gpio_control/hook/cmake_prefix_path.sh'
[1.896s] Level 1:colcon.colcon_core.environment:checking '/home/lsantos/Documents/GitHub/Sandbox/RPI_led/install/gpio_control/lib'
[1.896s] Level 1:colcon.colcon_core.environment:checking '/home/lsantos/Documents/GitHub/Sandbox/RPI_led/install/gpio_control/bin'
[1.896s] Level 1:colcon.colcon_core.environment:checking '/home/lsantos/Documents/GitHub/Sandbox/RPI_led/install/gpio_control/lib/pkgconfig/gpio_control.pc'
[1.897s] Level 1:colcon.colcon_core.environment:checking '/home/lsantos/Documents/GitHub/Sandbox/RPI_led/install/gpio_control/lib/python3.10/site-packages'
[1.897s] Level 1:colcon.colcon_core.environment:checking '/home/lsantos/Documents/GitHub/Sandbox/RPI_led/install/gpio_control/bin'
[1.914s] INFO:colcon.colcon_core.shell:Creating package script '/home/lsantos/Documents/GitHub/Sandbox/RPI_led/install/gpio_control/share/gpio_control/package.ps1'
[1.915s] INFO:colcon.colcon_core.shell:Creating package descriptor '/home/lsantos/Documents/GitHub/Sandbox/RPI_led/install/gpio_control/share/gpio_control/package.dsv'
[1.916s] INFO:colcon.colcon_core.shell:Creating package script '/home/lsantos/Documents/GitHub/Sandbox/RPI_led/install/gpio_control/share/gpio_control/package.sh'
[1.917s] INFO:colcon.colcon_core.shell:Creating package script '/home/lsantos/Documents/GitHub/Sandbox/RPI_led/install/gpio_control/share/gpio_control/package.bash'
[1.918s] INFO:colcon.colcon_core.shell:Creating package script '/home/lsantos/Documents/GitHub/Sandbox/RPI_led/install/gpio_control/share/gpio_control/package.zsh'
[1.918s] Level 1:colcon.colcon_core.environment:create_file_with_runtime_dependencies(/home/lsantos/Documents/GitHub/Sandbox/RPI_led/install/gpio_control/share/colcon-core/packages/gpio_control)
[1.978s] Level 1:colcon.colcon_core.environment:create_environment_scripts_only(gpio_control)
[1.997s] Level 1:colcon.colcon_core.environment:checking '/home/lsantos/Documents/GitHub/Sandbox/RPI_led/install/gpio_control' for CMake module files
[1.998s] Level 1:colcon.colcon_core.environment:checking '/home/lsantos/Documents/GitHub/Sandbox/RPI_led/install/gpio_control' for CMake config files
[1.998s] Level 1:colcon.colcon_core.shell:create_environment_hook('gpio_control', 'cmake_prefix_path')
[2.016s] INFO:colcon.colcon_core.shell:Creating environment hook '/home/lsantos/Documents/GitHub/Sandbox/RPI_led/install/gpio_control/share/gpio_control/hook/cmake_prefix_path.ps1'
[2.016s] INFO:colcon.colcon_core.shell:Creating environment descriptor '/home/lsantos/Documents/GitHub/Sandbox/RPI_led/install/gpio_control/share/gpio_control/hook/cmake_prefix_path.dsv'
[2.017s] INFO:colcon.colcon_core.shell:Creating environment hook '/home/lsantos/Documents/GitHub/Sandbox/RPI_led/install/gpio_control/share/gpio_control/hook/cmake_prefix_path.sh'
[2.017s] Level 1:colcon.colcon_core.environment:checking '/home/lsantos/Documents/GitHub/Sandbox/RPI_led/install/gpio_control/lib'
[2.017s] Level 1:colcon.colcon_core.environment:checking '/home/lsantos/Documents/GitHub/Sandbox/RPI_led/install/gpio_control/bin'
[2.018s] Level 1:colcon.colcon_core.environment:checking '/home/lsantos/Documents/GitHub/Sandbox/RPI_led/install/gpio_control/lib/pkgconfig/gpio_control.pc'
[2.018s] Level 1:colcon.colcon_core.environment:checking '/home/lsantos/Documents/GitHub/Sandbox/RPI_led/install/gpio_control/lib/python3.10/site-packages'
[2.018s] Level 1:colcon.colcon_core.environment:checking '/home/lsantos/Documents/GitHub/Sandbox/RPI_led/install/gpio_control/bin'
[2.038s] INFO:colcon.colcon_core.shell:Creating package script '/home/lsantos/Documents/GitHub/Sandbox/RPI_led/install/gpio_control/share/gpio_control/package.ps1'
[2.039s] INFO:colcon.colcon_core.shell:Creating package descriptor '/home/lsantos/Documents/GitHub/Sandbox/RPI_led/install/gpio_control/share/gpio_control/package.dsv'
[2.040s] INFO:colcon.colcon_core.shell:Creating package script '/home/lsantos/Documents/GitHub/Sandbox/RPI_led/install/gpio_control/share/gpio_control/package.sh'
[2.040s] INFO:colcon.colcon_core.shell:Creating package script '/home/lsantos/Documents/GitHub/Sandbox/RPI_led/install/gpio_control/share/gpio_control/package.bash'
[2.041s] INFO:colcon.colcon_core.shell:Creating package script '/home/lsantos/Documents/GitHub/Sandbox/RPI_led/install/gpio_control/share/gpio_control/package.zsh'
[2.041s] Level 1:colcon.colcon_core.environment:create_file_with_runtime_dependencies(/home/lsantos/Documents/GitHub/Sandbox/RPI_led/install/gpio_control/share/colcon-core/packages/gpio_control)
[2.042s] DEBUG:colcon.colcon_parallel_executor.executor.parallel:closing loop
[2.042s] DEBUG:colcon.colcon_parallel_executor.executor.parallel:loop closed
[2.042s] DEBUG:colcon.colcon_parallel_executor.executor.parallel:run_until_complete finished with '0'
[2.043s] DEBUG:colcon.colcon_core.event_reactor:joining thread
[2.069s] INFO:colcon.colcon_core.plugin_system:Skipping extension 'colcon_notification.desktop_notification.terminal_notifier': Not used on non-Darwin systems
[2.069s] INFO:colcon.colcon_core.plugin_system:Skipping extension 'colcon_notification.desktop_notification.win32': Not used on non-Windows systems
[2.069s] INFO:colcon.colcon_notification.desktop_notification:Sending desktop notification using 'notify2'
[2.088s] DEBUG:colcon.colcon_core.event_reactor:joined thread
[2.118s] INFO:colcon.colcon_core.shell:Creating prefix script '/home/lsantos/Documents/GitHub/Sandbox/RPI_led/install/local_setup.ps1'
[2.120s] INFO:colcon.colcon_core.shell:Creating prefix util module '/home/lsantos/Documents/GitHub/Sandbox/RPI_led/install/_local_setup_util_ps1.py'
[2.121s] INFO:colcon.colcon_core.shell:Creating prefix chain script '/home/lsantos/Documents/GitHub/Sandbox/RPI_led/install/setup.ps1'
[2.155s] INFO:colcon.colcon_core.shell:Creating prefix script '/home/lsantos/Documents/GitHub/Sandbox/RPI_led/install/local_setup.sh'
[2.156s] INFO:colcon.colcon_core.shell:Creating prefix util module '/home/lsantos/Documents/GitHub/Sandbox/RPI_led/install/_local_setup_util_sh.py'
[2.157s] INFO:colcon.colcon_core.shell:Creating prefix chain script '/home/lsantos/Documents/GitHub/Sandbox/RPI_led/install/setup.sh'
[2.178s] INFO:colcon.colcon_core.shell:Creating prefix script '/home/lsantos/Documents/GitHub/Sandbox/RPI_led/install/local_setup.bash'
[2.179s] INFO:colcon.colcon_core.shell:Creating prefix chain script '/home/lsantos/Documents/GitHub/Sandbox/RPI_led/install/setup.bash'
[2.207s] INFO:colcon.colcon_core.shell:Creating prefix script '/home/lsantos/Documents/GitHub/Sandbox/RPI_led/install/local_setup.zsh'
[2.208s] INFO:colcon.colcon_core.shell:Creating prefix chain script '/home/lsantos/Documents/GitHub/Sandbox/RPI_led/install/setup.zsh'
