[0.092s] Invoking command in '/home/lsantos/Documents/GitHub/Sandbox/RPI_led/build/gpio_control': CMAKE_PREFIX_PATH=/opt/ros/iron /usr/bin/cmake /home/lsantos/Documents/GitHub/Sandbox/RPI_led/src/gpio_control -DCMAKE_INSTALL_PREFIX=/home/lsantos/Documents/GitHub/Sandbox/RPI_led/install/gpio_control
[0.188s] -- The C compiler identification is GNU 11.4.0
[0.269s] -- The CXX compiler identification is GNU 11.4.0
[0.280s] -- Detecting C compiler ABI info
[0.394s] -- Detecting C compiler ABI info - done
[0.405s] -- Check for working C compiler: /usr/bin/cc - skipped
[0.406s] -- Detecting C compile features
[0.406s] -- Detecting C compile features - done
[0.412s] -- Detecting CXX compiler ABI info
[0.550s] -- Detecting CXX compiler ABI info - done
[0.560s] -- Check for working CXX compiler: /usr/bin/c++ - skipped
[0.561s] -- Detecting CXX compile features
[0.564s] -- Detecting CXX compile features - done
[0.567s] -- Found ament_cmake: 2.0.3 (/opt/ros/iron/share/ament_cmake/cmake)
[0.871s] -- Found Python3: /usr/bin/python3.10 (found version "3.10.12") found components: Interpreter 
[1.011s] -- Found rclcpp: 21.0.3 (/opt/ros/iron/share/rclcpp/cmake)
[1.071s] -- Found rosidl_generator_c: 4.0.1 (/opt/ros/iron/share/rosidl_generator_c/cmake)
[1.087s] -- Found rosidl_generator_cpp: 4.0.1 (/opt/ros/iron/share/rosidl_generator_cpp/cmake)
[1.111s] -- Using all available rosidl_typesupport_c: rosidl_typesupport_fastrtps_c;rosidl_typesupport_introspection_c
[1.136s] -- Using all available rosidl_typesupport_cpp: rosidl_typesupport_fastrtps_cpp;rosidl_typesupport_introspection_cpp
[1.375s] -- Found rmw_implementation_cmake: 7.1.0 (/opt/ros/iron/share/rmw_implementation_cmake/cmake)
[1.378s] -- Found rmw_fastrtps_cpp: 7.1.1 (/opt/ros/iron/share/rmw_fastrtps_cpp/cmake)
[1.519s] -- Found OpenSSL: /usr/lib/x86_64-linux-gnu/libcrypto.so (found version "3.0.2")  
[1.556s] -- Found FastRTPS: /opt/ros/iron/include  
[1.614s] -- Using RMW implementation 'rmw_fastrtps_cpp' as default
[1.847s] -- Found std_msgs: 5.0.0 (/opt/ros/iron/share/std_msgs/cmake)
[1.889s] -- Found ament_lint_auto: 0.14.2 (/opt/ros/iron/share/ament_lint_auto/cmake)
[1.997s] -- Added test 'cppcheck' to perform static code analysis on C / C++ code
[1.999s] -- Configured cppcheck include dirs: 
[1.999s] -- Configured cppcheck exclude dirs and/or files: 
[2.003s] -- Added test 'lint_cmake' to check CMake code style
[2.003s] -- Added test 'uncrustify' to check C / C++ code style
[2.003s] -- Configured uncrustify additional arguments: 
[2.003s] -- Added test 'xmllint' to check XML markup files
[2.008s] -- Configuring done
[2.039s] -- Generating done
[2.042s] -- Build files have been written to: /home/lsantos/Documents/GitHub/Sandbox/RPI_led/build/gpio_control
[2.061s] Invoked command in '/home/lsantos/Documents/GitHub/Sandbox/RPI_led/build/gpio_control' returned '0': CMAKE_PREFIX_PATH=/opt/ros/iron /usr/bin/cmake /home/lsantos/Documents/GitHub/Sandbox/RPI_led/src/gpio_control -DCMAKE_INSTALL_PREFIX=/home/lsantos/Documents/GitHub/Sandbox/RPI_led/install/gpio_control
[2.065s] Invoking command in '/home/lsantos/Documents/GitHub/Sandbox/RPI_led/build/gpio_control': CMAKE_PREFIX_PATH=/opt/ros/iron /usr/bin/cmake --build /home/lsantos/Documents/GitHub/Sandbox/RPI_led/build/gpio_control -- -j4 -l4
[2.144s] [ 25%] [32mBuilding CXX object CMakeFiles/gpio_talker.dir/src/gpio_talker.cpp.o[0m
[2.148s] [ 50%] [32mBuilding CXX object CMakeFiles/gpio_listener.dir/src/gpio_listener.cpp.o[0m
[2.693s] [01m[K/home/lsantos/Documents/GitHub/Sandbox/RPI_led/src/gpio_control/src/gpio_talker.cpp:2:10:[m[K [01;31m[Kfatal error: [m[Kstd_msgs/Bool.h: No such file or directory
[2.693s]     2 | #include [01;31m[K<std_msgs/Bool.h>[m[K
[2.693s]       |          [01;31m[K^~~~~~~~~~~~~~~~~[m[K
[2.694s] compilation terminated.
[2.696s] [01m[K/home/lsantos/Documents/GitHub/Sandbox/RPI_led/src/gpio_control/src/gpio_listener.cpp:2:10:[m[K [01;31m[Kfatal error: [m[Kstd_msgs/Bool.h: No such file or directory
[2.696s]     2 | #include [01;31m[K<std_msgs/Bool.h>[m[K
[2.696s]       |          [01;31m[K^~~~~~~~~~~~~~~~~[m[K
[2.696s] compilation terminated.
[2.702s] gmake[2]: *** [CMakeFiles/gpio_listener.dir/build.make:76: CMakeFiles/gpio_listener.dir/src/gpio_listener.cpp.o] Error 1
[2.702s] gmake[1]: *** [CMakeFiles/Makefile2:165: CMakeFiles/gpio_listener.dir/all] Error 2
[2.702s] gmake[1]: *** Waiting for unfinished jobs....
[2.704s] gmake[2]: *** [CMakeFiles/gpio_talker.dir/build.make:76: CMakeFiles/gpio_talker.dir/src/gpio_talker.cpp.o] Error 1
[2.705s] gmake[1]: *** [CMakeFiles/Makefile2:139: CMakeFiles/gpio_talker.dir/all] Error 2
[2.705s] gmake: *** [Makefile:146: all] Error 2
[2.709s] Invoked command in '/home/lsantos/Documents/GitHub/Sandbox/RPI_led/build/gpio_control' returned '2': CMAKE_PREFIX_PATH=/opt/ros/iron /usr/bin/cmake --build /home/lsantos/Documents/GitHub/Sandbox/RPI_led/build/gpio_control -- -j4 -l4
