[0.026s] Invoking command in '/home/lsantos/GitHub/Sandbox/RPI_led_service/build/rpi_gpio_msgs': CMAKE_PREFIX_PATH=${CMAKE_PREFIX_PATH}:/opt/ros/iron /usr/bin/cmake --build /home/lsantos/GitHub/Sandbox/RPI_led_service/build/rpi_gpio_msgs -- -j24 -l24
[0.046s] [  2%] [34m[1mGenerating type hashes for ROS interfaces[0m
[0.048s] [  2%] Built target ament_cmake_python_copy_rpi_gpio_msgs
[0.137s] [  2%] Built target rpi_gpio_msgs__rosidl_generator_type_description
[0.141s] [  5%] [34m[1mGenerating C code for ROS interfaces[0m
[0.145s] [  8%] [34m[1mGenerating C++ code for ROS interfaces[0m
[0.155s] running egg_info
[0.155s] creating rpi_gpio_msgs.egg-info
[0.155s] writing rpi_gpio_msgs.egg-info/PKG-INFO
[0.155s] writing dependency_links to rpi_gpio_msgs.egg-info/dependency_links.txt
[0.155s] writing top-level names to rpi_gpio_msgs.egg-info/top_level.txt
[0.155s] writing manifest file 'rpi_gpio_msgs.egg-info/SOURCES.txt'
[0.156s] reading manifest file 'rpi_gpio_msgs.egg-info/SOURCES.txt'
[0.156s] writing manifest file 'rpi_gpio_msgs.egg-info/SOURCES.txt'
[0.169s] [  8%] Built target ament_cmake_python_build_rpi_gpio_msgs_egg
[0.276s] [  8%] Built target rpi_gpio_msgs__cpp
[0.288s] [ 11%] [32mBuilding C object CMakeFiles/rpi_gpio_msgs__rosidl_generator_c.dir/rosidl_generator_c/rpi_gpio_msgs/srv/detail/led_toggle__description.c.o[0m
[0.289s] [ 14%] [32mBuilding C object CMakeFiles/rpi_gpio_msgs__rosidl_generator_c.dir/rosidl_generator_c/rpi_gpio_msgs/srv/detail/led_toggle__functions.c.o[0m
[0.289s] [ 17%] [32mBuilding C object CMakeFiles/rpi_gpio_msgs__rosidl_generator_c.dir/rosidl_generator_c/rpi_gpio_msgs/srv/detail/led_toggle__type_support.c.o[0m
[0.321s] [ 20%] [32m[1mLinking C shared library librpi_gpio_msgs__rosidl_generator_c.so[0m
[0.336s] [ 20%] Built target rpi_gpio_msgs__rosidl_generator_c
[0.340s] [ 23%] [34m[1mGenerating C++ type support dispatch for ROS interfaces[0m
[0.340s] [ 29%] [34m[1mGenerating C++ type support for eProsima Fast-RTPS[0m
[0.341s] [ 29%] [34m[1mGenerating C type support for eProsima Fast-RTPS[0m
[0.341s] [ 35%] [34m[1mGenerating C type support dispatch for ROS interfaces[0m
[0.341s] [ 35%] [34m[1mGenerating C introspection for ROS interfaces[0m
[0.341s] [ 38%] [34m[1mGenerating C++ introspection for ROS interfaces[0m
[0.452s] [ 41%] [32mBuilding CXX object CMakeFiles/rpi_gpio_msgs__rosidl_typesupport_c.dir/rosidl_typesupport_c/rpi_gpio_msgs/srv/led_toggle__type_support.cpp.o[0m
[0.452s] [ 44%] [32mBuilding CXX object CMakeFiles/rpi_gpio_msgs__rosidl_typesupport_cpp.dir/rosidl_typesupport_cpp/rpi_gpio_msgs/srv/led_toggle__type_support.cpp.o[0m
[0.466s] [ 47%] [32mBuilding CXX object CMakeFiles/rpi_gpio_msgs__rosidl_typesupport_introspection_cpp.dir/rosidl_typesupport_introspection_cpp/rpi_gpio_msgs/srv/detail/led_toggle__type_support.cpp.o[0m
[0.469s] [ 50%] [32mBuilding C object CMakeFiles/rpi_gpio_msgs__rosidl_typesupport_introspection_c.dir/rosidl_typesupport_introspection_c/rpi_gpio_msgs/srv/detail/led_toggle__type_support.c.o[0m
[0.471s] [ 52%] [32m[1mLinking CXX shared library librpi_gpio_msgs__rosidl_typesupport_c.so[0m
[0.471s] [ 55%] [32mBuilding CXX object CMakeFiles/rpi_gpio_msgs__rosidl_typesupport_fastrtps_c.dir/rosidl_typesupport_fastrtps_c/rpi_gpio_msgs/srv/detail/led_toggle__type_support_c.cpp.o[0m
[0.474s] [ 58%] [32mBuilding CXX object CMakeFiles/rpi_gpio_msgs__rosidl_typesupport_fastrtps_cpp.dir/rosidl_typesupport_fastrtps_cpp/rpi_gpio_msgs/srv/detail/dds_fastrtps/led_toggle__type_support.cpp.o[0m
[0.488s] [ 58%] Built target rpi_gpio_msgs__rosidl_typesupport_c
[0.489s] [ 61%] [32m[1mLinking C shared library librpi_gpio_msgs__rosidl_typesupport_introspection_c.so[0m
[0.502s] [ 61%] Built target rpi_gpio_msgs__rosidl_typesupport_introspection_c
[0.627s] [ 64%] [32m[1mLinking CXX shared library librpi_gpio_msgs__rosidl_typesupport_fastrtps_c.so[0m
[0.655s] [ 67%] [32m[1mLinking CXX shared library librpi_gpio_msgs__rosidl_typesupport_cpp.so[0m
[0.663s] [ 67%] Built target rpi_gpio_msgs__rosidl_typesupport_fastrtps_c
[0.678s] [ 70%] [32m[1mLinking CXX shared library librpi_gpio_msgs__rosidl_typesupport_introspection_cpp.so[0m
[0.689s] [ 70%] Built target rpi_gpio_msgs__rosidl_typesupport_cpp
[0.713s] [ 70%] Built target rpi_gpio_msgs__rosidl_typesupport_introspection_cpp
[0.753s] [ 73%] [32m[1mLinking CXX shared library librpi_gpio_msgs__rosidl_typesupport_fastrtps_cpp.so[0m
[0.787s] [ 73%] Built target rpi_gpio_msgs__rosidl_typesupport_fastrtps_cpp
[0.795s] [ 73%] Built target rpi_gpio_msgs
[0.802s] [ 76%] [34m[1mGenerating Python code for ROS interfaces[0m
[0.976s] [ 76%] Built target rpi_gpio_msgs__py
[0.983s] [ 79%] [32mBuilding C object CMakeFiles/rpi_gpio_msgs__rosidl_generator_py.dir/rosidl_generator_py/rpi_gpio_msgs/srv/_led_toggle_s.c.o[0m
[1.036s] [ 82%] [32m[1mLinking C shared library rosidl_generator_py/rpi_gpio_msgs/librpi_gpio_msgs__rosidl_generator_py.so[0m
[1.057s] [ 82%] Built target rpi_gpio_msgs__rosidl_generator_py
[1.065s] [ 85%] [32mBuilding C object CMakeFiles/rpi_gpio_msgs__rosidl_typesupport_fastrtps_c__pyext.dir/rosidl_generator_py/rpi_gpio_msgs/_rpi_gpio_msgs_s.ep.rosidl_typesupport_fastrtps_c.c.o[0m
[1.065s] [ 88%] [32mBuilding C object CMakeFiles/rpi_gpio_msgs__rosidl_typesupport_introspection_c__pyext.dir/rosidl_generator_py/rpi_gpio_msgs/_rpi_gpio_msgs_s.ep.rosidl_typesupport_introspection_c.c.o[0m
[1.065s] [ 91%] [32mBuilding C object CMakeFiles/rpi_gpio_msgs__rosidl_typesupport_c__pyext.dir/rosidl_generator_py/rpi_gpio_msgs/_rpi_gpio_msgs_s.ep.rosidl_typesupport_c.c.o[0m
[1.112s] [100%] [32m[1mLinking C shared library rosidl_generator_py/rpi_gpio_msgs/rpi_gpio_msgs_s__rosidl_typesupport_introspection_c.cpython-310-x86_64-linux-gnu.so[0m
[1.112s] [100%] [32m[1mLinking C shared library rosidl_generator_py/rpi_gpio_msgs/rpi_gpio_msgs_s__rosidl_typesupport_fastrtps_c.cpython-310-x86_64-linux-gnu.so[0m
[1.112s] [100%] [32m[1mLinking C shared library rosidl_generator_py/rpi_gpio_msgs/rpi_gpio_msgs_s__rosidl_typesupport_c.cpython-310-x86_64-linux-gnu.so[0m
[1.128s] [100%] Built target rpi_gpio_msgs__rosidl_typesupport_c__pyext
[1.128s] [100%] Built target rpi_gpio_msgs__rosidl_typesupport_introspection_c__pyext
[1.128s] [100%] Built target rpi_gpio_msgs__rosidl_typesupport_fastrtps_c__pyext
