[0.027s] Invoking command in '/home/lsantos/GitHub/Sandbox/RPI_led_service/build/rpi_gpio_msgs': CMAKE_PREFIX_PATH=${CMAKE_PREFIX_PATH}:/opt/ros/iron /usr/bin/cmake --build /home/lsantos/GitHub/Sandbox/RPI_led_service/build/rpi_gpio_msgs -- -j24 -l24
[0.038s] -- Found ament_cmake: 2.0.3 (/opt/ros/iron/share/ament_cmake/cmake)
[0.108s] -- Found rclcpp: 21.0.3 (/opt/ros/iron/share/rclcpp/cmake)
[0.122s] -- Found rosidl_generator_c: 4.0.1 (/opt/ros/iron/share/rosidl_generator_c/cmake)
[0.126s] -- Found rosidl_generator_cpp: 4.0.1 (/opt/ros/iron/share/rosidl_generator_cpp/cmake)
[0.132s] -- Using all available rosidl_typesupport_c: rosidl_typesupport_fastrtps_c;rosidl_typesupport_introspection_c
[0.140s] -- Using all available rosidl_typesupport_cpp: rosidl_typesupport_fastrtps_cpp;rosidl_typesupport_introspection_cpp
[0.216s] -- Found rmw_implementation_cmake: 7.1.0 (/opt/ros/iron/share/rmw_implementation_cmake/cmake)
[0.217s] -- Found rmw_fastrtps_cpp: 7.1.1 (/opt/ros/iron/share/rmw_fastrtps_cpp/cmake)
[0.271s] -- Using RMW implementation 'rmw_fastrtps_cpp' as default
[0.354s] -- Found rosidl_default_generators: 1.5.0 (/opt/ros/iron/share/rosidl_default_generators/cmake)
[0.357s] -- Found rosidl_adapter: 4.0.1 (/opt/ros/iron/share/rosidl_adapter/cmake)
[0.436s] [31mCMake Error at /opt/ros/iron/share/rosidl_adapter/cmake/rosidl_adapt_interfaces.cmake:57 (message):
[0.436s]   execute_process(/usr/bin/python3.10 -m rosidl_adapter --package-name
[0.436s]   rpi_gpio_msgs --arguments-file
[0.436s]   /home/lsantos/GitHub/Sandbox/RPI_led_service/build/rpi_gpio_msgs/rosidl_adapter__arguments__rpi_gpio_msgs.json
[0.436s]   --output-dir
[0.436s]   /home/lsantos/GitHub/Sandbox/RPI_led_service/build/rpi_gpio_msgs/rosidl_adapter/rpi_gpio_msgs
[0.436s]   --output-file
[0.436s]   /home/lsantos/GitHub/Sandbox/RPI_led_service/build/rpi_gpio_msgs/rosidl_adapter/rpi_gpio_msgs.idls)
[0.436s]   returned error code 1:
[0.436s] 
[0.436s]   Error processing 'int32 gpiochoice;' of 'rpi_gpio_msgs/LEDToggle_Request':
[0.436s]   ''gpiochoice;' is an invalid field name.  It should have the pattern
[0.436s]   '^(?!.*__)(?!.*_$)[a-z][a-z0-9_]*$''
[0.436s] 
[0.436s]   Traceback (most recent call last):
[0.436s] 
[0.436s]     File "/usr/lib/python3.10/runpy.py", line 196, in _run_module_as_main
[0.436s]       return _run_code(code, main_globals, None,
[0.436s]     File "/usr/lib/python3.10/runpy.py", line 86, in _run_code
[0.436s]       exec(code, run_globals)
[0.436s]     File "/opt/ros/iron/lib/python3.10/site-packages/rosidl_adapter/__main__.py", line 19, in <module>
[0.436s]       sys.exit(main())
[0.436s]     File "/opt/ros/iron/lib/python3.10/site-packages/rosidl_adapter/main.py", line 53, in main
[0.437s]       abs_idl_file = convert_to_idl(
[0.437s]     File "/opt/ros/iron/lib/python3.10/site-packages/rosidl_adapter/__init__.py", line 24, in convert_to_idl
[0.437s]       return convert_srv_to_idl(
[0.437s]     File "/opt/ros/iron/lib/python3.10/site-packages/rosidl_adapter/srv/__init__.py", line 28, in convert_srv_to_idl
[0.437s]       srv = parse_service_string(package_name, input_file.stem, content)
[0.437s]     File "/opt/ros/iron/lib/python3.10/site-packages/rosidl_adapter/parser.py", line 860, in parse_service_string
[0.437s]       request_message = parse_message_string(
[0.437s]     File "/opt/ros/iron/lib/python3.10/site-packages/rosidl_adapter/parser.py", line 520, in parse_message_string
[0.437s]       fields.append(Field(
[0.437s]     File "/opt/ros/iron/lib/python3.10/site-packages/rosidl_adapter/parser.py", line 355, in __init__
[0.437s]       raise NameError(
[0.437s] 
[0.437s]   NameError: 'gpiochoice;' is an invalid field name.  It should have the
[0.437s]   pattern '^(?!.*__)(?!.*_$)[a-z][a-z0-9_]*$'
[0.437s] 
[0.437s] Call Stack (most recent call first):
[0.437s]   /opt/ros/iron/share/rosidl_cmake/cmake/rosidl_generate_interfaces.cmake:132 (rosidl_adapt_interfaces)
[0.437s]   CMakeLists.txt:16 (rosidl_generate_interfaces)
[0.437s] 
[0.437s] [0m
[0.437s] -- Configuring incomplete, errors occurred!
[0.437s] See also "/home/lsantos/GitHub/Sandbox/RPI_led_service/build/rpi_gpio_msgs/CMakeFiles/CMakeOutput.log".
[0.440s] gmake: *** [Makefile:815: cmake_check_build_system] Error 1
[0.441s] Invoked command in '/home/lsantos/GitHub/Sandbox/RPI_led_service/build/rpi_gpio_msgs' returned '2': CMAKE_PREFIX_PATH=${CMAKE_PREFIX_PATH}:/opt/ros/iron /usr/bin/cmake --build /home/lsantos/GitHub/Sandbox/RPI_led_service/build/rpi_gpio_msgs -- -j24 -l24
