[5.766s] Invoking command in '/home/pi/Sandbox/RPI_led_service/src/rpi_LCD_control': AMENT_PREFIX_PATH=/home/pi/Sandbox/RPI_led_service/install/rpi_gpio_msgs:${AMENT_PREFIX_PATH} CMAKE_PREFIX_PATH=/home/pi/Sandbox/RPI_led_service/install/rpi_gpio_msgs LD_LIBRARY_PATH=/home/pi/Sandbox/RPI_led_service/install/rpi_gpio_msgs/lib:${LD_LIBRARY_PATH} PYTHONPATH=/home/pi/Sandbox/RPI_led_service/build/rpi_LCD_control/prefix_override:/home/pi/Sandbox/RPI_led_service/install/rpi_LCD_control/lib/python3.10/site-packages:/home/pi/Sandbox/RPI_led_service/install/rpi_gpio_msgs/lib/python3.10/site-packages:${PYTHONPATH} /usr/bin/python3 setup.py egg_info --egg-base ../../build/rpi_LCD_control build --build-base /home/pi/Sandbox/RPI_led_service/build/rpi_LCD_control/build install --record /home/pi/Sandbox/RPI_led_service/build/rpi_LCD_control/install.log --single-version-externally-managed
[8.159s] running egg_info
[8.163s] writing ../../build/rpi_LCD_control/rpi_LCD_control.egg-info/PKG-INFO
[8.167s] writing dependency_links to ../../build/rpi_LCD_control/rpi_LCD_control.egg-info/dependency_links.txt
[8.167s] writing entry points to ../../build/rpi_LCD_control/rpi_LCD_control.egg-info/entry_points.txt
[8.172s] writing requirements to ../../build/rpi_LCD_control/rpi_LCD_control.egg-info/requires.txt
[8.174s] writing top-level names to ../../build/rpi_LCD_control/rpi_LCD_control.egg-info/top_level.txt
[8.182s] reading manifest file '../../build/rpi_LCD_control/rpi_LCD_control.egg-info/SOURCES.txt'
[8.188s] writing manifest file '../../build/rpi_LCD_control/rpi_LCD_control.egg-info/SOURCES.txt'
[8.190s] running build
[8.191s] running build_py
[8.194s] running install
[8.200s] /usr/lib/python3/dist-packages/setuptools/command/install.py:34: SetuptoolsDeprecationWarning: setup.py install is deprecated. Use build and pip and other standards-based tools.
[8.204s]   warnings.warn(
[8.205s] running install_lib
[8.219s] running install_data
[8.220s] running install_egg_info
[8.226s] removing '/home/pi/Sandbox/RPI_led_service/install/rpi_LCD_control/lib/python3.10/site-packages/rpi_LCD_control-0.0.0-py3.10.egg-info' (and everything under it)
[8.227s] Copying ../../build/rpi_LCD_control/rpi_LCD_control.egg-info to /home/pi/Sandbox/RPI_led_service/install/rpi_LCD_control/lib/python3.10/site-packages/rpi_LCD_control-0.0.0-py3.10.egg-info
[8.237s] running install_scripts
[8.359s] Installing displayclient script to /home/pi/Sandbox/RPI_led_service/install/rpi_LCD_control/lib/rpi_LCD_control
[8.364s] writing list of installed files to '/home/pi/Sandbox/RPI_led_service/build/rpi_LCD_control/install.log'
[8.559s] Invoked command in '/home/pi/Sandbox/RPI_led_service/src/rpi_LCD_control' returned '0': AMENT_PREFIX_PATH=/home/pi/Sandbox/RPI_led_service/install/rpi_gpio_msgs:${AMENT_PREFIX_PATH} CMAKE_PREFIX_PATH=/home/pi/Sandbox/RPI_led_service/install/rpi_gpio_msgs LD_LIBRARY_PATH=/home/pi/Sandbox/RPI_led_service/install/rpi_gpio_msgs/lib:${LD_LIBRARY_PATH} PYTHONPATH=/home/pi/Sandbox/RPI_led_service/build/rpi_LCD_control/prefix_override:/home/pi/Sandbox/RPI_led_service/install/rpi_LCD_control/lib/python3.10/site-packages:/home/pi/Sandbox/RPI_led_service/install/rpi_gpio_msgs/lib/python3.10/site-packages:${PYTHONPATH} /usr/bin/python3 setup.py egg_info --egg-base ../../build/rpi_LCD_control build --build-base /home/pi/Sandbox/RPI_led_service/build/rpi_LCD_control/build install --record /home/pi/Sandbox/RPI_led_service/build/rpi_LCD_control/install.log --single-version-externally-managed
