[0.050s] Invoking command in '/home/lsantos/GitHub/Sandbox/RPI_led_service/build/rpi_gpio': CMAKE_PREFIX_PATH=${CMAKE_PREFIX_PATH}:/opt/ros/iron /usr/bin/cmake --build /home/lsantos/GitHub/Sandbox/RPI_led_service/build/rpi_gpio -- -j24 -l24
[0.066s] [35m[1mConsolidate compiler generated dependencies of target gpio_server[0m
[0.066s] [35m[1mConsolidate compiler generated dependencies of target gpio_client[0m
[0.074s] [ 50%] Built target gpio_client
[0.074s] [ 75%] [32mBuilding CXX object CMakeFiles/gpio_server.dir/src/server.cpp.o[0m
[1.248s] [01m[K/home/lsantos/GitHub/Sandbox/RPI_led_service/src/rpi_gpio/src/server.cpp:[m[K In constructor ‘[01m[KGPIOServer::GPIOServer()[m[K’:
[1.248s] [01m[K/home/lsantos/GitHub/Sandbox/RPI_led_service/src/rpi_gpio/src/server.cpp:16:22:[m[K [01;35m[Kwarning: [m[Kmissing initializer for member ‘[01m[Kgpiod::line_request::flags[m[K’ [[01;35m[K]8;;https://gcc.gnu.org/onlinedocs/gcc/Warning-Options.html#index-Wmissing-field-initializers-Wmissing-field-initializers]8;;[m[K]
[1.248s]    16 |         [01;35m[Kline_.request({"ros2_gpio_service", gpiod::line_request::DIRECTION_OUTPUT})[m[K;
[1.248s]       |         [01;35m[K~~~~~~~~~~~~~^~~~~~~~~~~~~~~~~~~~~~~~~~~~~~~~~~~~~~~~~~~~~~~~~~~~~~~~~~~~~~[m[K
[2.024s] [100%] [32m[1mLinking CXX executable gpio_server[0m
[2.105s] [100%] Built target gpio_server
[2.109s] Invoked command in '/home/lsantos/GitHub/Sandbox/RPI_led_service/build/rpi_gpio' returned '0': CMAKE_PREFIX_PATH=${CMAKE_PREFIX_PATH}:/opt/ros/iron /usr/bin/cmake --build /home/lsantos/GitHub/Sandbox/RPI_led_service/build/rpi_gpio -- -j24 -l24
[2.120s] Invoking command in '/home/lsantos/GitHub/Sandbox/RPI_led_service/build/rpi_gpio': CMAKE_PREFIX_PATH=${CMAKE_PREFIX_PATH}:/opt/ros/iron /usr/bin/cmake --install /home/lsantos/GitHub/Sandbox/RPI_led_service/build/rpi_gpio
[2.122s] -- Install configuration: ""
[2.122s] -- Installing: /home/lsantos/GitHub/Sandbox/RPI_led_service/install/rpi_gpio/lib/rpi_gpio/gpio_server
[2.123s] -- Set runtime path of "/home/lsantos/GitHub/Sandbox/RPI_led_service/install/rpi_gpio/lib/rpi_gpio/gpio_server" to ""
[2.123s] -- Installing: /home/lsantos/GitHub/Sandbox/RPI_led_service/install/rpi_gpio/lib/rpi_gpio/gpio_client
[2.124s] -- Set runtime path of "/home/lsantos/GitHub/Sandbox/RPI_led_service/install/rpi_gpio/lib/rpi_gpio/gpio_client" to ""
[2.124s] -- Installing: /home/lsantos/GitHub/Sandbox/RPI_led_service/install/rpi_gpio/share/ament_index/resource_index/package_run_dependencies/rpi_gpio
[2.124s] -- Installing: /home/lsantos/GitHub/Sandbox/RPI_led_service/install/rpi_gpio/share/ament_index/resource_index/parent_prefix_path/rpi_gpio
[2.124s] -- Installing: /home/lsantos/GitHub/Sandbox/RPI_led_service/install/rpi_gpio/share/rpi_gpio/environment/ament_prefix_path.sh
[2.124s] -- Installing: /home/lsantos/GitHub/Sandbox/RPI_led_service/install/rpi_gpio/share/rpi_gpio/environment/ament_prefix_path.dsv
[2.124s] -- Installing: /home/lsantos/GitHub/Sandbox/RPI_led_service/install/rpi_gpio/share/rpi_gpio/environment/path.sh
[2.124s] -- Installing: /home/lsantos/GitHub/Sandbox/RPI_led_service/install/rpi_gpio/share/rpi_gpio/environment/path.dsv
[2.124s] -- Installing: /home/lsantos/GitHub/Sandbox/RPI_led_service/install/rpi_gpio/share/rpi_gpio/local_setup.bash
[2.124s] -- Installing: /home/lsantos/GitHub/Sandbox/RPI_led_service/install/rpi_gpio/share/rpi_gpio/local_setup.sh
[2.124s] -- Installing: /home/lsantos/GitHub/Sandbox/RPI_led_service/install/rpi_gpio/share/rpi_gpio/local_setup.zsh
[2.124s] -- Installing: /home/lsantos/GitHub/Sandbox/RPI_led_service/install/rpi_gpio/share/rpi_gpio/local_setup.dsv
[2.124s] -- Installing: /home/lsantos/GitHub/Sandbox/RPI_led_service/install/rpi_gpio/share/rpi_gpio/package.dsv
[2.124s] -- Installing: /home/lsantos/GitHub/Sandbox/RPI_led_service/install/rpi_gpio/share/ament_index/resource_index/packages/rpi_gpio
[2.124s] -- Installing: /home/lsantos/GitHub/Sandbox/RPI_led_service/install/rpi_gpio/share/rpi_gpio/cmake/rpi_gpioConfig.cmake
[2.124s] -- Installing: /home/lsantos/GitHub/Sandbox/RPI_led_service/install/rpi_gpio/share/rpi_gpio/cmake/rpi_gpioConfig-version.cmake
[2.124s] -- Installing: /home/lsantos/GitHub/Sandbox/RPI_led_service/install/rpi_gpio/share/rpi_gpio/package.xml
[2.125s] Invoked command in '/home/lsantos/GitHub/Sandbox/RPI_led_service/build/rpi_gpio' returned '0': CMAKE_PREFIX_PATH=${CMAKE_PREFIX_PATH}:/opt/ros/iron /usr/bin/cmake --install /home/lsantos/GitHub/Sandbox/RPI_led_service/build/rpi_gpio
