-- Found ament_cmake: 2.0.3 (/opt/ros/iron/share/ament_cmake/cmake)
-- Found rclcpp: 21.0.3 (/opt/ros/iron/share/rclcpp/cmake)
-- Found rosidl_generator_c: 4.0.1 (/opt/ros/iron/share/rosidl_generator_c/cmake)
-- Found rosidl_generator_cpp: 4.0.1 (/opt/ros/iron/share/rosidl_generator_cpp/cmake)
-- Using all available rosidl_typesupport_c: rosidl_typesupport_fastrtps_c;rosidl_typesupport_introspection_c
-- Using all available rosidl_typesupport_cpp: rosidl_typesupport_fastrtps_cpp;rosidl_typesupport_introspection_cpp
-- Found rmw_implementation_cmake: 7.1.0 (/opt/ros/iron/share/rmw_implementation_cmake/cmake)
-- Found rmw_fastrtps_cpp: 7.1.1 (/opt/ros/iron/share/rmw_fastrtps_cpp/cmake)
-- Using RMW implementation 'rmw_fastrtps_cpp' as default
-- Found std_msgs: 5.0.0 (/opt/ros/iron/share/std_msgs/cmake)
-- Found ament_lint_auto: 0.14.2 (/opt/ros/iron/share/ament_lint_auto/cmake)
-- Added test 'cppcheck' to perform static code analysis on C / C++ code
-- Configured cppcheck include dirs: 
-- Configured cppcheck exclude dirs and/or files: 
-- Added test 'lint_cmake' to check CMake code style
-- Added test 'uncrustify' to check C / C++ code style
-- Configured uncrustify additional arguments: 
-- Added test 'xmllint' to check XML markup files
-- Configuring done
-- Generating done
-- Build files have been written to: /home/lsantos/Documents/GitHub/Sandbox/RPI_led/build/gpio_control
[35m[1mConsolidate compiler generated dependencies of target gpio_talker[0m
[ 25%] [32mBuilding CXX object CMakeFiles/gpio_listener.dir/src/gpio_listener.cpp.o[0m
[ 50%] [32mBuilding CXX object CMakeFiles/gpio_talker.dir/src/gpio_talker.cpp.o[0m
[ 75%] [32m[1mLinking CXX executable gpio_talker[0m
[ 75%] Built target gpio_talker
[100%] [32m[1mLinking CXX executable gpio_listener[0m
[100%] Built target gpio_listener
-- Install configuration: ""
-- Installing: /home/lsantos/Documents/GitHub/Sandbox/RPI_led/install/gpio_control/lib/gpio_control/gpio_talker
-- Set runtime path of "/home/lsantos/Documents/GitHub/Sandbox/RPI_led/install/gpio_control/lib/gpio_control/gpio_talker" to ""
-- Installing: /home/lsantos/Documents/GitHub/Sandbox/RPI_led/install/gpio_control/lib/gpio_control/gpio_listener
-- Set runtime path of "/home/lsantos/Documents/GitHub/Sandbox/RPI_led/install/gpio_control/lib/gpio_control/gpio_listener" to ""
-- Installing: /home/lsantos/Documents/GitHub/Sandbox/RPI_led/install/gpio_control/share/ament_index/resource_index/package_run_dependencies/gpio_control
-- Installing: /home/lsantos/Documents/GitHub/Sandbox/RPI_led/install/gpio_control/share/ament_index/resource_index/parent_prefix_path/gpio_control
-- Installing: /home/lsantos/Documents/GitHub/Sandbox/RPI_led/install/gpio_control/share/gpio_control/environment/ament_prefix_path.sh
-- Installing: /home/lsantos/Documents/GitHub/Sandbox/RPI_led/install/gpio_control/share/gpio_control/environment/ament_prefix_path.dsv
-- Installing: /home/lsantos/Documents/GitHub/Sandbox/RPI_led/install/gpio_control/share/gpio_control/environment/path.sh
-- Installing: /home/lsantos/Documents/GitHub/Sandbox/RPI_led/install/gpio_control/share/gpio_control/environment/path.dsv
-- Installing: /home/lsantos/Documents/GitHub/Sandbox/RPI_led/install/gpio_control/share/gpio_control/local_setup.bash
-- Installing: /home/lsantos/Documents/GitHub/Sandbox/RPI_led/install/gpio_control/share/gpio_control/local_setup.sh
-- Installing: /home/lsantos/Documents/GitHub/Sandbox/RPI_led/install/gpio_control/share/gpio_control/local_setup.zsh
-- Installing: /home/lsantos/Documents/GitHub/Sandbox/RPI_led/install/gpio_control/share/gpio_control/local_setup.dsv
-- Installing: /home/lsantos/Documents/GitHub/Sandbox/RPI_led/install/gpio_control/share/gpio_control/package.dsv
-- Installing: /home/lsantos/Documents/GitHub/Sandbox/RPI_led/install/gpio_control/share/ament_index/resource_index/packages/gpio_control
-- Installing: /home/lsantos/Documents/GitHub/Sandbox/RPI_led/install/gpio_control/share/gpio_control/cmake/gpio_controlConfig.cmake
-- Installing: /home/lsantos/Documents/GitHub/Sandbox/RPI_led/install/gpio_control/share/gpio_control/cmake/gpio_controlConfig-version.cmake
-- Installing: /home/lsantos/Documents/GitHub/Sandbox/RPI_led/install/gpio_control/share/gpio_control/package.xml
