[0.090s] Invoking command in '/home/lsantos/Documents/GitHub/Sandbox/RPI_led/build/gpio_control': CMAKE_PREFIX_PATH=/opt/ros/iron /usr/bin/cmake --build /home/lsantos/Documents/GitHub/Sandbox/RPI_led/build/gpio_control -- -j4 -l4
[0.130s] -- Found ament_cmake: 2.0.3 (/opt/ros/iron/share/ament_cmake/cmake)
[0.353s] -- Found rclcpp: 21.0.3 (/opt/ros/iron/share/rclcpp/cmake)
[0.400s] -- Found rosidl_generator_c: 4.0.1 (/opt/ros/iron/share/rosidl_generator_c/cmake)
[0.412s] -- Found rosidl_generator_cpp: 4.0.1 (/opt/ros/iron/share/rosidl_generator_cpp/cmake)
[0.432s] -- Using all available rosidl_typesupport_c: rosidl_typesupport_fastrtps_c;rosidl_typesupport_introspection_c
[0.455s] -- Using all available rosidl_typesupport_cpp: rosidl_typesupport_fastrtps_cpp;rosidl_typesupport_introspection_cpp
[0.662s] -- Found rmw_implementation_cmake: 7.1.0 (/opt/ros/iron/share/rmw_implementation_cmake/cmake)
[0.663s] -- Found rmw_fastrtps_cpp: 7.1.1 (/opt/ros/iron/share/rmw_fastrtps_cpp/cmake)
[0.845s] -- Using RMW implementation 'rmw_fastrtps_cpp' as default
[1.091s] -- Found std_msgs: 5.0.0 (/opt/ros/iron/share/std_msgs/cmake)
[1.139s] -- Found ament_lint_auto: 0.14.2 (/opt/ros/iron/share/ament_lint_auto/cmake)
[1.270s] -- Added test 'cppcheck' to perform static code analysis on C / C++ code
[1.278s] -- Configured cppcheck include dirs: 
[1.278s] -- Configured cppcheck exclude dirs and/or files: 
[1.278s] -- Added test 'lint_cmake' to check CMake code style
[1.279s] -- Added test 'uncrustify' to check C / C++ code style
[1.279s] -- Configured uncrustify additional arguments: 
[1.280s] -- Added test 'xmllint' to check XML markup files
[1.282s] -- Configuring done
[1.342s] -- Generating done
[1.343s] -- Build files have been written to: /home/lsantos/Documents/GitHub/Sandbox/RPI_led/build/gpio_control
[1.386s] [35m[1mConsolidate compiler generated dependencies of target gpio_talker[0m
[1.422s] [ 25%] [32mBuilding CXX object CMakeFiles/gpio_listener.dir/src/gpio_listener.cpp.o[0m
[1.432s] [ 50%] [32mBuilding CXX object CMakeFiles/gpio_talker.dir/src/gpio_talker.cpp.o[0m
[7.833s] [ 75%] [32m[1mLinking CXX executable gpio_talker[0m
[8.156s] [ 75%] Built target gpio_talker
[11.757s] [100%] [32m[1mLinking CXX executable gpio_listener[0m
[12.310s] [100%] Built target gpio_listener
[12.326s] Invoked command in '/home/lsantos/Documents/GitHub/Sandbox/RPI_led/build/gpio_control' returned '0': CMAKE_PREFIX_PATH=/opt/ros/iron /usr/bin/cmake --build /home/lsantos/Documents/GitHub/Sandbox/RPI_led/build/gpio_control -- -j4 -l4
[12.378s] Invoking command in '/home/lsantos/Documents/GitHub/Sandbox/RPI_led/build/gpio_control': CMAKE_PREFIX_PATH=/opt/ros/iron /usr/bin/cmake --install /home/lsantos/Documents/GitHub/Sandbox/RPI_led/build/gpio_control
[12.388s] -- Install configuration: ""
[12.389s] -- Installing: /home/lsantos/Documents/GitHub/Sandbox/RPI_led/install/gpio_control/lib/gpio_control/gpio_talker
[12.391s] -- Set runtime path of "/home/lsantos/Documents/GitHub/Sandbox/RPI_led/install/gpio_control/lib/gpio_control/gpio_talker" to ""
[12.391s] -- Installing: /home/lsantos/Documents/GitHub/Sandbox/RPI_led/install/gpio_control/lib/gpio_control/gpio_listener
[12.398s] -- Set runtime path of "/home/lsantos/Documents/GitHub/Sandbox/RPI_led/install/gpio_control/lib/gpio_control/gpio_listener" to ""
[12.399s] -- Installing: /home/lsantos/Documents/GitHub/Sandbox/RPI_led/install/gpio_control/share/ament_index/resource_index/package_run_dependencies/gpio_control
[12.399s] -- Installing: /home/lsantos/Documents/GitHub/Sandbox/RPI_led/install/gpio_control/share/ament_index/resource_index/parent_prefix_path/gpio_control
[12.399s] -- Installing: /home/lsantos/Documents/GitHub/Sandbox/RPI_led/install/gpio_control/share/gpio_control/environment/ament_prefix_path.sh
[12.400s] -- Installing: /home/lsantos/Documents/GitHub/Sandbox/RPI_led/install/gpio_control/share/gpio_control/environment/ament_prefix_path.dsv
[12.400s] -- Installing: /home/lsantos/Documents/GitHub/Sandbox/RPI_led/install/gpio_control/share/gpio_control/environment/path.sh
[12.403s] -- Installing: /home/lsantos/Documents/GitHub/Sandbox/RPI_led/install/gpio_control/share/gpio_control/environment/path.dsv
[12.403s] -- Installing: /home/lsantos/Documents/GitHub/Sandbox/RPI_led/install/gpio_control/share/gpio_control/local_setup.bash
[12.403s] -- Installing: /home/lsantos/Documents/GitHub/Sandbox/RPI_led/install/gpio_control/share/gpio_control/local_setup.sh
[12.404s] -- Installing: /home/lsantos/Documents/GitHub/Sandbox/RPI_led/install/gpio_control/share/gpio_control/local_setup.zsh
[12.404s] -- Installing: /home/lsantos/Documents/GitHub/Sandbox/RPI_led/install/gpio_control/share/gpio_control/local_setup.dsv
[12.404s] -- Installing: /home/lsantos/Documents/GitHub/Sandbox/RPI_led/install/gpio_control/share/gpio_control/package.dsv
[12.404s] -- Installing: /home/lsantos/Documents/GitHub/Sandbox/RPI_led/install/gpio_control/share/ament_index/resource_index/packages/gpio_control
[12.404s] -- Installing: /home/lsantos/Documents/GitHub/Sandbox/RPI_led/install/gpio_control/share/gpio_control/cmake/gpio_controlConfig.cmake
[12.404s] -- Installing: /home/lsantos/Documents/GitHub/Sandbox/RPI_led/install/gpio_control/share/gpio_control/cmake/gpio_controlConfig-version.cmake
[12.405s] -- Installing: /home/lsantos/Documents/GitHub/Sandbox/RPI_led/install/gpio_control/share/gpio_control/package.xml
[12.414s] Invoked command in '/home/lsantos/Documents/GitHub/Sandbox/RPI_led/build/gpio_control' returned '0': CMAKE_PREFIX_PATH=/opt/ros/iron /usr/bin/cmake --install /home/lsantos/Documents/GitHub/Sandbox/RPI_led/build/gpio_control
