[0.049s] Invoking command in '/home/lsantos/GitHub/Sandbox/build/rpi_gpio': CMAKE_PREFIX_PATH=${CMAKE_PREFIX_PATH}:/opt/ros/iron /usr/bin/cmake /home/lsantos/GitHub/Sandbox/RPI_led_service/src/rpi_gpio -DCMAKE_INSTALL_PREFIX=/home/lsantos/GitHub/Sandbox/install/rpi_gpio
[0.072s] -- The C compiler identification is GNU 11.4.0
[0.097s] -- The CXX compiler identification is GNU 11.4.0
[0.100s] -- Detecting C compiler ABI info
[0.131s] -- Detecting C compiler ABI info - done
[0.135s] -- Check for working C compiler: /usr/bin/cc - skipped
[0.135s] -- Detecting C compile features
[0.136s] -- Detecting C compile features - done
[0.137s] -- Detecting CXX compiler ABI info
[0.170s] -- Detecting CXX compiler ABI info - done
[0.174s] -- Check for working CXX compiler: /usr/bin/c++ - skipped
[0.174s] -- Detecting CXX compile features
[0.174s] -- Detecting CXX compile features - done
[0.175s] -- Found ament_cmake: 2.0.3 (/opt/ros/iron/share/ament_cmake/cmake)
[0.257s] -- Found Python3: /usr/bin/python3.10 (found version "3.10.12") found components: Interpreter 
[0.298s] -- Found rclcpp: 21.0.3 (/opt/ros/iron/share/rclcpp/cmake)
[0.318s] -- Found rosidl_generator_c: 4.0.1 (/opt/ros/iron/share/rosidl_generator_c/cmake)
[0.323s] -- Found rosidl_generator_cpp: 4.0.1 (/opt/ros/iron/share/rosidl_generator_cpp/cmake)
[0.331s] -- Using all available rosidl_typesupport_c: rosidl_typesupport_fastrtps_c;rosidl_typesupport_introspection_c
[0.340s] -- Using all available rosidl_typesupport_cpp: rosidl_typesupport_fastrtps_cpp;rosidl_typesupport_introspection_cpp
[0.423s] -- Found rmw_implementation_cmake: 7.1.0 (/opt/ros/iron/share/rmw_implementation_cmake/cmake)
[0.425s] -- Found rmw_fastrtps_cpp: 7.1.1 (/opt/ros/iron/share/rmw_fastrtps_cpp/cmake)
[0.467s] -- Found OpenSSL: /usr/lib/x86_64-linux-gnu/libcrypto.so (found version "3.0.2")  
[0.480s] -- Found FastRTPS: /opt/ros/iron/include  
[0.501s] -- Using RMW implementation 'rmw_fastrtps_cpp' as default
[0.587s] -- Found rpi_gpio_msgs: 0.0.0 (/home/lsantos/GitHub/Sandbox/RPI_led_service/install/rpi_gpio_msgs/share/rpi_gpio_msgs/cmake)
[0.608s] -- Found ament_lint_auto: 0.14.2 (/opt/ros/iron/share/ament_lint_auto/cmake)
[0.645s] -- Added test 'cppcheck' to perform static code analysis on C / C++ code
[0.646s] -- Configured cppcheck include dirs: 
[0.646s] -- Configured cppcheck exclude dirs and/or files: 
[0.646s] -- Added test 'lint_cmake' to check CMake code style
[0.646s] -- Added test 'uncrustify' to check C / C++ code style
[0.646s] -- Configured uncrustify additional arguments: 
[0.646s] -- Added test 'xmllint' to check XML markup files
[0.646s] -- Configuring done
[0.652s] -- Generating done
[0.653s] -- Build files have been written to: /home/lsantos/GitHub/Sandbox/build/rpi_gpio
[0.660s] Invoked command in '/home/lsantos/GitHub/Sandbox/build/rpi_gpio' returned '0': CMAKE_PREFIX_PATH=${CMAKE_PREFIX_PATH}:/opt/ros/iron /usr/bin/cmake /home/lsantos/GitHub/Sandbox/RPI_led_service/src/rpi_gpio -DCMAKE_INSTALL_PREFIX=/home/lsantos/GitHub/Sandbox/install/rpi_gpio
[0.660s] Invoking command in '/home/lsantos/GitHub/Sandbox/build/rpi_gpio': CMAKE_PREFIX_PATH=${CMAKE_PREFIX_PATH}:/opt/ros/iron /usr/bin/cmake --build /home/lsantos/GitHub/Sandbox/build/rpi_gpio -- -j24 -l24
[0.679s] [ 25%] [32mBuilding CXX object CMakeFiles/gpio_server.dir/src/server.cpp.o[0m
[0.679s] [ 50%] [32mBuilding CXX object CMakeFiles/gpio_client.dir/src/client.cpp.o[0m
[1.991s] [01m[K/home/lsantos/GitHub/Sandbox/RPI_led_service/src/rpi_gpio/src/server.cpp:[m[K In constructor ‘[01m[KGPIOServer::GPIOServer()[m[K’:
[1.991s] [01m[K/home/lsantos/GitHub/Sandbox/RPI_led_service/src/rpi_gpio/src/server.cpp:22:22:[m[K [01;35m[Kwarning: [m[Kmissing initializer for member ‘[01m[Kgpiod::line_request::flags[m[K’ [[01;35m[K]8;;https://gcc.gnu.org/onlinedocs/gcc/Warning-Options.html#index-Wmissing-field-initializers-Wmissing-field-initializers]8;;[m[K]
[1.991s]    22 |         [01;35m[Kline1.request({"LED_17_toggle", gpiod::line_request::DIRECTION_OUTPUT})[m[K;
[1.991s]       |         [01;35m[K~~~~~~~~~~~~~^~~~~~~~~~~~~~~~~~~~~~~~~~~~~~~~~~~~~~~~~~~~~~~~~~~~~~~~~~[m[K
[1.991s] [01m[K/home/lsantos/GitHub/Sandbox/RPI_led_service/src/rpi_gpio/src/server.cpp:23:22:[m[K [01;35m[Kwarning: [m[Kmissing initializer for member ‘[01m[Kgpiod::line_request::flags[m[K’ [[01;35m[K]8;;https://gcc.gnu.org/onlinedocs/gcc/Warning-Options.html#index-Wmissing-field-initializers-Wmissing-field-initializers]8;;[m[K]
[1.991s]    23 |         [01;35m[Kline2.request({"LED_27_toggle", gpiod::line_request::DIRECTION_OUTPUT})[m[K;
[1.991s]       |         [01;35m[K~~~~~~~~~~~~~^~~~~~~~~~~~~~~~~~~~~~~~~~~~~~~~~~~~~~~~~~~~~~~~~~~~~~~~~~[m[K
[2.830s] [ 75%] [32m[1mLinking CXX executable gpio_server[0m
[2.844s] [100%] [32m[1mLinking CXX executable gpio_client[0m
[2.912s] [100%] Built target gpio_server
[2.928s] [100%] Built target gpio_client
[2.933s] Invoked command in '/home/lsantos/GitHub/Sandbox/build/rpi_gpio' returned '0': CMAKE_PREFIX_PATH=${CMAKE_PREFIX_PATH}:/opt/ros/iron /usr/bin/cmake --build /home/lsantos/GitHub/Sandbox/build/rpi_gpio -- -j24 -l24
[2.942s] Invoking command in '/home/lsantos/GitHub/Sandbox/build/rpi_gpio': CMAKE_PREFIX_PATH=${CMAKE_PREFIX_PATH}:/opt/ros/iron /usr/bin/cmake --install /home/lsantos/GitHub/Sandbox/build/rpi_gpio
[2.945s] -- Install configuration: ""
[2.945s] -- Installing: /home/lsantos/GitHub/Sandbox/install/rpi_gpio/lib/rpi_gpio/gpio_server
[2.946s] -- Set runtime path of "/home/lsantos/GitHub/Sandbox/install/rpi_gpio/lib/rpi_gpio/gpio_server" to ""
[2.946s] -- Installing: /home/lsantos/GitHub/Sandbox/install/rpi_gpio/lib/rpi_gpio/gpio_client
[2.946s] -- Set runtime path of "/home/lsantos/GitHub/Sandbox/install/rpi_gpio/lib/rpi_gpio/gpio_client" to ""
[2.946s] -- Installing: /home/lsantos/GitHub/Sandbox/install/rpi_gpio/share/ament_index/resource_index/package_run_dependencies/rpi_gpio
[2.946s] -- Installing: /home/lsantos/GitHub/Sandbox/install/rpi_gpio/share/ament_index/resource_index/parent_prefix_path/rpi_gpio
[2.946s] -- Installing: /home/lsantos/GitHub/Sandbox/install/rpi_gpio/share/rpi_gpio/environment/ament_prefix_path.sh
[2.946s] -- Installing: /home/lsantos/GitHub/Sandbox/install/rpi_gpio/share/rpi_gpio/environment/ament_prefix_path.dsv
[2.946s] -- Installing: /home/lsantos/GitHub/Sandbox/install/rpi_gpio/share/rpi_gpio/environment/path.sh
[2.946s] -- Installing: /home/lsantos/GitHub/Sandbox/install/rpi_gpio/share/rpi_gpio/environment/path.dsv
[2.947s] -- Installing: /home/lsantos/GitHub/Sandbox/install/rpi_gpio/share/rpi_gpio/local_setup.bash
[2.947s] -- Installing: /home/lsantos/GitHub/Sandbox/install/rpi_gpio/share/rpi_gpio/local_setup.sh
[2.947s] -- Installing: /home/lsantos/GitHub/Sandbox/install/rpi_gpio/share/rpi_gpio/local_setup.zsh
[2.947s] -- Installing: /home/lsantos/GitHub/Sandbox/install/rpi_gpio/share/rpi_gpio/local_setup.dsv
[2.947s] -- Installing: /home/lsantos/GitHub/Sandbox/install/rpi_gpio/share/rpi_gpio/package.dsv
[2.947s] -- Installing: /home/lsantos/GitHub/Sandbox/install/rpi_gpio/share/ament_index/resource_index/packages/rpi_gpio
[2.947s] -- Installing: /home/lsantos/GitHub/Sandbox/install/rpi_gpio/share/rpi_gpio/cmake/rpi_gpioConfig.cmake
[2.947s] -- Installing: /home/lsantos/GitHub/Sandbox/install/rpi_gpio/share/rpi_gpio/cmake/rpi_gpioConfig-version.cmake
[2.947s] -- Installing: /home/lsantos/GitHub/Sandbox/install/rpi_gpio/share/rpi_gpio/package.xml
[2.948s] Invoked command in '/home/lsantos/GitHub/Sandbox/build/rpi_gpio' returned '0': CMAKE_PREFIX_PATH=${CMAKE_PREFIX_PATH}:/opt/ros/iron /usr/bin/cmake --install /home/lsantos/GitHub/Sandbox/build/rpi_gpio
