[  2%] Built target rpi_gpio_msgs__rosidl_generator_type_description
[  2%] Built target ament_cmake_python_copy_rpi_gpio_msgs
[  5%] Built target rpi_gpio_msgs__cpp
[ 20%] Built target rpi_gpio_msgs__rosidl_generator_c
[ 29%] Built target rpi_gpio_msgs__rosidl_typesupport_cpp
[ 38%] Built target rpi_gpio_msgs__rosidl_typesupport_fastrtps_c
[ 47%] Built target rpi_gpio_msgs__rosidl_typesupport_fastrtps_cpp
[ 55%] Built target rpi_gpio_msgs__rosidl_typesupport_introspection_c
[ 64%] Built target rpi_gpio_msgs__rosidl_typesupport_introspection_cpp
[ 73%] Built target rpi_gpio_msgs__rosidl_typesupport_c
[ 73%] Built target rpi_gpio_msgs
[ 76%] Built target rpi_gpio_msgs__py
[ 82%] Built target rpi_gpio_msgs__rosidl_generator_py
[ 88%] Built target rpi_gpio_msgs__rosidl_typesupport_fastrtps_c__pyext
[ 94%] Built target rpi_gpio_msgs__rosidl_typesupport_introspection_c__pyext
[100%] Built target rpi_gpio_msgs__rosidl_typesupport_c__pyext
running egg_info
writing rpi_gpio_msgs.egg-info/PKG-INFO
writing dependency_links to rpi_gpio_msgs.egg-info/dependency_links.txt
writing top-level names to rpi_gpio_msgs.egg-info/top_level.txt
reading manifest file 'rpi_gpio_msgs.egg-info/SOURCES.txt'
writing manifest file 'rpi_gpio_msgs.egg-info/SOURCES.txt'
[100%] Built target ament_cmake_python_build_rpi_gpio_msgs_egg
-- Install configuration: ""
-- Up-to-date: /home/pi/Sandbox/RPI_led_service/install/rpi_gpio_msgs/share/ament_index/resource_index/rosidl_interfaces/rpi_gpio_msgs
-- Up-to-date: /home/pi/Sandbox/RPI_led_service/install/rpi_gpio_msgs/share/rpi_gpio_msgs/srv/LEDToggle.json
-- Up-to-date: /home/pi/Sandbox/RPI_led_service/install/rpi_gpio_msgs/include/rpi_gpio_msgs/rpi_gpio_msgs
-- Up-to-date: /home/pi/Sandbox/RPI_led_service/install/rpi_gpio_msgs/include/rpi_gpio_msgs/rpi_gpio_msgs/msg
-- Up-to-date: /home/pi/Sandbox/RPI_led_service/install/rpi_gpio_msgs/include/rpi_gpio_msgs/rpi_gpio_msgs/msg/rosidl_generator_c__visibility_control.h
-- Up-to-date: /home/pi/Sandbox/RPI_led_service/install/rpi_gpio_msgs/include/rpi_gpio_msgs/rpi_gpio_msgs/srv
-- Up-to-date: /home/pi/Sandbox/RPI_led_service/install/rpi_gpio_msgs/include/rpi_gpio_msgs/rpi_gpio_msgs/srv/detail
-- Up-to-date: /home/pi/Sandbox/RPI_led_service/install/rpi_gpio_msgs/include/rpi_gpio_msgs/rpi_gpio_msgs/srv/detail/led_toggle__functions.c
-- Installing: /home/pi/Sandbox/RPI_led_service/install/rpi_gpio_msgs/include/rpi_gpio_msgs/rpi_gpio_msgs/srv/detail/led_toggle__type_support.c
-- Up-to-date: /home/pi/Sandbox/RPI_led_service/install/rpi_gpio_msgs/include/rpi_gpio_msgs/rpi_gpio_msgs/srv/detail/led_toggle__description.c
-- Up-to-date: /home/pi/Sandbox/RPI_led_service/install/rpi_gpio_msgs/include/rpi_gpio_msgs/rpi_gpio_msgs/srv/detail/led_toggle__functions.h
-- Up-to-date: /home/pi/Sandbox/RPI_led_service/install/rpi_gpio_msgs/include/rpi_gpio_msgs/rpi_gpio_msgs/srv/detail/led_toggle__struct.h
-- Up-to-date: /home/pi/Sandbox/RPI_led_service/install/rpi_gpio_msgs/include/rpi_gpio_msgs/rpi_gpio_msgs/srv/detail/led_toggle__type_support.h
-- Up-to-date: /home/pi/Sandbox/RPI_led_service/install/rpi_gpio_msgs/include/rpi_gpio_msgs/rpi_gpio_msgs/srv/led_toggle.h
-- Up-to-date: /home/pi/Sandbox/RPI_led_service/install/rpi_gpio_msgs/share/rpi_gpio_msgs/environment/library_path.sh
-- Up-to-date: /home/pi/Sandbox/RPI_led_service/install/rpi_gpio_msgs/share/rpi_gpio_msgs/environment/library_path.dsv
-- Up-to-date: /home/pi/Sandbox/RPI_led_service/install/rpi_gpio_msgs/lib/librpi_gpio_msgs__rosidl_generator_c.so
-- Up-to-date: /home/pi/Sandbox/RPI_led_service/install/rpi_gpio_msgs/include/rpi_gpio_msgs/rpi_gpio_msgs
-- Up-to-date: /home/pi/Sandbox/RPI_led_service/install/rpi_gpio_msgs/include/rpi_gpio_msgs/rpi_gpio_msgs/msg
-- Up-to-date: /home/pi/Sandbox/RPI_led_service/install/rpi_gpio_msgs/include/rpi_gpio_msgs/rpi_gpio_msgs/msg/rosidl_typesupport_fastrtps_c__visibility_control.h
-- Up-to-date: /home/pi/Sandbox/RPI_led_service/install/rpi_gpio_msgs/include/rpi_gpio_msgs/rpi_gpio_msgs/srv
-- Up-to-date: /home/pi/Sandbox/RPI_led_service/install/rpi_gpio_msgs/include/rpi_gpio_msgs/rpi_gpio_msgs/srv/detail
-- Up-to-date: /home/pi/Sandbox/RPI_led_service/install/rpi_gpio_msgs/include/rpi_gpio_msgs/rpi_gpio_msgs/srv/detail/led_toggle__rosidl_typesupport_fastrtps_c.h
-- Up-to-date: /home/pi/Sandbox/RPI_led_service/install/rpi_gpio_msgs/lib/librpi_gpio_msgs__rosidl_typesupport_fastrtps_c.so
-- Up-to-date: /home/pi/Sandbox/RPI_led_service/install/rpi_gpio_msgs/include/rpi_gpio_msgs/rpi_gpio_msgs
-- Up-to-date: /home/pi/Sandbox/RPI_led_service/install/rpi_gpio_msgs/include/rpi_gpio_msgs/rpi_gpio_msgs/srv
-- Up-to-date: /home/pi/Sandbox/RPI_led_service/install/rpi_gpio_msgs/include/rpi_gpio_msgs/rpi_gpio_msgs/srv/detail
-- Up-to-date: /home/pi/Sandbox/RPI_led_service/install/rpi_gpio_msgs/include/rpi_gpio_msgs/rpi_gpio_msgs/srv/detail/led_toggle__builder.hpp
-- Up-to-date: /home/pi/Sandbox/RPI_led_service/install/rpi_gpio_msgs/include/rpi_gpio_msgs/rpi_gpio_msgs/srv/detail/led_toggle__struct.hpp
-- Up-to-date: /home/pi/Sandbox/RPI_led_service/install/rpi_gpio_msgs/include/rpi_gpio_msgs/rpi_gpio_msgs/srv/detail/led_toggle__traits.hpp
-- Up-to-date: /home/pi/Sandbox/RPI_led_service/install/rpi_gpio_msgs/include/rpi_gpio_msgs/rpi_gpio_msgs/srv/led_toggle.hpp
-- Up-to-date: /home/pi/Sandbox/RPI_led_service/install/rpi_gpio_msgs/include/rpi_gpio_msgs/rpi_gpio_msgs
-- Up-to-date: /home/pi/Sandbox/RPI_led_service/install/rpi_gpio_msgs/include/rpi_gpio_msgs/rpi_gpio_msgs/msg
-- Up-to-date: /home/pi/Sandbox/RPI_led_service/install/rpi_gpio_msgs/include/rpi_gpio_msgs/rpi_gpio_msgs/msg/rosidl_typesupport_fastrtps_cpp__visibility_control.h
-- Up-to-date: /home/pi/Sandbox/RPI_led_service/install/rpi_gpio_msgs/include/rpi_gpio_msgs/rpi_gpio_msgs/srv
-- Up-to-date: /home/pi/Sandbox/RPI_led_service/install/rpi_gpio_msgs/include/rpi_gpio_msgs/rpi_gpio_msgs/srv/detail
-- Up-to-date: /home/pi/Sandbox/RPI_led_service/install/rpi_gpio_msgs/include/rpi_gpio_msgs/rpi_gpio_msgs/srv/detail/led_toggle__rosidl_typesupport_fastrtps_cpp.hpp
-- Up-to-date: /home/pi/Sandbox/RPI_led_service/install/rpi_gpio_msgs/include/rpi_gpio_msgs/rpi_gpio_msgs/srv/detail/dds_fastrtps
-- Up-to-date: /home/pi/Sandbox/RPI_led_service/install/rpi_gpio_msgs/lib/librpi_gpio_msgs__rosidl_typesupport_fastrtps_cpp.so
-- Up-to-date: /home/pi/Sandbox/RPI_led_service/install/rpi_gpio_msgs/include/rpi_gpio_msgs/rpi_gpio_msgs
-- Up-to-date: /home/pi/Sandbox/RPI_led_service/install/rpi_gpio_msgs/include/rpi_gpio_msgs/rpi_gpio_msgs/msg
-- Up-to-date: /home/pi/Sandbox/RPI_led_service/install/rpi_gpio_msgs/include/rpi_gpio_msgs/rpi_gpio_msgs/msg/rosidl_typesupport_introspection_c__visibility_control.h
-- Up-to-date: /home/pi/Sandbox/RPI_led_service/install/rpi_gpio_msgs/include/rpi_gpio_msgs/rpi_gpio_msgs/srv
-- Up-to-date: /home/pi/Sandbox/RPI_led_service/install/rpi_gpio_msgs/include/rpi_gpio_msgs/rpi_gpio_msgs/srv/detail
-- Up-to-date: /home/pi/Sandbox/RPI_led_service/install/rpi_gpio_msgs/include/rpi_gpio_msgs/rpi_gpio_msgs/srv/detail/led_toggle__rosidl_typesupport_introspection_c.h
-- Installing: /home/pi/Sandbox/RPI_led_service/install/rpi_gpio_msgs/include/rpi_gpio_msgs/rpi_gpio_msgs/srv/detail/led_toggle__type_support.c
-- Up-to-date: /home/pi/Sandbox/RPI_led_service/install/rpi_gpio_msgs/lib/librpi_gpio_msgs__rosidl_typesupport_introspection_c.so
-- Up-to-date: /home/pi/Sandbox/RPI_led_service/install/rpi_gpio_msgs/lib/librpi_gpio_msgs__rosidl_typesupport_c.so
-- Up-to-date: /home/pi/Sandbox/RPI_led_service/install/rpi_gpio_msgs/include/rpi_gpio_msgs/rpi_gpio_msgs
-- Up-to-date: /home/pi/Sandbox/RPI_led_service/install/rpi_gpio_msgs/include/rpi_gpio_msgs/rpi_gpio_msgs/srv
-- Up-to-date: /home/pi/Sandbox/RPI_led_service/install/rpi_gpio_msgs/include/rpi_gpio_msgs/rpi_gpio_msgs/srv/detail
-- Up-to-date: /home/pi/Sandbox/RPI_led_service/install/rpi_gpio_msgs/include/rpi_gpio_msgs/rpi_gpio_msgs/srv/detail/led_toggle__rosidl_typesupport_introspection_cpp.hpp
-- Up-to-date: /home/pi/Sandbox/RPI_led_service/install/rpi_gpio_msgs/include/rpi_gpio_msgs/rpi_gpio_msgs/srv/detail/led_toggle__type_support.cpp
-- Up-to-date: /home/pi/Sandbox/RPI_led_service/install/rpi_gpio_msgs/lib/librpi_gpio_msgs__rosidl_typesupport_introspection_cpp.so
-- Up-to-date: /home/pi/Sandbox/RPI_led_service/install/rpi_gpio_msgs/lib/librpi_gpio_msgs__rosidl_typesupport_cpp.so
-- Up-to-date: /home/pi/Sandbox/RPI_led_service/install/rpi_gpio_msgs/share/rpi_gpio_msgs/environment/pythonpath.sh
-- Up-to-date: /home/pi/Sandbox/RPI_led_service/install/rpi_gpio_msgs/share/rpi_gpio_msgs/environment/pythonpath.dsv
-- Up-to-date: /home/pi/Sandbox/RPI_led_service/install/rpi_gpio_msgs/lib/python3.10/site-packages/rpi_gpio_msgs-0.0.0-py3.10.egg-info
-- Installing: /home/pi/Sandbox/RPI_led_service/install/rpi_gpio_msgs/lib/python3.10/site-packages/rpi_gpio_msgs-0.0.0-py3.10.egg-info/SOURCES.txt
-- Installing: /home/pi/Sandbox/RPI_led_service/install/rpi_gpio_msgs/lib/python3.10/site-packages/rpi_gpio_msgs-0.0.0-py3.10.egg-info/dependency_links.txt
-- Installing: /home/pi/Sandbox/RPI_led_service/install/rpi_gpio_msgs/lib/python3.10/site-packages/rpi_gpio_msgs-0.0.0-py3.10.egg-info/PKG-INFO
-- Installing: /home/pi/Sandbox/RPI_led_service/install/rpi_gpio_msgs/lib/python3.10/site-packages/rpi_gpio_msgs-0.0.0-py3.10.egg-info/top_level.txt
-- Up-to-date: /home/pi/Sandbox/RPI_led_service/install/rpi_gpio_msgs/lib/python3.10/site-packages/rpi_gpio_msgs
-- Up-to-date: /home/pi/Sandbox/RPI_led_service/install/rpi_gpio_msgs/lib/python3.10/site-packages/rpi_gpio_msgs/_rpi_gpio_msgs_s.ep.rosidl_typesupport_fastrtps_c.c
-- Up-to-date: /home/pi/Sandbox/RPI_led_service/install/rpi_gpio_msgs/lib/python3.10/site-packages/rpi_gpio_msgs/_rpi_gpio_msgs_s.ep.rosidl_typesupport_introspection_c.c
-- Up-to-date: /home/pi/Sandbox/RPI_led_service/install/rpi_gpio_msgs/lib/python3.10/site-packages/rpi_gpio_msgs/rpi_gpio_msgs_s__rosidl_typesupport_introspection_c.cpython-310-aarch64-linux-gnu.so
-- Up-to-date: /home/pi/Sandbox/RPI_led_service/install/rpi_gpio_msgs/lib/python3.10/site-packages/rpi_gpio_msgs/librpi_gpio_msgs__rosidl_generator_py.so
-- Up-to-date: /home/pi/Sandbox/RPI_led_service/install/rpi_gpio_msgs/lib/python3.10/site-packages/rpi_gpio_msgs/srv
-- Up-to-date: /home/pi/Sandbox/RPI_led_service/install/rpi_gpio_msgs/lib/python3.10/site-packages/rpi_gpio_msgs/srv/_led_toggle.py
-- Up-to-date: /home/pi/Sandbox/RPI_led_service/install/rpi_gpio_msgs/lib/python3.10/site-packages/rpi_gpio_msgs/srv/_led_toggle_s.c
-- Up-to-date: /home/pi/Sandbox/RPI_led_service/install/rpi_gpio_msgs/lib/python3.10/site-packages/rpi_gpio_msgs/srv/__init__.py
-- Up-to-date: /home/pi/Sandbox/RPI_led_service/install/rpi_gpio_msgs/lib/python3.10/site-packages/rpi_gpio_msgs/rpi_gpio_msgs_s__rosidl_typesupport_c.cpython-310-aarch64-linux-gnu.so
-- Up-to-date: /home/pi/Sandbox/RPI_led_service/install/rpi_gpio_msgs/lib/python3.10/site-packages/rpi_gpio_msgs/__init__.py
-- Up-to-date: /home/pi/Sandbox/RPI_led_service/install/rpi_gpio_msgs/lib/python3.10/site-packages/rpi_gpio_msgs/rpi_gpio_msgs_s__rosidl_typesupport_fastrtps_c.cpython-310-aarch64-linux-gnu.so
-- Up-to-date: /home/pi/Sandbox/RPI_led_service/install/rpi_gpio_msgs/lib/python3.10/site-packages/rpi_gpio_msgs/_rpi_gpio_msgs_s.ep.rosidl_typesupport_c.c
Listing '/home/pi/Sandbox/RPI_led_service/install/rpi_gpio_msgs/lib/python3.10/site-packages/rpi_gpio_msgs'...
Listing '/home/pi/Sandbox/RPI_led_service/install/rpi_gpio_msgs/lib/python3.10/site-packages/rpi_gpio_msgs/srv'...
-- Up-to-date: /home/pi/Sandbox/RPI_led_service/install/rpi_gpio_msgs/lib/python3.10/site-packages/rpi_gpio_msgs/rpi_gpio_msgs_s__rosidl_typesupport_fastrtps_c.cpython-310-aarch64-linux-gnu.so
-- Up-to-date: /home/pi/Sandbox/RPI_led_service/install/rpi_gpio_msgs/lib/python3.10/site-packages/rpi_gpio_msgs/rpi_gpio_msgs_s__rosidl_typesupport_introspection_c.cpython-310-aarch64-linux-gnu.so
-- Up-to-date: /home/pi/Sandbox/RPI_led_service/install/rpi_gpio_msgs/lib/python3.10/site-packages/rpi_gpio_msgs/rpi_gpio_msgs_s__rosidl_typesupport_c.cpython-310-aarch64-linux-gnu.so
-- Up-to-date: /home/pi/Sandbox/RPI_led_service/install/rpi_gpio_msgs/lib/librpi_gpio_msgs__rosidl_generator_py.so
-- Up-to-date: /home/pi/Sandbox/RPI_led_service/install/rpi_gpio_msgs/share/rpi_gpio_msgs/srv/LEDToggle.idl
-- Up-to-date: /home/pi/Sandbox/RPI_led_service/install/rpi_gpio_msgs/share/rpi_gpio_msgs/srv/LEDToggle.srv
-- Up-to-date: /home/pi/Sandbox/RPI_led_service/install/rpi_gpio_msgs/share/rpi_gpio_msgs/srv/LEDToggle_Request.msg
-- Up-to-date: /home/pi/Sandbox/RPI_led_service/install/rpi_gpio_msgs/share/rpi_gpio_msgs/srv/LEDToggle_Response.msg
-- Up-to-date: /home/pi/Sandbox/RPI_led_service/install/rpi_gpio_msgs/share/ament_index/resource_index/package_run_dependencies/rpi_gpio_msgs
-- Up-to-date: /home/pi/Sandbox/RPI_led_service/install/rpi_gpio_msgs/share/ament_index/resource_index/parent_prefix_path/rpi_gpio_msgs
-- Up-to-date: /home/pi/Sandbox/RPI_led_service/install/rpi_gpio_msgs/share/rpi_gpio_msgs/environment/ament_prefix_path.sh
-- Up-to-date: /home/pi/Sandbox/RPI_led_service/install/rpi_gpio_msgs/share/rpi_gpio_msgs/environment/ament_prefix_path.dsv
-- Up-to-date: /home/pi/Sandbox/RPI_led_service/install/rpi_gpio_msgs/share/rpi_gpio_msgs/environment/path.sh
-- Up-to-date: /home/pi/Sandbox/RPI_led_service/install/rpi_gpio_msgs/share/rpi_gpio_msgs/environment/path.dsv
-- Up-to-date: /home/pi/Sandbox/RPI_led_service/install/rpi_gpio_msgs/share/rpi_gpio_msgs/local_setup.bash
-- Up-to-date: /home/pi/Sandbox/RPI_led_service/install/rpi_gpio_msgs/share/rpi_gpio_msgs/local_setup.sh
-- Up-to-date: /home/pi/Sandbox/RPI_led_service/install/rpi_gpio_msgs/share/rpi_gpio_msgs/local_setup.zsh
-- Up-to-date: /home/pi/Sandbox/RPI_led_service/install/rpi_gpio_msgs/share/rpi_gpio_msgs/local_setup.dsv
-- Installing: /home/pi/Sandbox/RPI_led_service/install/rpi_gpio_msgs/share/rpi_gpio_msgs/package.dsv
-- Up-to-date: /home/pi/Sandbox/RPI_led_service/install/rpi_gpio_msgs/share/ament_index/resource_index/packages/rpi_gpio_msgs
-- Up-to-date: /home/pi/Sandbox/RPI_led_service/install/rpi_gpio_msgs/share/rpi_gpio_msgs/cmake/export_rpi_gpio_msgs__rosidl_generator_cExport.cmake
-- Up-to-date: /home/pi/Sandbox/RPI_led_service/install/rpi_gpio_msgs/share/rpi_gpio_msgs/cmake/export_rpi_gpio_msgs__rosidl_generator_cExport-noconfig.cmake
-- Up-to-date: /home/pi/Sandbox/RPI_led_service/install/rpi_gpio_msgs/share/rpi_gpio_msgs/cmake/export_rpi_gpio_msgs__rosidl_typesupport_fastrtps_cExport.cmake
-- Up-to-date: /home/pi/Sandbox/RPI_led_service/install/rpi_gpio_msgs/share/rpi_gpio_msgs/cmake/export_rpi_gpio_msgs__rosidl_typesupport_fastrtps_cExport-noconfig.cmake
-- Up-to-date: /home/pi/Sandbox/RPI_led_service/install/rpi_gpio_msgs/share/rpi_gpio_msgs/cmake/export_rpi_gpio_msgs__rosidl_generator_cppExport.cmake
-- Up-to-date: /home/pi/Sandbox/RPI_led_service/install/rpi_gpio_msgs/share/rpi_gpio_msgs/cmake/export_rpi_gpio_msgs__rosidl_typesupport_fastrtps_cppExport.cmake
-- Up-to-date: /home/pi/Sandbox/RPI_led_service/install/rpi_gpio_msgs/share/rpi_gpio_msgs/cmake/export_rpi_gpio_msgs__rosidl_typesupport_fastrtps_cppExport-noconfig.cmake
-- Up-to-date: /home/pi/Sandbox/RPI_led_service/install/rpi_gpio_msgs/share/rpi_gpio_msgs/cmake/rpi_gpio_msgs__rosidl_typesupport_introspection_cExport.cmake
-- Up-to-date: /home/pi/Sandbox/RPI_led_service/install/rpi_gpio_msgs/share/rpi_gpio_msgs/cmake/rpi_gpio_msgs__rosidl_typesupport_introspection_cExport-noconfig.cmake
-- Up-to-date: /home/pi/Sandbox/RPI_led_service/install/rpi_gpio_msgs/share/rpi_gpio_msgs/cmake/rpi_gpio_msgs__rosidl_typesupport_cExport.cmake
-- Up-to-date: /home/pi/Sandbox/RPI_led_service/install/rpi_gpio_msgs/share/rpi_gpio_msgs/cmake/rpi_gpio_msgs__rosidl_typesupport_cExport-noconfig.cmake
-- Up-to-date: /home/pi/Sandbox/RPI_led_service/install/rpi_gpio_msgs/share/rpi_gpio_msgs/cmake/rpi_gpio_msgs__rosidl_typesupport_introspection_cppExport.cmake
-- Up-to-date: /home/pi/Sandbox/RPI_led_service/install/rpi_gpio_msgs/share/rpi_gpio_msgs/cmake/rpi_gpio_msgs__rosidl_typesupport_introspection_cppExport-noconfig.cmake
-- Up-to-date: /home/pi/Sandbox/RPI_led_service/install/rpi_gpio_msgs/share/rpi_gpio_msgs/cmake/rpi_gpio_msgs__rosidl_typesupport_cppExport.cmake
-- Up-to-date: /home/pi/Sandbox/RPI_led_service/install/rpi_gpio_msgs/share/rpi_gpio_msgs/cmake/rpi_gpio_msgs__rosidl_typesupport_cppExport-noconfig.cmake
-- Up-to-date: /home/pi/Sandbox/RPI_led_service/install/rpi_gpio_msgs/share/rpi_gpio_msgs/cmake/export_rpi_gpio_msgs__rosidl_generator_pyExport.cmake
-- Up-to-date: /home/pi/Sandbox/RPI_led_service/install/rpi_gpio_msgs/share/rpi_gpio_msgs/cmake/export_rpi_gpio_msgs__rosidl_generator_pyExport-noconfig.cmake
-- Up-to-date: /home/pi/Sandbox/RPI_led_service/install/rpi_gpio_msgs/share/rpi_gpio_msgs/cmake/rosidl_cmake-extras.cmake
-- Up-to-date: /home/pi/Sandbox/RPI_led_service/install/rpi_gpio_msgs/share/rpi_gpio_msgs/cmake/ament_cmake_export_dependencies-extras.cmake
-- Up-to-date: /home/pi/Sandbox/RPI_led_service/install/rpi_gpio_msgs/share/rpi_gpio_msgs/cmake/ament_cmake_export_include_directories-extras.cmake
-- Up-to-date: /home/pi/Sandbox/RPI_led_service/install/rpi_gpio_msgs/share/rpi_gpio_msgs/cmake/ament_cmake_export_libraries-extras.cmake
-- Up-to-date: /home/pi/Sandbox/RPI_led_service/install/rpi_gpio_msgs/share/rpi_gpio_msgs/cmake/ament_cmake_export_targets-extras.cmake
-- Up-to-date: /home/pi/Sandbox/RPI_led_service/install/rpi_gpio_msgs/share/rpi_gpio_msgs/cmake/rosidl_cmake_export_typesupport_targets-extras.cmake
-- Up-to-date: /home/pi/Sandbox/RPI_led_service/install/rpi_gpio_msgs/share/rpi_gpio_msgs/cmake/rosidl_cmake_export_typesupport_libraries-extras.cmake
-- Up-to-date: /home/pi/Sandbox/RPI_led_service/install/rpi_gpio_msgs/share/rpi_gpio_msgs/cmake/rpi_gpio_msgsConfig.cmake
-- Up-to-date: /home/pi/Sandbox/RPI_led_service/install/rpi_gpio_msgs/share/rpi_gpio_msgs/cmake/rpi_gpio_msgsConfig-version.cmake
-- Up-to-date: /home/pi/Sandbox/RPI_led_service/install/rpi_gpio_msgs/share/rpi_gpio_msgs/package.xml
