[0.339s] Invoking command in '/home/pi/Sandbox/RPI_led_service/build/rpi_gpio_msgs': CMAKE_PREFIX_PATH=${CMAKE_PREFIX_PATH}:/home/pi/Sandbox/RPI_led_service/install/rpi_LCD_control:/opt/ros/iron /usr/bin/cmake --build /home/pi/Sandbox/RPI_led_service/build/rpi_gpio_msgs -- -j4 -l4
[0.593s] [  2%] Built target rpi_gpio_msgs__rosidl_generator_type_description
[0.659s] [  2%] Built target ament_cmake_python_copy_rpi_gpio_msgs
[0.729s] [  5%] Built target rpi_gpio_msgs__cpp
[0.745s] [ 20%] Built target rpi_gpio_msgs__rosidl_generator_c
[0.856s] [ 29%] Built target rpi_gpio_msgs__rosidl_typesupport_cpp
[0.880s] [ 38%] Built target rpi_gpio_msgs__rosidl_typesupport_fastrtps_c
[0.945s] [ 47%] Built target rpi_gpio_msgs__rosidl_typesupport_fastrtps_cpp
[1.035s] [ 55%] Built target rpi_gpio_msgs__rosidl_typesupport_introspection_c
[1.188s] [ 64%] Built target rpi_gpio_msgs__rosidl_typesupport_introspection_cpp
[1.191s] [ 73%] Built target rpi_gpio_msgs__rosidl_typesupport_c
[1.322s] [ 73%] Built target rpi_gpio_msgs
[1.429s] [ 76%] Built target rpi_gpio_msgs__py
[1.533s] [ 82%] Built target rpi_gpio_msgs__rosidl_generator_py
[1.659s] [ 88%] Built target rpi_gpio_msgs__rosidl_typesupport_fastrtps_c__pyext
[1.712s] [ 94%] Built target rpi_gpio_msgs__rosidl_typesupport_introspection_c__pyext
[1.730s] [100%] Built target rpi_gpio_msgs__rosidl_typesupport_c__pyext
[2.570s] running egg_info
[2.574s] writing rpi_gpio_msgs.egg-info/PKG-INFO
[2.577s] writing dependency_links to rpi_gpio_msgs.egg-info/dependency_links.txt
[2.577s] writing top-level names to rpi_gpio_msgs.egg-info/top_level.txt
[2.589s] reading manifest file 'rpi_gpio_msgs.egg-info/SOURCES.txt'
[2.592s] writing manifest file 'rpi_gpio_msgs.egg-info/SOURCES.txt'
[2.746s] [100%] Built target ament_cmake_python_build_rpi_gpio_msgs_egg
[2.801s] Invoked command in '/home/pi/Sandbox/RPI_led_service/build/rpi_gpio_msgs' returned '0': CMAKE_PREFIX_PATH=${CMAKE_PREFIX_PATH}:/home/pi/Sandbox/RPI_led_service/install/rpi_LCD_control:/opt/ros/iron /usr/bin/cmake --build /home/pi/Sandbox/RPI_led_service/build/rpi_gpio_msgs -- -j4 -l4
[3.239s] Invoking command in '/home/pi/Sandbox/RPI_led_service/build/rpi_gpio_msgs': CMAKE_PREFIX_PATH=${CMAKE_PREFIX_PATH}:/home/pi/Sandbox/RPI_led_service/install/rpi_LCD_control:/opt/ros/iron /usr/bin/cmake --install /home/pi/Sandbox/RPI_led_service/build/rpi_gpio_msgs
[3.271s] -- Install configuration: ""
[3.272s] -- Up-to-date: /home/pi/Sandbox/RPI_led_service/install/rpi_gpio_msgs/share/ament_index/resource_index/rosidl_interfaces/rpi_gpio_msgs
[3.273s] -- Up-to-date: /home/pi/Sandbox/RPI_led_service/install/rpi_gpio_msgs/share/rpi_gpio_msgs/srv/LEDToggle.json
[3.274s] -- Up-to-date: /home/pi/Sandbox/RPI_led_service/install/rpi_gpio_msgs/include/rpi_gpio_msgs/rpi_gpio_msgs
[3.275s] -- Up-to-date: /home/pi/Sandbox/RPI_led_service/install/rpi_gpio_msgs/include/rpi_gpio_msgs/rpi_gpio_msgs/msg
[3.276s] -- Up-to-date: /home/pi/Sandbox/RPI_led_service/install/rpi_gpio_msgs/include/rpi_gpio_msgs/rpi_gpio_msgs/msg/rosidl_generator_c__visibility_control.h
[3.276s] -- Up-to-date: /home/pi/Sandbox/RPI_led_service/install/rpi_gpio_msgs/include/rpi_gpio_msgs/rpi_gpio_msgs/srv
[3.276s] -- Up-to-date: /home/pi/Sandbox/RPI_led_service/install/rpi_gpio_msgs/include/rpi_gpio_msgs/rpi_gpio_msgs/srv/detail
[3.277s] -- Up-to-date: /home/pi/Sandbox/RPI_led_service/install/rpi_gpio_msgs/include/rpi_gpio_msgs/rpi_gpio_msgs/srv/detail/led_toggle__functions.c
[3.287s] -- Installing: /home/pi/Sandbox/RPI_led_service/install/rpi_gpio_msgs/include/rpi_gpio_msgs/rpi_gpio_msgs/srv/detail/led_toggle__type_support.c
[3.288s] -- Up-to-date: /home/pi/Sandbox/RPI_led_service/install/rpi_gpio_msgs/include/rpi_gpio_msgs/rpi_gpio_msgs/srv/detail/led_toggle__description.c
[3.289s] -- Up-to-date: /home/pi/Sandbox/RPI_led_service/install/rpi_gpio_msgs/include/rpi_gpio_msgs/rpi_gpio_msgs/srv/detail/led_toggle__functions.h
[3.289s] -- Up-to-date: /home/pi/Sandbox/RPI_led_service/install/rpi_gpio_msgs/include/rpi_gpio_msgs/rpi_gpio_msgs/srv/detail/led_toggle__struct.h
[3.290s] -- Up-to-date: /home/pi/Sandbox/RPI_led_service/install/rpi_gpio_msgs/include/rpi_gpio_msgs/rpi_gpio_msgs/srv/detail/led_toggle__type_support.h
[3.291s] -- Up-to-date: /home/pi/Sandbox/RPI_led_service/install/rpi_gpio_msgs/include/rpi_gpio_msgs/rpi_gpio_msgs/srv/led_toggle.h
[3.291s] -- Up-to-date: /home/pi/Sandbox/RPI_led_service/install/rpi_gpio_msgs/share/rpi_gpio_msgs/environment/library_path.sh
[3.292s] -- Up-to-date: /home/pi/Sandbox/RPI_led_service/install/rpi_gpio_msgs/share/rpi_gpio_msgs/environment/library_path.dsv
[3.292s] -- Up-to-date: /home/pi/Sandbox/RPI_led_service/install/rpi_gpio_msgs/lib/librpi_gpio_msgs__rosidl_generator_c.so
[3.293s] -- Up-to-date: /home/pi/Sandbox/RPI_led_service/install/rpi_gpio_msgs/include/rpi_gpio_msgs/rpi_gpio_msgs
[3.294s] -- Up-to-date: /home/pi/Sandbox/RPI_led_service/install/rpi_gpio_msgs/include/rpi_gpio_msgs/rpi_gpio_msgs/msg
[3.294s] -- Up-to-date: /home/pi/Sandbox/RPI_led_service/install/rpi_gpio_msgs/include/rpi_gpio_msgs/rpi_gpio_msgs/msg/rosidl_typesupport_fastrtps_c__visibility_control.h
[3.294s] -- Up-to-date: /home/pi/Sandbox/RPI_led_service/install/rpi_gpio_msgs/include/rpi_gpio_msgs/rpi_gpio_msgs/srv
[3.295s] -- Up-to-date: /home/pi/Sandbox/RPI_led_service/install/rpi_gpio_msgs/include/rpi_gpio_msgs/rpi_gpio_msgs/srv/detail
[3.296s] -- Up-to-date: /home/pi/Sandbox/RPI_led_service/install/rpi_gpio_msgs/include/rpi_gpio_msgs/rpi_gpio_msgs/srv/detail/led_toggle__rosidl_typesupport_fastrtps_c.h
[3.297s] -- Up-to-date: /home/pi/Sandbox/RPI_led_service/install/rpi_gpio_msgs/lib/librpi_gpio_msgs__rosidl_typesupport_fastrtps_c.so
[3.314s] -- Up-to-date: /home/pi/Sandbox/RPI_led_service/install/rpi_gpio_msgs/include/rpi_gpio_msgs/rpi_gpio_msgs
[3.315s] -- Up-to-date: /home/pi/Sandbox/RPI_led_service/install/rpi_gpio_msgs/include/rpi_gpio_msgs/rpi_gpio_msgs/srv
[3.316s] -- Up-to-date: /home/pi/Sandbox/RPI_led_service/install/rpi_gpio_msgs/include/rpi_gpio_msgs/rpi_gpio_msgs/srv/detail
[3.316s] -- Up-to-date: /home/pi/Sandbox/RPI_led_service/install/rpi_gpio_msgs/include/rpi_gpio_msgs/rpi_gpio_msgs/srv/detail/led_toggle__builder.hpp
[3.317s] -- Up-to-date: /home/pi/Sandbox/RPI_led_service/install/rpi_gpio_msgs/include/rpi_gpio_msgs/rpi_gpio_msgs/srv/detail/led_toggle__struct.hpp
[3.318s] -- Up-to-date: /home/pi/Sandbox/RPI_led_service/install/rpi_gpio_msgs/include/rpi_gpio_msgs/rpi_gpio_msgs/srv/detail/led_toggle__traits.hpp
[3.318s] -- Up-to-date: /home/pi/Sandbox/RPI_led_service/install/rpi_gpio_msgs/include/rpi_gpio_msgs/rpi_gpio_msgs/srv/led_toggle.hpp
[3.319s] -- Up-to-date: /home/pi/Sandbox/RPI_led_service/install/rpi_gpio_msgs/include/rpi_gpio_msgs/rpi_gpio_msgs
[3.319s] -- Up-to-date: /home/pi/Sandbox/RPI_led_service/install/rpi_gpio_msgs/include/rpi_gpio_msgs/rpi_gpio_msgs/msg
[3.323s] -- Up-to-date: /home/pi/Sandbox/RPI_led_service/install/rpi_gpio_msgs/include/rpi_gpio_msgs/rpi_gpio_msgs/msg/rosidl_typesupport_fastrtps_cpp__visibility_control.h
[3.324s] -- Up-to-date: /home/pi/Sandbox/RPI_led_service/install/rpi_gpio_msgs/include/rpi_gpio_msgs/rpi_gpio_msgs/srv
[3.325s] -- Up-to-date: /home/pi/Sandbox/RPI_led_service/install/rpi_gpio_msgs/include/rpi_gpio_msgs/rpi_gpio_msgs/srv/detail
[3.325s] -- Up-to-date: /home/pi/Sandbox/RPI_led_service/install/rpi_gpio_msgs/include/rpi_gpio_msgs/rpi_gpio_msgs/srv/detail/led_toggle__rosidl_typesupport_fastrtps_cpp.hpp
[3.326s] -- Up-to-date: /home/pi/Sandbox/RPI_led_service/install/rpi_gpio_msgs/include/rpi_gpio_msgs/rpi_gpio_msgs/srv/detail/dds_fastrtps
[3.327s] -- Up-to-date: /home/pi/Sandbox/RPI_led_service/install/rpi_gpio_msgs/lib/librpi_gpio_msgs__rosidl_typesupport_fastrtps_cpp.so
[3.328s] -- Up-to-date: /home/pi/Sandbox/RPI_led_service/install/rpi_gpio_msgs/include/rpi_gpio_msgs/rpi_gpio_msgs
[3.329s] -- Up-to-date: /home/pi/Sandbox/RPI_led_service/install/rpi_gpio_msgs/include/rpi_gpio_msgs/rpi_gpio_msgs/msg
[3.329s] -- Up-to-date: /home/pi/Sandbox/RPI_led_service/install/rpi_gpio_msgs/include/rpi_gpio_msgs/rpi_gpio_msgs/msg/rosidl_typesupport_introspection_c__visibility_control.h
[3.330s] -- Up-to-date: /home/pi/Sandbox/RPI_led_service/install/rpi_gpio_msgs/include/rpi_gpio_msgs/rpi_gpio_msgs/srv
[3.330s] -- Up-to-date: /home/pi/Sandbox/RPI_led_service/install/rpi_gpio_msgs/include/rpi_gpio_msgs/rpi_gpio_msgs/srv/detail
[3.331s] -- Up-to-date: /home/pi/Sandbox/RPI_led_service/install/rpi_gpio_msgs/include/rpi_gpio_msgs/rpi_gpio_msgs/srv/detail/led_toggle__rosidl_typesupport_introspection_c.h
[3.332s] -- Installing: /home/pi/Sandbox/RPI_led_service/install/rpi_gpio_msgs/include/rpi_gpio_msgs/rpi_gpio_msgs/srv/detail/led_toggle__type_support.c
[3.333s] -- Up-to-date: /home/pi/Sandbox/RPI_led_service/install/rpi_gpio_msgs/lib/librpi_gpio_msgs__rosidl_typesupport_introspection_c.so
[3.333s] -- Up-to-date: /home/pi/Sandbox/RPI_led_service/install/rpi_gpio_msgs/lib/librpi_gpio_msgs__rosidl_typesupport_c.so
[3.334s] -- Up-to-date: /home/pi/Sandbox/RPI_led_service/install/rpi_gpio_msgs/include/rpi_gpio_msgs/rpi_gpio_msgs
[3.334s] -- Up-to-date: /home/pi/Sandbox/RPI_led_service/install/rpi_gpio_msgs/include/rpi_gpio_msgs/rpi_gpio_msgs/srv
[3.335s] -- Up-to-date: /home/pi/Sandbox/RPI_led_service/install/rpi_gpio_msgs/include/rpi_gpio_msgs/rpi_gpio_msgs/srv/detail
[3.335s] -- Up-to-date: /home/pi/Sandbox/RPI_led_service/install/rpi_gpio_msgs/include/rpi_gpio_msgs/rpi_gpio_msgs/srv/detail/led_toggle__rosidl_typesupport_introspection_cpp.hpp
[3.336s] -- Up-to-date: /home/pi/Sandbox/RPI_led_service/install/rpi_gpio_msgs/include/rpi_gpio_msgs/rpi_gpio_msgs/srv/detail/led_toggle__type_support.cpp
[3.337s] -- Up-to-date: /home/pi/Sandbox/RPI_led_service/install/rpi_gpio_msgs/lib/librpi_gpio_msgs__rosidl_typesupport_introspection_cpp.so
[3.337s] -- Up-to-date: /home/pi/Sandbox/RPI_led_service/install/rpi_gpio_msgs/lib/librpi_gpio_msgs__rosidl_typesupport_cpp.so
[3.338s] -- Up-to-date: /home/pi/Sandbox/RPI_led_service/install/rpi_gpio_msgs/share/rpi_gpio_msgs/environment/pythonpath.sh
[3.339s] -- Up-to-date: /home/pi/Sandbox/RPI_led_service/install/rpi_gpio_msgs/share/rpi_gpio_msgs/environment/pythonpath.dsv
[3.339s] -- Up-to-date: /home/pi/Sandbox/RPI_led_service/install/rpi_gpio_msgs/lib/python3.10/site-packages/rpi_gpio_msgs-0.0.0-py3.10.egg-info
[3.340s] -- Installing: /home/pi/Sandbox/RPI_led_service/install/rpi_gpio_msgs/lib/python3.10/site-packages/rpi_gpio_msgs-0.0.0-py3.10.egg-info/SOURCES.txt
[3.340s] -- Installing: /home/pi/Sandbox/RPI_led_service/install/rpi_gpio_msgs/lib/python3.10/site-packages/rpi_gpio_msgs-0.0.0-py3.10.egg-info/dependency_links.txt
[3.341s] -- Installing: /home/pi/Sandbox/RPI_led_service/install/rpi_gpio_msgs/lib/python3.10/site-packages/rpi_gpio_msgs-0.0.0-py3.10.egg-info/PKG-INFO
[3.341s] -- Installing: /home/pi/Sandbox/RPI_led_service/install/rpi_gpio_msgs/lib/python3.10/site-packages/rpi_gpio_msgs-0.0.0-py3.10.egg-info/top_level.txt
[3.343s] -- Up-to-date: /home/pi/Sandbox/RPI_led_service/install/rpi_gpio_msgs/lib/python3.10/site-packages/rpi_gpio_msgs
[3.344s] -- Up-to-date: /home/pi/Sandbox/RPI_led_service/install/rpi_gpio_msgs/lib/python3.10/site-packages/rpi_gpio_msgs/_rpi_gpio_msgs_s.ep.rosidl_typesupport_fastrtps_c.c
[3.344s] -- Up-to-date: /home/pi/Sandbox/RPI_led_service/install/rpi_gpio_msgs/lib/python3.10/site-packages/rpi_gpio_msgs/_rpi_gpio_msgs_s.ep.rosidl_typesupport_introspection_c.c
[3.345s] -- Up-to-date: /home/pi/Sandbox/RPI_led_service/install/rpi_gpio_msgs/lib/python3.10/site-packages/rpi_gpio_msgs/rpi_gpio_msgs_s__rosidl_typesupport_introspection_c.cpython-310-aarch64-linux-gnu.so
[3.346s] -- Up-to-date: /home/pi/Sandbox/RPI_led_service/install/rpi_gpio_msgs/lib/python3.10/site-packages/rpi_gpio_msgs/librpi_gpio_msgs__rosidl_generator_py.so
[3.346s] -- Up-to-date: /home/pi/Sandbox/RPI_led_service/install/rpi_gpio_msgs/lib/python3.10/site-packages/rpi_gpio_msgs/srv
[3.347s] -- Up-to-date: /home/pi/Sandbox/RPI_led_service/install/rpi_gpio_msgs/lib/python3.10/site-packages/rpi_gpio_msgs/srv/_led_toggle.py
[3.348s] -- Up-to-date: /home/pi/Sandbox/RPI_led_service/install/rpi_gpio_msgs/lib/python3.10/site-packages/rpi_gpio_msgs/srv/_led_toggle_s.c
[3.349s] -- Up-to-date: /home/pi/Sandbox/RPI_led_service/install/rpi_gpio_msgs/lib/python3.10/site-packages/rpi_gpio_msgs/srv/__init__.py
[3.349s] -- Up-to-date: /home/pi/Sandbox/RPI_led_service/install/rpi_gpio_msgs/lib/python3.10/site-packages/rpi_gpio_msgs/rpi_gpio_msgs_s__rosidl_typesupport_c.cpython-310-aarch64-linux-gnu.so
[3.359s] -- Up-to-date: /home/pi/Sandbox/RPI_led_service/install/rpi_gpio_msgs/lib/python3.10/site-packages/rpi_gpio_msgs/__init__.py
[3.360s] -- Up-to-date: /home/pi/Sandbox/RPI_led_service/install/rpi_gpio_msgs/lib/python3.10/site-packages/rpi_gpio_msgs/rpi_gpio_msgs_s__rosidl_typesupport_fastrtps_c.cpython-310-aarch64-linux-gnu.so
[3.360s] -- Up-to-date: /home/pi/Sandbox/RPI_led_service/install/rpi_gpio_msgs/lib/python3.10/site-packages/rpi_gpio_msgs/_rpi_gpio_msgs_s.ep.rosidl_typesupport_c.c
[3.573s] Listing '/home/pi/Sandbox/RPI_led_service/install/rpi_gpio_msgs/lib/python3.10/site-packages/rpi_gpio_msgs'...
[3.574s] Listing '/home/pi/Sandbox/RPI_led_service/install/rpi_gpio_msgs/lib/python3.10/site-packages/rpi_gpio_msgs/srv'...
[3.606s] -- Up-to-date: /home/pi/Sandbox/RPI_led_service/install/rpi_gpio_msgs/lib/python3.10/site-packages/rpi_gpio_msgs/rpi_gpio_msgs_s__rosidl_typesupport_fastrtps_c.cpython-310-aarch64-linux-gnu.so
[3.610s] -- Up-to-date: /home/pi/Sandbox/RPI_led_service/install/rpi_gpio_msgs/lib/python3.10/site-packages/rpi_gpio_msgs/rpi_gpio_msgs_s__rosidl_typesupport_introspection_c.cpython-310-aarch64-linux-gnu.so
[3.614s] -- Up-to-date: /home/pi/Sandbox/RPI_led_service/install/rpi_gpio_msgs/lib/python3.10/site-packages/rpi_gpio_msgs/rpi_gpio_msgs_s__rosidl_typesupport_c.cpython-310-aarch64-linux-gnu.so
[3.618s] -- Up-to-date: /home/pi/Sandbox/RPI_led_service/install/rpi_gpio_msgs/lib/librpi_gpio_msgs__rosidl_generator_py.so
[3.621s] -- Up-to-date: /home/pi/Sandbox/RPI_led_service/install/rpi_gpio_msgs/share/rpi_gpio_msgs/srv/LEDToggle.idl
[3.623s] -- Up-to-date: /home/pi/Sandbox/RPI_led_service/install/rpi_gpio_msgs/share/rpi_gpio_msgs/srv/LEDToggle.srv
[3.625s] -- Up-to-date: /home/pi/Sandbox/RPI_led_service/install/rpi_gpio_msgs/share/rpi_gpio_msgs/srv/LEDToggle_Request.msg
[3.626s] -- Up-to-date: /home/pi/Sandbox/RPI_led_service/install/rpi_gpio_msgs/share/rpi_gpio_msgs/srv/LEDToggle_Response.msg
[3.628s] -- Up-to-date: /home/pi/Sandbox/RPI_led_service/install/rpi_gpio_msgs/share/ament_index/resource_index/package_run_dependencies/rpi_gpio_msgs
[3.630s] -- Up-to-date: /home/pi/Sandbox/RPI_led_service/install/rpi_gpio_msgs/share/ament_index/resource_index/parent_prefix_path/rpi_gpio_msgs
[3.633s] -- Up-to-date: /home/pi/Sandbox/RPI_led_service/install/rpi_gpio_msgs/share/rpi_gpio_msgs/environment/ament_prefix_path.sh
[3.635s] -- Up-to-date: /home/pi/Sandbox/RPI_led_service/install/rpi_gpio_msgs/share/rpi_gpio_msgs/environment/ament_prefix_path.dsv
[3.636s] -- Up-to-date: /home/pi/Sandbox/RPI_led_service/install/rpi_gpio_msgs/share/rpi_gpio_msgs/environment/path.sh
[3.636s] -- Up-to-date: /home/pi/Sandbox/RPI_led_service/install/rpi_gpio_msgs/share/rpi_gpio_msgs/environment/path.dsv
[3.637s] -- Up-to-date: /home/pi/Sandbox/RPI_led_service/install/rpi_gpio_msgs/share/rpi_gpio_msgs/local_setup.bash
[3.638s] -- Up-to-date: /home/pi/Sandbox/RPI_led_service/install/rpi_gpio_msgs/share/rpi_gpio_msgs/local_setup.sh
[3.639s] -- Up-to-date: /home/pi/Sandbox/RPI_led_service/install/rpi_gpio_msgs/share/rpi_gpio_msgs/local_setup.zsh
[3.641s] -- Up-to-date: /home/pi/Sandbox/RPI_led_service/install/rpi_gpio_msgs/share/rpi_gpio_msgs/local_setup.dsv
[3.643s] -- Installing: /home/pi/Sandbox/RPI_led_service/install/rpi_gpio_msgs/share/rpi_gpio_msgs/package.dsv
[3.646s] -- Up-to-date: /home/pi/Sandbox/RPI_led_service/install/rpi_gpio_msgs/share/ament_index/resource_index/packages/rpi_gpio_msgs
[3.648s] -- Up-to-date: /home/pi/Sandbox/RPI_led_service/install/rpi_gpio_msgs/share/rpi_gpio_msgs/cmake/export_rpi_gpio_msgs__rosidl_generator_cExport.cmake
[3.650s] -- Up-to-date: /home/pi/Sandbox/RPI_led_service/install/rpi_gpio_msgs/share/rpi_gpio_msgs/cmake/export_rpi_gpio_msgs__rosidl_generator_cExport-noconfig.cmake
[3.653s] -- Up-to-date: /home/pi/Sandbox/RPI_led_service/install/rpi_gpio_msgs/share/rpi_gpio_msgs/cmake/export_rpi_gpio_msgs__rosidl_typesupport_fastrtps_cExport.cmake
[3.656s] -- Up-to-date: /home/pi/Sandbox/RPI_led_service/install/rpi_gpio_msgs/share/rpi_gpio_msgs/cmake/export_rpi_gpio_msgs__rosidl_typesupport_fastrtps_cExport-noconfig.cmake
[3.658s] -- Up-to-date: /home/pi/Sandbox/RPI_led_service/install/rpi_gpio_msgs/share/rpi_gpio_msgs/cmake/export_rpi_gpio_msgs__rosidl_generator_cppExport.cmake
[3.663s] -- Up-to-date: /home/pi/Sandbox/RPI_led_service/install/rpi_gpio_msgs/share/rpi_gpio_msgs/cmake/export_rpi_gpio_msgs__rosidl_typesupport_fastrtps_cppExport.cmake
[3.667s] -- Up-to-date: /home/pi/Sandbox/RPI_led_service/install/rpi_gpio_msgs/share/rpi_gpio_msgs/cmake/export_rpi_gpio_msgs__rosidl_typesupport_fastrtps_cppExport-noconfig.cmake
[3.669s] -- Up-to-date: /home/pi/Sandbox/RPI_led_service/install/rpi_gpio_msgs/share/rpi_gpio_msgs/cmake/rpi_gpio_msgs__rosidl_typesupport_introspection_cExport.cmake
[3.672s] -- Up-to-date: /home/pi/Sandbox/RPI_led_service/install/rpi_gpio_msgs/share/rpi_gpio_msgs/cmake/rpi_gpio_msgs__rosidl_typesupport_introspection_cExport-noconfig.cmake
[3.674s] -- Up-to-date: /home/pi/Sandbox/RPI_led_service/install/rpi_gpio_msgs/share/rpi_gpio_msgs/cmake/rpi_gpio_msgs__rosidl_typesupport_cExport.cmake
[3.675s] -- Up-to-date: /home/pi/Sandbox/RPI_led_service/install/rpi_gpio_msgs/share/rpi_gpio_msgs/cmake/rpi_gpio_msgs__rosidl_typesupport_cExport-noconfig.cmake
[3.676s] -- Up-to-date: /home/pi/Sandbox/RPI_led_service/install/rpi_gpio_msgs/share/rpi_gpio_msgs/cmake/rpi_gpio_msgs__rosidl_typesupport_introspection_cppExport.cmake
[3.678s] -- Up-to-date: /home/pi/Sandbox/RPI_led_service/install/rpi_gpio_msgs/share/rpi_gpio_msgs/cmake/rpi_gpio_msgs__rosidl_typesupport_introspection_cppExport-noconfig.cmake
[3.681s] -- Up-to-date: /home/pi/Sandbox/RPI_led_service/install/rpi_gpio_msgs/share/rpi_gpio_msgs/cmake/rpi_gpio_msgs__rosidl_typesupport_cppExport.cmake
[3.684s] -- Up-to-date: /home/pi/Sandbox/RPI_led_service/install/rpi_gpio_msgs/share/rpi_gpio_msgs/cmake/rpi_gpio_msgs__rosidl_typesupport_cppExport-noconfig.cmake
[3.691s] -- Up-to-date: /home/pi/Sandbox/RPI_led_service/install/rpi_gpio_msgs/share/rpi_gpio_msgs/cmake/export_rpi_gpio_msgs__rosidl_generator_pyExport.cmake
[3.693s] -- Up-to-date: /home/pi/Sandbox/RPI_led_service/install/rpi_gpio_msgs/share/rpi_gpio_msgs/cmake/export_rpi_gpio_msgs__rosidl_generator_pyExport-noconfig.cmake
[3.701s] -- Up-to-date: /home/pi/Sandbox/RPI_led_service/install/rpi_gpio_msgs/share/rpi_gpio_msgs/cmake/rosidl_cmake-extras.cmake
[3.703s] -- Up-to-date: /home/pi/Sandbox/RPI_led_service/install/rpi_gpio_msgs/share/rpi_gpio_msgs/cmake/ament_cmake_export_dependencies-extras.cmake
[3.704s] -- Up-to-date: /home/pi/Sandbox/RPI_led_service/install/rpi_gpio_msgs/share/rpi_gpio_msgs/cmake/ament_cmake_export_include_directories-extras.cmake
[3.706s] -- Up-to-date: /home/pi/Sandbox/RPI_led_service/install/rpi_gpio_msgs/share/rpi_gpio_msgs/cmake/ament_cmake_export_libraries-extras.cmake
[3.708s] -- Up-to-date: /home/pi/Sandbox/RPI_led_service/install/rpi_gpio_msgs/share/rpi_gpio_msgs/cmake/ament_cmake_export_targets-extras.cmake
[3.709s] -- Up-to-date: /home/pi/Sandbox/RPI_led_service/install/rpi_gpio_msgs/share/rpi_gpio_msgs/cmake/rosidl_cmake_export_typesupport_targets-extras.cmake
[3.711s] -- Up-to-date: /home/pi/Sandbox/RPI_led_service/install/rpi_gpio_msgs/share/rpi_gpio_msgs/cmake/rosidl_cmake_export_typesupport_libraries-extras.cmake
[3.712s] -- Up-to-date: /home/pi/Sandbox/RPI_led_service/install/rpi_gpio_msgs/share/rpi_gpio_msgs/cmake/rpi_gpio_msgsConfig.cmake
[3.714s] -- Up-to-date: /home/pi/Sandbox/RPI_led_service/install/rpi_gpio_msgs/share/rpi_gpio_msgs/cmake/rpi_gpio_msgsConfig-version.cmake
[3.717s] -- Up-to-date: /home/pi/Sandbox/RPI_led_service/install/rpi_gpio_msgs/share/rpi_gpio_msgs/package.xml
[3.718s] Invoked command in '/home/pi/Sandbox/RPI_led_service/build/rpi_gpio_msgs' returned '0': CMAKE_PREFIX_PATH=${CMAKE_PREFIX_PATH}:/home/pi/Sandbox/RPI_led_service/install/rpi_LCD_control:/opt/ros/iron /usr/bin/cmake --install /home/pi/Sandbox/RPI_led_service/build/rpi_gpio_msgs
