[0.021s] Invoking command in '/home/lsantos/GitHub/Sandbox/RPI_led_service/build/rpi_gpio_msgs': CMAKE_PREFIX_PATH=/opt/ros/iron /usr/bin/cmake --build /home/lsantos/GitHub/Sandbox/RPI_led_service/build/rpi_gpio_msgs -- -j24 -l24
[0.041s] [  2%] [34m[1mGenerating type hashes for ROS interfaces[0m
[0.045s] [  2%] Built target ament_cmake_python_copy_rpi_gpio_msgs
[0.142s] [  2%] Built target rpi_gpio_msgs__rosidl_generator_type_description
[0.146s] [  5%] [34m[1mGenerating C code for ROS interfaces[0m
[0.150s] [  8%] [34m[1mGenerating C++ code for ROS interfaces[0m
[0.155s] running egg_info
[0.155s] creating rpi_gpio_msgs.egg-info
[0.155s] writing rpi_gpio_msgs.egg-info/PKG-INFO
[0.155s] writing dependency_links to rpi_gpio_msgs.egg-info/dependency_links.txt
[0.155s] writing top-level names to rpi_gpio_msgs.egg-info/top_level.txt
[0.155s] writing manifest file 'rpi_gpio_msgs.egg-info/SOURCES.txt'
[0.157s] reading manifest file 'rpi_gpio_msgs.egg-info/SOURCES.txt'
[0.157s] writing manifest file 'rpi_gpio_msgs.egg-info/SOURCES.txt'
[0.170s] [  8%] Built target ament_cmake_python_build_rpi_gpio_msgs_egg
[0.285s] [  8%] Built target rpi_gpio_msgs__cpp
[0.295s] [ 11%] [32mBuilding C object CMakeFiles/rpi_gpio_msgs__rosidl_generator_c.dir/rosidl_generator_c/rpi_gpio_msgs/srv/detail/led_toggle__description.c.o[0m
[0.295s] [ 14%] [32mBuilding C object CMakeFiles/rpi_gpio_msgs__rosidl_generator_c.dir/rosidl_generator_c/rpi_gpio_msgs/srv/detail/led_toggle__functions.c.o[0m
[0.296s] [ 17%] [32mBuilding C object CMakeFiles/rpi_gpio_msgs__rosidl_generator_c.dir/rosidl_generator_c/rpi_gpio_msgs/srv/detail/led_toggle__type_support.c.o[0m
[0.336s] [ 20%] [32m[1mLinking C shared library librpi_gpio_msgs__rosidl_generator_c.so[0m
[0.365s] [ 20%] Built target rpi_gpio_msgs__rosidl_generator_c
[0.381s] [ 23%] [34m[1mGenerating C++ type support dispatch for ROS interfaces[0m
[0.381s] [ 29%] [34m[1mGenerating C type support for eProsima Fast-RTPS[0m
[0.382s] [ 29%] [34m[1mGenerating C++ type support for eProsima Fast-RTPS[0m
[0.382s] [ 32%] [34m[1mGenerating C type support dispatch for ROS interfaces[0m
[0.383s] [ 35%] [34m[1mGenerating C++ introspection for ROS interfaces[0m
[0.383s] [ 38%] [34m[1mGenerating C introspection for ROS interfaces[0m
[0.499s] [ 41%] [32mBuilding CXX object CMakeFiles/rpi_gpio_msgs__rosidl_typesupport_c.dir/rosidl_typesupport_c/rpi_gpio_msgs/srv/led_toggle__type_support.cpp.o[0m
[0.500s] [ 44%] [32mBuilding CXX object CMakeFiles/rpi_gpio_msgs__rosidl_typesupport_cpp.dir/rosidl_typesupport_cpp/rpi_gpio_msgs/srv/led_toggle__type_support.cpp.o[0m
[0.514s] [ 47%] [32mBuilding CXX object CMakeFiles/rpi_gpio_msgs__rosidl_typesupport_introspection_cpp.dir/rosidl_typesupport_introspection_cpp/rpi_gpio_msgs/srv/detail/led_toggle__type_support.cpp.o[0m
[0.518s] [ 50%] [32mBuilding C object CMakeFiles/rpi_gpio_msgs__rosidl_typesupport_introspection_c.dir/rosidl_typesupport_introspection_c/rpi_gpio_msgs/srv/detail/led_toggle__type_support.c.o[0m
[0.519s] [ 52%] [32mBuilding CXX object CMakeFiles/rpi_gpio_msgs__rosidl_typesupport_fastrtps_c.dir/rosidl_typesupport_fastrtps_c/rpi_gpio_msgs/srv/detail/led_toggle__type_support_c.cpp.o[0m
[0.522s] [ 55%] [32mBuilding CXX object CMakeFiles/rpi_gpio_msgs__rosidl_typesupport_fastrtps_cpp.dir/rosidl_typesupport_fastrtps_cpp/rpi_gpio_msgs/srv/detail/dds_fastrtps/led_toggle__type_support.cpp.o[0m
[0.530s] [ 58%] [32m[1mLinking CXX shared library librpi_gpio_msgs__rosidl_typesupport_c.so[0m
[0.545s] [ 61%] [32m[1mLinking C shared library librpi_gpio_msgs__rosidl_typesupport_introspection_c.so[0m
[0.549s] [ 61%] Built target rpi_gpio_msgs__rosidl_typesupport_c
[0.559s] [ 61%] Built target rpi_gpio_msgs__rosidl_typesupport_introspection_c
[0.690s] [ 64%] [32m[1mLinking CXX shared library librpi_gpio_msgs__rosidl_typesupport_fastrtps_c.so[0m
[0.710s] [ 67%] [32m[1mLinking CXX shared library librpi_gpio_msgs__rosidl_typesupport_cpp.so[0m
[0.728s] [ 67%] Built target rpi_gpio_msgs__rosidl_typesupport_fastrtps_c
[0.730s] [ 70%] [32m[1mLinking CXX shared library librpi_gpio_msgs__rosidl_typesupport_introspection_cpp.so[0m
[0.747s] [ 70%] Built target rpi_gpio_msgs__rosidl_typesupport_cpp
[0.765s] [ 70%] Built target rpi_gpio_msgs__rosidl_typesupport_introspection_cpp
[0.808s] [ 73%] [32m[1mLinking CXX shared library librpi_gpio_msgs__rosidl_typesupport_fastrtps_cpp.so[0m
[0.849s] [ 73%] Built target rpi_gpio_msgs__rosidl_typesupport_fastrtps_cpp
[0.856s] [ 73%] Built target rpi_gpio_msgs
[0.864s] [ 76%] [34m[1mGenerating Python code for ROS interfaces[0m
[1.054s] [ 76%] Built target rpi_gpio_msgs__py
[1.061s] [ 79%] [32mBuilding C object CMakeFiles/rpi_gpio_msgs__rosidl_generator_py.dir/rosidl_generator_py/rpi_gpio_msgs/srv/_led_toggle_s.c.o[0m
[1.115s] [ 82%] [32m[1mLinking C shared library rosidl_generator_py/rpi_gpio_msgs/librpi_gpio_msgs__rosidl_generator_py.so[0m
[1.135s] [ 82%] Built target rpi_gpio_msgs__rosidl_generator_py
[1.145s] [ 85%] [32mBuilding C object CMakeFiles/rpi_gpio_msgs__rosidl_typesupport_fastrtps_c__pyext.dir/rosidl_generator_py/rpi_gpio_msgs/_rpi_gpio_msgs_s.ep.rosidl_typesupport_fastrtps_c.c.o[0m
[1.145s] [ 91%] [32mBuilding C object CMakeFiles/rpi_gpio_msgs__rosidl_typesupport_introspection_c__pyext.dir/rosidl_generator_py/rpi_gpio_msgs/_rpi_gpio_msgs_s.ep.rosidl_typesupport_introspection_c.c.o[0m
[1.145s] [ 91%] [32mBuilding C object CMakeFiles/rpi_gpio_msgs__rosidl_typesupport_c__pyext.dir/rosidl_generator_py/rpi_gpio_msgs/_rpi_gpio_msgs_s.ep.rosidl_typesupport_c.c.o[0m
[1.193s] [100%] [32m[1mLinking C shared library rosidl_generator_py/rpi_gpio_msgs/rpi_gpio_msgs_s__rosidl_typesupport_c.cpython-310-x86_64-linux-gnu.so[0m
[1.193s] [100%] [32m[1mLinking C shared library rosidl_generator_py/rpi_gpio_msgs/rpi_gpio_msgs_s__rosidl_typesupport_fastrtps_c.cpython-310-x86_64-linux-gnu.so[0m
[1.193s] [100%] [32m[1mLinking C shared library rosidl_generator_py/rpi_gpio_msgs/rpi_gpio_msgs_s__rosidl_typesupport_introspection_c.cpython-310-x86_64-linux-gnu.so[0m
[1.209s] [100%] Built target rpi_gpio_msgs__rosidl_typesupport_c__pyext
[1.209s] [100%] Built target rpi_gpio_msgs__rosidl_typesupport_introspection_c__pyext
[1.209s] [100%] Built target rpi_gpio_msgs__rosidl_typesupport_fastrtps_c__pyext
[1.213s] Invoked command in '/home/lsantos/GitHub/Sandbox/RPI_led_service/build/rpi_gpio_msgs' returned '0': CMAKE_PREFIX_PATH=/opt/ros/iron /usr/bin/cmake --build /home/lsantos/GitHub/Sandbox/RPI_led_service/build/rpi_gpio_msgs -- -j24 -l24
[1.237s] Invoking command in '/home/lsantos/GitHub/Sandbox/RPI_led_service/build/rpi_gpio_msgs': CMAKE_PREFIX_PATH=/opt/ros/iron /usr/bin/cmake --install /home/lsantos/GitHub/Sandbox/RPI_led_service/build/rpi_gpio_msgs
[1.240s] -- Install configuration: ""
[1.240s] -- Installing: /home/lsantos/GitHub/Sandbox/RPI_led_service/install/rpi_gpio_msgs/share/ament_index/resource_index/rosidl_interfaces/rpi_gpio_msgs
[1.240s] -- Installing: /home/lsantos/GitHub/Sandbox/RPI_led_service/install/rpi_gpio_msgs/share/rpi_gpio_msgs/srv/LEDToggle.json
[1.240s] -- Installing: /home/lsantos/GitHub/Sandbox/RPI_led_service/install/rpi_gpio_msgs/include/rpi_gpio_msgs/rpi_gpio_msgs
[1.240s] -- Installing: /home/lsantos/GitHub/Sandbox/RPI_led_service/install/rpi_gpio_msgs/include/rpi_gpio_msgs/rpi_gpio_msgs/srv
[1.240s] -- Installing: /home/lsantos/GitHub/Sandbox/RPI_led_service/install/rpi_gpio_msgs/include/rpi_gpio_msgs/rpi_gpio_msgs/srv/detail
[1.240s] -- Installing: /home/lsantos/GitHub/Sandbox/RPI_led_service/install/rpi_gpio_msgs/include/rpi_gpio_msgs/rpi_gpio_msgs/srv/detail/led_toggle__description.c
[1.240s] -- Installing: /home/lsantos/GitHub/Sandbox/RPI_led_service/install/rpi_gpio_msgs/include/rpi_gpio_msgs/rpi_gpio_msgs/srv/detail/led_toggle__functions.c
[1.240s] -- Installing: /home/lsantos/GitHub/Sandbox/RPI_led_service/install/rpi_gpio_msgs/include/rpi_gpio_msgs/rpi_gpio_msgs/srv/detail/led_toggle__type_support.h
[1.240s] -- Installing: /home/lsantos/GitHub/Sandbox/RPI_led_service/install/rpi_gpio_msgs/include/rpi_gpio_msgs/rpi_gpio_msgs/srv/detail/led_toggle__struct.h
[1.240s] -- Installing: /home/lsantos/GitHub/Sandbox/RPI_led_service/install/rpi_gpio_msgs/include/rpi_gpio_msgs/rpi_gpio_msgs/srv/detail/led_toggle__functions.h
[1.240s] -- Installing: /home/lsantos/GitHub/Sandbox/RPI_led_service/install/rpi_gpio_msgs/include/rpi_gpio_msgs/rpi_gpio_msgs/srv/detail/led_toggle__type_support.c
[1.240s] -- Installing: /home/lsantos/GitHub/Sandbox/RPI_led_service/install/rpi_gpio_msgs/include/rpi_gpio_msgs/rpi_gpio_msgs/srv/led_toggle.h
[1.241s] -- Installing: /home/lsantos/GitHub/Sandbox/RPI_led_service/install/rpi_gpio_msgs/include/rpi_gpio_msgs/rpi_gpio_msgs/msg
[1.241s] -- Installing: /home/lsantos/GitHub/Sandbox/RPI_led_service/install/rpi_gpio_msgs/include/rpi_gpio_msgs/rpi_gpio_msgs/msg/rosidl_generator_c__visibility_control.h
[1.241s] -- Installing: /home/lsantos/GitHub/Sandbox/RPI_led_service/install/rpi_gpio_msgs/share/rpi_gpio_msgs/environment/library_path.sh
[1.241s] -- Installing: /home/lsantos/GitHub/Sandbox/RPI_led_service/install/rpi_gpio_msgs/share/rpi_gpio_msgs/environment/library_path.dsv
[1.241s] -- Installing: /home/lsantos/GitHub/Sandbox/RPI_led_service/install/rpi_gpio_msgs/lib/librpi_gpio_msgs__rosidl_generator_c.so
[1.241s] -- Set runtime path of "/home/lsantos/GitHub/Sandbox/RPI_led_service/install/rpi_gpio_msgs/lib/librpi_gpio_msgs__rosidl_generator_c.so" to ""
[1.241s] -- Up-to-date: /home/lsantos/GitHub/Sandbox/RPI_led_service/install/rpi_gpio_msgs/include/rpi_gpio_msgs/rpi_gpio_msgs
[1.241s] -- Up-to-date: /home/lsantos/GitHub/Sandbox/RPI_led_service/install/rpi_gpio_msgs/include/rpi_gpio_msgs/rpi_gpio_msgs/srv
[1.241s] -- Up-to-date: /home/lsantos/GitHub/Sandbox/RPI_led_service/install/rpi_gpio_msgs/include/rpi_gpio_msgs/rpi_gpio_msgs/srv/detail
[1.241s] -- Installing: /home/lsantos/GitHub/Sandbox/RPI_led_service/install/rpi_gpio_msgs/include/rpi_gpio_msgs/rpi_gpio_msgs/srv/detail/led_toggle__rosidl_typesupport_fastrtps_c.h
[1.241s] -- Up-to-date: /home/lsantos/GitHub/Sandbox/RPI_led_service/install/rpi_gpio_msgs/include/rpi_gpio_msgs/rpi_gpio_msgs/msg
[1.241s] -- Installing: /home/lsantos/GitHub/Sandbox/RPI_led_service/install/rpi_gpio_msgs/include/rpi_gpio_msgs/rpi_gpio_msgs/msg/rosidl_typesupport_fastrtps_c__visibility_control.h
[1.241s] -- Installing: /home/lsantos/GitHub/Sandbox/RPI_led_service/install/rpi_gpio_msgs/lib/librpi_gpio_msgs__rosidl_typesupport_fastrtps_c.so
[1.241s] -- Set runtime path of "/home/lsantos/GitHub/Sandbox/RPI_led_service/install/rpi_gpio_msgs/lib/librpi_gpio_msgs__rosidl_typesupport_fastrtps_c.so" to ""
[1.241s] -- Up-to-date: /home/lsantos/GitHub/Sandbox/RPI_led_service/install/rpi_gpio_msgs/include/rpi_gpio_msgs/rpi_gpio_msgs
[1.242s] -- Up-to-date: /home/lsantos/GitHub/Sandbox/RPI_led_service/install/rpi_gpio_msgs/include/rpi_gpio_msgs/rpi_gpio_msgs/srv
[1.242s] -- Up-to-date: /home/lsantos/GitHub/Sandbox/RPI_led_service/install/rpi_gpio_msgs/include/rpi_gpio_msgs/rpi_gpio_msgs/srv/detail
[1.242s] -- Installing: /home/lsantos/GitHub/Sandbox/RPI_led_service/install/rpi_gpio_msgs/include/rpi_gpio_msgs/rpi_gpio_msgs/srv/detail/led_toggle__struct.hpp
[1.242s] -- Installing: /home/lsantos/GitHub/Sandbox/RPI_led_service/install/rpi_gpio_msgs/include/rpi_gpio_msgs/rpi_gpio_msgs/srv/detail/led_toggle__traits.hpp
[1.242s] -- Installing: /home/lsantos/GitHub/Sandbox/RPI_led_service/install/rpi_gpio_msgs/include/rpi_gpio_msgs/rpi_gpio_msgs/srv/detail/led_toggle__builder.hpp
[1.242s] -- Installing: /home/lsantos/GitHub/Sandbox/RPI_led_service/install/rpi_gpio_msgs/include/rpi_gpio_msgs/rpi_gpio_msgs/srv/led_toggle.hpp
[1.242s] -- Up-to-date: /home/lsantos/GitHub/Sandbox/RPI_led_service/install/rpi_gpio_msgs/include/rpi_gpio_msgs/rpi_gpio_msgs
[1.242s] -- Up-to-date: /home/lsantos/GitHub/Sandbox/RPI_led_service/install/rpi_gpio_msgs/include/rpi_gpio_msgs/rpi_gpio_msgs/srv
[1.242s] -- Up-to-date: /home/lsantos/GitHub/Sandbox/RPI_led_service/install/rpi_gpio_msgs/include/rpi_gpio_msgs/rpi_gpio_msgs/srv/detail
[1.242s] -- Installing: /home/lsantos/GitHub/Sandbox/RPI_led_service/install/rpi_gpio_msgs/include/rpi_gpio_msgs/rpi_gpio_msgs/srv/detail/led_toggle__rosidl_typesupport_fastrtps_cpp.hpp
[1.242s] -- Installing: /home/lsantos/GitHub/Sandbox/RPI_led_service/install/rpi_gpio_msgs/include/rpi_gpio_msgs/rpi_gpio_msgs/srv/detail/dds_fastrtps
[1.242s] -- Up-to-date: /home/lsantos/GitHub/Sandbox/RPI_led_service/install/rpi_gpio_msgs/include/rpi_gpio_msgs/rpi_gpio_msgs/msg
[1.242s] -- Installing: /home/lsantos/GitHub/Sandbox/RPI_led_service/install/rpi_gpio_msgs/include/rpi_gpio_msgs/rpi_gpio_msgs/msg/rosidl_typesupport_fastrtps_cpp__visibility_control.h
[1.242s] -- Installing: /home/lsantos/GitHub/Sandbox/RPI_led_service/install/rpi_gpio_msgs/lib/librpi_gpio_msgs__rosidl_typesupport_fastrtps_cpp.so
[1.242s] -- Set runtime path of "/home/lsantos/GitHub/Sandbox/RPI_led_service/install/rpi_gpio_msgs/lib/librpi_gpio_msgs__rosidl_typesupport_fastrtps_cpp.so" to ""
[1.243s] -- Up-to-date: /home/lsantos/GitHub/Sandbox/RPI_led_service/install/rpi_gpio_msgs/include/rpi_gpio_msgs/rpi_gpio_msgs
[1.243s] -- Up-to-date: /home/lsantos/GitHub/Sandbox/RPI_led_service/install/rpi_gpio_msgs/include/rpi_gpio_msgs/rpi_gpio_msgs/srv
[1.243s] -- Up-to-date: /home/lsantos/GitHub/Sandbox/RPI_led_service/install/rpi_gpio_msgs/include/rpi_gpio_msgs/rpi_gpio_msgs/srv/detail
[1.243s] -- Installing: /home/lsantos/GitHub/Sandbox/RPI_led_service/install/rpi_gpio_msgs/include/rpi_gpio_msgs/rpi_gpio_msgs/srv/detail/led_toggle__rosidl_typesupport_introspection_c.h
[1.243s] -- Installing: /home/lsantos/GitHub/Sandbox/RPI_led_service/install/rpi_gpio_msgs/include/rpi_gpio_msgs/rpi_gpio_msgs/srv/detail/led_toggle__type_support.c
[1.243s] -- Up-to-date: /home/lsantos/GitHub/Sandbox/RPI_led_service/install/rpi_gpio_msgs/include/rpi_gpio_msgs/rpi_gpio_msgs/msg
[1.243s] -- Installing: /home/lsantos/GitHub/Sandbox/RPI_led_service/install/rpi_gpio_msgs/include/rpi_gpio_msgs/rpi_gpio_msgs/msg/rosidl_typesupport_introspection_c__visibility_control.h
[1.243s] -- Installing: /home/lsantos/GitHub/Sandbox/RPI_led_service/install/rpi_gpio_msgs/lib/librpi_gpio_msgs__rosidl_typesupport_introspection_c.so
[1.243s] -- Set runtime path of "/home/lsantos/GitHub/Sandbox/RPI_led_service/install/rpi_gpio_msgs/lib/librpi_gpio_msgs__rosidl_typesupport_introspection_c.so" to ""
[1.243s] -- Installing: /home/lsantos/GitHub/Sandbox/RPI_led_service/install/rpi_gpio_msgs/lib/librpi_gpio_msgs__rosidl_typesupport_c.so
[1.243s] -- Set runtime path of "/home/lsantos/GitHub/Sandbox/RPI_led_service/install/rpi_gpio_msgs/lib/librpi_gpio_msgs__rosidl_typesupport_c.so" to ""
[1.243s] -- Up-to-date: /home/lsantos/GitHub/Sandbox/RPI_led_service/install/rpi_gpio_msgs/include/rpi_gpio_msgs/rpi_gpio_msgs
[1.243s] -- Up-to-date: /home/lsantos/GitHub/Sandbox/RPI_led_service/install/rpi_gpio_msgs/include/rpi_gpio_msgs/rpi_gpio_msgs/srv
[1.243s] -- Up-to-date: /home/lsantos/GitHub/Sandbox/RPI_led_service/install/rpi_gpio_msgs/include/rpi_gpio_msgs/rpi_gpio_msgs/srv/detail
[1.243s] -- Installing: /home/lsantos/GitHub/Sandbox/RPI_led_service/install/rpi_gpio_msgs/include/rpi_gpio_msgs/rpi_gpio_msgs/srv/detail/led_toggle__type_support.cpp
[1.243s] -- Installing: /home/lsantos/GitHub/Sandbox/RPI_led_service/install/rpi_gpio_msgs/include/rpi_gpio_msgs/rpi_gpio_msgs/srv/detail/led_toggle__rosidl_typesupport_introspection_cpp.hpp
[1.243s] -- Installing: /home/lsantos/GitHub/Sandbox/RPI_led_service/install/rpi_gpio_msgs/lib/librpi_gpio_msgs__rosidl_typesupport_introspection_cpp.so
[1.243s] -- Set runtime path of "/home/lsantos/GitHub/Sandbox/RPI_led_service/install/rpi_gpio_msgs/lib/librpi_gpio_msgs__rosidl_typesupport_introspection_cpp.so" to ""
[1.244s] -- Installing: /home/lsantos/GitHub/Sandbox/RPI_led_service/install/rpi_gpio_msgs/lib/librpi_gpio_msgs__rosidl_typesupport_cpp.so
[1.244s] -- Set runtime path of "/home/lsantos/GitHub/Sandbox/RPI_led_service/install/rpi_gpio_msgs/lib/librpi_gpio_msgs__rosidl_typesupport_cpp.so" to ""
[1.244s] -- Installing: /home/lsantos/GitHub/Sandbox/RPI_led_service/install/rpi_gpio_msgs/share/rpi_gpio_msgs/environment/pythonpath.sh
[1.244s] -- Installing: /home/lsantos/GitHub/Sandbox/RPI_led_service/install/rpi_gpio_msgs/share/rpi_gpio_msgs/environment/pythonpath.dsv
[1.244s] -- Installing: /home/lsantos/GitHub/Sandbox/RPI_led_service/install/rpi_gpio_msgs/lib/python3.10/site-packages/rpi_gpio_msgs-0.0.0-py3.10.egg-info
[1.244s] -- Installing: /home/lsantos/GitHub/Sandbox/RPI_led_service/install/rpi_gpio_msgs/lib/python3.10/site-packages/rpi_gpio_msgs-0.0.0-py3.10.egg-info/dependency_links.txt
[1.244s] -- Installing: /home/lsantos/GitHub/Sandbox/RPI_led_service/install/rpi_gpio_msgs/lib/python3.10/site-packages/rpi_gpio_msgs-0.0.0-py3.10.egg-info/SOURCES.txt
[1.244s] -- Installing: /home/lsantos/GitHub/Sandbox/RPI_led_service/install/rpi_gpio_msgs/lib/python3.10/site-packages/rpi_gpio_msgs-0.0.0-py3.10.egg-info/top_level.txt
[1.244s] -- Installing: /home/lsantos/GitHub/Sandbox/RPI_led_service/install/rpi_gpio_msgs/lib/python3.10/site-packages/rpi_gpio_msgs-0.0.0-py3.10.egg-info/PKG-INFO
[1.244s] -- Installing: /home/lsantos/GitHub/Sandbox/RPI_led_service/install/rpi_gpio_msgs/lib/python3.10/site-packages/rpi_gpio_msgs
[1.244s] -- Installing: /home/lsantos/GitHub/Sandbox/RPI_led_service/install/rpi_gpio_msgs/lib/python3.10/site-packages/rpi_gpio_msgs/_rpi_gpio_msgs_s.ep.rosidl_typesupport_c.c
[1.244s] -- Installing: /home/lsantos/GitHub/Sandbox/RPI_led_service/install/rpi_gpio_msgs/lib/python3.10/site-packages/rpi_gpio_msgs/librpi_gpio_msgs__rosidl_generator_py.so
[1.244s] -- Installing: /home/lsantos/GitHub/Sandbox/RPI_led_service/install/rpi_gpio_msgs/lib/python3.10/site-packages/rpi_gpio_msgs/_rpi_gpio_msgs_s.ep.rosidl_typesupport_introspection_c.c
[1.244s] -- Installing: /home/lsantos/GitHub/Sandbox/RPI_led_service/install/rpi_gpio_msgs/lib/python3.10/site-packages/rpi_gpio_msgs/rpi_gpio_msgs_s__rosidl_typesupport_c.cpython-310-x86_64-linux-gnu.so
[1.244s] -- Installing: /home/lsantos/GitHub/Sandbox/RPI_led_service/install/rpi_gpio_msgs/lib/python3.10/site-packages/rpi_gpio_msgs/rpi_gpio_msgs_s__rosidl_typesupport_fastrtps_c.cpython-310-x86_64-linux-gnu.so
[1.244s] -- Installing: /home/lsantos/GitHub/Sandbox/RPI_led_service/install/rpi_gpio_msgs/lib/python3.10/site-packages/rpi_gpio_msgs/srv
[1.244s] -- Installing: /home/lsantos/GitHub/Sandbox/RPI_led_service/install/rpi_gpio_msgs/lib/python3.10/site-packages/rpi_gpio_msgs/srv/_led_toggle_s.c
[1.244s] -- Installing: /home/lsantos/GitHub/Sandbox/RPI_led_service/install/rpi_gpio_msgs/lib/python3.10/site-packages/rpi_gpio_msgs/srv/__init__.py
[1.244s] -- Installing: /home/lsantos/GitHub/Sandbox/RPI_led_service/install/rpi_gpio_msgs/lib/python3.10/site-packages/rpi_gpio_msgs/srv/_led_toggle.py
[1.244s] -- Installing: /home/lsantos/GitHub/Sandbox/RPI_led_service/install/rpi_gpio_msgs/lib/python3.10/site-packages/rpi_gpio_msgs/_rpi_gpio_msgs_s.ep.rosidl_typesupport_fastrtps_c.c
[1.244s] -- Installing: /home/lsantos/GitHub/Sandbox/RPI_led_service/install/rpi_gpio_msgs/lib/python3.10/site-packages/rpi_gpio_msgs/rpi_gpio_msgs_s__rosidl_typesupport_introspection_c.cpython-310-x86_64-linux-gnu.so
[1.244s] -- Installing: /home/lsantos/GitHub/Sandbox/RPI_led_service/install/rpi_gpio_msgs/lib/python3.10/site-packages/rpi_gpio_msgs/__init__.py
[1.260s] Listing '/home/lsantos/GitHub/Sandbox/RPI_led_service/install/rpi_gpio_msgs/lib/python3.10/site-packages/rpi_gpio_msgs'...
[1.260s] Compiling '/home/lsantos/GitHub/Sandbox/RPI_led_service/install/rpi_gpio_msgs/lib/python3.10/site-packages/rpi_gpio_msgs/__init__.py'...
[1.260s] Listing '/home/lsantos/GitHub/Sandbox/RPI_led_service/install/rpi_gpio_msgs/lib/python3.10/site-packages/rpi_gpio_msgs/srv'...
[1.260s] Compiling '/home/lsantos/GitHub/Sandbox/RPI_led_service/install/rpi_gpio_msgs/lib/python3.10/site-packages/rpi_gpio_msgs/srv/__init__.py'...
[1.260s] Compiling '/home/lsantos/GitHub/Sandbox/RPI_led_service/install/rpi_gpio_msgs/lib/python3.10/site-packages/rpi_gpio_msgs/srv/_led_toggle.py'...
[1.262s] -- Installing: /home/lsantos/GitHub/Sandbox/RPI_led_service/install/rpi_gpio_msgs/lib/python3.10/site-packages/rpi_gpio_msgs/rpi_gpio_msgs_s__rosidl_typesupport_fastrtps_c.cpython-310-x86_64-linux-gnu.so
[1.262s] -- Set runtime path of "/home/lsantos/GitHub/Sandbox/RPI_led_service/install/rpi_gpio_msgs/lib/python3.10/site-packages/rpi_gpio_msgs/rpi_gpio_msgs_s__rosidl_typesupport_fastrtps_c.cpython-310-x86_64-linux-gnu.so" to ""
[1.262s] -- Installing: /home/lsantos/GitHub/Sandbox/RPI_led_service/install/rpi_gpio_msgs/lib/python3.10/site-packages/rpi_gpio_msgs/rpi_gpio_msgs_s__rosidl_typesupport_introspection_c.cpython-310-x86_64-linux-gnu.so
[1.262s] -- Set runtime path of "/home/lsantos/GitHub/Sandbox/RPI_led_service/install/rpi_gpio_msgs/lib/python3.10/site-packages/rpi_gpio_msgs/rpi_gpio_msgs_s__rosidl_typesupport_introspection_c.cpython-310-x86_64-linux-gnu.so" to ""
[1.262s] -- Installing: /home/lsantos/GitHub/Sandbox/RPI_led_service/install/rpi_gpio_msgs/lib/python3.10/site-packages/rpi_gpio_msgs/rpi_gpio_msgs_s__rosidl_typesupport_c.cpython-310-x86_64-linux-gnu.so
[1.263s] -- Set runtime path of "/home/lsantos/GitHub/Sandbox/RPI_led_service/install/rpi_gpio_msgs/lib/python3.10/site-packages/rpi_gpio_msgs/rpi_gpio_msgs_s__rosidl_typesupport_c.cpython-310-x86_64-linux-gnu.so" to ""
[1.263s] -- Installing: /home/lsantos/GitHub/Sandbox/RPI_led_service/install/rpi_gpio_msgs/lib/librpi_gpio_msgs__rosidl_generator_py.so
[1.263s] -- Set runtime path of "/home/lsantos/GitHub/Sandbox/RPI_led_service/install/rpi_gpio_msgs/lib/librpi_gpio_msgs__rosidl_generator_py.so" to ""
[1.263s] -- Installing: /home/lsantos/GitHub/Sandbox/RPI_led_service/install/rpi_gpio_msgs/share/rpi_gpio_msgs/srv/LEDToggle.idl
[1.263s] -- Installing: /home/lsantos/GitHub/Sandbox/RPI_led_service/install/rpi_gpio_msgs/share/rpi_gpio_msgs/srv/LEDToggle.srv
[1.263s] -- Installing: /home/lsantos/GitHub/Sandbox/RPI_led_service/install/rpi_gpio_msgs/share/rpi_gpio_msgs/srv/LEDToggle_Request.msg
[1.263s] -- Installing: /home/lsantos/GitHub/Sandbox/RPI_led_service/install/rpi_gpio_msgs/share/rpi_gpio_msgs/srv/LEDToggle_Response.msg
[1.263s] -- Installing: /home/lsantos/GitHub/Sandbox/RPI_led_service/install/rpi_gpio_msgs/share/ament_index/resource_index/package_run_dependencies/rpi_gpio_msgs
[1.263s] -- Installing: /home/lsantos/GitHub/Sandbox/RPI_led_service/install/rpi_gpio_msgs/share/ament_index/resource_index/parent_prefix_path/rpi_gpio_msgs
[1.263s] -- Installing: /home/lsantos/GitHub/Sandbox/RPI_led_service/install/rpi_gpio_msgs/share/rpi_gpio_msgs/environment/ament_prefix_path.sh
[1.263s] -- Installing: /home/lsantos/GitHub/Sandbox/RPI_led_service/install/rpi_gpio_msgs/share/rpi_gpio_msgs/environment/ament_prefix_path.dsv
[1.263s] -- Installing: /home/lsantos/GitHub/Sandbox/RPI_led_service/install/rpi_gpio_msgs/share/rpi_gpio_msgs/environment/path.sh
[1.263s] -- Installing: /home/lsantos/GitHub/Sandbox/RPI_led_service/install/rpi_gpio_msgs/share/rpi_gpio_msgs/environment/path.dsv
[1.263s] -- Installing: /home/lsantos/GitHub/Sandbox/RPI_led_service/install/rpi_gpio_msgs/share/rpi_gpio_msgs/local_setup.bash
[1.263s] -- Installing: /home/lsantos/GitHub/Sandbox/RPI_led_service/install/rpi_gpio_msgs/share/rpi_gpio_msgs/local_setup.sh
[1.263s] -- Installing: /home/lsantos/GitHub/Sandbox/RPI_led_service/install/rpi_gpio_msgs/share/rpi_gpio_msgs/local_setup.zsh
[1.263s] -- Installing: /home/lsantos/GitHub/Sandbox/RPI_led_service/install/rpi_gpio_msgs/share/rpi_gpio_msgs/local_setup.dsv
[1.263s] -- Installing: /home/lsantos/GitHub/Sandbox/RPI_led_service/install/rpi_gpio_msgs/share/rpi_gpio_msgs/package.dsv
[1.263s] -- Installing: /home/lsantos/GitHub/Sandbox/RPI_led_service/install/rpi_gpio_msgs/share/ament_index/resource_index/packages/rpi_gpio_msgs
[1.263s] -- Installing: /home/lsantos/GitHub/Sandbox/RPI_led_service/install/rpi_gpio_msgs/share/rpi_gpio_msgs/cmake/export_rpi_gpio_msgs__rosidl_generator_cExport.cmake
[1.263s] -- Installing: /home/lsantos/GitHub/Sandbox/RPI_led_service/install/rpi_gpio_msgs/share/rpi_gpio_msgs/cmake/export_rpi_gpio_msgs__rosidl_generator_cExport-noconfig.cmake
[1.263s] -- Installing: /home/lsantos/GitHub/Sandbox/RPI_led_service/install/rpi_gpio_msgs/share/rpi_gpio_msgs/cmake/export_rpi_gpio_msgs__rosidl_typesupport_fastrtps_cExport.cmake
[1.263s] -- Installing: /home/lsantos/GitHub/Sandbox/RPI_led_service/install/rpi_gpio_msgs/share/rpi_gpio_msgs/cmake/export_rpi_gpio_msgs__rosidl_typesupport_fastrtps_cExport-noconfig.cmake
[1.264s] -- Installing: /home/lsantos/GitHub/Sandbox/RPI_led_service/install/rpi_gpio_msgs/share/rpi_gpio_msgs/cmake/export_rpi_gpio_msgs__rosidl_generator_cppExport.cmake
[1.264s] -- Installing: /home/lsantos/GitHub/Sandbox/RPI_led_service/install/rpi_gpio_msgs/share/rpi_gpio_msgs/cmake/export_rpi_gpio_msgs__rosidl_typesupport_fastrtps_cppExport.cmake
[1.264s] -- Installing: /home/lsantos/GitHub/Sandbox/RPI_led_service/install/rpi_gpio_msgs/share/rpi_gpio_msgs/cmake/export_rpi_gpio_msgs__rosidl_typesupport_fastrtps_cppExport-noconfig.cmake
[1.264s] -- Installing: /home/lsantos/GitHub/Sandbox/RPI_led_service/install/rpi_gpio_msgs/share/rpi_gpio_msgs/cmake/rpi_gpio_msgs__rosidl_typesupport_introspection_cExport.cmake
[1.264s] -- Installing: /home/lsantos/GitHub/Sandbox/RPI_led_service/install/rpi_gpio_msgs/share/rpi_gpio_msgs/cmake/rpi_gpio_msgs__rosidl_typesupport_introspection_cExport-noconfig.cmake
[1.264s] -- Installing: /home/lsantos/GitHub/Sandbox/RPI_led_service/install/rpi_gpio_msgs/share/rpi_gpio_msgs/cmake/rpi_gpio_msgs__rosidl_typesupport_cExport.cmake
[1.264s] -- Installing: /home/lsantos/GitHub/Sandbox/RPI_led_service/install/rpi_gpio_msgs/share/rpi_gpio_msgs/cmake/rpi_gpio_msgs__rosidl_typesupport_cExport-noconfig.cmake
[1.264s] -- Installing: /home/lsantos/GitHub/Sandbox/RPI_led_service/install/rpi_gpio_msgs/share/rpi_gpio_msgs/cmake/rpi_gpio_msgs__rosidl_typesupport_introspection_cppExport.cmake
[1.264s] -- Installing: /home/lsantos/GitHub/Sandbox/RPI_led_service/install/rpi_gpio_msgs/share/rpi_gpio_msgs/cmake/rpi_gpio_msgs__rosidl_typesupport_introspection_cppExport-noconfig.cmake
[1.264s] -- Installing: /home/lsantos/GitHub/Sandbox/RPI_led_service/install/rpi_gpio_msgs/share/rpi_gpio_msgs/cmake/rpi_gpio_msgs__rosidl_typesupport_cppExport.cmake
[1.264s] -- Installing: /home/lsantos/GitHub/Sandbox/RPI_led_service/install/rpi_gpio_msgs/share/rpi_gpio_msgs/cmake/rpi_gpio_msgs__rosidl_typesupport_cppExport-noconfig.cmake
[1.264s] -- Installing: /home/lsantos/GitHub/Sandbox/RPI_led_service/install/rpi_gpio_msgs/share/rpi_gpio_msgs/cmake/export_rpi_gpio_msgs__rosidl_generator_pyExport.cmake
[1.264s] -- Installing: /home/lsantos/GitHub/Sandbox/RPI_led_service/install/rpi_gpio_msgs/share/rpi_gpio_msgs/cmake/export_rpi_gpio_msgs__rosidl_generator_pyExport-noconfig.cmake
[1.264s] -- Installing: /home/lsantos/GitHub/Sandbox/RPI_led_service/install/rpi_gpio_msgs/share/rpi_gpio_msgs/cmake/rosidl_cmake-extras.cmake
[1.264s] -- Installing: /home/lsantos/GitHub/Sandbox/RPI_led_service/install/rpi_gpio_msgs/share/rpi_gpio_msgs/cmake/ament_cmake_export_dependencies-extras.cmake
[1.264s] -- Installing: /home/lsantos/GitHub/Sandbox/RPI_led_service/install/rpi_gpio_msgs/share/rpi_gpio_msgs/cmake/ament_cmake_export_include_directories-extras.cmake
[1.264s] -- Installing: /home/lsantos/GitHub/Sandbox/RPI_led_service/install/rpi_gpio_msgs/share/rpi_gpio_msgs/cmake/ament_cmake_export_libraries-extras.cmake
[1.264s] -- Installing: /home/lsantos/GitHub/Sandbox/RPI_led_service/install/rpi_gpio_msgs/share/rpi_gpio_msgs/cmake/ament_cmake_export_targets-extras.cmake
[1.264s] -- Installing: /home/lsantos/GitHub/Sandbox/RPI_led_service/install/rpi_gpio_msgs/share/rpi_gpio_msgs/cmake/rosidl_cmake_export_typesupport_targets-extras.cmake
[1.264s] -- Installing: /home/lsantos/GitHub/Sandbox/RPI_led_service/install/rpi_gpio_msgs/share/rpi_gpio_msgs/cmake/rosidl_cmake_export_typesupport_libraries-extras.cmake
[1.264s] -- Installing: /home/lsantos/GitHub/Sandbox/RPI_led_service/install/rpi_gpio_msgs/share/rpi_gpio_msgs/cmake/rpi_gpio_msgsConfig.cmake
[1.264s] -- Installing: /home/lsantos/GitHub/Sandbox/RPI_led_service/install/rpi_gpio_msgs/share/rpi_gpio_msgs/cmake/rpi_gpio_msgsConfig-version.cmake
[1.264s] -- Installing: /home/lsantos/GitHub/Sandbox/RPI_led_service/install/rpi_gpio_msgs/share/rpi_gpio_msgs/package.xml
[1.266s] Invoked command in '/home/lsantos/GitHub/Sandbox/RPI_led_service/build/rpi_gpio_msgs' returned '0': CMAKE_PREFIX_PATH=/opt/ros/iron /usr/bin/cmake --install /home/lsantos/GitHub/Sandbox/RPI_led_service/build/rpi_gpio_msgs
