[4.198s] DEBUG:colcon:Command line arguments: ['/usr/bin/colcon', 'build']
[4.198s] DEBUG:colcon:Parsed command line arguments: Namespace(log_base=None, log_level=None, verb_name='build', build_base='build', install_base='install', merge_install=False, symlink_install=False, test_result_base=None, continue_on_error=False, executor='parallel', parallel_workers=4, event_handlers=None, ignore_user_meta=False, metas=['./colcon.meta'], base_paths=['.'], packages_ignore=None, packages_ignore_regex=None, paths=None, packages_up_to=None, packages_up_to_regex=None, packages_above=None, packages_above_and_dependencies=None, packages_above_depth=None, packages_select_by_dep=None, packages_skip_by_dep=None, packages_skip_up_to=None, packages_select_build_failed=False, packages_skip_build_finished=False, packages_select_test_failures=False, packages_skip_test_passed=False, packages_select=None, packages_skip=None, packages_select_regex=None, packages_skip_regex=None, packages_start=None, packages_end=None, allow_overriding=[], cmake_args=None, cmake_target=None, cmake_target_skip_unavailable=False, cmake_clean_cache=False, cmake_clean_first=False, cmake_force_configure=False, ament_cmake_args=None, catkin_cmake_args=None, catkin_skip_building_tests=False, verb_parser=<colcon_defaults.argument_parser.defaults.DefaultArgumentsDecorator object at 0xffff829612d0>, verb_extension=<colcon_core.verb.build.BuildVerb object at 0xffff82e33c40>, main=<bound method BuildVerb.main of <colcon_core.verb.build.BuildVerb object at 0xffff82e33c40>>)
[4.395s] Level 1:colcon.colcon_core.package_discovery:discover_packages(colcon_meta) check parameters
[4.396s] Level 1:colcon.colcon_core.package_discovery:discover_packages(recursive) check parameters
[4.396s] Level 1:colcon.colcon_core.package_discovery:discover_packages(ignore) check parameters
[4.396s] Level 1:colcon.colcon_core.package_discovery:discover_packages(path) check parameters
[4.396s] Level 1:colcon.colcon_core.package_discovery:discover_packages(colcon_meta) discover
[4.396s] Level 1:colcon.colcon_core.package_discovery:discover_packages(recursive) discover
[4.397s] INFO:colcon.colcon_core.package_discovery:Crawling recursively for packages in '/home/pi/Sandbox/RPI_led_service'
[4.397s] Level 1:colcon.colcon_core.package_identification:_identify(.) by extensions ['ignore', 'ignore_ament_install']
[4.398s] Level 1:colcon.colcon_core.package_identification:_identify(.) by extension 'ignore'
[4.398s] Level 1:colcon.colcon_core.package_identification:_identify(.) by extension 'ignore_ament_install'
[4.398s] Level 1:colcon.colcon_core.package_identification:_identify(.) by extensions ['colcon_pkg']
[4.398s] Level 1:colcon.colcon_core.package_identification:_identify(.) by extension 'colcon_pkg'
[4.398s] Level 1:colcon.colcon_core.package_identification:_identify(.) by extensions ['colcon_meta']
[4.399s] Level 1:colcon.colcon_core.package_identification:_identify(.) by extension 'colcon_meta'
[4.399s] Level 1:colcon.colcon_core.package_identification:_identify(.) by extensions ['ros']
[4.399s] Level 1:colcon.colcon_core.package_identification:_identify(.) by extension 'ros'
[4.456s] Level 1:colcon.colcon_core.package_identification:_identify(.) by extensions ['cmake', 'python']
[4.457s] Level 1:colcon.colcon_core.package_identification:_identify(.) by extension 'cmake'
[4.457s] Level 1:colcon.colcon_core.package_identification:_identify(.) by extension 'python'
[4.457s] Level 1:colcon.colcon_core.package_identification:_identify(.) by extensions ['python_setup_py']
[4.458s] Level 1:colcon.colcon_core.package_identification:_identify(.) by extension 'python_setup_py'
[4.458s] Level 1:colcon.colcon_core.package_identification:_identify(build) by extensions ['ignore', 'ignore_ament_install']
[4.459s] Level 1:colcon.colcon_core.package_identification:_identify(build) by extension 'ignore'
[4.459s] Level 1:colcon.colcon_core.package_identification:_identify(build) ignored
[4.460s] Level 1:colcon.colcon_core.package_identification:_identify(install) by extensions ['ignore', 'ignore_ament_install']
[4.461s] Level 1:colcon.colcon_core.package_identification:_identify(install) by extension 'ignore'
[4.462s] Level 1:colcon.colcon_core.package_identification:_identify(install) ignored
[4.463s] Level 1:colcon.colcon_core.package_identification:_identify(log) by extensions ['ignore', 'ignore_ament_install']
[4.463s] Level 1:colcon.colcon_core.package_identification:_identify(log) by extension 'ignore'
[4.464s] Level 1:colcon.colcon_core.package_identification:_identify(log) ignored
[4.464s] Level 1:colcon.colcon_core.package_identification:_identify(src) by extensions ['ignore', 'ignore_ament_install']
[4.465s] Level 1:colcon.colcon_core.package_identification:_identify(src) by extension 'ignore'
[4.465s] Level 1:colcon.colcon_core.package_identification:_identify(src) by extension 'ignore_ament_install'
[4.466s] Level 1:colcon.colcon_core.package_identification:_identify(src) by extensions ['colcon_pkg']
[4.466s] Level 1:colcon.colcon_core.package_identification:_identify(src) by extension 'colcon_pkg'
[4.466s] Level 1:colcon.colcon_core.package_identification:_identify(src) by extensions ['colcon_meta']
[4.467s] Level 1:colcon.colcon_core.package_identification:_identify(src) by extension 'colcon_meta'
[4.467s] Level 1:colcon.colcon_core.package_identification:_identify(src) by extensions ['ros']
[4.467s] Level 1:colcon.colcon_core.package_identification:_identify(src) by extension 'ros'
[4.468s] Level 1:colcon.colcon_core.package_identification:_identify(src) by extensions ['cmake', 'python']
[4.468s] Level 1:colcon.colcon_core.package_identification:_identify(src) by extension 'cmake'
[4.468s] Level 1:colcon.colcon_core.package_identification:_identify(src) by extension 'python'
[4.469s] Level 1:colcon.colcon_core.package_identification:_identify(src) by extensions ['python_setup_py']
[4.469s] Level 1:colcon.colcon_core.package_identification:_identify(src) by extension 'python_setup_py'
[4.470s] Level 1:colcon.colcon_core.package_identification:_identify(src/rpi_LCD_control) by extensions ['ignore', 'ignore_ament_install']
[4.470s] Level 1:colcon.colcon_core.package_identification:_identify(src/rpi_LCD_control) by extension 'ignore'
[4.471s] Level 1:colcon.colcon_core.package_identification:_identify(src/rpi_LCD_control) by extension 'ignore_ament_install'
[4.471s] Level 1:colcon.colcon_core.package_identification:_identify(src/rpi_LCD_control) by extensions ['colcon_pkg']
[4.472s] Level 1:colcon.colcon_core.package_identification:_identify(src/rpi_LCD_control) by extension 'colcon_pkg'
[4.472s] Level 1:colcon.colcon_core.package_identification:_identify(src/rpi_LCD_control) by extensions ['colcon_meta']
[4.472s] Level 1:colcon.colcon_core.package_identification:_identify(src/rpi_LCD_control) by extension 'colcon_meta'
[4.472s] Level 1:colcon.colcon_core.package_identification:_identify(src/rpi_LCD_control) by extensions ['ros']
[4.473s] Level 1:colcon.colcon_core.package_identification:_identify(src/rpi_LCD_control) by extension 'ros'
[4.484s] DEBUG:colcon.colcon_core.package_identification:Package 'src/rpi_LCD_control' with type 'ros.ament_python' and name 'rpi_LCD_control'
[4.485s] Level 1:colcon.colcon_core.package_identification:_identify(src/rpi_gpio) by extensions ['ignore', 'ignore_ament_install']
[4.486s] Level 1:colcon.colcon_core.package_identification:_identify(src/rpi_gpio) by extension 'ignore'
[4.487s] Level 1:colcon.colcon_core.package_identification:_identify(src/rpi_gpio) by extension 'ignore_ament_install'
[4.487s] Level 1:colcon.colcon_core.package_identification:_identify(src/rpi_gpio) by extensions ['colcon_pkg']
[4.488s] Level 1:colcon.colcon_core.package_identification:_identify(src/rpi_gpio) by extension 'colcon_pkg'
[4.488s] Level 1:colcon.colcon_core.package_identification:_identify(src/rpi_gpio) by extensions ['colcon_meta']
[4.488s] Level 1:colcon.colcon_core.package_identification:_identify(src/rpi_gpio) by extension 'colcon_meta'
[4.488s] Level 1:colcon.colcon_core.package_identification:_identify(src/rpi_gpio) by extensions ['ros']
[4.489s] Level 1:colcon.colcon_core.package_identification:_identify(src/rpi_gpio) by extension 'ros'
[4.493s] DEBUG:colcon.colcon_core.package_identification:Package 'src/rpi_gpio' with type 'ros.ament_cmake' and name 'rpi_gpio'
[4.493s] Level 1:colcon.colcon_core.package_identification:_identify(src/rpi_gpio_msgs) by extensions ['ignore', 'ignore_ament_install']
[4.494s] Level 1:colcon.colcon_core.package_identification:_identify(src/rpi_gpio_msgs) by extension 'ignore'
[4.494s] Level 1:colcon.colcon_core.package_identification:_identify(src/rpi_gpio_msgs) by extension 'ignore_ament_install'
[4.495s] Level 1:colcon.colcon_core.package_identification:_identify(src/rpi_gpio_msgs) by extensions ['colcon_pkg']
[4.495s] Level 1:colcon.colcon_core.package_identification:_identify(src/rpi_gpio_msgs) by extension 'colcon_pkg'
[4.495s] Level 1:colcon.colcon_core.package_identification:_identify(src/rpi_gpio_msgs) by extensions ['colcon_meta']
[4.496s] Level 1:colcon.colcon_core.package_identification:_identify(src/rpi_gpio_msgs) by extension 'colcon_meta'
[4.496s] Level 1:colcon.colcon_core.package_identification:_identify(src/rpi_gpio_msgs) by extensions ['ros']
[4.496s] Level 1:colcon.colcon_core.package_identification:_identify(src/rpi_gpio_msgs) by extension 'ros'
[4.500s] DEBUG:colcon.colcon_core.package_identification:Package 'src/rpi_gpio_msgs' with type 'ros.ament_cmake' and name 'rpi_gpio_msgs'
[4.500s] Level 1:colcon.colcon_core.package_discovery:discover_packages(recursive) using defaults
[4.500s] Level 1:colcon.colcon_core.package_discovery:discover_packages(ignore) discover
[4.501s] Level 1:colcon.colcon_core.package_discovery:discover_packages(ignore) using defaults
[4.501s] Level 1:colcon.colcon_core.package_discovery:discover_packages(path) discover
[4.501s] Level 1:colcon.colcon_core.package_discovery:discover_packages(path) using defaults
[4.895s] Level 1:colcon.colcon_core.package_discovery:discover_packages(prefix_path) check parameters
[4.895s] Level 1:colcon.colcon_core.package_discovery:discover_packages(prefix_path) discover
[5.035s] DEBUG:colcon.colcon_installed_package_information.package_discovery:Found 3 installed packages in /home/pi/Sandbox/RPI_led_service/install
[5.104s] DEBUG:colcon.colcon_installed_package_information.package_discovery:Found 281 installed packages in /opt/ros/iron
[5.110s] Level 1:colcon.colcon_core.package_discovery:discover_packages(prefix_path) using defaults
[5.453s] Level 5:colcon.colcon_core.verb:set package 'rpi_gpio_msgs' build argument 'cmake_args' from command line to 'None'
[5.454s] Level 5:colcon.colcon_core.verb:set package 'rpi_gpio_msgs' build argument 'cmake_target' from command line to 'None'
[5.454s] Level 5:colcon.colcon_core.verb:set package 'rpi_gpio_msgs' build argument 'cmake_target_skip_unavailable' from command line to 'False'
[5.454s] Level 5:colcon.colcon_core.verb:set package 'rpi_gpio_msgs' build argument 'cmake_clean_cache' from command line to 'False'
[5.454s] Level 5:colcon.colcon_core.verb:set package 'rpi_gpio_msgs' build argument 'cmake_clean_first' from command line to 'False'
[5.454s] Level 5:colcon.colcon_core.verb:set package 'rpi_gpio_msgs' build argument 'cmake_force_configure' from command line to 'False'
[5.454s] Level 5:colcon.colcon_core.verb:set package 'rpi_gpio_msgs' build argument 'ament_cmake_args' from command line to 'None'
[5.454s] Level 5:colcon.colcon_core.verb:set package 'rpi_gpio_msgs' build argument 'catkin_cmake_args' from command line to 'None'
[5.455s] Level 5:colcon.colcon_core.verb:set package 'rpi_gpio_msgs' build argument 'catkin_skip_building_tests' from command line to 'False'
[5.455s] DEBUG:colcon.colcon_core.verb:Building package 'rpi_gpio_msgs' with the following arguments: {'ament_cmake_args': None, 'build_base': '/home/pi/Sandbox/RPI_led_service/build/rpi_gpio_msgs', 'catkin_cmake_args': None, 'catkin_skip_building_tests': False, 'cmake_args': None, 'cmake_clean_cache': False, 'cmake_clean_first': False, 'cmake_force_configure': False, 'cmake_target': None, 'cmake_target_skip_unavailable': False, 'install_base': '/home/pi/Sandbox/RPI_led_service/install/rpi_gpio_msgs', 'merge_install': False, 'path': '/home/pi/Sandbox/RPI_led_service/src/rpi_gpio_msgs', 'symlink_install': False, 'test_result_base': None}
[5.515s] Level 5:colcon.colcon_core.verb:set package 'rpi_LCD_control' build argument 'cmake_args' from command line to 'None'
[5.515s] Level 5:colcon.colcon_core.verb:set package 'rpi_LCD_control' build argument 'cmake_target' from command line to 'None'
[5.516s] Level 5:colcon.colcon_core.verb:set package 'rpi_LCD_control' build argument 'cmake_target_skip_unavailable' from command line to 'False'
[5.516s] Level 5:colcon.colcon_core.verb:set package 'rpi_LCD_control' build argument 'cmake_clean_cache' from command line to 'False'
[5.516s] Level 5:colcon.colcon_core.verb:set package 'rpi_LCD_control' build argument 'cmake_clean_first' from command line to 'False'
[5.516s] Level 5:colcon.colcon_core.verb:set package 'rpi_LCD_control' build argument 'cmake_force_configure' from command line to 'False'
[5.516s] Level 5:colcon.colcon_core.verb:set package 'rpi_LCD_control' build argument 'ament_cmake_args' from command line to 'None'
[5.516s] Level 5:colcon.colcon_core.verb:set package 'rpi_LCD_control' build argument 'catkin_cmake_args' from command line to 'None'
[5.516s] Level 5:colcon.colcon_core.verb:set package 'rpi_LCD_control' build argument 'catkin_skip_building_tests' from command line to 'False'
[5.516s] DEBUG:colcon.colcon_core.verb:Building package 'rpi_LCD_control' with the following arguments: {'ament_cmake_args': None, 'build_base': '/home/pi/Sandbox/RPI_led_service/build/rpi_LCD_control', 'catkin_cmake_args': None, 'catkin_skip_building_tests': False, 'cmake_args': None, 'cmake_clean_cache': False, 'cmake_clean_first': False, 'cmake_force_configure': False, 'cmake_target': None, 'cmake_target_skip_unavailable': False, 'install_base': '/home/pi/Sandbox/RPI_led_service/install/rpi_LCD_control', 'merge_install': False, 'path': '/home/pi/Sandbox/RPI_led_service/src/rpi_LCD_control', 'symlink_install': False, 'test_result_base': None}
[5.577s] Level 5:colcon.colcon_core.verb:set package 'rpi_gpio' build argument 'cmake_args' from command line to 'None'
[5.578s] Level 5:colcon.colcon_core.verb:set package 'rpi_gpio' build argument 'cmake_target' from command line to 'None'
[5.578s] Level 5:colcon.colcon_core.verb:set package 'rpi_gpio' build argument 'cmake_target_skip_unavailable' from command line to 'False'
[5.578s] Level 5:colcon.colcon_core.verb:set package 'rpi_gpio' build argument 'cmake_clean_cache' from command line to 'False'
[5.578s] Level 5:colcon.colcon_core.verb:set package 'rpi_gpio' build argument 'cmake_clean_first' from command line to 'False'
[5.578s] Level 5:colcon.colcon_core.verb:set package 'rpi_gpio' build argument 'cmake_force_configure' from command line to 'False'
[5.578s] Level 5:colcon.colcon_core.verb:set package 'rpi_gpio' build argument 'ament_cmake_args' from command line to 'None'
[5.578s] Level 5:colcon.colcon_core.verb:set package 'rpi_gpio' build argument 'catkin_cmake_args' from command line to 'None'
[5.578s] Level 5:colcon.colcon_core.verb:set package 'rpi_gpio' build argument 'catkin_skip_building_tests' from command line to 'False'
[5.579s] DEBUG:colcon.colcon_core.verb:Building package 'rpi_gpio' with the following arguments: {'ament_cmake_args': None, 'build_base': '/home/pi/Sandbox/RPI_led_service/build/rpi_gpio', 'catkin_cmake_args': None, 'catkin_skip_building_tests': False, 'cmake_args': None, 'cmake_clean_cache': False, 'cmake_clean_first': False, 'cmake_force_configure': False, 'cmake_target': None, 'cmake_target_skip_unavailable': False, 'install_base': '/home/pi/Sandbox/RPI_led_service/install/rpi_gpio', 'merge_install': False, 'path': '/home/pi/Sandbox/RPI_led_service/src/rpi_gpio', 'symlink_install': False, 'test_result_base': None}
[5.638s] INFO:colcon.colcon_core.executor:Executing jobs using 'parallel' executor
[5.700s] DEBUG:colcon.colcon_parallel_executor.executor.parallel:run_until_complete
[5.701s] INFO:colcon.colcon_ros.task.ament_cmake.build:Building ROS package in '/home/pi/Sandbox/RPI_led_service/src/rpi_gpio_msgs' with build type 'ament_cmake'
[5.702s] INFO:colcon.colcon_cmake.task.cmake.build:Building CMake package in '/home/pi/Sandbox/RPI_led_service/src/rpi_gpio_msgs'
[5.775s] INFO:colcon.colcon_core.plugin_system:Skipping extension 'colcon_core.shell.bat': Not used on non-Windows systems
[5.776s] INFO:colcon.colcon_core.shell:Skip shell extension 'powershell' for command environment: Not usable outside of PowerShell
[5.777s] DEBUG:colcon.colcon_core.shell:Skip shell extension 'dsv' for command environment
[6.047s] DEBUG:colcon.colcon_core.event_handler.log_command:Invoking command in '/home/pi/Sandbox/RPI_led_service/build/rpi_gpio_msgs': CMAKE_PREFIX_PATH=${CMAKE_PREFIX_PATH}:/home/pi/Sandbox/RPI_led_service/install/rpi_LCD_control:/opt/ros/iron /usr/bin/cmake --build /home/pi/Sandbox/RPI_led_service/build/rpi_gpio_msgs -- -j4 -l4
[8.384s] DEBUG:colcon.colcon_core.event_handler.log_command:Invoked command in '/home/pi/Sandbox/RPI_led_service/build/rpi_gpio_msgs' returned '0': CMAKE_PREFIX_PATH=${CMAKE_PREFIX_PATH}:/home/pi/Sandbox/RPI_led_service/install/rpi_LCD_control:/opt/ros/iron /usr/bin/cmake --build /home/pi/Sandbox/RPI_led_service/build/rpi_gpio_msgs -- -j4 -l4
[8.804s] DEBUG:colcon.colcon_core.event_handler.log_command:Invoking command in '/home/pi/Sandbox/RPI_led_service/build/rpi_gpio_msgs': CMAKE_PREFIX_PATH=${CMAKE_PREFIX_PATH}:/home/pi/Sandbox/RPI_led_service/install/rpi_LCD_control:/opt/ros/iron /usr/bin/cmake --install /home/pi/Sandbox/RPI_led_service/build/rpi_gpio_msgs
[9.282s] Level 1:colcon.colcon_core.environment:create_environment_scripts_only(rpi_gpio_msgs)
[9.328s] DEBUG:colcon.colcon_core.event_handler.log_command:Invoked command in '/home/pi/Sandbox/RPI_led_service/build/rpi_gpio_msgs' returned '0': CMAKE_PREFIX_PATH=${CMAKE_PREFIX_PATH}:/home/pi/Sandbox/RPI_led_service/install/rpi_LCD_control:/opt/ros/iron /usr/bin/cmake --install /home/pi/Sandbox/RPI_led_service/build/rpi_gpio_msgs
[9.432s] Level 1:colcon.colcon_core.environment:checking '/home/pi/Sandbox/RPI_led_service/install/rpi_gpio_msgs' for CMake module files
[9.436s] Level 1:colcon.colcon_core.environment:checking '/home/pi/Sandbox/RPI_led_service/install/rpi_gpio_msgs' for CMake config files
[9.441s] Level 1:colcon.colcon_core.shell:create_environment_hook('rpi_gpio_msgs', 'cmake_prefix_path')
[9.576s] INFO:colcon.colcon_core.shell:Creating environment hook '/home/pi/Sandbox/RPI_led_service/install/rpi_gpio_msgs/share/rpi_gpio_msgs/hook/cmake_prefix_path.ps1'
[9.579s] INFO:colcon.colcon_core.shell:Creating environment descriptor '/home/pi/Sandbox/RPI_led_service/install/rpi_gpio_msgs/share/rpi_gpio_msgs/hook/cmake_prefix_path.dsv'
[9.582s] INFO:colcon.colcon_core.shell:Creating environment hook '/home/pi/Sandbox/RPI_led_service/install/rpi_gpio_msgs/share/rpi_gpio_msgs/hook/cmake_prefix_path.sh'
[9.587s] Level 1:colcon.colcon_core.environment:checking '/home/pi/Sandbox/RPI_led_service/install/rpi_gpio_msgs/lib'
[9.588s] Level 1:colcon.colcon_core.shell:create_environment_hook('rpi_gpio_msgs', 'ld_library_path_lib')
[9.704s] INFO:colcon.colcon_core.shell:Creating environment hook '/home/pi/Sandbox/RPI_led_service/install/rpi_gpio_msgs/share/rpi_gpio_msgs/hook/ld_library_path_lib.ps1'
[9.707s] INFO:colcon.colcon_core.shell:Creating environment descriptor '/home/pi/Sandbox/RPI_led_service/install/rpi_gpio_msgs/share/rpi_gpio_msgs/hook/ld_library_path_lib.dsv'
[9.710s] INFO:colcon.colcon_core.shell:Creating environment hook '/home/pi/Sandbox/RPI_led_service/install/rpi_gpio_msgs/share/rpi_gpio_msgs/hook/ld_library_path_lib.sh'
[9.712s] Level 1:colcon.colcon_core.environment:checking '/home/pi/Sandbox/RPI_led_service/install/rpi_gpio_msgs/bin'
[9.713s] Level 1:colcon.colcon_core.environment:checking '/home/pi/Sandbox/RPI_led_service/install/rpi_gpio_msgs/lib/pkgconfig/rpi_gpio_msgs.pc'
[9.714s] Level 1:colcon.colcon_core.environment:checking '/home/pi/Sandbox/RPI_led_service/install/rpi_gpio_msgs/lib/python3.10/site-packages'
[9.716s] Level 1:colcon.colcon_core.shell:create_environment_hook('rpi_gpio_msgs', 'pythonpath')
[9.831s] INFO:colcon.colcon_core.shell:Creating environment hook '/home/pi/Sandbox/RPI_led_service/install/rpi_gpio_msgs/share/rpi_gpio_msgs/hook/pythonpath.ps1'
[9.834s] INFO:colcon.colcon_core.shell:Creating environment descriptor '/home/pi/Sandbox/RPI_led_service/install/rpi_gpio_msgs/share/rpi_gpio_msgs/hook/pythonpath.dsv'
[9.837s] INFO:colcon.colcon_core.shell:Creating environment hook '/home/pi/Sandbox/RPI_led_service/install/rpi_gpio_msgs/share/rpi_gpio_msgs/hook/pythonpath.sh'
[9.840s] Level 1:colcon.colcon_core.environment:checking '/home/pi/Sandbox/RPI_led_service/install/rpi_gpio_msgs/bin'
[9.958s] INFO:colcon.colcon_core.shell:Creating package script '/home/pi/Sandbox/RPI_led_service/install/rpi_gpio_msgs/share/rpi_gpio_msgs/package.ps1'
[9.963s] INFO:colcon.colcon_core.shell:Creating package descriptor '/home/pi/Sandbox/RPI_led_service/install/rpi_gpio_msgs/share/rpi_gpio_msgs/package.dsv'
[9.967s] INFO:colcon.colcon_core.shell:Creating package script '/home/pi/Sandbox/RPI_led_service/install/rpi_gpio_msgs/share/rpi_gpio_msgs/package.sh'
[9.971s] INFO:colcon.colcon_core.shell:Creating package script '/home/pi/Sandbox/RPI_led_service/install/rpi_gpio_msgs/share/rpi_gpio_msgs/package.bash'
[9.976s] INFO:colcon.colcon_core.shell:Creating package script '/home/pi/Sandbox/RPI_led_service/install/rpi_gpio_msgs/share/rpi_gpio_msgs/package.zsh'
[9.980s] Level 1:colcon.colcon_core.environment:create_file_with_runtime_dependencies(/home/pi/Sandbox/RPI_led_service/install/rpi_gpio_msgs/share/colcon-core/packages/rpi_gpio_msgs)
[10.503s] Level 1:colcon.colcon_core.environment:create_environment_scripts_only(rpi_gpio_msgs)
[10.619s] Level 1:colcon.colcon_core.environment:checking '/home/pi/Sandbox/RPI_led_service/install/rpi_gpio_msgs' for CMake module files
[10.624s] Level 1:colcon.colcon_core.environment:checking '/home/pi/Sandbox/RPI_led_service/install/rpi_gpio_msgs' for CMake config files
[10.631s] Level 1:colcon.colcon_core.shell:create_environment_hook('rpi_gpio_msgs', 'cmake_prefix_path')
[10.752s] INFO:colcon.colcon_core.shell:Creating environment hook '/home/pi/Sandbox/RPI_led_service/install/rpi_gpio_msgs/share/rpi_gpio_msgs/hook/cmake_prefix_path.ps1'
[10.756s] INFO:colcon.colcon_core.shell:Creating environment descriptor '/home/pi/Sandbox/RPI_led_service/install/rpi_gpio_msgs/share/rpi_gpio_msgs/hook/cmake_prefix_path.dsv'
[10.760s] INFO:colcon.colcon_core.shell:Creating environment hook '/home/pi/Sandbox/RPI_led_service/install/rpi_gpio_msgs/share/rpi_gpio_msgs/hook/cmake_prefix_path.sh'
[10.765s] Level 1:colcon.colcon_core.environment:checking '/home/pi/Sandbox/RPI_led_service/install/rpi_gpio_msgs/lib'
[10.766s] Level 1:colcon.colcon_core.shell:create_environment_hook('rpi_gpio_msgs', 'ld_library_path_lib')
[10.895s] INFO:colcon.colcon_core.shell:Creating environment hook '/home/pi/Sandbox/RPI_led_service/install/rpi_gpio_msgs/share/rpi_gpio_msgs/hook/ld_library_path_lib.ps1'
[10.898s] INFO:colcon.colcon_core.shell:Creating environment descriptor '/home/pi/Sandbox/RPI_led_service/install/rpi_gpio_msgs/share/rpi_gpio_msgs/hook/ld_library_path_lib.dsv'
[10.900s] INFO:colcon.colcon_core.shell:Creating environment hook '/home/pi/Sandbox/RPI_led_service/install/rpi_gpio_msgs/share/rpi_gpio_msgs/hook/ld_library_path_lib.sh'
[10.903s] Level 1:colcon.colcon_core.environment:checking '/home/pi/Sandbox/RPI_led_service/install/rpi_gpio_msgs/bin'
[10.904s] Level 1:colcon.colcon_core.environment:checking '/home/pi/Sandbox/RPI_led_service/install/rpi_gpio_msgs/lib/pkgconfig/rpi_gpio_msgs.pc'
[10.906s] Level 1:colcon.colcon_core.environment:checking '/home/pi/Sandbox/RPI_led_service/install/rpi_gpio_msgs/lib/python3.10/site-packages'
[10.906s] Level 1:colcon.colcon_core.shell:create_environment_hook('rpi_gpio_msgs', 'pythonpath')
[11.015s] INFO:colcon.colcon_core.shell:Creating environment hook '/home/pi/Sandbox/RPI_led_service/install/rpi_gpio_msgs/share/rpi_gpio_msgs/hook/pythonpath.ps1'
[11.018s] INFO:colcon.colcon_core.shell:Creating environment descriptor '/home/pi/Sandbox/RPI_led_service/install/rpi_gpio_msgs/share/rpi_gpio_msgs/hook/pythonpath.dsv'
[11.020s] INFO:colcon.colcon_core.shell:Creating environment hook '/home/pi/Sandbox/RPI_led_service/install/rpi_gpio_msgs/share/rpi_gpio_msgs/hook/pythonpath.sh'
[11.023s] Level 1:colcon.colcon_core.environment:checking '/home/pi/Sandbox/RPI_led_service/install/rpi_gpio_msgs/bin'
[11.114s] INFO:colcon.colcon_core.shell:Creating package script '/home/pi/Sandbox/RPI_led_service/install/rpi_gpio_msgs/share/rpi_gpio_msgs/package.ps1'
[11.117s] INFO:colcon.colcon_core.shell:Creating package descriptor '/home/pi/Sandbox/RPI_led_service/install/rpi_gpio_msgs/share/rpi_gpio_msgs/package.dsv'
[11.120s] INFO:colcon.colcon_core.shell:Creating package script '/home/pi/Sandbox/RPI_led_service/install/rpi_gpio_msgs/share/rpi_gpio_msgs/package.sh'
[11.123s] INFO:colcon.colcon_core.shell:Creating package script '/home/pi/Sandbox/RPI_led_service/install/rpi_gpio_msgs/share/rpi_gpio_msgs/package.bash'
[11.126s] INFO:colcon.colcon_core.shell:Creating package script '/home/pi/Sandbox/RPI_led_service/install/rpi_gpio_msgs/share/rpi_gpio_msgs/package.zsh'
[11.128s] Level 1:colcon.colcon_core.environment:create_file_with_runtime_dependencies(/home/pi/Sandbox/RPI_led_service/install/rpi_gpio_msgs/share/colcon-core/packages/rpi_gpio_msgs)
[11.131s] INFO:colcon.colcon_ros.task.ament_python.build:Building ROS package in '/home/pi/Sandbox/RPI_led_service/src/rpi_LCD_control' with build type 'ament_python'
[11.132s] Level 1:colcon.colcon_core.shell:create_environment_hook('rpi_LCD_control', 'ament_prefix_path')
[11.222s] INFO:colcon.colcon_core.shell:Creating environment hook '/home/pi/Sandbox/RPI_led_service/install/rpi_LCD_control/share/rpi_LCD_control/hook/ament_prefix_path.ps1'
[11.225s] INFO:colcon.colcon_core.shell:Creating environment descriptor '/home/pi/Sandbox/RPI_led_service/install/rpi_LCD_control/share/rpi_LCD_control/hook/ament_prefix_path.dsv'
[11.228s] INFO:colcon.colcon_core.shell:Creating environment hook '/home/pi/Sandbox/RPI_led_service/install/rpi_LCD_control/share/rpi_LCD_control/hook/ament_prefix_path.sh'
[11.395s] INFO:colcon.colcon_core.shell:Skip shell extension 'powershell' for command environment: Not usable outside of PowerShell
[11.395s] DEBUG:colcon.colcon_core.shell:Skip shell extension 'dsv' for command environment
[11.861s] INFO:colcon.colcon_ros.task.ament_cmake.build:Building ROS package in '/home/pi/Sandbox/RPI_led_service/src/rpi_gpio' with build type 'ament_cmake'
[11.862s] INFO:colcon.colcon_cmake.task.cmake.build:Building CMake package in '/home/pi/Sandbox/RPI_led_service/src/rpi_gpio'
[12.063s] INFO:colcon.colcon_core.shell:Skip shell extension 'powershell' for command environment: Not usable outside of PowerShell
[12.064s] DEBUG:colcon.colcon_core.shell:Skip shell extension 'dsv' for command environment
[15.315s] INFO:colcon.colcon_core.task.python.build:Building Python package in '/home/pi/Sandbox/RPI_led_service/src/rpi_LCD_control'
[15.457s] INFO:colcon.colcon_core.shell:Skip shell extension 'powershell' for command environment: Not usable outside of PowerShell
[15.458s] DEBUG:colcon.colcon_core.shell:Skip shell extension 'dsv' for command environment
[16.127s] DEBUG:colcon.colcon_core.event_handler.log_command:Invoking command in '/home/pi/Sandbox/RPI_led_service/build/rpi_gpio': CMAKE_PREFIX_PATH=/home/pi/Sandbox/RPI_led_service/install/rpi_gpio_msgs:/home/pi/Sandbox/RPI_led_service/install/rpi_gpio:/home/pi/Sandbox/RPI_led_service/install/rpi_LCD_control:/opt/ros/iron PYTHONPATH=/home/pi/Sandbox/RPI_led_service/install/rpi_gpio_msgs/lib/python3.10/site-packages:/home/pi/Sandbox/RPI_led_service/install/rpi_LCD_control/lib/python3.10/site-packages:/opt/ros/iron/lib/python3.10/site-packages /usr/bin/cmake --build /home/pi/Sandbox/RPI_led_service/build/rpi_gpio -- -j4 -l4
[19.691s] DEBUG:colcon.colcon_core.event_handler.log_command:Invoking command in '/home/pi/Sandbox/RPI_led_service/src/rpi_LCD_control': CMAKE_PREFIX_PATH=/home/pi/Sandbox/RPI_led_service/install/rpi_gpio_msgs:/home/pi/Sandbox/RPI_led_service/install/rpi_gpio PYTHONPATH=/home/pi/Sandbox/RPI_led_service/build/rpi_LCD_control/prefix_override:/home/pi/Sandbox/RPI_led_service/install/rpi_LCD_control/lib/python3.10/site-packages:/home/pi/Sandbox/RPI_led_service/install/rpi_gpio_msgs/lib/python3.10/site-packages:/home/pi/Sandbox/RPI_led_service/install/rpi_LCD_control/lib/python3.10/site-packages:/opt/ros/iron/lib/python3.10/site-packages /usr/bin/python3 setup.py egg_info --egg-base ../../build/rpi_LCD_control build --build-base /home/pi/Sandbox/RPI_led_service/build/rpi_LCD_control/build install --record /home/pi/Sandbox/RPI_led_service/build/rpi_LCD_control/install.log --single-version-externally-managed
[21.853s] DEBUG:colcon.colcon_core.event_handler.log_command:Invoked command in '/home/pi/Sandbox/RPI_led_service/build/rpi_gpio' returned '0': CMAKE_PREFIX_PATH=/home/pi/Sandbox/RPI_led_service/install/rpi_gpio_msgs:/home/pi/Sandbox/RPI_led_service/install/rpi_gpio:/home/pi/Sandbox/RPI_led_service/install/rpi_LCD_control:/opt/ros/iron PYTHONPATH=/home/pi/Sandbox/RPI_led_service/install/rpi_gpio_msgs/lib/python3.10/site-packages:/home/pi/Sandbox/RPI_led_service/install/rpi_LCD_control/lib/python3.10/site-packages:/opt/ros/iron/lib/python3.10/site-packages /usr/bin/cmake --build /home/pi/Sandbox/RPI_led_service/build/rpi_gpio -- -j4 -l4
[21.864s] DEBUG:colcon.colcon_core.event_handler.log_command:Invoked command in '/home/pi/Sandbox/RPI_led_service/src/rpi_LCD_control' returned '0': CMAKE_PREFIX_PATH=/home/pi/Sandbox/RPI_led_service/install/rpi_gpio_msgs:/home/pi/Sandbox/RPI_led_service/install/rpi_gpio PYTHONPATH=/home/pi/Sandbox/RPI_led_service/build/rpi_LCD_control/prefix_override:/home/pi/Sandbox/RPI_led_service/install/rpi_LCD_control/lib/python3.10/site-packages:/home/pi/Sandbox/RPI_led_service/install/rpi_gpio_msgs/lib/python3.10/site-packages:/home/pi/Sandbox/RPI_led_service/install/rpi_LCD_control/lib/python3.10/site-packages:/opt/ros/iron/lib/python3.10/site-packages /usr/bin/python3 setup.py egg_info --egg-base ../../build/rpi_LCD_control build --build-base /home/pi/Sandbox/RPI_led_service/build/rpi_LCD_control/build install --record /home/pi/Sandbox/RPI_led_service/build/rpi_LCD_control/install.log --single-version-externally-managed
[22.001s] Level 1:colcon.colcon_core.environment:checking '/home/pi/Sandbox/RPI_led_service/install/rpi_LCD_control' for CMake module files
[22.004s] Level 1:colcon.colcon_core.environment:checking '/home/pi/Sandbox/RPI_led_service/install/rpi_LCD_control' for CMake config files
[22.009s] Level 1:colcon.colcon_core.environment:checking '/home/pi/Sandbox/RPI_led_service/install/rpi_LCD_control/lib'
[22.011s] Level 1:colcon.colcon_core.environment:checking '/home/pi/Sandbox/RPI_led_service/install/rpi_LCD_control/bin'
[22.012s] Level 1:colcon.colcon_core.environment:checking '/home/pi/Sandbox/RPI_led_service/install/rpi_LCD_control/lib/pkgconfig/rpi_LCD_control.pc'
[22.015s] Level 1:colcon.colcon_core.environment:checking '/home/pi/Sandbox/RPI_led_service/install/rpi_LCD_control/lib/python3.10/site-packages'
[22.016s] Level 1:colcon.colcon_core.shell:create_environment_hook('rpi_LCD_control', 'pythonpath')
[22.118s] INFO:colcon.colcon_core.shell:Creating environment hook '/home/pi/Sandbox/RPI_led_service/install/rpi_LCD_control/share/rpi_LCD_control/hook/pythonpath.ps1'
[22.123s] INFO:colcon.colcon_core.shell:Creating environment descriptor '/home/pi/Sandbox/RPI_led_service/install/rpi_LCD_control/share/rpi_LCD_control/hook/pythonpath.dsv'
[22.125s] INFO:colcon.colcon_core.shell:Creating environment hook '/home/pi/Sandbox/RPI_led_service/install/rpi_LCD_control/share/rpi_LCD_control/hook/pythonpath.sh'
[22.129s] Level 1:colcon.colcon_core.environment:checking '/home/pi/Sandbox/RPI_led_service/install/rpi_LCD_control/bin'
[22.130s] Level 1:colcon.colcon_core.environment:create_environment_scripts_only(rpi_LCD_control)
[22.230s] INFO:colcon.colcon_core.shell:Creating package script '/home/pi/Sandbox/RPI_led_service/install/rpi_LCD_control/share/rpi_LCD_control/package.ps1'
[22.234s] INFO:colcon.colcon_core.shell:Creating package descriptor '/home/pi/Sandbox/RPI_led_service/install/rpi_LCD_control/share/rpi_LCD_control/package.dsv'
[22.237s] INFO:colcon.colcon_core.shell:Creating package script '/home/pi/Sandbox/RPI_led_service/install/rpi_LCD_control/share/rpi_LCD_control/package.sh'
[22.239s] INFO:colcon.colcon_core.shell:Creating package script '/home/pi/Sandbox/RPI_led_service/install/rpi_LCD_control/share/rpi_LCD_control/package.bash'
[22.242s] INFO:colcon.colcon_core.shell:Creating package script '/home/pi/Sandbox/RPI_led_service/install/rpi_LCD_control/share/rpi_LCD_control/package.zsh'
[22.245s] Level 1:colcon.colcon_core.environment:create_file_with_runtime_dependencies(/home/pi/Sandbox/RPI_led_service/install/rpi_LCD_control/share/colcon-core/packages/rpi_LCD_control)
[22.263s] DEBUG:colcon.colcon_core.event_handler.log_command:Invoking command in '/home/pi/Sandbox/RPI_led_service/build/rpi_gpio': CMAKE_PREFIX_PATH=/home/pi/Sandbox/RPI_led_service/install/rpi_gpio_msgs:/home/pi/Sandbox/RPI_led_service/install/rpi_gpio:/home/pi/Sandbox/RPI_led_service/install/rpi_LCD_control:/opt/ros/iron PYTHONPATH=/home/pi/Sandbox/RPI_led_service/install/rpi_gpio_msgs/lib/python3.10/site-packages:/home/pi/Sandbox/RPI_led_service/install/rpi_LCD_control/lib/python3.10/site-packages:/opt/ros/iron/lib/python3.10/site-packages /usr/bin/cmake --install /home/pi/Sandbox/RPI_led_service/build/rpi_gpio
[22.332s] Level 1:colcon.colcon_core.environment:create_environment_scripts_only(rpi_gpio)
[22.348s] DEBUG:colcon.colcon_core.event_handler.log_command:Invoked command in '/home/pi/Sandbox/RPI_led_service/build/rpi_gpio' returned '0': CMAKE_PREFIX_PATH=/home/pi/Sandbox/RPI_led_service/install/rpi_gpio_msgs:/home/pi/Sandbox/RPI_led_service/install/rpi_gpio:/home/pi/Sandbox/RPI_led_service/install/rpi_LCD_control:/opt/ros/iron PYTHONPATH=/home/pi/Sandbox/RPI_led_service/install/rpi_gpio_msgs/lib/python3.10/site-packages:/home/pi/Sandbox/RPI_led_service/install/rpi_LCD_control/lib/python3.10/site-packages:/opt/ros/iron/lib/python3.10/site-packages /usr/bin/cmake --install /home/pi/Sandbox/RPI_led_service/build/rpi_gpio
[22.449s] Level 1:colcon.colcon_core.environment:checking '/home/pi/Sandbox/RPI_led_service/install/rpi_gpio' for CMake module files
[22.453s] Level 1:colcon.colcon_core.environment:checking '/home/pi/Sandbox/RPI_led_service/install/rpi_gpio' for CMake config files
[22.455s] Level 1:colcon.colcon_core.shell:create_environment_hook('rpi_gpio', 'cmake_prefix_path')
[22.648s] INFO:colcon.colcon_core.shell:Creating environment hook '/home/pi/Sandbox/RPI_led_service/install/rpi_gpio/share/rpi_gpio/hook/cmake_prefix_path.ps1'
[22.653s] INFO:colcon.colcon_core.shell:Creating environment descriptor '/home/pi/Sandbox/RPI_led_service/install/rpi_gpio/share/rpi_gpio/hook/cmake_prefix_path.dsv'
[22.658s] INFO:colcon.colcon_core.shell:Creating environment hook '/home/pi/Sandbox/RPI_led_service/install/rpi_gpio/share/rpi_gpio/hook/cmake_prefix_path.sh'
[22.664s] Level 1:colcon.colcon_core.environment:checking '/home/pi/Sandbox/RPI_led_service/install/rpi_gpio/lib'
[22.665s] Level 1:colcon.colcon_core.environment:checking '/home/pi/Sandbox/RPI_led_service/install/rpi_gpio/bin'
[22.666s] Level 1:colcon.colcon_core.environment:checking '/home/pi/Sandbox/RPI_led_service/install/rpi_gpio/lib/pkgconfig/rpi_gpio.pc'
[22.668s] Level 1:colcon.colcon_core.environment:checking '/home/pi/Sandbox/RPI_led_service/install/rpi_gpio/lib/python3.10/site-packages'
[22.670s] Level 1:colcon.colcon_core.environment:checking '/home/pi/Sandbox/RPI_led_service/install/rpi_gpio/bin'
[22.808s] INFO:colcon.colcon_core.shell:Creating package script '/home/pi/Sandbox/RPI_led_service/install/rpi_gpio/share/rpi_gpio/package.ps1'
[22.813s] INFO:colcon.colcon_core.shell:Creating package descriptor '/home/pi/Sandbox/RPI_led_service/install/rpi_gpio/share/rpi_gpio/package.dsv'
[22.818s] INFO:colcon.colcon_core.shell:Creating package script '/home/pi/Sandbox/RPI_led_service/install/rpi_gpio/share/rpi_gpio/package.sh'
[22.823s] INFO:colcon.colcon_core.shell:Creating package script '/home/pi/Sandbox/RPI_led_service/install/rpi_gpio/share/rpi_gpio/package.bash'
[22.828s] INFO:colcon.colcon_core.shell:Creating package script '/home/pi/Sandbox/RPI_led_service/install/rpi_gpio/share/rpi_gpio/package.zsh'
[22.832s] Level 1:colcon.colcon_core.environment:create_file_with_runtime_dependencies(/home/pi/Sandbox/RPI_led_service/install/rpi_gpio/share/colcon-core/packages/rpi_gpio)
[23.139s] Level 1:colcon.colcon_core.environment:create_environment_scripts_only(rpi_gpio)
[23.282s] Level 1:colcon.colcon_core.environment:checking '/home/pi/Sandbox/RPI_led_service/install/rpi_gpio' for CMake module files
[23.287s] Level 1:colcon.colcon_core.environment:checking '/home/pi/Sandbox/RPI_led_service/install/rpi_gpio' for CMake config files
[23.289s] Level 1:colcon.colcon_core.shell:create_environment_hook('rpi_gpio', 'cmake_prefix_path')
[23.428s] INFO:colcon.colcon_core.shell:Creating environment hook '/home/pi/Sandbox/RPI_led_service/install/rpi_gpio/share/rpi_gpio/hook/cmake_prefix_path.ps1'
[23.431s] INFO:colcon.colcon_core.shell:Creating environment descriptor '/home/pi/Sandbox/RPI_led_service/install/rpi_gpio/share/rpi_gpio/hook/cmake_prefix_path.dsv'
[23.438s] INFO:colcon.colcon_core.shell:Creating environment hook '/home/pi/Sandbox/RPI_led_service/install/rpi_gpio/share/rpi_gpio/hook/cmake_prefix_path.sh'
[23.443s] Level 1:colcon.colcon_core.environment:checking '/home/pi/Sandbox/RPI_led_service/install/rpi_gpio/lib'
[23.445s] Level 1:colcon.colcon_core.environment:checking '/home/pi/Sandbox/RPI_led_service/install/rpi_gpio/bin'
[23.446s] Level 1:colcon.colcon_core.environment:checking '/home/pi/Sandbox/RPI_led_service/install/rpi_gpio/lib/pkgconfig/rpi_gpio.pc'
[23.448s] Level 1:colcon.colcon_core.environment:checking '/home/pi/Sandbox/RPI_led_service/install/rpi_gpio/lib/python3.10/site-packages'
[23.451s] Level 1:colcon.colcon_core.environment:checking '/home/pi/Sandbox/RPI_led_service/install/rpi_gpio/bin'
[23.579s] INFO:colcon.colcon_core.shell:Creating package script '/home/pi/Sandbox/RPI_led_service/install/rpi_gpio/share/rpi_gpio/package.ps1'
[23.584s] INFO:colcon.colcon_core.shell:Creating package descriptor '/home/pi/Sandbox/RPI_led_service/install/rpi_gpio/share/rpi_gpio/package.dsv'
[23.587s] INFO:colcon.colcon_core.shell:Creating package script '/home/pi/Sandbox/RPI_led_service/install/rpi_gpio/share/rpi_gpio/package.sh'
[23.591s] INFO:colcon.colcon_core.shell:Creating package script '/home/pi/Sandbox/RPI_led_service/install/rpi_gpio/share/rpi_gpio/package.bash'
[23.594s] INFO:colcon.colcon_core.shell:Creating package script '/home/pi/Sandbox/RPI_led_service/install/rpi_gpio/share/rpi_gpio/package.zsh'
[23.597s] Level 1:colcon.colcon_core.environment:create_file_with_runtime_dependencies(/home/pi/Sandbox/RPI_led_service/install/rpi_gpio/share/colcon-core/packages/rpi_gpio)
[23.600s] DEBUG:colcon.colcon_parallel_executor.executor.parallel:closing loop
[23.603s] DEBUG:colcon.colcon_parallel_executor.executor.parallel:loop closed
[23.604s] DEBUG:colcon.colcon_parallel_executor.executor.parallel:run_until_complete finished with '0'
[23.605s] DEBUG:colcon.colcon_core.event_reactor:joining thread
[23.788s] INFO:colcon.colcon_core.plugin_system:Skipping extension 'colcon_notification.desktop_notification.notify_send': Could not find 'notify-send'
[23.789s] INFO:colcon.colcon_core.plugin_system:Skipping extension 'colcon_notification.desktop_notification.terminal_notifier': Not used on non-Darwin systems
[23.790s] INFO:colcon.colcon_core.plugin_system:Skipping extension 'colcon_notification.desktop_notification.win32': Not used on non-Windows systems
[23.790s] INFO:colcon.colcon_notification.desktop_notification:Sending desktop notification using 'notify2'
[23.794s] DEBUG:colcon.colcon_notification.desktop_notification.notify2:Failed to initialize notify2: org.freedesktop.DBus.Error.ServiceUnknown: The name org.freedesktop.Notifications was not provided by any .service files
[23.795s] DEBUG:colcon.colcon_core.event_reactor:joined thread
[23.958s] INFO:colcon.colcon_core.shell:Creating prefix script '/home/pi/Sandbox/RPI_led_service/install/local_setup.ps1'
[23.966s] INFO:colcon.colcon_core.shell:Creating prefix util module '/home/pi/Sandbox/RPI_led_service/install/_local_setup_util_ps1.py'
[23.977s] INFO:colcon.colcon_core.shell:Creating prefix chain script '/home/pi/Sandbox/RPI_led_service/install/setup.ps1'
[24.148s] INFO:colcon.colcon_core.shell:Creating prefix script '/home/pi/Sandbox/RPI_led_service/install/local_setup.sh'
[24.151s] INFO:colcon.colcon_core.shell:Creating prefix util module '/home/pi/Sandbox/RPI_led_service/install/_local_setup_util_sh.py'
[24.155s] INFO:colcon.colcon_core.shell:Creating prefix chain script '/home/pi/Sandbox/RPI_led_service/install/setup.sh'
[24.294s] INFO:colcon.colcon_core.shell:Creating prefix script '/home/pi/Sandbox/RPI_led_service/install/local_setup.bash'
[24.297s] INFO:colcon.colcon_core.shell:Creating prefix chain script '/home/pi/Sandbox/RPI_led_service/install/setup.bash'
[24.502s] INFO:colcon.colcon_core.shell:Creating prefix script '/home/pi/Sandbox/RPI_led_service/install/local_setup.zsh'
[24.505s] INFO:colcon.colcon_core.shell:Creating prefix chain script '/home/pi/Sandbox/RPI_led_service/install/setup.zsh'
