[0.020s] Invoking command in '/home/lsantos/GitHub/Sandbox/RPI_led_service/build/rpi_gpio': CMAKE_PREFIX_PATH=/opt/ros/iron /usr/bin/cmake /home/lsantos/GitHub/Sandbox/RPI_led_service/rpi_gpio -DCMAKE_INSTALL_PREFIX=/home/lsantos/GitHub/Sandbox/RPI_led_service/install/rpi_gpio
[0.026s] -- Found ament_cmake: 2.0.3 (/opt/ros/iron/share/ament_cmake/cmake)
[0.097s] -- Found rclcpp: 21.0.3 (/opt/ros/iron/share/rclcpp/cmake)
[0.112s] -- Found rosidl_generator_c: 4.0.1 (/opt/ros/iron/share/rosidl_generator_c/cmake)
[0.115s] -- Found rosidl_generator_cpp: 4.0.1 (/opt/ros/iron/share/rosidl_generator_cpp/cmake)
[0.121s] -- Using all available rosidl_typesupport_c: rosidl_typesupport_fastrtps_c;rosidl_typesupport_introspection_c
[0.129s] -- Using all available rosidl_typesupport_cpp: rosidl_typesupport_fastrtps_cpp;rosidl_typesupport_introspection_cpp
[0.204s] -- Found rmw_implementation_cmake: 7.1.0 (/opt/ros/iron/share/rmw_implementation_cmake/cmake)
[0.205s] -- Found rmw_fastrtps_cpp: 7.1.1 (/opt/ros/iron/share/rmw_fastrtps_cpp/cmake)
[0.262s] -- Using RMW implementation 'rmw_fastrtps_cpp' as default
[0.344s] -- Found rosidl_default_generators: 1.5.0 (/opt/ros/iron/share/rosidl_default_generators/cmake)
[0.347s] -- Found rosidl_adapter: 4.0.1 (/opt/ros/iron/share/rosidl_adapter/cmake)
[0.492s] -- Found ament_cmake_ros: 0.11.2 (/opt/ros/iron/share/ament_cmake_ros/cmake)
[0.637s] -- Using all available rosidl_typesupport_c: rosidl_typesupport_fastrtps_c;rosidl_typesupport_introspection_c
[0.694s] -- Using all available rosidl_typesupport_cpp: rosidl_typesupport_fastrtps_cpp;rosidl_typesupport_introspection_cpp
[0.704s] -- Found python_cmake_module: 0.10.2 (/opt/ros/iron/share/python_cmake_module/cmake)
[0.714s] -- Using PYTHON_EXECUTABLE: /usr/bin/python3
[0.714s] -- Using PYTHON_INCLUDE_DIRS: /usr/include/python3.10
[0.714s] -- Using PYTHON_LIBRARIES: /usr/lib/x86_64-linux-gnu/libpython3.10.so
[0.777s] [31mCMake Error at /opt/ros/iron/share/rosidl_cmake/cmake/rosidl_generate_interfaces.cmake:243 (add_custom_target):
[0.777s]   add_custom_target cannot create target "rpi_gpio" because another target
[0.777s]   with the same name already exists.  The existing target is a custom target
[0.777s]   created in source directory
[0.777s]   "/home/lsantos/GitHub/Sandbox/RPI_led_service/rpi_gpio".  See documentation
[0.777s]   for policy CMP0002 for more details.
[0.777s] Call Stack (most recent call first):
[0.777s]   CMakeLists.txt:36 (rosidl_generate_interfaces)
[0.777s] 
[0.777s] [0m
[0.777s] [0mCMake Deprecation Warning at /opt/ros/iron/share/rosidl_cmake/cmake/rosidl_target_interfaces.cmake:32 (message):
[0.777s]   Use rosidl_get_typesupport_target() and target_link_libraries() instead of
[0.777s]   rosidl_target_interfaces()
[0.777s] Call Stack (most recent call first):
[0.777s]   CMakeLists.txt:38 (rosidl_target_interfaces)
[0.777s] 
[0.777s] [0m
[0.777s] [0mCMake Deprecation Warning at /opt/ros/iron/share/rosidl_cmake/cmake/rosidl_target_interfaces.cmake:32 (message):
[0.777s]   Use rosidl_get_typesupport_target() and target_link_libraries() instead of
[0.777s]   rosidl_target_interfaces()
[0.777s] Call Stack (most recent call first):
[0.777s]   CMakeLists.txt:39 (rosidl_target_interfaces)
[0.777s] 
[0.777s] [0m
[0.777s] -- Found ament_lint_auto: 0.14.2 (/opt/ros/iron/share/ament_lint_auto/cmake)
[0.784s] -- Added test 'cppcheck' to perform static code analysis on C / C++ code
[0.785s] -- Configured cppcheck include dirs: 
[0.785s] -- Configured cppcheck exclude dirs and/or files: 
[0.785s] -- Added test 'lint_cmake' to check CMake code style
[0.785s] -- Added test 'uncrustify' to check C / C++ code style
[0.785s] -- Configured uncrustify additional arguments: 
[0.785s] -- Added test 'xmllint' to check XML markup files
[0.786s] -- Configuring incomplete, errors occurred!
[0.786s] See also "/home/lsantos/GitHub/Sandbox/RPI_led_service/build/rpi_gpio/CMakeFiles/CMakeOutput.log".
[0.791s] Invoked command in '/home/lsantos/GitHub/Sandbox/RPI_led_service/build/rpi_gpio' returned '1': CMAKE_PREFIX_PATH=/opt/ros/iron /usr/bin/cmake /home/lsantos/GitHub/Sandbox/RPI_led_service/rpi_gpio -DCMAKE_INSTALL_PREFIX=/home/lsantos/GitHub/Sandbox/RPI_led_service/install/rpi_gpio
