[0.025s] Invoking command in '/home/lsantos/Sandbox/RPI_led/build/gpio_control': CMAKE_PREFIX_PATH=${CMAKE_PREFIX_PATH}:/opt/ros/iron /usr/bin/cmake /home/lsantos/Sandbox/RPI_led/src/gpio_control -DCMAKE_INSTALL_PREFIX=/home/lsantos/Sandbox/RPI_led/install/gpio_control
[0.179s] -- The C compiler identification is GNU 11.4.0
[0.751s] -- The CXX compiler identification is GNU 11.4.0
[1.131s] -- Detecting C compiler ABI info
[1.245s] -- Detecting C compiler ABI info - done
[1.249s] -- Check for working C compiler: /usr/bin/cc - skipped
[1.250s] -- Detecting C compile features
[1.250s] -- Detecting C compile features - done
[1.253s] -- Detecting CXX compiler ABI info
[1.379s] -- Detecting CXX compiler ABI info - done
[1.382s] -- Check for working CXX compiler: /usr/bin/c++ - skipped
[1.382s] -- Detecting CXX compile features
[1.383s] -- Detecting CXX compile features - done
[1.385s] -- Found ament_cmake: 2.0.3 (/opt/ros/iron/share/ament_cmake/cmake)
[1.472s] -- Found Python3: /usr/bin/python3.10 (found version "3.10.12") found components: Interpreter 
[1.533s] -- Found rclcpp: 21.0.3 (/opt/ros/iron/share/rclcpp/cmake)
[1.696s] -- Found rosidl_generator_c: 4.0.1 (/opt/ros/iron/share/rosidl_generator_c/cmake)
[1.705s] -- Found rosidl_generator_cpp: 4.0.1 (/opt/ros/iron/share/rosidl_generator_cpp/cmake)
[1.718s] -- Using all available rosidl_typesupport_c: rosidl_typesupport_fastrtps_c;rosidl_typesupport_introspection_c
[1.730s] -- Using all available rosidl_typesupport_cpp: rosidl_typesupport_fastrtps_cpp;rosidl_typesupport_introspection_cpp
[1.830s] -- Found rmw_implementation_cmake: 7.1.0 (/opt/ros/iron/share/rmw_implementation_cmake/cmake)
[1.833s] -- Found rmw_fastrtps_cpp: 7.1.1 (/opt/ros/iron/share/rmw_fastrtps_cpp/cmake)
[3.197s] -- Found OpenSSL: /usr/lib/x86_64-linux-gnu/libcrypto.so (found version "3.0.2")  
[4.529s] -- Found FastRTPS: /opt/ros/iron/include  
[7.040s] -- Using RMW implementation 'rmw_fastrtps_cpp' as default
[7.150s] -- Found std_msgs: 5.0.0 (/opt/ros/iron/share/std_msgs/cmake)
[7.172s] -- Found ament_lint_auto: 0.14.2 (/opt/ros/iron/share/ament_lint_auto/cmake)
[7.217s] -- Added test 'cppcheck' to perform static code analysis on C / C++ code
[7.217s] -- Configured cppcheck include dirs: 
[7.217s] -- Configured cppcheck exclude dirs and/or files: 
[7.217s] -- Added test 'lint_cmake' to check CMake code style
[7.218s] -- Added test 'uncrustify' to check C / C++ code style
[7.218s] -- Configured uncrustify additional arguments: 
[7.218s] -- Added test 'xmllint' to check XML markup files
[7.220s] -- Configuring done
[7.227s] -- Generating done
[7.228s] -- Build files have been written to: /home/lsantos/Sandbox/RPI_led/build/gpio_control
[7.233s] Invoked command in '/home/lsantos/Sandbox/RPI_led/build/gpio_control' returned '0': CMAKE_PREFIX_PATH=${CMAKE_PREFIX_PATH}:/opt/ros/iron /usr/bin/cmake /home/lsantos/Sandbox/RPI_led/src/gpio_control -DCMAKE_INSTALL_PREFIX=/home/lsantos/Sandbox/RPI_led/install/gpio_control
[7.234s] Invoking command in '/home/lsantos/Sandbox/RPI_led/build/gpio_control': CMAKE_PREFIX_PATH=${CMAKE_PREFIX_PATH}:/opt/ros/iron /usr/bin/cmake --build /home/lsantos/Sandbox/RPI_led/build/gpio_control -- -j24 -l24
[7.251s] [ 25%] [32mBuilding CXX object CMakeFiles/gpio_listener.dir/src/gpio_listener.cpp.o[0m
[7.251s] [ 50%] [32mBuilding CXX object CMakeFiles/gpio_talker.dir/src/gpio_talker.cpp.o[0m
[7.421s] [01m[K/home/lsantos/Sandbox/RPI_led/src/gpio_control/src/gpio_listener.cpp:5:10:[m[K [01;31m[Kfatal error: [m[Kgpiod.hpp: No such file or directory
[7.421s]     5 | #include [01;31m[K<gpiod.hpp>[m[K
[7.421s]       |          [01;31m[K^~~~~~~~~~~[m[K
[7.421s] compilation terminated.
[7.423s] gmake[2]: *** [CMakeFiles/gpio_listener.dir/build.make:76: CMakeFiles/gpio_listener.dir/src/gpio_listener.cpp.o] Error 1
[7.423s] gmake[1]: *** [CMakeFiles/Makefile2:165: CMakeFiles/gpio_listener.dir/all] Error 2
[7.423s] gmake[1]: *** Waiting for unfinished jobs....
[9.463s] [ 75%] [32m[1mLinking CXX executable gpio_talker[0m
[9.574s] /usr/bin/ld: cannot find -lgpiodcxx: No such file or directory
[9.625s] collect2: error: ld returned 1 exit status
[9.626s] gmake[2]: *** [CMakeFiles/gpio_talker.dir/build.make:174: gpio_talker] Error 1
[9.626s] gmake[1]: *** [CMakeFiles/Makefile2:139: CMakeFiles/gpio_talker.dir/all] Error 2
[9.626s] gmake: *** [Makefile:146: all] Error 2
[9.627s] Invoked command in '/home/lsantos/Sandbox/RPI_led/build/gpio_control' returned '2': CMAKE_PREFIX_PATH=${CMAKE_PREFIX_PATH}:/opt/ros/iron /usr/bin/cmake --build /home/lsantos/Sandbox/RPI_led/build/gpio_control -- -j24 -l24
