[0.050s] Invoking command in '/home/lsantos/GitHub/Sandbox/RPI_led_service/build/rpi_gpio': CMAKE_PREFIX_PATH=${CMAKE_PREFIX_PATH}:/opt/ros/iron /usr/bin/cmake --build /home/lsantos/GitHub/Sandbox/RPI_led_service/build/rpi_gpio -- -j24 -l24
[0.066s] [35m[1mConsolidate compiler generated dependencies of target gpio_server[0m
[0.066s] [35m[1mConsolidate compiler generated dependencies of target gpio_client[0m
[0.074s] [ 25%] [32mBuilding CXX object CMakeFiles/gpio_server.dir/src/server.cpp.o[0m
[0.074s] [ 50%] [32mBuilding CXX object CMakeFiles/gpio_client.dir/src/client.cpp.o[0m
[1.293s] [01m[K/home/lsantos/GitHub/Sandbox/RPI_led_service/src/rpi_gpio/src/server.cpp:20:67:[m[K [01;31m[Kerror: [m[K‘[01m[KToggle[m[K’ is not a member of ‘[01m[Krpi_gpio_msgs::srv[m[K’; did you mean ‘[01m[KLEDToggle[m[K’?
[1.293s]    20 |     void handle_service(const std::shared_ptr<rpi_gpio_msgs::srv::[01;31m[KToggle[m[K::Request> request,
[1.293s]       |                                                                   [01;31m[K^~~~~~[m[K
[1.293s]       |                                                                   [32m[KLEDToggle[m[K
[1.293s] [01m[K/home/lsantos/GitHub/Sandbox/RPI_led_service/src/rpi_gpio/src/server.cpp:20:82:[m[K [01;31m[Kerror: [m[Ktemplate argument 1 is invalid
[1.293s]    20 |     void handle_service(const std::shared_ptr<rpi_gpio_msgs::srv::Toggle::Request[01;31m[K>[m[K request,
[1.293s]       |                                                                                  [01;31m[K^[m[K
[1.293s] [01m[K/home/lsantos/GitHub/Sandbox/RPI_led_service/src/rpi_gpio/src/server.cpp:20:67:[m[K [01;31m[Kerror: [m[K‘[01m[KToggle[m[K’ is not a member of ‘[01m[Krpi_gpio_msgs::srv[m[K’; did you mean ‘[01m[KLEDToggle[m[K’?
[1.293s]    20 |     void handle_service(const std::shared_ptr<rpi_gpio_msgs::srv::[01;31m[KToggle[m[K::Request> request,
[1.293s]       |                                                                   [01;31m[K^~~~~~[m[K
[1.293s]       |                                                                   [32m[KLEDToggle[m[K
[1.293s] [01m[K/home/lsantos/GitHub/Sandbox/RPI_led_service/src/rpi_gpio/src/server.cpp:20:82:[m[K [01;31m[Kerror: [m[Ktemplate argument 1 is invalid
[1.293s]    20 |     void handle_service(const std::shared_ptr<rpi_gpio_msgs::srv::Toggle::Request[01;31m[K>[m[K request,
[1.293s]       |                                                                                  [01;31m[K^[m[K
[1.294s] [01m[K/home/lsantos/GitHub/Sandbox/RPI_led_service/src/rpi_gpio/src/server.cpp:20:67:[m[K [01;31m[Kerror: [m[K‘[01m[KToggle[m[K’ is not a member of ‘[01m[Krpi_gpio_msgs::srv[m[K’; did you mean ‘[01m[KLEDToggle[m[K’?
[1.294s]    20 |     void handle_service(const std::shared_ptr<rpi_gpio_msgs::srv::[01;31m[KToggle[m[K::Request> request,
[1.294s]       |                                                                   [01;31m[K^~~~~~[m[K
[1.294s]       |                                                                   [32m[KLEDToggle[m[K
[1.294s] [01m[K/home/lsantos/GitHub/Sandbox/RPI_led_service/src/rpi_gpio/src/server.cpp:20:82:[m[K [01;31m[Kerror: [m[Ktemplate argument 1 is invalid
[1.294s]    20 |     void handle_service(const std::shared_ptr<rpi_gpio_msgs::srv::Toggle::Request[01;31m[K>[m[K request,
[1.294s]       |                                                                                  [01;31m[K^[m[K
[1.294s] [01m[K/home/lsantos/GitHub/Sandbox/RPI_led_service/src/rpi_gpio/src/server.cpp:20:31:[m[K [01;31m[Kerror: [m[Kinvalid template-id
[1.294s]    20 |     void handle_service(const [01;31m[Kstd[m[K::shared_ptr<rpi_gpio_msgs::srv::Toggle::Request> request,
[1.294s]       |                               [01;31m[K^~~[m[K
[1.294s] [01m[K/home/lsantos/GitHub/Sandbox/RPI_led_service/src/rpi_gpio/src/server.cpp:20:67:[m[K [01;31m[Kerror: [m[K‘[01m[Krpi_gpio_msgs::srv::Toggle[m[K’ has not been declared
[1.294s]    20 |     void handle_service(const std::shared_ptr<rpi_gpio_msgs::srv::[01;31m[KToggle[m[K::Request> request,
[1.294s]       |                                                                   [01;31m[K^~~~~~[m[K
[1.294s] [01m[K/home/lsantos/GitHub/Sandbox/RPI_led_service/src/rpi_gpio/src/server.cpp:20:25:[m[K [01;31m[Kerror: [m[Kclass template placeholder ‘[01m[Kstd::shared_ptr[m[K’ not permitted in this context
[1.294s]    20 |     void handle_service([01;31m[Kconst[m[K std::shared_ptr<rpi_gpio_msgs::srv::Toggle::Request> request,
[1.294s]       |                         [01;31m[K^~~~~[m[K
[1.294s] [01m[K/home/lsantos/GitHub/Sandbox/RPI_led_service/src/rpi_gpio/src/server.cpp:21:61:[m[K [01;31m[Kerror: [m[K‘[01m[KToggle[m[K’ is not a member of ‘[01m[Krpi_gpio_msgs::srv[m[K’; did you mean ‘[01m[KLEDToggle[m[K’?
[1.294s]    21 |                         std::shared_ptr<rpi_gpio_msgs::srv::[01;31m[KToggle[m[K::Response> response)
[1.294s]       |                                                             [01;31m[K^~~~~~[m[K
[1.294s]       |                                                             [32m[KLEDToggle[m[K
[1.294s] [01m[K/home/lsantos/GitHub/Sandbox/RPI_led_service/src/rpi_gpio/src/server.cpp:21:77:[m[K [01;31m[Kerror: [m[Ktemplate argument 1 is invalid
[1.294s]    21 |                         std::shared_ptr<rpi_gpio_msgs::srv::Toggle::Response[01;31m[K>[m[K response)
[1.294s]       |                                                                             [01;31m[K^[m[K
[1.294s] [01m[K/home/lsantos/GitHub/Sandbox/RPI_led_service/src/rpi_gpio/src/server.cpp:21:61:[m[K [01;31m[Kerror: [m[K‘[01m[KToggle[m[K’ is not a member of ‘[01m[Krpi_gpio_msgs::srv[m[K’; did you mean ‘[01m[KLEDToggle[m[K’?
[1.294s]    21 |                         std::shared_ptr<rpi_gpio_msgs::srv::[01;31m[KToggle[m[K::Response> response)
[1.294s]       |                                                             [01;31m[K^~~~~~[m[K
[1.294s]       |                                                             [32m[KLEDToggle[m[K
[1.294s] [01m[K/home/lsantos/GitHub/Sandbox/RPI_led_service/src/rpi_gpio/src/server.cpp:21:77:[m[K [01;31m[Kerror: [m[Ktemplate argument 1 is invalid
[1.294s]    21 |                         std::shared_ptr<rpi_gpio_msgs::srv::Toggle::Response[01;31m[K>[m[K response)
[1.294s]       |                                                                             [01;31m[K^[m[K
[1.294s] [01m[K/home/lsantos/GitHub/Sandbox/RPI_led_service/src/rpi_gpio/src/server.cpp:21:61:[m[K [01;31m[Kerror: [m[K‘[01m[KToggle[m[K’ is not a member of ‘[01m[Krpi_gpio_msgs::srv[m[K’; did you mean ‘[01m[KLEDToggle[m[K’?
[1.294s]    21 |                         std::shared_ptr<rpi_gpio_msgs::srv::[01;31m[KToggle[m[K::Response> response)
[1.294s]       |                                                             [01;31m[K^~~~~~[m[K
[1.294s]       |                                                             [32m[KLEDToggle[m[K
[1.294s] [01m[K/home/lsantos/GitHub/Sandbox/RPI_led_service/src/rpi_gpio/src/server.cpp:21:77:[m[K [01;31m[Kerror: [m[Ktemplate argument 1 is invalid
[1.294s]    21 |                         std::shared_ptr<rpi_gpio_msgs::srv::Toggle::Response[01;31m[K>[m[K response)
[1.294s]       |                                                                             [01;31m[K^[m[K
[1.294s] [01m[K/home/lsantos/GitHub/Sandbox/RPI_led_service/src/rpi_gpio/src/server.cpp:21:25:[m[K [01;31m[Kerror: [m[Kinvalid template-id
[1.294s]    21 |                         [01;31m[Kstd[m[K::shared_ptr<rpi_gpio_msgs::srv::Toggle::Response> response)
[1.295s]       |                         [01;31m[K^~~[m[K
[1.295s] [01m[K/home/lsantos/GitHub/Sandbox/RPI_led_service/src/rpi_gpio/src/server.cpp:21:61:[m[K [01;31m[Kerror: [m[K‘[01m[Krpi_gpio_msgs::srv::Toggle[m[K’ has not been declared
[1.295s]    21 |                         std::shared_ptr<rpi_gpio_msgs::srv::[01;31m[KToggle[m[K::Response> response)
[1.295s]       |                                                             [01;31m[K^~~~~~[m[K
[1.295s] [01m[K/home/lsantos/GitHub/Sandbox/RPI_led_service/src/rpi_gpio/src/server.cpp:21:25:[m[K [01;31m[Kerror: [m[Kclass template placeholder ‘[01m[Kstd::shared_ptr[m[K’ not permitted in this context
[1.295s]    21 |                         [01;31m[Kstd[m[K::shared_ptr<rpi_gpio_msgs::srv::Toggle::Response> response)
[1.295s]       |                         [01;31m[K^~~[m[K
[1.295s] [01m[K/home/lsantos/GitHub/Sandbox/RPI_led_service/src/rpi_gpio/src/server.cpp:34:41:[m[K [01;31m[Kerror: [m[K‘[01m[KToggle[m[K’ is not a member of ‘[01m[Krpi_gpio_msgs::srv[m[K’; did you mean ‘[01m[KLEDToggle[m[K’?
[1.295s]    34 |     rclcpp::Service<rpi_gpio_msgs::srv::[01;31m[KToggle[m[K>::SharedPtr service_;
[1.295s]       |                                         [01;31m[K^~~~~~[m[K
[1.295s]       |                                         [32m[KLEDToggle[m[K
[1.295s] [01m[K/home/lsantos/GitHub/Sandbox/RPI_led_service/src/rpi_gpio/src/server.cpp:34:47:[m[K [01;31m[Kerror: [m[Ktemplate argument 1 is invalid
[1.295s]    34 |     rclcpp::Service<rpi_gpio_msgs::srv::Toggle[01;31m[K>[m[K::SharedPtr service_;
[1.295s]       |                                               [01;31m[K^[m[K
[1.295s] [01m[K/home/lsantos/GitHub/Sandbox/RPI_led_service/src/rpi_gpio/src/server.cpp:34:50:[m[K [01;31m[Kerror: [m[Kexpected ‘[01m[K;[m[K’ at end of member declaration
[1.295s]    34 |     rclcpp::Service<rpi_gpio_msgs::srv::Toggle>::[01;31m[KSharedPtr[m[K service_;
[1.295s]       |                                                  [01;31m[K^~~~~~~~~[m[K
[1.295s]       |                                                           [32m[K;[m[K
[1.295s] [01m[K/home/lsantos/GitHub/Sandbox/RPI_led_service/src/rpi_gpio/src/server.cpp:34:60:[m[K [01;31m[Kerror: [m[K‘[01m[Kservice_[m[K’ does not name a type
[1.295s]    34 |     rclcpp::Service<rpi_gpio_msgs::srv::Toggle>::SharedPtr [01;31m[Kservice_[m[K;
[1.295s]       |                                                            [01;31m[K^~~~~~~~[m[K
[1.299s] [01m[K/home/lsantos/GitHub/Sandbox/RPI_led_service/src/rpi_gpio/src/server.cpp:[m[K In constructor ‘[01m[KGPIOServer::GPIOServer()[m[K’:
[1.299s] [01m[K/home/lsantos/GitHub/Sandbox/RPI_led_service/src/rpi_gpio/src/server.cpp:10:9:[m[K [01;31m[Kerror: [m[K‘[01m[Kservice_[m[K’ was not declared in this scope; did you mean ‘[01m[Kservice_msgs[m[K’?
[1.299s]    10 |         [01;31m[Kservice_[m[K = this->create_service<rpi_gpio_msgs::srv::Toggle>(
[1.299s]       |         [01;31m[K^~~~~~~~[m[K
[1.299s]       |         [32m[Kservice_msgs[m[K
[1.299s] [01m[K/home/lsantos/GitHub/Sandbox/RPI_led_service/src/rpi_gpio/src/server.cpp:10:61:[m[K [01;31m[Kerror: [m[K‘[01m[KToggle[m[K’ is not a member of ‘[01m[Krpi_gpio_msgs::srv[m[K’; did you mean ‘[01m[KLEDToggle[m[K’?
[1.299s]    10 |         service_ = this->create_service<rpi_gpio_msgs::srv::[01;31m[KToggle[m[K>(
[1.299s]       |                                                             [01;31m[K^~~~~~[m[K
[1.299s]       |                                                             [32m[KLEDToggle[m[K
[1.302s] [01m[K/home/lsantos/GitHub/Sandbox/RPI_led_service/src/rpi_gpio/src/server.cpp:10:68:[m[K [01;31m[Kerror: [m[Kno matching function for call to ‘[01m[KGPIOServer::create_service<<expression error> >(const char [12], std::_Bind_helper<false, void (GPIOServer::*)(...), GPIOServer*, const std::_Placeholder<1>&, const std::_Placeholder<2>&>::type)[m[K’
[1.302s]    10 |         service_ = [01;31m[Kthis->create_service<rpi_gpio_msgs::srv::Toggle>([m[K
[1.302s]       |                    [01;31m[K~~~~~~~~~~~~~~~~~~~~~~~~~~~~~~~~~~~~~~~~~~~~~~~~^[m[K
[1.302s]    11 | [01;31m[K            "toggle_gpio",[m[K
[1.302s]       |             [01;31m[K~~~~~~~~~~~~~~[m[K                                          
[1.302s]    12 | [01;31m[K            std::bind(&GPIOServer::handle_service, this, std::placeholders::_1, std::placeholders::_2))[m[K;
[1.302s]       |             [01;31m[K~~~~~~~~~~~~~~~~~~~~~~~~~~~~~~~~~~~~~~~~~~~~~~~~~~~~~~~~~~~~~~~~~~~~~~~~~~~~~~~~~~~~~~~~~~~[m[K
[1.302s] In file included from [01m[K/opt/ros/iron/include/rclcpp/rclcpp/executors/single_threaded_executor.hpp:28[m[K,
[1.302s]                  from [01m[K/opt/ros/iron/include/rclcpp/rclcpp/executors.hpp:22[m[K,
[1.302s]                  from [01m[K/opt/ros/iron/include/rclcpp/rclcpp/rclcpp.hpp:167[m[K,
[1.302s]                  from [01m[K/home/lsantos/GitHub/Sandbox/RPI_led_service/src/rpi_gpio/src/server.cpp:1[m[K:
[1.302s] [01m[K/opt/ros/iron/include/rclcpp/rclcpp/node.hpp:299:3:[m[K [01;36m[Knote: [m[Kcandidate: ‘[01m[Ktemplate<class ServiceT, class CallbackT> typename rclcpp::Service<ServiceT>::SharedPtr rclcpp::Node::create_service(const string&, CallbackT&&, const rmw_qos_profile_t&, rclcpp::CallbackGroup::SharedPtr)[m[K’
[1.302s]   299 |   [01;36m[Kcreate_service[m[K(
[1.302s]       |   [01;36m[K^~~~~~~~~~~~~~[m[K
[1.302s] [01m[K/opt/ros/iron/include/rclcpp/rclcpp/node.hpp:299:3:[m[K [01;36m[Knote: [m[K  template argument deduction/substitution failed:
[1.302s] [01m[K/home/lsantos/GitHub/Sandbox/RPI_led_service/src/rpi_gpio/src/server.cpp:10:68:[m[K [01;31m[Kerror: [m[Ktemplate argument 1 is invalid
[1.302s]    10 |         service_ = [01;31m[Kthis->create_service<rpi_gpio_msgs::srv::Toggle>([m[K
[1.302s]       |                    [01;31m[K~~~~~~~~~~~~~~~~~~~~~~~~~~~~~~~~~~~~~~~~~~~~~~~~^[m[K
[1.302s]    11 | [01;31m[K            "toggle_gpio",[m[K
[1.302s]       |             [01;31m[K~~~~~~~~~~~~~~[m[K                                          
[1.302s]    12 | [01;31m[K            std::bind(&GPIOServer::handle_service, this, std::placeholders::_1, std::placeholders::_2))[m[K;
[1.302s]       |             [01;31m[K~~~~~~~~~~~~~~~~~~~~~~~~~~~~~~~~~~~~~~~~~~~~~~~~~~~~~~~~~~~~~~~~~~~~~~~~~~~~~~~~~~~~~~~~~~~[m[K
[1.302s] In file included from [01m[K/opt/ros/iron/include/rclcpp/rclcpp/executors/single_threaded_executor.hpp:28[m[K,
[1.302s]                  from [01m[K/opt/ros/iron/include/rclcpp/rclcpp/executors.hpp:22[m[K,
[1.302s]                  from [01m[K/opt/ros/iron/include/rclcpp/rclcpp/rclcpp.hpp:167[m[K,
[1.302s]                  from [01m[K/home/lsantos/GitHub/Sandbox/RPI_led_service/src/rpi_gpio/src/server.cpp:1[m[K:
[1.303s] [01m[K/opt/ros/iron/include/rclcpp/rclcpp/node.hpp:315:3:[m[K [01;36m[Knote: [m[Kcandidate: ‘[01m[Ktemplate<class ServiceT, class CallbackT> typename rclcpp::Service<ServiceT>::SharedPtr rclcpp::Node::create_service(const string&, CallbackT&&, const rclcpp::QoS&, rclcpp::CallbackGroup::SharedPtr)[m[K’
[1.303s]   315 |   [01;36m[Kcreate_service[m[K(
[1.303s]       |   [01;36m[K^~~~~~~~~~~~~~[m[K
[1.303s] [01m[K/opt/ros/iron/include/rclcpp/rclcpp/node.hpp:315:3:[m[K [01;36m[Knote: [m[K  template argument deduction/substitution failed:
[1.303s] [01m[K/home/lsantos/GitHub/Sandbox/RPI_led_service/src/rpi_gpio/src/server.cpp:10:68:[m[K [01;31m[Kerror: [m[Ktemplate argument 1 is invalid
[1.303s]    10 |         service_ = [01;31m[Kthis->create_service<rpi_gpio_msgs::srv::Toggle>([m[K
[1.303s]       |                    [01;31m[K~~~~~~~~~~~~~~~~~~~~~~~~~~~~~~~~~~~~~~~~~~~~~~~~^[m[K
[1.303s]    11 | [01;31m[K            "toggle_gpio",[m[K
[1.303s]       |             [01;31m[K~~~~~~~~~~~~~~[m[K                                          
[1.303s]    12 | [01;31m[K            std::bind(&GPIOServer::handle_service, this, std::placeholders::_1, std::placeholders::_2))[m[K;
[1.303s]       |             [01;31m[K~~~~~~~~~~~~~~~~~~~~~~~~~~~~~~~~~~~~~~~~~~~~~~~~~~~~~~~~~~~~~~~~~~~~~~~~~~~~~~~~~~~~~~~~~~~[m[K
[1.303s] [01m[K/home/lsantos/GitHub/Sandbox/RPI_led_service/src/rpi_gpio/src/server.cpp:16:22:[m[K [01;35m[Kwarning: [m[Kmissing initializer for member ‘[01m[Kgpiod::line_request::flags[m[K’ [[01;35m[K]8;;https://gcc.gnu.org/onlinedocs/gcc/Warning-Options.html#index-Wmissing-field-initializers-Wmissing-field-initializers]8;;[m[K]
[1.303s]    16 |         [01;35m[Kline_.request({"ros2_gpio_service", gpiod::line_request::DIRECTION_OUTPUT})[m[K;
[1.303s]       |         [01;35m[K~~~~~~~~~~~~~^~~~~~~~~~~~~~~~~~~~~~~~~~~~~~~~~~~~~~~~~~~~~~~~~~~~~~~~~~~~~~[m[K
[1.306s] [01m[K/home/lsantos/GitHub/Sandbox/RPI_led_service/src/rpi_gpio/src/server.cpp:[m[K In member function ‘[01m[Kvoid GPIOServer::handle_service(...)[m[K’:
[1.306s] [01m[K/home/lsantos/GitHub/Sandbox/RPI_led_service/src/rpi_gpio/src/server.cpp:23:12:[m[K [01;31m[Kerror: [m[K‘[01m[Krequest[m[K’ was not declared in this scope
[1.306s]    23 |         if([01;31m[Krequest[m[K->toggle)
[1.306s]       |            [01;31m[K^~~~~~~[m[K
[1.310s] [01m[K/home/lsantos/GitHub/Sandbox/RPI_led_service/src/rpi_gpio/src/server.cpp:31:9:[m[K [01;31m[Kerror: [m[K‘[01m[Kresponse[m[K’ was not declared in this scope
[1.310s]    31 |         [01;31m[Kresponse[m[K->success = true;
[1.310s]       |         [01;31m[K^~~~~~~~[m[K
[1.762s] gmake[2]: *** [CMakeFiles/gpio_server.dir/build.make:76: CMakeFiles/gpio_server.dir/src/server.cpp.o] Error 1
[1.762s] gmake[1]: *** [CMakeFiles/Makefile2:139: CMakeFiles/gpio_server.dir/all] Error 2
[1.762s] gmake[1]: *** Waiting for unfinished jobs....
[2.122s] [ 75%] [32m[1mLinking CXX executable gpio_client[0m
[2.254s] [ 75%] Built target gpio_client
[2.254s] gmake: *** [Makefile:146: all] Error 2
[2.255s] Invoked command in '/home/lsantos/GitHub/Sandbox/RPI_led_service/build/rpi_gpio' returned '2': CMAKE_PREFIX_PATH=${CMAKE_PREFIX_PATH}:/opt/ros/iron /usr/bin/cmake --build /home/lsantos/GitHub/Sandbox/RPI_led_service/build/rpi_gpio -- -j24 -l24
