[0.019s] Invoking command in '/home/lsantos/GitHub/Sandbox/RPI_led_service/build/rpi_gpio': CMAKE_PREFIX_PATH=/opt/ros/iron /usr/bin/cmake /home/lsantos/GitHub/Sandbox/RPI_led_service/rpi_gpio -DCMAKE_INSTALL_PREFIX=/home/lsantos/GitHub/Sandbox/RPI_led_service/install/rpi_gpio
[0.026s] -- Found ament_cmake: 2.0.3 (/opt/ros/iron/share/ament_cmake/cmake)
[0.096s] -- Found rclcpp: 21.0.3 (/opt/ros/iron/share/rclcpp/cmake)
[0.110s] -- Found rosidl_generator_c: 4.0.1 (/opt/ros/iron/share/rosidl_generator_c/cmake)
[0.114s] -- Found rosidl_generator_cpp: 4.0.1 (/opt/ros/iron/share/rosidl_generator_cpp/cmake)
[0.119s] -- Using all available rosidl_typesupport_c: rosidl_typesupport_fastrtps_c;rosidl_typesupport_introspection_c
[0.127s] -- Using all available rosidl_typesupport_cpp: rosidl_typesupport_fastrtps_cpp;rosidl_typesupport_introspection_cpp
[0.203s] -- Found rmw_implementation_cmake: 7.1.0 (/opt/ros/iron/share/rmw_implementation_cmake/cmake)
[0.203s] -- Found rmw_fastrtps_cpp: 7.1.1 (/opt/ros/iron/share/rmw_fastrtps_cpp/cmake)
[0.259s] -- Using RMW implementation 'rmw_fastrtps_cpp' as default
[0.341s] -- Found rosidl_default_generators: 1.5.0 (/opt/ros/iron/share/rosidl_default_generators/cmake)
[0.344s] -- Found rosidl_adapter: 4.0.1 (/opt/ros/iron/share/rosidl_adapter/cmake)
[0.421s] [31mCMake Error at /opt/ros/iron/share/rosidl_adapter/cmake/rosidl_adapt_interfaces.cmake:57 (message):
[0.421s]   execute_process(/usr/bin/python3.10 -m rosidl_adapter --package-name
[0.422s]   rpi_gpio --arguments-file
[0.422s]   /home/lsantos/GitHub/Sandbox/RPI_led_service/build/rpi_gpio/rosidl_adapter__arguments__rpi_gpio.json
[0.422s]   --output-dir
[0.422s]   /home/lsantos/GitHub/Sandbox/RPI_led_service/build/rpi_gpio/rosidl_adapter/rpi_gpio
[0.422s]   --output-file
[0.422s]   /home/lsantos/GitHub/Sandbox/RPI_led_service/build/rpi_gpio/rosidl_adapter/rpi_gpio.idls)
[0.422s]   returned error code 1:
[0.422s] 
[0.422s]   Traceback (most recent call last):
[0.422s] 
[0.422s]     File "/usr/lib/python3.10/runpy.py", line 196, in _run_module_as_main
[0.422s]       return _run_code(code, main_globals, None,
[0.422s]     File "/usr/lib/python3.10/runpy.py", line 86, in _run_code
[0.422s]       exec(code, run_globals)
[0.422s]     File "/opt/ros/iron/lib/python3.10/site-packages/rosidl_adapter/__main__.py", line 19, in <module>
[0.422s]       sys.exit(main())
[0.422s]     File "/opt/ros/iron/lib/python3.10/site-packages/rosidl_adapter/main.py", line 53, in main
[0.422s]       abs_idl_file = convert_to_idl(
[0.422s]     File "/opt/ros/iron/lib/python3.10/site-packages/rosidl_adapter/__init__.py", line 24, in convert_to_idl
[0.422s]       return convert_srv_to_idl(
[0.422s]     File "/opt/ros/iron/lib/python3.10/site-packages/rosidl_adapter/srv/__init__.py", line 28, in convert_srv_to_idl
[0.422s]       srv = parse_service_string(package_name, input_file.stem, content)
[0.422s]     File "/opt/ros/iron/lib/python3.10/site-packages/rosidl_adapter/parser.py", line 860, in parse_service_string
[0.422s]       request_message = parse_message_string(
[0.422s]     File "/opt/ros/iron/lib/python3.10/site-packages/rosidl_adapter/parser.py", line 545, in parse_message_string
[0.422s]       msg = MessageSpecification(pkg_name, msg_name, fields, constants)
[0.422s]     File "/opt/ros/iron/lib/python3.10/site-packages/rosidl_adapter/parser.py", line 389, in __init__
[0.422s]       self.base_type = BaseType(
[0.422s]     File "/opt/ros/iron/lib/python3.10/site-packages/rosidl_adapter/parser.py", line 206, in __init__
[0.422s]       raise InvalidResourceName(
[0.422s] 
[0.422s]   rosidl_adapter.parser.InvalidResourceName: 'LED_Toggle_Request' is an
[0.422s]   invalid message name.  It should have the pattern '^[A-Z][A-Za-z0-9]*$'
[0.422s] 
[0.422s] Call Stack (most recent call first):
[0.422s]   /opt/ros/iron/share/rosidl_cmake/cmake/rosidl_generate_interfaces.cmake:132 (rosidl_adapt_interfaces)
[0.422s]   CMakeLists.txt:13 (rosidl_generate_interfaces)
[0.423s] 
[0.423s] [0m
[0.423s] -- Configuring incomplete, errors occurred!
[0.423s] See also "/home/lsantos/GitHub/Sandbox/RPI_led_service/build/rpi_gpio/CMakeFiles/CMakeOutput.log".
[0.427s] Invoked command in '/home/lsantos/GitHub/Sandbox/RPI_led_service/build/rpi_gpio' returned '1': CMAKE_PREFIX_PATH=/opt/ros/iron /usr/bin/cmake /home/lsantos/GitHub/Sandbox/RPI_led_service/rpi_gpio -DCMAKE_INSTALL_PREFIX=/home/lsantos/GitHub/Sandbox/RPI_led_service/install/rpi_gpio
