[0.026s] Invoking command in '/home/lsantos/GitHub/Sandbox/RPI_led_service/build/rpi_gpio_msgs': CMAKE_PREFIX_PATH=${CMAKE_PREFIX_PATH}:/opt/ros/iron /usr/bin/cmake /home/lsantos/GitHub/Sandbox/RPI_led_service/src/rpi_gpio_msgs -DCMAKE_INSTALL_PREFIX=/home/lsantos/GitHub/Sandbox/RPI_led_service/install/rpi_gpio_msgs
[0.049s] -- The C compiler identification is GNU 11.4.0
[0.076s] -- The CXX compiler identification is GNU 11.4.0
[0.079s] -- Detecting C compiler ABI info
[0.107s] -- Detecting C compiler ABI info - done
[0.110s] -- Check for working C compiler: /usr/bin/cc - skipped
[0.110s] -- Detecting C compile features
[0.111s] -- Detecting C compile features - done
[0.112s] -- Detecting CXX compiler ABI info
[0.145s] -- Detecting CXX compiler ABI info - done
[0.149s] -- Check for working CXX compiler: /usr/bin/c++ - skipped
[0.149s] -- Detecting CXX compile features
[0.149s] -- Detecting CXX compile features - done
[0.150s] -- Found ament_cmake: 2.0.3 (/opt/ros/iron/share/ament_cmake/cmake)
[0.230s] -- Found Python3: /usr/bin/python3.10 (found version "3.10.12") found components: Interpreter 
[0.269s] -- Found rclcpp: 21.0.3 (/opt/ros/iron/share/rclcpp/cmake)
[0.288s] -- Found rosidl_generator_c: 4.0.1 (/opt/ros/iron/share/rosidl_generator_c/cmake)
[0.294s] -- Found rosidl_generator_cpp: 4.0.1 (/opt/ros/iron/share/rosidl_generator_cpp/cmake)
[0.301s] -- Using all available rosidl_typesupport_c: rosidl_typesupport_fastrtps_c;rosidl_typesupport_introspection_c
[0.310s] -- Using all available rosidl_typesupport_cpp: rosidl_typesupport_fastrtps_cpp;rosidl_typesupport_introspection_cpp
[0.394s] -- Found rmw_implementation_cmake: 7.1.0 (/opt/ros/iron/share/rmw_implementation_cmake/cmake)
[0.395s] -- Found rmw_fastrtps_cpp: 7.1.1 (/opt/ros/iron/share/rmw_fastrtps_cpp/cmake)
[0.438s] -- Found OpenSSL: /usr/lib/x86_64-linux-gnu/libcrypto.so (found version "3.0.2")  
[0.451s] -- Found FastRTPS: /opt/ros/iron/include  
[0.472s] -- Using RMW implementation 'rmw_fastrtps_cpp' as default
[0.561s] -- Found rosidl_default_generators: 1.5.0 (/opt/ros/iron/share/rosidl_default_generators/cmake)
[0.566s] -- Found rosidl_adapter: 4.0.1 (/opt/ros/iron/share/rosidl_adapter/cmake)
[0.720s] -- Found ament_cmake_ros: 0.11.2 (/opt/ros/iron/share/ament_cmake_ros/cmake)
[0.874s] -- Using all available rosidl_typesupport_c: rosidl_typesupport_fastrtps_c;rosidl_typesupport_introspection_c
[0.936s] -- Using all available rosidl_typesupport_cpp: rosidl_typesupport_fastrtps_cpp;rosidl_typesupport_introspection_cpp
[0.947s] -- Found PythonInterp: /usr/bin/python3 (found suitable version "3.10.12", minimum required is "3.6") 
[0.948s] -- Found python_cmake_module: 0.10.2 (/opt/ros/iron/share/python_cmake_module/cmake)
[0.961s] -- Found PythonLibs: /usr/lib/x86_64-linux-gnu/libpython3.10.so (found suitable version "3.10.12", minimum required is "3.5") 
[0.961s] -- Using PYTHON_EXECUTABLE: /usr/bin/python3
[0.961s] -- Using PYTHON_INCLUDE_DIRS: /usr/include/python3.10
[0.961s] -- Using PYTHON_LIBRARIES: /usr/lib/x86_64-linux-gnu/libpython3.10.so
[0.972s] -- Found PythonExtra: .so  
[0.991s] -- Found ament_lint_auto: 0.14.2 (/opt/ros/iron/share/ament_lint_auto/cmake)
[0.998s] -- Added test 'lint_cmake' to check CMake code style
[0.998s] -- Added test 'xmllint' to check XML markup files
[0.999s] -- Configuring done
[1.013s] -- Generating done
[1.015s] -- Build files have been written to: /home/lsantos/GitHub/Sandbox/RPI_led_service/build/rpi_gpio_msgs
[1.021s] Invoked command in '/home/lsantos/GitHub/Sandbox/RPI_led_service/build/rpi_gpio_msgs' returned '0': CMAKE_PREFIX_PATH=${CMAKE_PREFIX_PATH}:/opt/ros/iron /usr/bin/cmake /home/lsantos/GitHub/Sandbox/RPI_led_service/src/rpi_gpio_msgs -DCMAKE_INSTALL_PREFIX=/home/lsantos/GitHub/Sandbox/RPI_led_service/install/rpi_gpio_msgs
[1.022s] Invoking command in '/home/lsantos/GitHub/Sandbox/RPI_led_service/build/rpi_gpio_msgs': CMAKE_PREFIX_PATH=${CMAKE_PREFIX_PATH}:/opt/ros/iron /usr/bin/cmake --build /home/lsantos/GitHub/Sandbox/RPI_led_service/build/rpi_gpio_msgs -- -j24 -l24
[1.043s] [  2%] [34m[1mGenerating type hashes for ROS interfaces[0m
[1.047s] [  2%] Built target ament_cmake_python_copy_rpi_gpio_msgs
[1.138s] [  2%] Built target rpi_gpio_msgs__rosidl_generator_type_description
[1.142s] [  5%] [34m[1mGenerating C code for ROS interfaces[0m
[1.146s] [  8%] [34m[1mGenerating C++ code for ROS interfaces[0m
[1.157s] running egg_info
[1.157s] creating rpi_gpio_msgs.egg-info
[1.157s] writing rpi_gpio_msgs.egg-info/PKG-INFO
[1.158s] writing dependency_links to rpi_gpio_msgs.egg-info/dependency_links.txt
[1.158s] writing top-level names to rpi_gpio_msgs.egg-info/top_level.txt
[1.158s] writing manifest file 'rpi_gpio_msgs.egg-info/SOURCES.txt'
[1.159s] reading manifest file 'rpi_gpio_msgs.egg-info/SOURCES.txt'
[1.159s] writing manifest file 'rpi_gpio_msgs.egg-info/SOURCES.txt'
[1.173s] [  8%] Built target ament_cmake_python_build_rpi_gpio_msgs_egg
[1.284s] [  8%] Built target rpi_gpio_msgs__cpp
[1.295s] [ 11%] [32mBuilding C object CMakeFiles/rpi_gpio_msgs__rosidl_generator_c.dir/rosidl_generator_c/rpi_gpio_msgs/srv/detail/led_toggle__description.c.o[0m
[1.295s] [ 14%] [32mBuilding C object CMakeFiles/rpi_gpio_msgs__rosidl_generator_c.dir/rosidl_generator_c/rpi_gpio_msgs/srv/detail/led_toggle__functions.c.o[0m
[1.296s] [ 17%] [32mBuilding C object CMakeFiles/rpi_gpio_msgs__rosidl_generator_c.dir/rosidl_generator_c/rpi_gpio_msgs/srv/detail/led_toggle__type_support.c.o[0m
[1.328s] [ 20%] [32m[1mLinking C shared library librpi_gpio_msgs__rosidl_generator_c.so[0m
[1.345s] [ 20%] Built target rpi_gpio_msgs__rosidl_generator_c
[1.349s] [ 32%] [34m[1mGenerating C++ type support dispatch for ROS interfaces[0m
[1.349s] [ 32%] [34m[1mGenerating C type support for eProsima Fast-RTPS[0m
[1.349s] [ 32%] [34m[1mGenerating C++ type support for eProsima Fast-RTPS[0m
[1.349s] [ 32%] [34m[1mGenerating C introspection for ROS interfaces[0m
[1.349s] [ 35%] [34m[1mGenerating C type support dispatch for ROS interfaces[0m
[1.349s] [ 38%] [34m[1mGenerating C++ introspection for ROS interfaces[0m
[1.462s] [ 41%] [32mBuilding CXX object CMakeFiles/rpi_gpio_msgs__rosidl_typesupport_c.dir/rosidl_typesupport_c/rpi_gpio_msgs/srv/led_toggle__type_support.cpp.o[0m
[1.464s] [ 44%] [32mBuilding CXX object CMakeFiles/rpi_gpio_msgs__rosidl_typesupport_cpp.dir/rosidl_typesupport_cpp/rpi_gpio_msgs/srv/led_toggle__type_support.cpp.o[0m
[1.476s] [ 47%] [32mBuilding CXX object CMakeFiles/rpi_gpio_msgs__rosidl_typesupport_introspection_cpp.dir/rosidl_typesupport_introspection_cpp/rpi_gpio_msgs/srv/detail/led_toggle__type_support.cpp.o[0m
[1.481s] [ 50%] [32mBuilding C object CMakeFiles/rpi_gpio_msgs__rosidl_typesupport_introspection_c.dir/rosidl_typesupport_introspection_c/rpi_gpio_msgs/srv/detail/led_toggle__type_support.c.o[0m
[1.481s] [ 52%] [32mBuilding CXX object CMakeFiles/rpi_gpio_msgs__rosidl_typesupport_fastrtps_c.dir/rosidl_typesupport_fastrtps_c/rpi_gpio_msgs/srv/detail/led_toggle__type_support_c.cpp.o[0m
[1.481s] [ 55%] [32m[1mLinking CXX shared library librpi_gpio_msgs__rosidl_typesupport_c.so[0m
[1.483s] [ 58%] [32mBuilding CXX object CMakeFiles/rpi_gpio_msgs__rosidl_typesupport_fastrtps_cpp.dir/rosidl_typesupport_fastrtps_cpp/rpi_gpio_msgs/srv/detail/dds_fastrtps/led_toggle__type_support.cpp.o[0m
[1.500s] [ 58%] Built target rpi_gpio_msgs__rosidl_typesupport_c
[1.501s] [ 61%] [32m[1mLinking C shared library librpi_gpio_msgs__rosidl_typesupport_introspection_c.so[0m
[1.515s] [ 61%] Built target rpi_gpio_msgs__rosidl_typesupport_introspection_c
[1.642s] [ 64%] [32m[1mLinking CXX shared library librpi_gpio_msgs__rosidl_typesupport_fastrtps_c.so[0m
[1.672s] [ 67%] [32m[1mLinking CXX shared library librpi_gpio_msgs__rosidl_typesupport_cpp.so[0m
[1.678s] [ 67%] Built target rpi_gpio_msgs__rosidl_typesupport_fastrtps_c
[1.700s] [ 70%] [32m[1mLinking CXX shared library librpi_gpio_msgs__rosidl_typesupport_introspection_cpp.so[0m
[1.708s] [ 70%] Built target rpi_gpio_msgs__rosidl_typesupport_cpp
[1.736s] [ 70%] Built target rpi_gpio_msgs__rosidl_typesupport_introspection_cpp
[1.775s] [ 73%] [32m[1mLinking CXX shared library librpi_gpio_msgs__rosidl_typesupport_fastrtps_cpp.so[0m
[1.811s] [ 73%] Built target rpi_gpio_msgs__rosidl_typesupport_fastrtps_cpp
[1.819s] [ 73%] Built target rpi_gpio_msgs
[1.827s] [ 76%] [34m[1mGenerating Python code for ROS interfaces[0m
[2.009s] [ 76%] Built target rpi_gpio_msgs__py
[2.016s] [ 79%] [32mBuilding C object CMakeFiles/rpi_gpio_msgs__rosidl_generator_py.dir/rosidl_generator_py/rpi_gpio_msgs/srv/_led_toggle_s.c.o[0m
[2.070s] [ 82%] [32m[1mLinking C shared library rosidl_generator_py/rpi_gpio_msgs/librpi_gpio_msgs__rosidl_generator_py.so[0m
[2.088s] [ 82%] Built target rpi_gpio_msgs__rosidl_generator_py
[2.097s] [ 91%] [32mBuilding C object CMakeFiles/rpi_gpio_msgs__rosidl_typesupport_introspection_c__pyext.dir/rosidl_generator_py/rpi_gpio_msgs/_rpi_gpio_msgs_s.ep.rosidl_typesupport_introspection_c.c.o[0m
[2.097s] [ 91%] [32mBuilding C object CMakeFiles/rpi_gpio_msgs__rosidl_typesupport_c__pyext.dir/rosidl_generator_py/rpi_gpio_msgs/_rpi_gpio_msgs_s.ep.rosidl_typesupport_c.c.o[0m
[2.097s] [ 91%] [32mBuilding C object CMakeFiles/rpi_gpio_msgs__rosidl_typesupport_fastrtps_c__pyext.dir/rosidl_generator_py/rpi_gpio_msgs/_rpi_gpio_msgs_s.ep.rosidl_typesupport_fastrtps_c.c.o[0m
[2.145s] [100%] [32m[1mLinking C shared library rosidl_generator_py/rpi_gpio_msgs/rpi_gpio_msgs_s__rosidl_typesupport_c.cpython-310-x86_64-linux-gnu.so[0m
[2.145s] [100%] [32m[1mLinking C shared library rosidl_generator_py/rpi_gpio_msgs/rpi_gpio_msgs_s__rosidl_typesupport_introspection_c.cpython-310-x86_64-linux-gnu.so[0m
[2.146s] [100%] [32m[1mLinking C shared library rosidl_generator_py/rpi_gpio_msgs/rpi_gpio_msgs_s__rosidl_typesupport_fastrtps_c.cpython-310-x86_64-linux-gnu.so[0m
[2.162s] [100%] Built target rpi_gpio_msgs__rosidl_typesupport_fastrtps_c__pyext
[2.162s] [100%] Built target rpi_gpio_msgs__rosidl_typesupport_introspection_c__pyext
[2.162s] [100%] Built target rpi_gpio_msgs__rosidl_typesupport_c__pyext
[2.167s] Invoked command in '/home/lsantos/GitHub/Sandbox/RPI_led_service/build/rpi_gpio_msgs' returned '0': CMAKE_PREFIX_PATH=${CMAKE_PREFIX_PATH}:/opt/ros/iron /usr/bin/cmake --build /home/lsantos/GitHub/Sandbox/RPI_led_service/build/rpi_gpio_msgs -- -j24 -l24
[2.191s] Invoking command in '/home/lsantos/GitHub/Sandbox/RPI_led_service/build/rpi_gpio_msgs': CMAKE_PREFIX_PATH=${CMAKE_PREFIX_PATH}:/opt/ros/iron /usr/bin/cmake --install /home/lsantos/GitHub/Sandbox/RPI_led_service/build/rpi_gpio_msgs
[2.194s] -- Install configuration: ""
[2.195s] -- Installing: /home/lsantos/GitHub/Sandbox/RPI_led_service/install/rpi_gpio_msgs/share/ament_index/resource_index/rosidl_interfaces/rpi_gpio_msgs
[2.195s] -- Installing: /home/lsantos/GitHub/Sandbox/RPI_led_service/install/rpi_gpio_msgs/share/rpi_gpio_msgs/srv/LEDToggle.json
[2.195s] -- Up-to-date: /home/lsantos/GitHub/Sandbox/RPI_led_service/install/rpi_gpio_msgs/include/rpi_gpio_msgs/rpi_gpio_msgs
[2.195s] -- Up-to-date: /home/lsantos/GitHub/Sandbox/RPI_led_service/install/rpi_gpio_msgs/include/rpi_gpio_msgs/rpi_gpio_msgs/srv
[2.195s] -- Up-to-date: /home/lsantos/GitHub/Sandbox/RPI_led_service/install/rpi_gpio_msgs/include/rpi_gpio_msgs/rpi_gpio_msgs/srv/detail
[2.195s] -- Installing: /home/lsantos/GitHub/Sandbox/RPI_led_service/install/rpi_gpio_msgs/include/rpi_gpio_msgs/rpi_gpio_msgs/srv/detail/led_toggle__description.c
[2.195s] -- Installing: /home/lsantos/GitHub/Sandbox/RPI_led_service/install/rpi_gpio_msgs/include/rpi_gpio_msgs/rpi_gpio_msgs/srv/detail/led_toggle__functions.c
[2.195s] -- Installing: /home/lsantos/GitHub/Sandbox/RPI_led_service/install/rpi_gpio_msgs/include/rpi_gpio_msgs/rpi_gpio_msgs/srv/detail/led_toggle__type_support.h
[2.195s] -- Installing: /home/lsantos/GitHub/Sandbox/RPI_led_service/install/rpi_gpio_msgs/include/rpi_gpio_msgs/rpi_gpio_msgs/srv/detail/led_toggle__struct.h
[2.195s] -- Installing: /home/lsantos/GitHub/Sandbox/RPI_led_service/install/rpi_gpio_msgs/include/rpi_gpio_msgs/rpi_gpio_msgs/srv/detail/led_toggle__functions.h
[2.196s] -- Installing: /home/lsantos/GitHub/Sandbox/RPI_led_service/install/rpi_gpio_msgs/include/rpi_gpio_msgs/rpi_gpio_msgs/srv/detail/led_toggle__type_support.c
[2.196s] -- Installing: /home/lsantos/GitHub/Sandbox/RPI_led_service/install/rpi_gpio_msgs/include/rpi_gpio_msgs/rpi_gpio_msgs/srv/led_toggle.h
[2.196s] -- Up-to-date: /home/lsantos/GitHub/Sandbox/RPI_led_service/install/rpi_gpio_msgs/include/rpi_gpio_msgs/rpi_gpio_msgs/msg
[2.196s] -- Installing: /home/lsantos/GitHub/Sandbox/RPI_led_service/install/rpi_gpio_msgs/include/rpi_gpio_msgs/rpi_gpio_msgs/msg/rosidl_generator_c__visibility_control.h
[2.196s] -- Up-to-date: /home/lsantos/GitHub/Sandbox/RPI_led_service/install/rpi_gpio_msgs/share/rpi_gpio_msgs/environment/library_path.sh
[2.196s] -- Installing: /home/lsantos/GitHub/Sandbox/RPI_led_service/install/rpi_gpio_msgs/share/rpi_gpio_msgs/environment/library_path.dsv
[2.196s] -- Installing: /home/lsantos/GitHub/Sandbox/RPI_led_service/install/rpi_gpio_msgs/lib/librpi_gpio_msgs__rosidl_generator_c.so
[2.196s] -- Set runtime path of "/home/lsantos/GitHub/Sandbox/RPI_led_service/install/rpi_gpio_msgs/lib/librpi_gpio_msgs__rosidl_generator_c.so" to ""
[2.196s] -- Up-to-date: /home/lsantos/GitHub/Sandbox/RPI_led_service/install/rpi_gpio_msgs/include/rpi_gpio_msgs/rpi_gpio_msgs
[2.196s] -- Up-to-date: /home/lsantos/GitHub/Sandbox/RPI_led_service/install/rpi_gpio_msgs/include/rpi_gpio_msgs/rpi_gpio_msgs/srv
[2.196s] -- Up-to-date: /home/lsantos/GitHub/Sandbox/RPI_led_service/install/rpi_gpio_msgs/include/rpi_gpio_msgs/rpi_gpio_msgs/srv/detail
[2.196s] -- Installing: /home/lsantos/GitHub/Sandbox/RPI_led_service/install/rpi_gpio_msgs/include/rpi_gpio_msgs/rpi_gpio_msgs/srv/detail/led_toggle__rosidl_typesupport_fastrtps_c.h
[2.196s] -- Up-to-date: /home/lsantos/GitHub/Sandbox/RPI_led_service/install/rpi_gpio_msgs/include/rpi_gpio_msgs/rpi_gpio_msgs/msg
[2.197s] -- Installing: /home/lsantos/GitHub/Sandbox/RPI_led_service/install/rpi_gpio_msgs/include/rpi_gpio_msgs/rpi_gpio_msgs/msg/rosidl_typesupport_fastrtps_c__visibility_control.h
[2.197s] -- Installing: /home/lsantos/GitHub/Sandbox/RPI_led_service/install/rpi_gpio_msgs/lib/librpi_gpio_msgs__rosidl_typesupport_fastrtps_c.so
[2.197s] -- Set runtime path of "/home/lsantos/GitHub/Sandbox/RPI_led_service/install/rpi_gpio_msgs/lib/librpi_gpio_msgs__rosidl_typesupport_fastrtps_c.so" to ""
[2.197s] -- Up-to-date: /home/lsantos/GitHub/Sandbox/RPI_led_service/install/rpi_gpio_msgs/include/rpi_gpio_msgs/rpi_gpio_msgs
[2.197s] -- Up-to-date: /home/lsantos/GitHub/Sandbox/RPI_led_service/install/rpi_gpio_msgs/include/rpi_gpio_msgs/rpi_gpio_msgs/srv
[2.197s] -- Up-to-date: /home/lsantos/GitHub/Sandbox/RPI_led_service/install/rpi_gpio_msgs/include/rpi_gpio_msgs/rpi_gpio_msgs/srv/detail
[2.197s] -- Installing: /home/lsantos/GitHub/Sandbox/RPI_led_service/install/rpi_gpio_msgs/include/rpi_gpio_msgs/rpi_gpio_msgs/srv/detail/led_toggle__struct.hpp
[2.197s] -- Installing: /home/lsantos/GitHub/Sandbox/RPI_led_service/install/rpi_gpio_msgs/include/rpi_gpio_msgs/rpi_gpio_msgs/srv/detail/led_toggle__traits.hpp
[2.197s] -- Installing: /home/lsantos/GitHub/Sandbox/RPI_led_service/install/rpi_gpio_msgs/include/rpi_gpio_msgs/rpi_gpio_msgs/srv/detail/led_toggle__builder.hpp
[2.197s] -- Installing: /home/lsantos/GitHub/Sandbox/RPI_led_service/install/rpi_gpio_msgs/include/rpi_gpio_msgs/rpi_gpio_msgs/srv/led_toggle.hpp
[2.197s] -- Up-to-date: /home/lsantos/GitHub/Sandbox/RPI_led_service/install/rpi_gpio_msgs/include/rpi_gpio_msgs/rpi_gpio_msgs
[2.197s] -- Up-to-date: /home/lsantos/GitHub/Sandbox/RPI_led_service/install/rpi_gpio_msgs/include/rpi_gpio_msgs/rpi_gpio_msgs/srv
[2.197s] -- Up-to-date: /home/lsantos/GitHub/Sandbox/RPI_led_service/install/rpi_gpio_msgs/include/rpi_gpio_msgs/rpi_gpio_msgs/srv/detail
[2.197s] -- Installing: /home/lsantos/GitHub/Sandbox/RPI_led_service/install/rpi_gpio_msgs/include/rpi_gpio_msgs/rpi_gpio_msgs/srv/detail/led_toggle__rosidl_typesupport_fastrtps_cpp.hpp
[2.197s] -- Up-to-date: /home/lsantos/GitHub/Sandbox/RPI_led_service/install/rpi_gpio_msgs/include/rpi_gpio_msgs/rpi_gpio_msgs/srv/detail/dds_fastrtps
[2.197s] -- Up-to-date: /home/lsantos/GitHub/Sandbox/RPI_led_service/install/rpi_gpio_msgs/include/rpi_gpio_msgs/rpi_gpio_msgs/msg
[2.197s] -- Installing: /home/lsantos/GitHub/Sandbox/RPI_led_service/install/rpi_gpio_msgs/include/rpi_gpio_msgs/rpi_gpio_msgs/msg/rosidl_typesupport_fastrtps_cpp__visibility_control.h
[2.197s] -- Installing: /home/lsantos/GitHub/Sandbox/RPI_led_service/install/rpi_gpio_msgs/lib/librpi_gpio_msgs__rosidl_typesupport_fastrtps_cpp.so
[2.197s] -- Set runtime path of "/home/lsantos/GitHub/Sandbox/RPI_led_service/install/rpi_gpio_msgs/lib/librpi_gpio_msgs__rosidl_typesupport_fastrtps_cpp.so" to ""
[2.197s] -- Up-to-date: /home/lsantos/GitHub/Sandbox/RPI_led_service/install/rpi_gpio_msgs/include/rpi_gpio_msgs/rpi_gpio_msgs
[2.198s] -- Up-to-date: /home/lsantos/GitHub/Sandbox/RPI_led_service/install/rpi_gpio_msgs/include/rpi_gpio_msgs/rpi_gpio_msgs/srv
[2.198s] -- Up-to-date: /home/lsantos/GitHub/Sandbox/RPI_led_service/install/rpi_gpio_msgs/include/rpi_gpio_msgs/rpi_gpio_msgs/srv/detail
[2.198s] -- Installing: /home/lsantos/GitHub/Sandbox/RPI_led_service/install/rpi_gpio_msgs/include/rpi_gpio_msgs/rpi_gpio_msgs/srv/detail/led_toggle__rosidl_typesupport_introspection_c.h
[2.198s] -- Up-to-date: /home/lsantos/GitHub/Sandbox/RPI_led_service/install/rpi_gpio_msgs/include/rpi_gpio_msgs/rpi_gpio_msgs/srv/detail/led_toggle__type_support.c
[2.198s] -- Up-to-date: /home/lsantos/GitHub/Sandbox/RPI_led_service/install/rpi_gpio_msgs/include/rpi_gpio_msgs/rpi_gpio_msgs/msg
[2.198s] -- Installing: /home/lsantos/GitHub/Sandbox/RPI_led_service/install/rpi_gpio_msgs/include/rpi_gpio_msgs/rpi_gpio_msgs/msg/rosidl_typesupport_introspection_c__visibility_control.h
[2.198s] -- Installing: /home/lsantos/GitHub/Sandbox/RPI_led_service/install/rpi_gpio_msgs/lib/librpi_gpio_msgs__rosidl_typesupport_introspection_c.so
[2.198s] -- Set runtime path of "/home/lsantos/GitHub/Sandbox/RPI_led_service/install/rpi_gpio_msgs/lib/librpi_gpio_msgs__rosidl_typesupport_introspection_c.so" to ""
[2.198s] -- Installing: /home/lsantos/GitHub/Sandbox/RPI_led_service/install/rpi_gpio_msgs/lib/librpi_gpio_msgs__rosidl_typesupport_c.so
[2.198s] -- Set runtime path of "/home/lsantos/GitHub/Sandbox/RPI_led_service/install/rpi_gpio_msgs/lib/librpi_gpio_msgs__rosidl_typesupport_c.so" to ""
[2.198s] -- Up-to-date: /home/lsantos/GitHub/Sandbox/RPI_led_service/install/rpi_gpio_msgs/include/rpi_gpio_msgs/rpi_gpio_msgs
[2.198s] -- Up-to-date: /home/lsantos/GitHub/Sandbox/RPI_led_service/install/rpi_gpio_msgs/include/rpi_gpio_msgs/rpi_gpio_msgs/srv
[2.198s] -- Up-to-date: /home/lsantos/GitHub/Sandbox/RPI_led_service/install/rpi_gpio_msgs/include/rpi_gpio_msgs/rpi_gpio_msgs/srv/detail
[2.198s] -- Installing: /home/lsantos/GitHub/Sandbox/RPI_led_service/install/rpi_gpio_msgs/include/rpi_gpio_msgs/rpi_gpio_msgs/srv/detail/led_toggle__type_support.cpp
[2.198s] -- Installing: /home/lsantos/GitHub/Sandbox/RPI_led_service/install/rpi_gpio_msgs/include/rpi_gpio_msgs/rpi_gpio_msgs/srv/detail/led_toggle__rosidl_typesupport_introspection_cpp.hpp
[2.198s] -- Installing: /home/lsantos/GitHub/Sandbox/RPI_led_service/install/rpi_gpio_msgs/lib/librpi_gpio_msgs__rosidl_typesupport_introspection_cpp.so
[2.198s] -- Set runtime path of "/home/lsantos/GitHub/Sandbox/RPI_led_service/install/rpi_gpio_msgs/lib/librpi_gpio_msgs__rosidl_typesupport_introspection_cpp.so" to ""
[2.198s] -- Installing: /home/lsantos/GitHub/Sandbox/RPI_led_service/install/rpi_gpio_msgs/lib/librpi_gpio_msgs__rosidl_typesupport_cpp.so
[2.198s] -- Set runtime path of "/home/lsantos/GitHub/Sandbox/RPI_led_service/install/rpi_gpio_msgs/lib/librpi_gpio_msgs__rosidl_typesupport_cpp.so" to ""
[2.198s] -- Installing: /home/lsantos/GitHub/Sandbox/RPI_led_service/install/rpi_gpio_msgs/share/rpi_gpio_msgs/environment/pythonpath.sh
[2.198s] -- Installing: /home/lsantos/GitHub/Sandbox/RPI_led_service/install/rpi_gpio_msgs/share/rpi_gpio_msgs/environment/pythonpath.dsv
[2.198s] -- Up-to-date: /home/lsantos/GitHub/Sandbox/RPI_led_service/install/rpi_gpio_msgs/lib/python3.10/site-packages/rpi_gpio_msgs-0.0.0-py3.10.egg-info
[2.198s] -- Installing: /home/lsantos/GitHub/Sandbox/RPI_led_service/install/rpi_gpio_msgs/lib/python3.10/site-packages/rpi_gpio_msgs-0.0.0-py3.10.egg-info/dependency_links.txt
[2.198s] -- Installing: /home/lsantos/GitHub/Sandbox/RPI_led_service/install/rpi_gpio_msgs/lib/python3.10/site-packages/rpi_gpio_msgs-0.0.0-py3.10.egg-info/SOURCES.txt
[2.198s] -- Installing: /home/lsantos/GitHub/Sandbox/RPI_led_service/install/rpi_gpio_msgs/lib/python3.10/site-packages/rpi_gpio_msgs-0.0.0-py3.10.egg-info/top_level.txt
[2.198s] -- Installing: /home/lsantos/GitHub/Sandbox/RPI_led_service/install/rpi_gpio_msgs/lib/python3.10/site-packages/rpi_gpio_msgs-0.0.0-py3.10.egg-info/PKG-INFO
[2.198s] -- Up-to-date: /home/lsantos/GitHub/Sandbox/RPI_led_service/install/rpi_gpio_msgs/lib/python3.10/site-packages/rpi_gpio_msgs
[2.198s] -- Installing: /home/lsantos/GitHub/Sandbox/RPI_led_service/install/rpi_gpio_msgs/lib/python3.10/site-packages/rpi_gpio_msgs/_rpi_gpio_msgs_s.ep.rosidl_typesupport_c.c
[2.198s] -- Installing: /home/lsantos/GitHub/Sandbox/RPI_led_service/install/rpi_gpio_msgs/lib/python3.10/site-packages/rpi_gpio_msgs/librpi_gpio_msgs__rosidl_generator_py.so
[2.198s] -- Installing: /home/lsantos/GitHub/Sandbox/RPI_led_service/install/rpi_gpio_msgs/lib/python3.10/site-packages/rpi_gpio_msgs/_rpi_gpio_msgs_s.ep.rosidl_typesupport_introspection_c.c
[2.198s] -- Installing: /home/lsantos/GitHub/Sandbox/RPI_led_service/install/rpi_gpio_msgs/lib/python3.10/site-packages/rpi_gpio_msgs/rpi_gpio_msgs_s__rosidl_typesupport_c.cpython-310-x86_64-linux-gnu.so
[2.198s] -- Installing: /home/lsantos/GitHub/Sandbox/RPI_led_service/install/rpi_gpio_msgs/lib/python3.10/site-packages/rpi_gpio_msgs/rpi_gpio_msgs_s__rosidl_typesupport_fastrtps_c.cpython-310-x86_64-linux-gnu.so
[2.198s] -- Up-to-date: /home/lsantos/GitHub/Sandbox/RPI_led_service/install/rpi_gpio_msgs/lib/python3.10/site-packages/rpi_gpio_msgs/srv
[2.198s] -- Installing: /home/lsantos/GitHub/Sandbox/RPI_led_service/install/rpi_gpio_msgs/lib/python3.10/site-packages/rpi_gpio_msgs/srv/_led_toggle_s.c
[2.198s] -- Installing: /home/lsantos/GitHub/Sandbox/RPI_led_service/install/rpi_gpio_msgs/lib/python3.10/site-packages/rpi_gpio_msgs/srv/__init__.py
[2.198s] -- Installing: /home/lsantos/GitHub/Sandbox/RPI_led_service/install/rpi_gpio_msgs/lib/python3.10/site-packages/rpi_gpio_msgs/srv/_led_toggle.py
[2.198s] -- Installing: /home/lsantos/GitHub/Sandbox/RPI_led_service/install/rpi_gpio_msgs/lib/python3.10/site-packages/rpi_gpio_msgs/_rpi_gpio_msgs_s.ep.rosidl_typesupport_fastrtps_c.c
[2.198s] -- Installing: /home/lsantos/GitHub/Sandbox/RPI_led_service/install/rpi_gpio_msgs/lib/python3.10/site-packages/rpi_gpio_msgs/rpi_gpio_msgs_s__rosidl_typesupport_introspection_c.cpython-310-x86_64-linux-gnu.so
[2.198s] -- Installing: /home/lsantos/GitHub/Sandbox/RPI_led_service/install/rpi_gpio_msgs/lib/python3.10/site-packages/rpi_gpio_msgs/__init__.py
[2.215s] Listing '/home/lsantos/GitHub/Sandbox/RPI_led_service/install/rpi_gpio_msgs/lib/python3.10/site-packages/rpi_gpio_msgs'...
[2.215s] Compiling '/home/lsantos/GitHub/Sandbox/RPI_led_service/install/rpi_gpio_msgs/lib/python3.10/site-packages/rpi_gpio_msgs/__init__.py'...
[2.215s] Listing '/home/lsantos/GitHub/Sandbox/RPI_led_service/install/rpi_gpio_msgs/lib/python3.10/site-packages/rpi_gpio_msgs/srv'...
[2.215s] Compiling '/home/lsantos/GitHub/Sandbox/RPI_led_service/install/rpi_gpio_msgs/lib/python3.10/site-packages/rpi_gpio_msgs/srv/__init__.py'...
[2.215s] Compiling '/home/lsantos/GitHub/Sandbox/RPI_led_service/install/rpi_gpio_msgs/lib/python3.10/site-packages/rpi_gpio_msgs/srv/_led_toggle.py'...
[2.218s] -- Installing: /home/lsantos/GitHub/Sandbox/RPI_led_service/install/rpi_gpio_msgs/lib/python3.10/site-packages/rpi_gpio_msgs/rpi_gpio_msgs_s__rosidl_typesupport_fastrtps_c.cpython-310-x86_64-linux-gnu.so
[2.218s] -- Set runtime path of "/home/lsantos/GitHub/Sandbox/RPI_led_service/install/rpi_gpio_msgs/lib/python3.10/site-packages/rpi_gpio_msgs/rpi_gpio_msgs_s__rosidl_typesupport_fastrtps_c.cpython-310-x86_64-linux-gnu.so" to ""
[2.218s] -- Installing: /home/lsantos/GitHub/Sandbox/RPI_led_service/install/rpi_gpio_msgs/lib/python3.10/site-packages/rpi_gpio_msgs/rpi_gpio_msgs_s__rosidl_typesupport_introspection_c.cpython-310-x86_64-linux-gnu.so
[2.218s] -- Set runtime path of "/home/lsantos/GitHub/Sandbox/RPI_led_service/install/rpi_gpio_msgs/lib/python3.10/site-packages/rpi_gpio_msgs/rpi_gpio_msgs_s__rosidl_typesupport_introspection_c.cpython-310-x86_64-linux-gnu.so" to ""
[2.218s] -- Installing: /home/lsantos/GitHub/Sandbox/RPI_led_service/install/rpi_gpio_msgs/lib/python3.10/site-packages/rpi_gpio_msgs/rpi_gpio_msgs_s__rosidl_typesupport_c.cpython-310-x86_64-linux-gnu.so
[2.218s] -- Set runtime path of "/home/lsantos/GitHub/Sandbox/RPI_led_service/install/rpi_gpio_msgs/lib/python3.10/site-packages/rpi_gpio_msgs/rpi_gpio_msgs_s__rosidl_typesupport_c.cpython-310-x86_64-linux-gnu.so" to ""
[2.218s] -- Installing: /home/lsantos/GitHub/Sandbox/RPI_led_service/install/rpi_gpio_msgs/lib/librpi_gpio_msgs__rosidl_generator_py.so
[2.218s] -- Set runtime path of "/home/lsantos/GitHub/Sandbox/RPI_led_service/install/rpi_gpio_msgs/lib/librpi_gpio_msgs__rosidl_generator_py.so" to ""
[2.218s] -- Installing: /home/lsantos/GitHub/Sandbox/RPI_led_service/install/rpi_gpio_msgs/share/rpi_gpio_msgs/srv/LEDToggle.idl
[2.218s] -- Up-to-date: /home/lsantos/GitHub/Sandbox/RPI_led_service/install/rpi_gpio_msgs/share/rpi_gpio_msgs/srv/LEDToggle.srv
[2.218s] -- Installing: /home/lsantos/GitHub/Sandbox/RPI_led_service/install/rpi_gpio_msgs/share/rpi_gpio_msgs/srv/LEDToggle_Request.msg
[2.218s] -- Installing: /home/lsantos/GitHub/Sandbox/RPI_led_service/install/rpi_gpio_msgs/share/rpi_gpio_msgs/srv/LEDToggle_Response.msg
[2.218s] -- Installing: /home/lsantos/GitHub/Sandbox/RPI_led_service/install/rpi_gpio_msgs/share/ament_index/resource_index/package_run_dependencies/rpi_gpio_msgs
[2.218s] -- Installing: /home/lsantos/GitHub/Sandbox/RPI_led_service/install/rpi_gpio_msgs/share/ament_index/resource_index/parent_prefix_path/rpi_gpio_msgs
[2.218s] -- Up-to-date: /home/lsantos/GitHub/Sandbox/RPI_led_service/install/rpi_gpio_msgs/share/rpi_gpio_msgs/environment/ament_prefix_path.sh
[2.218s] -- Installing: /home/lsantos/GitHub/Sandbox/RPI_led_service/install/rpi_gpio_msgs/share/rpi_gpio_msgs/environment/ament_prefix_path.dsv
[2.219s] -- Up-to-date: /home/lsantos/GitHub/Sandbox/RPI_led_service/install/rpi_gpio_msgs/share/rpi_gpio_msgs/environment/path.sh
[2.219s] -- Installing: /home/lsantos/GitHub/Sandbox/RPI_led_service/install/rpi_gpio_msgs/share/rpi_gpio_msgs/environment/path.dsv
[2.219s] -- Installing: /home/lsantos/GitHub/Sandbox/RPI_led_service/install/rpi_gpio_msgs/share/rpi_gpio_msgs/local_setup.bash
[2.219s] -- Installing: /home/lsantos/GitHub/Sandbox/RPI_led_service/install/rpi_gpio_msgs/share/rpi_gpio_msgs/local_setup.sh
[2.219s] -- Installing: /home/lsantos/GitHub/Sandbox/RPI_led_service/install/rpi_gpio_msgs/share/rpi_gpio_msgs/local_setup.zsh
[2.219s] -- Installing: /home/lsantos/GitHub/Sandbox/RPI_led_service/install/rpi_gpio_msgs/share/rpi_gpio_msgs/local_setup.dsv
[2.219s] -- Installing: /home/lsantos/GitHub/Sandbox/RPI_led_service/install/rpi_gpio_msgs/share/rpi_gpio_msgs/package.dsv
[2.219s] -- Installing: /home/lsantos/GitHub/Sandbox/RPI_led_service/install/rpi_gpio_msgs/share/ament_index/resource_index/packages/rpi_gpio_msgs
[2.219s] -- Installing: /home/lsantos/GitHub/Sandbox/RPI_led_service/install/rpi_gpio_msgs/share/rpi_gpio_msgs/cmake/export_rpi_gpio_msgs__rosidl_generator_cExport.cmake
[2.219s] -- Installing: /home/lsantos/GitHub/Sandbox/RPI_led_service/install/rpi_gpio_msgs/share/rpi_gpio_msgs/cmake/export_rpi_gpio_msgs__rosidl_generator_cExport-noconfig.cmake
[2.219s] -- Installing: /home/lsantos/GitHub/Sandbox/RPI_led_service/install/rpi_gpio_msgs/share/rpi_gpio_msgs/cmake/export_rpi_gpio_msgs__rosidl_typesupport_fastrtps_cExport.cmake
[2.219s] -- Installing: /home/lsantos/GitHub/Sandbox/RPI_led_service/install/rpi_gpio_msgs/share/rpi_gpio_msgs/cmake/export_rpi_gpio_msgs__rosidl_typesupport_fastrtps_cExport-noconfig.cmake
[2.219s] -- Installing: /home/lsantos/GitHub/Sandbox/RPI_led_service/install/rpi_gpio_msgs/share/rpi_gpio_msgs/cmake/export_rpi_gpio_msgs__rosidl_generator_cppExport.cmake
[2.219s] -- Installing: /home/lsantos/GitHub/Sandbox/RPI_led_service/install/rpi_gpio_msgs/share/rpi_gpio_msgs/cmake/export_rpi_gpio_msgs__rosidl_typesupport_fastrtps_cppExport.cmake
[2.219s] -- Installing: /home/lsantos/GitHub/Sandbox/RPI_led_service/install/rpi_gpio_msgs/share/rpi_gpio_msgs/cmake/export_rpi_gpio_msgs__rosidl_typesupport_fastrtps_cppExport-noconfig.cmake
[2.219s] -- Installing: /home/lsantos/GitHub/Sandbox/RPI_led_service/install/rpi_gpio_msgs/share/rpi_gpio_msgs/cmake/rpi_gpio_msgs__rosidl_typesupport_introspection_cExport.cmake
[2.220s] -- Installing: /home/lsantos/GitHub/Sandbox/RPI_led_service/install/rpi_gpio_msgs/share/rpi_gpio_msgs/cmake/rpi_gpio_msgs__rosidl_typesupport_introspection_cExport-noconfig.cmake
[2.220s] -- Installing: /home/lsantos/GitHub/Sandbox/RPI_led_service/install/rpi_gpio_msgs/share/rpi_gpio_msgs/cmake/rpi_gpio_msgs__rosidl_typesupport_cExport.cmake
[2.220s] -- Installing: /home/lsantos/GitHub/Sandbox/RPI_led_service/install/rpi_gpio_msgs/share/rpi_gpio_msgs/cmake/rpi_gpio_msgs__rosidl_typesupport_cExport-noconfig.cmake
[2.220s] -- Installing: /home/lsantos/GitHub/Sandbox/RPI_led_service/install/rpi_gpio_msgs/share/rpi_gpio_msgs/cmake/rpi_gpio_msgs__rosidl_typesupport_introspection_cppExport.cmake
[2.220s] -- Installing: /home/lsantos/GitHub/Sandbox/RPI_led_service/install/rpi_gpio_msgs/share/rpi_gpio_msgs/cmake/rpi_gpio_msgs__rosidl_typesupport_introspection_cppExport-noconfig.cmake
[2.220s] -- Installing: /home/lsantos/GitHub/Sandbox/RPI_led_service/install/rpi_gpio_msgs/share/rpi_gpio_msgs/cmake/rpi_gpio_msgs__rosidl_typesupport_cppExport.cmake
[2.220s] -- Installing: /home/lsantos/GitHub/Sandbox/RPI_led_service/install/rpi_gpio_msgs/share/rpi_gpio_msgs/cmake/rpi_gpio_msgs__rosidl_typesupport_cppExport-noconfig.cmake
[2.220s] -- Installing: /home/lsantos/GitHub/Sandbox/RPI_led_service/install/rpi_gpio_msgs/share/rpi_gpio_msgs/cmake/export_rpi_gpio_msgs__rosidl_generator_pyExport.cmake
[2.220s] -- Installing: /home/lsantos/GitHub/Sandbox/RPI_led_service/install/rpi_gpio_msgs/share/rpi_gpio_msgs/cmake/export_rpi_gpio_msgs__rosidl_generator_pyExport-noconfig.cmake
[2.220s] -- Installing: /home/lsantos/GitHub/Sandbox/RPI_led_service/install/rpi_gpio_msgs/share/rpi_gpio_msgs/cmake/rosidl_cmake-extras.cmake
[2.220s] -- Installing: /home/lsantos/GitHub/Sandbox/RPI_led_service/install/rpi_gpio_msgs/share/rpi_gpio_msgs/cmake/ament_cmake_export_dependencies-extras.cmake
[2.220s] -- Installing: /home/lsantos/GitHub/Sandbox/RPI_led_service/install/rpi_gpio_msgs/share/rpi_gpio_msgs/cmake/ament_cmake_export_include_directories-extras.cmake
[2.220s] -- Installing: /home/lsantos/GitHub/Sandbox/RPI_led_service/install/rpi_gpio_msgs/share/rpi_gpio_msgs/cmake/ament_cmake_export_libraries-extras.cmake
[2.220s] -- Installing: /home/lsantos/GitHub/Sandbox/RPI_led_service/install/rpi_gpio_msgs/share/rpi_gpio_msgs/cmake/ament_cmake_export_targets-extras.cmake
[2.220s] -- Installing: /home/lsantos/GitHub/Sandbox/RPI_led_service/install/rpi_gpio_msgs/share/rpi_gpio_msgs/cmake/rosidl_cmake_export_typesupport_targets-extras.cmake
[2.220s] -- Installing: /home/lsantos/GitHub/Sandbox/RPI_led_service/install/rpi_gpio_msgs/share/rpi_gpio_msgs/cmake/rosidl_cmake_export_typesupport_libraries-extras.cmake
[2.220s] -- Installing: /home/lsantos/GitHub/Sandbox/RPI_led_service/install/rpi_gpio_msgs/share/rpi_gpio_msgs/cmake/rpi_gpio_msgsConfig.cmake
[2.220s] -- Installing: /home/lsantos/GitHub/Sandbox/RPI_led_service/install/rpi_gpio_msgs/share/rpi_gpio_msgs/cmake/rpi_gpio_msgsConfig-version.cmake
[2.220s] -- Up-to-date: /home/lsantos/GitHub/Sandbox/RPI_led_service/install/rpi_gpio_msgs/share/rpi_gpio_msgs/package.xml
[2.222s] Invoked command in '/home/lsantos/GitHub/Sandbox/RPI_led_service/build/rpi_gpio_msgs' returned '0': CMAKE_PREFIX_PATH=${CMAKE_PREFIX_PATH}:/opt/ros/iron /usr/bin/cmake --install /home/lsantos/GitHub/Sandbox/RPI_led_service/build/rpi_gpio_msgs
