[1.115s] DEBUG:colcon:Command line arguments: ['/usr/bin/colcon', 'build']
[1.116s] DEBUG:colcon:Parsed command line arguments: Namespace(log_base=None, log_level=None, verb_name='build', build_base='build', install_base='install', merge_install=False, symlink_install=False, test_result_base=None, continue_on_error=False, executor='parallel', parallel_workers=4, event_handlers=None, ignore_user_meta=False, metas=['./colcon.meta'], base_paths=['.'], packages_ignore=None, packages_ignore_regex=None, paths=None, packages_up_to=None, packages_up_to_regex=None, packages_above=None, packages_above_and_dependencies=None, packages_above_depth=None, packages_select_by_dep=None, packages_skip_by_dep=None, packages_skip_up_to=None, packages_select_build_failed=False, packages_skip_build_finished=False, packages_select_test_failures=False, packages_skip_test_passed=False, packages_select=None, packages_skip=None, packages_select_regex=None, packages_skip_regex=None, packages_start=None, packages_end=None, allow_overriding=[], cmake_args=None, cmake_target=None, cmake_target_skip_unavailable=False, cmake_clean_cache=False, cmake_clean_first=False, cmake_force_configure=False, ament_cmake_args=None, catkin_cmake_args=None, catkin_skip_building_tests=False, verb_parser=<colcon_defaults.argument_parser.defaults.DefaultArgumentsDecorator object at 0x7f178a1f5450>, verb_extension=<colcon_core.verb.build.BuildVerb object at 0x7f178a1f5750>, main=<bound method BuildVerb.main of <colcon_core.verb.build.BuildVerb object at 0x7f178a1f5750>>)
[1.183s] Level 1:colcon.colcon_core.package_discovery:discover_packages(colcon_meta) check parameters
[1.183s] Level 1:colcon.colcon_core.package_discovery:discover_packages(recursive) check parameters
[1.183s] Level 1:colcon.colcon_core.package_discovery:discover_packages(ignore) check parameters
[1.183s] Level 1:colcon.colcon_core.package_discovery:discover_packages(path) check parameters
[1.183s] Level 1:colcon.colcon_core.package_discovery:discover_packages(colcon_meta) discover
[1.183s] Level 1:colcon.colcon_core.package_discovery:discover_packages(recursive) discover
[1.183s] INFO:colcon.colcon_core.package_discovery:Crawling recursively for packages in '/home/lsantos/Documents/GitHub/Sandbox/RPI_led'
[1.184s] Level 1:colcon.colcon_core.package_identification:_identify(.) by extensions ['ignore', 'ignore_ament_install']
[1.184s] Level 1:colcon.colcon_core.package_identification:_identify(.) by extension 'ignore'
[1.184s] Level 1:colcon.colcon_core.package_identification:_identify(.) by extension 'ignore_ament_install'
[1.184s] Level 1:colcon.colcon_core.package_identification:_identify(.) by extensions ['colcon_pkg']
[1.184s] Level 1:colcon.colcon_core.package_identification:_identify(.) by extension 'colcon_pkg'
[1.184s] Level 1:colcon.colcon_core.package_identification:_identify(.) by extensions ['colcon_meta']
[1.184s] Level 1:colcon.colcon_core.package_identification:_identify(.) by extension 'colcon_meta'
[1.184s] Level 1:colcon.colcon_core.package_identification:_identify(.) by extensions ['ros']
[1.184s] Level 1:colcon.colcon_core.package_identification:_identify(.) by extension 'ros'
[1.204s] Level 1:colcon.colcon_core.package_identification:_identify(.) by extensions ['cmake', 'python']
[1.204s] Level 1:colcon.colcon_core.package_identification:_identify(.) by extension 'cmake'
[1.204s] Level 1:colcon.colcon_core.package_identification:_identify(.) by extension 'python'
[1.205s] Level 1:colcon.colcon_core.package_identification:_identify(.) by extensions ['python_setup_py']
[1.205s] Level 1:colcon.colcon_core.package_identification:_identify(.) by extension 'python_setup_py'
[1.205s] Level 1:colcon.colcon_core.package_identification:_identify(build) by extensions ['ignore', 'ignore_ament_install']
[1.205s] Level 1:colcon.colcon_core.package_identification:_identify(build) by extension 'ignore'
[1.205s] Level 1:colcon.colcon_core.package_identification:_identify(build) ignored
[1.205s] Level 1:colcon.colcon_core.package_identification:_identify(install) by extensions ['ignore', 'ignore_ament_install']
[1.206s] Level 1:colcon.colcon_core.package_identification:_identify(install) by extension 'ignore'
[1.206s] Level 1:colcon.colcon_core.package_identification:_identify(install) ignored
[1.206s] Level 1:colcon.colcon_core.package_identification:_identify(log) by extensions ['ignore', 'ignore_ament_install']
[1.206s] Level 1:colcon.colcon_core.package_identification:_identify(log) by extension 'ignore'
[1.206s] Level 1:colcon.colcon_core.package_identification:_identify(log) ignored
[1.207s] Level 1:colcon.colcon_core.package_identification:_identify(src) by extensions ['ignore', 'ignore_ament_install']
[1.207s] Level 1:colcon.colcon_core.package_identification:_identify(src) by extension 'ignore'
[1.207s] Level 1:colcon.colcon_core.package_identification:_identify(src) by extension 'ignore_ament_install'
[1.207s] Level 1:colcon.colcon_core.package_identification:_identify(src) by extensions ['colcon_pkg']
[1.207s] Level 1:colcon.colcon_core.package_identification:_identify(src) by extension 'colcon_pkg'
[1.207s] Level 1:colcon.colcon_core.package_identification:_identify(src) by extensions ['colcon_meta']
[1.207s] Level 1:colcon.colcon_core.package_identification:_identify(src) by extension 'colcon_meta'
[1.207s] Level 1:colcon.colcon_core.package_identification:_identify(src) by extensions ['ros']
[1.207s] Level 1:colcon.colcon_core.package_identification:_identify(src) by extension 'ros'
[1.208s] Level 1:colcon.colcon_core.package_identification:_identify(src) by extensions ['cmake', 'python']
[1.208s] Level 1:colcon.colcon_core.package_identification:_identify(src) by extension 'cmake'
[1.208s] Level 1:colcon.colcon_core.package_identification:_identify(src) by extension 'python'
[1.208s] Level 1:colcon.colcon_core.package_identification:_identify(src) by extensions ['python_setup_py']
[1.208s] Level 1:colcon.colcon_core.package_identification:_identify(src) by extension 'python_setup_py'
[1.208s] Level 1:colcon.colcon_core.package_identification:_identify(src/gpio_control) by extensions ['ignore', 'ignore_ament_install']
[1.208s] Level 1:colcon.colcon_core.package_identification:_identify(src/gpio_control) by extension 'ignore'
[1.208s] Level 1:colcon.colcon_core.package_identification:_identify(src/gpio_control) by extension 'ignore_ament_install'
[1.208s] Level 1:colcon.colcon_core.package_identification:_identify(src/gpio_control) by extensions ['colcon_pkg']
[1.209s] Level 1:colcon.colcon_core.package_identification:_identify(src/gpio_control) by extension 'colcon_pkg'
[1.209s] Level 1:colcon.colcon_core.package_identification:_identify(src/gpio_control) by extensions ['colcon_meta']
[1.209s] Level 1:colcon.colcon_core.package_identification:_identify(src/gpio_control) by extension 'colcon_meta'
[1.209s] Level 1:colcon.colcon_core.package_identification:_identify(src/gpio_control) by extensions ['ros']
[1.209s] Level 1:colcon.colcon_core.package_identification:_identify(src/gpio_control) by extension 'ros'
[1.214s] DEBUG:colcon.colcon_core.package_identification:Package 'src/gpio_control' with type 'ros.ament_cmake' and name 'gpio_control'
[1.214s] Level 1:colcon.colcon_core.package_discovery:discover_packages(recursive) using defaults
[1.214s] Level 1:colcon.colcon_core.package_discovery:discover_packages(ignore) discover
[1.214s] Level 1:colcon.colcon_core.package_discovery:discover_packages(ignore) using defaults
[1.214s] Level 1:colcon.colcon_core.package_discovery:discover_packages(path) discover
[1.214s] Level 1:colcon.colcon_core.package_discovery:discover_packages(path) using defaults
[1.345s] Level 1:colcon.colcon_core.package_discovery:discover_packages(prefix_path) check parameters
[1.345s] Level 1:colcon.colcon_core.package_discovery:discover_packages(prefix_path) discover
[1.382s] DEBUG:colcon.colcon_installed_package_information.package_discovery:Found 1 installed packages in /home/lsantos/Documents/GitHub/Sandbox/RPI_led/install
[1.401s] DEBUG:colcon.colcon_installed_package_information.package_discovery:Found 281 installed packages in /opt/ros/iron
[1.402s] Level 1:colcon.colcon_core.package_discovery:discover_packages(prefix_path) using defaults
[1.498s] Level 5:colcon.colcon_core.verb:set package 'gpio_control' build argument 'cmake_args' from command line to 'None'
[1.498s] Level 5:colcon.colcon_core.verb:set package 'gpio_control' build argument 'cmake_target' from command line to 'None'
[1.498s] Level 5:colcon.colcon_core.verb:set package 'gpio_control' build argument 'cmake_target_skip_unavailable' from command line to 'False'
[1.498s] Level 5:colcon.colcon_core.verb:set package 'gpio_control' build argument 'cmake_clean_cache' from command line to 'False'
[1.498s] Level 5:colcon.colcon_core.verb:set package 'gpio_control' build argument 'cmake_clean_first' from command line to 'False'
[1.498s] Level 5:colcon.colcon_core.verb:set package 'gpio_control' build argument 'cmake_force_configure' from command line to 'False'
[1.498s] Level 5:colcon.colcon_core.verb:set package 'gpio_control' build argument 'ament_cmake_args' from command line to 'None'
[1.498s] Level 5:colcon.colcon_core.verb:set package 'gpio_control' build argument 'catkin_cmake_args' from command line to 'None'
[1.498s] Level 5:colcon.colcon_core.verb:set package 'gpio_control' build argument 'catkin_skip_building_tests' from command line to 'False'
[1.498s] DEBUG:colcon.colcon_core.verb:Building package 'gpio_control' with the following arguments: {'ament_cmake_args': None, 'build_base': '/home/lsantos/Documents/GitHub/Sandbox/RPI_led/build/gpio_control', 'catkin_cmake_args': None, 'catkin_skip_building_tests': False, 'cmake_args': None, 'cmake_clean_cache': False, 'cmake_clean_first': False, 'cmake_force_configure': False, 'cmake_target': None, 'cmake_target_skip_unavailable': False, 'install_base': '/home/lsantos/Documents/GitHub/Sandbox/RPI_led/install/gpio_control', 'merge_install': False, 'path': '/home/lsantos/Documents/GitHub/Sandbox/RPI_led/src/gpio_control', 'symlink_install': False, 'test_result_base': None}
[1.515s] INFO:colcon.colcon_core.executor:Executing jobs using 'parallel' executor
[1.537s] DEBUG:colcon.colcon_parallel_executor.executor.parallel:run_until_complete
[1.537s] INFO:colcon.colcon_ros.task.ament_cmake.build:Building ROS package in '/home/lsantos/Documents/GitHub/Sandbox/RPI_led/src/gpio_control' with build type 'ament_cmake'
[1.537s] INFO:colcon.colcon_cmake.task.cmake.build:Building CMake package in '/home/lsantos/Documents/GitHub/Sandbox/RPI_led/src/gpio_control'
[1.557s] INFO:colcon.colcon_core.plugin_system:Skipping extension 'colcon_core.shell.bat': Not used on non-Windows systems
[1.558s] INFO:colcon.colcon_core.shell:Skip shell extension 'powershell' for command environment: Not usable outside of PowerShell
[1.558s] DEBUG:colcon.colcon_core.shell:Skip shell extension 'dsv' for command environment
[1.627s] DEBUG:colcon.colcon_core.event_handler.log_command:Invoking command in '/home/lsantos/Documents/GitHub/Sandbox/RPI_led/build/gpio_control': CMAKE_PREFIX_PATH=/opt/ros/iron /usr/bin/cmake --build /home/lsantos/Documents/GitHub/Sandbox/RPI_led/build/gpio_control -- -j4 -l4
[5.932s] DEBUG:colcon.colcon_core.event_handler.log_command:Invoked command in '/home/lsantos/Documents/GitHub/Sandbox/RPI_led/build/gpio_control' returned '2': CMAKE_PREFIX_PATH=/opt/ros/iron /usr/bin/cmake --build /home/lsantos/Documents/GitHub/Sandbox/RPI_led/build/gpio_control -- -j4 -l4
[5.994s] Level 1:colcon.colcon_core.environment:create_environment_scripts_only(gpio_control)
[6.017s] Level 1:colcon.colcon_core.environment:checking '/home/lsantos/Documents/GitHub/Sandbox/RPI_led/install/gpio_control' for CMake module files
[6.018s] Level 1:colcon.colcon_core.environment:checking '/home/lsantos/Documents/GitHub/Sandbox/RPI_led/install/gpio_control' for CMake config files
[6.018s] Level 1:colcon.colcon_core.environment:checking '/home/lsantos/Documents/GitHub/Sandbox/RPI_led/install/gpio_control/bin'
[6.019s] Level 1:colcon.colcon_core.environment:checking '/home/lsantos/Documents/GitHub/Sandbox/RPI_led/install/gpio_control/lib/pkgconfig/gpio_control.pc'
[6.019s] Level 1:colcon.colcon_core.environment:checking '/home/lsantos/Documents/GitHub/Sandbox/RPI_led/install/gpio_control/lib/python3.10/site-packages'
[6.019s] Level 1:colcon.colcon_core.environment:checking '/home/lsantos/Documents/GitHub/Sandbox/RPI_led/install/gpio_control/bin'
[6.041s] INFO:colcon.colcon_core.shell:Creating package script '/home/lsantos/Documents/GitHub/Sandbox/RPI_led/install/gpio_control/share/gpio_control/package.ps1'
[6.042s] INFO:colcon.colcon_core.shell:Creating package descriptor '/home/lsantos/Documents/GitHub/Sandbox/RPI_led/install/gpio_control/share/gpio_control/package.dsv'
[6.042s] INFO:colcon.colcon_core.shell:Creating package script '/home/lsantos/Documents/GitHub/Sandbox/RPI_led/install/gpio_control/share/gpio_control/package.sh'
[6.043s] INFO:colcon.colcon_core.shell:Creating package script '/home/lsantos/Documents/GitHub/Sandbox/RPI_led/install/gpio_control/share/gpio_control/package.bash'
[6.044s] INFO:colcon.colcon_core.shell:Creating package script '/home/lsantos/Documents/GitHub/Sandbox/RPI_led/install/gpio_control/share/gpio_control/package.zsh'
[6.045s] Level 1:colcon.colcon_core.environment:create_file_with_runtime_dependencies(/home/lsantos/Documents/GitHub/Sandbox/RPI_led/install/gpio_control/share/colcon-core/packages/gpio_control)
[6.056s] DEBUG:colcon.colcon_parallel_executor.executor.parallel:closing loop
[6.057s] DEBUG:colcon.colcon_parallel_executor.executor.parallel:loop closed
[6.057s] DEBUG:colcon.colcon_parallel_executor.executor.parallel:run_until_complete finished with '2'
[6.057s] DEBUG:colcon.colcon_core.event_reactor:joining thread
[6.095s] INFO:colcon.colcon_core.plugin_system:Skipping extension 'colcon_notification.desktop_notification.terminal_notifier': Not used on non-Darwin systems
[6.095s] INFO:colcon.colcon_core.plugin_system:Skipping extension 'colcon_notification.desktop_notification.win32': Not used on non-Windows systems
[6.095s] INFO:colcon.colcon_notification.desktop_notification:Sending desktop notification using 'notify2'
[6.109s] DEBUG:colcon.colcon_core.event_reactor:joined thread
[6.133s] INFO:colcon.colcon_core.shell:Creating prefix script '/home/lsantos/Documents/GitHub/Sandbox/RPI_led/install/local_setup.ps1'
[6.134s] INFO:colcon.colcon_core.shell:Creating prefix util module '/home/lsantos/Documents/GitHub/Sandbox/RPI_led/install/_local_setup_util_ps1.py'
[6.136s] INFO:colcon.colcon_core.shell:Creating prefix chain script '/home/lsantos/Documents/GitHub/Sandbox/RPI_led/install/setup.ps1'
[6.168s] INFO:colcon.colcon_core.shell:Creating prefix script '/home/lsantos/Documents/GitHub/Sandbox/RPI_led/install/local_setup.sh'
[6.169s] INFO:colcon.colcon_core.shell:Creating prefix util module '/home/lsantos/Documents/GitHub/Sandbox/RPI_led/install/_local_setup_util_sh.py'
[6.170s] INFO:colcon.colcon_core.shell:Creating prefix chain script '/home/lsantos/Documents/GitHub/Sandbox/RPI_led/install/setup.sh'
[6.196s] INFO:colcon.colcon_core.shell:Creating prefix script '/home/lsantos/Documents/GitHub/Sandbox/RPI_led/install/local_setup.bash'
[6.197s] INFO:colcon.colcon_core.shell:Creating prefix chain script '/home/lsantos/Documents/GitHub/Sandbox/RPI_led/install/setup.bash'
[6.231s] INFO:colcon.colcon_core.shell:Creating prefix script '/home/lsantos/Documents/GitHub/Sandbox/RPI_led/install/local_setup.zsh'
[6.231s] INFO:colcon.colcon_core.shell:Creating prefix chain script '/home/lsantos/Documents/GitHub/Sandbox/RPI_led/install/setup.zsh'
