[2.405s] DEBUG:colcon:Command line arguments: ['/usr/bin/colcon', 'list', '-p', '--base-paths', '/home/lsantos/Documents/GitHub/Sandbox/RPI_led']
[2.406s] DEBUG:colcon:Parsed command line arguments: Namespace(log_base=None, log_level=None, verb_name='list', build_base='build', ignore_user_meta=False, metas=['./colcon.meta'], base_paths=['/home/lsantos/Documents/GitHub/Sandbox/RPI_led'], packages_ignore=None, packages_ignore_regex=None, paths=None, packages_up_to=None, packages_up_to_regex=None, packages_above=None, packages_above_and_dependencies=None, packages_above_depth=None, packages_select_by_dep=None, packages_skip_by_dep=None, packages_skip_up_to=None, packages_select_build_failed=False, packages_skip_build_finished=False, packages_select_test_failures=False, packages_skip_test_passed=False, packages_select=None, packages_skip=None, packages_select_regex=None, packages_skip_regex=None, packages_start=None, packages_end=None, allow_overriding=[], topological_order=False, names_only=False, paths_only=True, topological_graph=False, topological_graph_dot=False, topological_graph_density=False, topological_graph_legend=False, topological_graph_dot_cluster=False, topological_graph_dot_include_skipped=False, verb_parser=<colcon_defaults.argument_parser.defaults.DefaultArgumentsDecorator object at 0x7f3c51b98b20>, verb_extension=<colcon_package_information.verb.list.ListVerb object at 0x7f3c51b9b1c0>, main=<bound method ListVerb.main of <colcon_package_information.verb.list.ListVerb object at 0x7f3c51b9b1c0>>)
[2.693s] Level 1:colcon.colcon_core.package_discovery:discover_packages(colcon_meta) check parameters
[2.694s] Level 1:colcon.colcon_core.package_discovery:discover_packages(recursive) check parameters
[2.694s] Level 1:colcon.colcon_core.package_discovery:discover_packages(ignore) check parameters
[2.695s] Level 1:colcon.colcon_core.package_discovery:discover_packages(path) check parameters
[2.695s] Level 1:colcon.colcon_core.package_discovery:discover_packages(recursive) discover
[2.696s] INFO:colcon.colcon_core.package_discovery:Crawling recursively for packages in '/home/lsantos/Documents/GitHub/Sandbox/RPI_led'
[2.696s] Level 1:colcon.colcon_core.package_identification:_identify(/home/lsantos/Documents/GitHub/Sandbox/RPI_led) by extensions ['ignore', 'ignore_ament_install']
[2.697s] Level 1:colcon.colcon_core.package_identification:_identify(/home/lsantos/Documents/GitHub/Sandbox/RPI_led) by extension 'ignore'
[2.698s] Level 1:colcon.colcon_core.package_identification:_identify(/home/lsantos/Documents/GitHub/Sandbox/RPI_led) by extension 'ignore_ament_install'
[2.698s] Level 1:colcon.colcon_core.package_identification:_identify(/home/lsantos/Documents/GitHub/Sandbox/RPI_led) by extensions ['colcon_pkg']
[2.699s] Level 1:colcon.colcon_core.package_identification:_identify(/home/lsantos/Documents/GitHub/Sandbox/RPI_led) by extension 'colcon_pkg'
[2.699s] Level 1:colcon.colcon_core.package_identification:_identify(/home/lsantos/Documents/GitHub/Sandbox/RPI_led) by extensions ['colcon_meta']
[2.700s] Level 1:colcon.colcon_core.package_identification:_identify(/home/lsantos/Documents/GitHub/Sandbox/RPI_led) by extension 'colcon_meta'
[2.700s] Level 1:colcon.colcon_core.package_identification:_identify(/home/lsantos/Documents/GitHub/Sandbox/RPI_led) by extensions ['ros']
[2.701s] Level 1:colcon.colcon_core.package_identification:_identify(/home/lsantos/Documents/GitHub/Sandbox/RPI_led) by extension 'ros'
[2.752s] Level 1:colcon.colcon_core.package_identification:_identify(/home/lsantos/Documents/GitHub/Sandbox/RPI_led) by extensions ['cmake', 'python']
[2.752s] Level 1:colcon.colcon_core.package_identification:_identify(/home/lsantos/Documents/GitHub/Sandbox/RPI_led) by extension 'cmake'
[2.753s] Level 1:colcon.colcon_core.package_identification:_identify(/home/lsantos/Documents/GitHub/Sandbox/RPI_led) by extension 'python'
[2.753s] Level 1:colcon.colcon_core.package_identification:_identify(/home/lsantos/Documents/GitHub/Sandbox/RPI_led) by extensions ['python_setup_py']
[2.754s] Level 1:colcon.colcon_core.package_identification:_identify(/home/lsantos/Documents/GitHub/Sandbox/RPI_led) by extension 'python_setup_py'
[2.755s] Level 1:colcon.colcon_core.package_identification:_identify(/home/lsantos/Documents/GitHub/Sandbox/RPI_led/build) by extensions ['ignore', 'ignore_ament_install']
[2.756s] Level 1:colcon.colcon_core.package_identification:_identify(/home/lsantos/Documents/GitHub/Sandbox/RPI_led/build) by extension 'ignore'
[2.757s] Level 1:colcon.colcon_core.package_identification:_identify(/home/lsantos/Documents/GitHub/Sandbox/RPI_led/build) ignored
[2.758s] Level 1:colcon.colcon_core.package_identification:_identify(/home/lsantos/Documents/GitHub/Sandbox/RPI_led/install) by extensions ['ignore', 'ignore_ament_install']
[2.759s] Level 1:colcon.colcon_core.package_identification:_identify(/home/lsantos/Documents/GitHub/Sandbox/RPI_led/install) by extension 'ignore'
[2.759s] Level 1:colcon.colcon_core.package_identification:_identify(/home/lsantos/Documents/GitHub/Sandbox/RPI_led/install) ignored
[2.760s] Level 1:colcon.colcon_core.package_identification:_identify(/home/lsantos/Documents/GitHub/Sandbox/RPI_led/log) by extensions ['ignore', 'ignore_ament_install']
[2.768s] Level 1:colcon.colcon_core.package_identification:_identify(/home/lsantos/Documents/GitHub/Sandbox/RPI_led/log) by extension 'ignore'
[2.769s] Level 1:colcon.colcon_core.package_identification:_identify(/home/lsantos/Documents/GitHub/Sandbox/RPI_led/log) ignored
[2.769s] Level 1:colcon.colcon_core.package_identification:_identify(/home/lsantos/Documents/GitHub/Sandbox/RPI_led/src) by extensions ['ignore', 'ignore_ament_install']
[2.770s] Level 1:colcon.colcon_core.package_identification:_identify(/home/lsantos/Documents/GitHub/Sandbox/RPI_led/src) by extension 'ignore'
[2.770s] Level 1:colcon.colcon_core.package_identification:_identify(/home/lsantos/Documents/GitHub/Sandbox/RPI_led/src) by extension 'ignore_ament_install'
[2.771s] Level 1:colcon.colcon_core.package_identification:_identify(/home/lsantos/Documents/GitHub/Sandbox/RPI_led/src) by extensions ['colcon_pkg']
[2.771s] Level 1:colcon.colcon_core.package_identification:_identify(/home/lsantos/Documents/GitHub/Sandbox/RPI_led/src) by extension 'colcon_pkg'
[2.772s] Level 1:colcon.colcon_core.package_identification:_identify(/home/lsantos/Documents/GitHub/Sandbox/RPI_led/src) by extensions ['colcon_meta']
[2.772s] Level 1:colcon.colcon_core.package_identification:_identify(/home/lsantos/Documents/GitHub/Sandbox/RPI_led/src) by extension 'colcon_meta'
[2.773s] Level 1:colcon.colcon_core.package_identification:_identify(/home/lsantos/Documents/GitHub/Sandbox/RPI_led/src) by extensions ['ros']
[2.773s] Level 1:colcon.colcon_core.package_identification:_identify(/home/lsantos/Documents/GitHub/Sandbox/RPI_led/src) by extension 'ros'
[2.774s] Level 1:colcon.colcon_core.package_identification:_identify(/home/lsantos/Documents/GitHub/Sandbox/RPI_led/src) by extensions ['cmake', 'python']
[2.774s] Level 1:colcon.colcon_core.package_identification:_identify(/home/lsantos/Documents/GitHub/Sandbox/RPI_led/src) by extension 'cmake'
[2.774s] Level 1:colcon.colcon_core.package_identification:_identify(/home/lsantos/Documents/GitHub/Sandbox/RPI_led/src) by extension 'python'
[2.775s] Level 1:colcon.colcon_core.package_identification:_identify(/home/lsantos/Documents/GitHub/Sandbox/RPI_led/src) by extensions ['python_setup_py']
[2.775s] Level 1:colcon.colcon_core.package_identification:_identify(/home/lsantos/Documents/GitHub/Sandbox/RPI_led/src) by extension 'python_setup_py'
[2.776s] Level 1:colcon.colcon_core.package_identification:_identify(/home/lsantos/Documents/GitHub/Sandbox/RPI_led/src/gpio_control) by extensions ['ignore', 'ignore_ament_install']
[2.777s] Level 1:colcon.colcon_core.package_identification:_identify(/home/lsantos/Documents/GitHub/Sandbox/RPI_led/src/gpio_control) by extension 'ignore'
[2.777s] Level 1:colcon.colcon_core.package_identification:_identify(/home/lsantos/Documents/GitHub/Sandbox/RPI_led/src/gpio_control) by extension 'ignore_ament_install'
[2.778s] Level 1:colcon.colcon_core.package_identification:_identify(/home/lsantos/Documents/GitHub/Sandbox/RPI_led/src/gpio_control) by extensions ['colcon_pkg']
[2.778s] Level 1:colcon.colcon_core.package_identification:_identify(/home/lsantos/Documents/GitHub/Sandbox/RPI_led/src/gpio_control) by extension 'colcon_pkg'
[2.779s] Level 1:colcon.colcon_core.package_identification:_identify(/home/lsantos/Documents/GitHub/Sandbox/RPI_led/src/gpio_control) by extensions ['colcon_meta']
[2.779s] Level 1:colcon.colcon_core.package_identification:_identify(/home/lsantos/Documents/GitHub/Sandbox/RPI_led/src/gpio_control) by extension 'colcon_meta'
[2.780s] Level 1:colcon.colcon_core.package_identification:_identify(/home/lsantos/Documents/GitHub/Sandbox/RPI_led/src/gpio_control) by extensions ['ros']
[2.780s] Level 1:colcon.colcon_core.package_identification:_identify(/home/lsantos/Documents/GitHub/Sandbox/RPI_led/src/gpio_control) by extension 'ros'
[2.794s] DEBUG:colcon.colcon_core.package_identification:Package '/home/lsantos/Documents/GitHub/Sandbox/RPI_led/src/gpio_control' with type 'ros.ament_cmake' and name 'gpio_control'
[2.794s] Level 1:colcon.colcon_core.package_discovery:discover_packages(recursive) using defaults
