[4.211s] DEBUG:colcon:Command line arguments: ['/usr/bin/colcon', 'build']
[4.211s] DEBUG:colcon:Parsed command line arguments: Namespace(log_base=None, log_level=None, verb_name='build', build_base='build', install_base='install', merge_install=False, symlink_install=False, test_result_base=None, continue_on_error=False, executor='parallel', parallel_workers=4, event_handlers=None, ignore_user_meta=False, metas=['./colcon.meta'], base_paths=['.'], packages_ignore=None, packages_ignore_regex=None, paths=None, packages_up_to=None, packages_up_to_regex=None, packages_above=None, packages_above_and_dependencies=None, packages_above_depth=None, packages_select_by_dep=None, packages_skip_by_dep=None, packages_skip_up_to=None, packages_select_build_failed=False, packages_skip_build_finished=False, packages_select_test_failures=False, packages_skip_test_passed=False, packages_select=None, packages_skip=None, packages_select_regex=None, packages_skip_regex=None, packages_start=None, packages_end=None, allow_overriding=[], cmake_args=None, cmake_target=None, cmake_target_skip_unavailable=False, cmake_clean_cache=False, cmake_clean_first=False, cmake_force_configure=False, ament_cmake_args=None, catkin_cmake_args=None, catkin_skip_building_tests=False, verb_parser=<colcon_defaults.argument_parser.defaults.DefaultArgumentsDecorator object at 0xffffbd0c2b90>, verb_extension=<colcon_core.verb.build.BuildVerb object at 0xffffbd593970>, main=<bound method BuildVerb.main of <colcon_core.verb.build.BuildVerb object at 0xffffbd593970>>)
[4.418s] Level 1:colcon.colcon_core.package_discovery:discover_packages(colcon_meta) check parameters
[4.419s] Level 1:colcon.colcon_core.package_discovery:discover_packages(recursive) check parameters
[4.419s] Level 1:colcon.colcon_core.package_discovery:discover_packages(ignore) check parameters
[4.419s] Level 1:colcon.colcon_core.package_discovery:discover_packages(path) check parameters
[4.419s] Level 1:colcon.colcon_core.package_discovery:discover_packages(colcon_meta) discover
[4.420s] Level 1:colcon.colcon_core.package_discovery:discover_packages(recursive) discover
[4.420s] INFO:colcon.colcon_core.package_discovery:Crawling recursively for packages in '/home/pi/Sandbox/RPI_led_service'
[4.421s] Level 1:colcon.colcon_core.package_identification:_identify(.) by extensions ['ignore', 'ignore_ament_install']
[4.421s] Level 1:colcon.colcon_core.package_identification:_identify(.) by extension 'ignore'
[4.422s] Level 1:colcon.colcon_core.package_identification:_identify(.) by extension 'ignore_ament_install'
[4.422s] Level 1:colcon.colcon_core.package_identification:_identify(.) by extensions ['colcon_pkg']
[4.422s] Level 1:colcon.colcon_core.package_identification:_identify(.) by extension 'colcon_pkg'
[4.423s] Level 1:colcon.colcon_core.package_identification:_identify(.) by extensions ['colcon_meta']
[4.423s] Level 1:colcon.colcon_core.package_identification:_identify(.) by extension 'colcon_meta'
[4.423s] Level 1:colcon.colcon_core.package_identification:_identify(.) by extensions ['ros']
[4.423s] Level 1:colcon.colcon_core.package_identification:_identify(.) by extension 'ros'
[4.473s] Level 1:colcon.colcon_core.package_identification:_identify(.) by extensions ['cmake', 'python']
[4.473s] Level 1:colcon.colcon_core.package_identification:_identify(.) by extension 'cmake'
[4.473s] Level 1:colcon.colcon_core.package_identification:_identify(.) by extension 'python'
[4.473s] Level 1:colcon.colcon_core.package_identification:_identify(.) by extensions ['python_setup_py']
[4.473s] Level 1:colcon.colcon_core.package_identification:_identify(.) by extension 'python_setup_py'
[4.474s] Level 1:colcon.colcon_core.package_identification:_identify(build) by extensions ['ignore', 'ignore_ament_install']
[4.474s] Level 1:colcon.colcon_core.package_identification:_identify(build) by extension 'ignore'
[4.475s] Level 1:colcon.colcon_core.package_identification:_identify(build) ignored
[4.475s] Level 1:colcon.colcon_core.package_identification:_identify(install) by extensions ['ignore', 'ignore_ament_install']
[4.476s] Level 1:colcon.colcon_core.package_identification:_identify(install) by extension 'ignore'
[4.476s] Level 1:colcon.colcon_core.package_identification:_identify(install) ignored
[4.477s] Level 1:colcon.colcon_core.package_identification:_identify(log) by extensions ['ignore', 'ignore_ament_install']
[4.477s] Level 1:colcon.colcon_core.package_identification:_identify(log) by extension 'ignore'
[4.477s] Level 1:colcon.colcon_core.package_identification:_identify(log) ignored
[4.478s] Level 1:colcon.colcon_core.package_identification:_identify(src) by extensions ['ignore', 'ignore_ament_install']
[4.478s] Level 1:colcon.colcon_core.package_identification:_identify(src) by extension 'ignore'
[4.478s] Level 1:colcon.colcon_core.package_identification:_identify(src) by extension 'ignore_ament_install'
[4.478s] Level 1:colcon.colcon_core.package_identification:_identify(src) by extensions ['colcon_pkg']
[4.479s] Level 1:colcon.colcon_core.package_identification:_identify(src) by extension 'colcon_pkg'
[4.479s] Level 1:colcon.colcon_core.package_identification:_identify(src) by extensions ['colcon_meta']
[4.479s] Level 1:colcon.colcon_core.package_identification:_identify(src) by extension 'colcon_meta'
[4.479s] Level 1:colcon.colcon_core.package_identification:_identify(src) by extensions ['ros']
[4.479s] Level 1:colcon.colcon_core.package_identification:_identify(src) by extension 'ros'
[4.480s] Level 1:colcon.colcon_core.package_identification:_identify(src) by extensions ['cmake', 'python']
[4.480s] Level 1:colcon.colcon_core.package_identification:_identify(src) by extension 'cmake'
[4.480s] Level 1:colcon.colcon_core.package_identification:_identify(src) by extension 'python'
[4.480s] Level 1:colcon.colcon_core.package_identification:_identify(src) by extensions ['python_setup_py']
[4.480s] Level 1:colcon.colcon_core.package_identification:_identify(src) by extension 'python_setup_py'
[4.481s] Level 1:colcon.colcon_core.package_identification:_identify(src/rpi_LCD_control) by extensions ['ignore', 'ignore_ament_install']
[4.481s] Level 1:colcon.colcon_core.package_identification:_identify(src/rpi_LCD_control) by extension 'ignore'
[4.481s] Level 1:colcon.colcon_core.package_identification:_identify(src/rpi_LCD_control) by extension 'ignore_ament_install'
[4.482s] Level 1:colcon.colcon_core.package_identification:_identify(src/rpi_LCD_control) by extensions ['colcon_pkg']
[4.482s] Level 1:colcon.colcon_core.package_identification:_identify(src/rpi_LCD_control) by extension 'colcon_pkg'
[4.482s] Level 1:colcon.colcon_core.package_identification:_identify(src/rpi_LCD_control) by extensions ['colcon_meta']
[4.482s] Level 1:colcon.colcon_core.package_identification:_identify(src/rpi_LCD_control) by extension 'colcon_meta'
[4.482s] Level 1:colcon.colcon_core.package_identification:_identify(src/rpi_LCD_control) by extensions ['ros']
[4.482s] Level 1:colcon.colcon_core.package_identification:_identify(src/rpi_LCD_control) by extension 'ros'
[4.492s] DEBUG:colcon.colcon_core.package_identification:Package 'src/rpi_LCD_control' with type 'ros.ament_python' and name 'rpi_LCD_control'
[4.493s] Level 1:colcon.colcon_core.package_identification:_identify(src/rpi_gpio) by extensions ['ignore', 'ignore_ament_install']
[4.493s] Level 1:colcon.colcon_core.package_identification:_identify(src/rpi_gpio) by extension 'ignore'
[4.493s] Level 1:colcon.colcon_core.package_identification:_identify(src/rpi_gpio) by extension 'ignore_ament_install'
[4.493s] Level 1:colcon.colcon_core.package_identification:_identify(src/rpi_gpio) by extensions ['colcon_pkg']
[4.494s] Level 1:colcon.colcon_core.package_identification:_identify(src/rpi_gpio) by extension 'colcon_pkg'
[4.494s] Level 1:colcon.colcon_core.package_identification:_identify(src/rpi_gpio) by extensions ['colcon_meta']
[4.494s] Level 1:colcon.colcon_core.package_identification:_identify(src/rpi_gpio) by extension 'colcon_meta'
[4.494s] Level 1:colcon.colcon_core.package_identification:_identify(src/rpi_gpio) by extensions ['ros']
[4.495s] Level 1:colcon.colcon_core.package_identification:_identify(src/rpi_gpio) by extension 'ros'
[4.498s] DEBUG:colcon.colcon_core.package_identification:Package 'src/rpi_gpio' with type 'ros.ament_cmake' and name 'rpi_gpio'
[4.499s] Level 1:colcon.colcon_core.package_identification:_identify(src/rpi_gpio_msgs) by extensions ['ignore', 'ignore_ament_install']
[4.499s] Level 1:colcon.colcon_core.package_identification:_identify(src/rpi_gpio_msgs) by extension 'ignore'
[4.499s] Level 1:colcon.colcon_core.package_identification:_identify(src/rpi_gpio_msgs) by extension 'ignore_ament_install'
[4.500s] Level 1:colcon.colcon_core.package_identification:_identify(src/rpi_gpio_msgs) by extensions ['colcon_pkg']
[4.500s] Level 1:colcon.colcon_core.package_identification:_identify(src/rpi_gpio_msgs) by extension 'colcon_pkg'
[4.500s] Level 1:colcon.colcon_core.package_identification:_identify(src/rpi_gpio_msgs) by extensions ['colcon_meta']
[4.500s] Level 1:colcon.colcon_core.package_identification:_identify(src/rpi_gpio_msgs) by extension 'colcon_meta'
[4.500s] Level 1:colcon.colcon_core.package_identification:_identify(src/rpi_gpio_msgs) by extensions ['ros']
[4.500s] Level 1:colcon.colcon_core.package_identification:_identify(src/rpi_gpio_msgs) by extension 'ros'
[4.503s] DEBUG:colcon.colcon_core.package_identification:Package 'src/rpi_gpio_msgs' with type 'ros.ament_cmake' and name 'rpi_gpio_msgs'
[4.503s] Level 1:colcon.colcon_core.package_discovery:discover_packages(recursive) using defaults
[4.504s] Level 1:colcon.colcon_core.package_discovery:discover_packages(ignore) discover
[4.504s] Level 1:colcon.colcon_core.package_discovery:discover_packages(ignore) using defaults
[4.504s] Level 1:colcon.colcon_core.package_discovery:discover_packages(path) discover
[4.504s] Level 1:colcon.colcon_core.package_discovery:discover_packages(path) using defaults
[4.880s] Level 1:colcon.colcon_core.package_discovery:discover_packages(prefix_path) check parameters
[4.880s] Level 1:colcon.colcon_core.package_discovery:discover_packages(prefix_path) discover
[5.026s] DEBUG:colcon.colcon_installed_package_information.package_discovery:Found 3 installed packages in /home/pi/Sandbox/RPI_led_service/install
[5.097s] DEBUG:colcon.colcon_installed_package_information.package_discovery:Found 281 installed packages in /opt/ros/iron
[5.103s] Level 1:colcon.colcon_core.package_discovery:discover_packages(prefix_path) using defaults
[5.447s] Level 5:colcon.colcon_core.verb:set package 'rpi_gpio_msgs' build argument 'cmake_args' from command line to 'None'
[5.447s] Level 5:colcon.colcon_core.verb:set package 'rpi_gpio_msgs' build argument 'cmake_target' from command line to 'None'
[5.447s] Level 5:colcon.colcon_core.verb:set package 'rpi_gpio_msgs' build argument 'cmake_target_skip_unavailable' from command line to 'False'
[5.447s] Level 5:colcon.colcon_core.verb:set package 'rpi_gpio_msgs' build argument 'cmake_clean_cache' from command line to 'False'
[5.447s] Level 5:colcon.colcon_core.verb:set package 'rpi_gpio_msgs' build argument 'cmake_clean_first' from command line to 'False'
[5.447s] Level 5:colcon.colcon_core.verb:set package 'rpi_gpio_msgs' build argument 'cmake_force_configure' from command line to 'False'
[5.448s] Level 5:colcon.colcon_core.verb:set package 'rpi_gpio_msgs' build argument 'ament_cmake_args' from command line to 'None'
[5.448s] Level 5:colcon.colcon_core.verb:set package 'rpi_gpio_msgs' build argument 'catkin_cmake_args' from command line to 'None'
[5.448s] Level 5:colcon.colcon_core.verb:set package 'rpi_gpio_msgs' build argument 'catkin_skip_building_tests' from command line to 'False'
[5.448s] DEBUG:colcon.colcon_core.verb:Building package 'rpi_gpio_msgs' with the following arguments: {'ament_cmake_args': None, 'build_base': '/home/pi/Sandbox/RPI_led_service/build/rpi_gpio_msgs', 'catkin_cmake_args': None, 'catkin_skip_building_tests': False, 'cmake_args': None, 'cmake_clean_cache': False, 'cmake_clean_first': False, 'cmake_force_configure': False, 'cmake_target': None, 'cmake_target_skip_unavailable': False, 'install_base': '/home/pi/Sandbox/RPI_led_service/install/rpi_gpio_msgs', 'merge_install': False, 'path': '/home/pi/Sandbox/RPI_led_service/src/rpi_gpio_msgs', 'symlink_install': False, 'test_result_base': None}
[5.509s] Level 5:colcon.colcon_core.verb:set package 'rpi_LCD_control' build argument 'cmake_args' from command line to 'None'
[5.509s] Level 5:colcon.colcon_core.verb:set package 'rpi_LCD_control' build argument 'cmake_target' from command line to 'None'
[5.509s] Level 5:colcon.colcon_core.verb:set package 'rpi_LCD_control' build argument 'cmake_target_skip_unavailable' from command line to 'False'
[5.510s] Level 5:colcon.colcon_core.verb:set package 'rpi_LCD_control' build argument 'cmake_clean_cache' from command line to 'False'
[5.510s] Level 5:colcon.colcon_core.verb:set package 'rpi_LCD_control' build argument 'cmake_clean_first' from command line to 'False'
[5.510s] Level 5:colcon.colcon_core.verb:set package 'rpi_LCD_control' build argument 'cmake_force_configure' from command line to 'False'
[5.510s] Level 5:colcon.colcon_core.verb:set package 'rpi_LCD_control' build argument 'ament_cmake_args' from command line to 'None'
[5.510s] Level 5:colcon.colcon_core.verb:set package 'rpi_LCD_control' build argument 'catkin_cmake_args' from command line to 'None'
[5.510s] Level 5:colcon.colcon_core.verb:set package 'rpi_LCD_control' build argument 'catkin_skip_building_tests' from command line to 'False'
[5.510s] DEBUG:colcon.colcon_core.verb:Building package 'rpi_LCD_control' with the following arguments: {'ament_cmake_args': None, 'build_base': '/home/pi/Sandbox/RPI_led_service/build/rpi_LCD_control', 'catkin_cmake_args': None, 'catkin_skip_building_tests': False, 'cmake_args': None, 'cmake_clean_cache': False, 'cmake_clean_first': False, 'cmake_force_configure': False, 'cmake_target': None, 'cmake_target_skip_unavailable': False, 'install_base': '/home/pi/Sandbox/RPI_led_service/install/rpi_LCD_control', 'merge_install': False, 'path': '/home/pi/Sandbox/RPI_led_service/src/rpi_LCD_control', 'symlink_install': False, 'test_result_base': None}
[5.571s] Level 5:colcon.colcon_core.verb:set package 'rpi_gpio' build argument 'cmake_args' from command line to 'None'
[5.572s] Level 5:colcon.colcon_core.verb:set package 'rpi_gpio' build argument 'cmake_target' from command line to 'None'
[5.572s] Level 5:colcon.colcon_core.verb:set package 'rpi_gpio' build argument 'cmake_target_skip_unavailable' from command line to 'False'
[5.572s] Level 5:colcon.colcon_core.verb:set package 'rpi_gpio' build argument 'cmake_clean_cache' from command line to 'False'
[5.572s] Level 5:colcon.colcon_core.verb:set package 'rpi_gpio' build argument 'cmake_clean_first' from command line to 'False'
[5.572s] Level 5:colcon.colcon_core.verb:set package 'rpi_gpio' build argument 'cmake_force_configure' from command line to 'False'
[5.572s] Level 5:colcon.colcon_core.verb:set package 'rpi_gpio' build argument 'ament_cmake_args' from command line to 'None'
[5.573s] Level 5:colcon.colcon_core.verb:set package 'rpi_gpio' build argument 'catkin_cmake_args' from command line to 'None'
[5.573s] Level 5:colcon.colcon_core.verb:set package 'rpi_gpio' build argument 'catkin_skip_building_tests' from command line to 'False'
[5.573s] DEBUG:colcon.colcon_core.verb:Building package 'rpi_gpio' with the following arguments: {'ament_cmake_args': None, 'build_base': '/home/pi/Sandbox/RPI_led_service/build/rpi_gpio', 'catkin_cmake_args': None, 'catkin_skip_building_tests': False, 'cmake_args': None, 'cmake_clean_cache': False, 'cmake_clean_first': False, 'cmake_force_configure': False, 'cmake_target': None, 'cmake_target_skip_unavailable': False, 'install_base': '/home/pi/Sandbox/RPI_led_service/install/rpi_gpio', 'merge_install': False, 'path': '/home/pi/Sandbox/RPI_led_service/src/rpi_gpio', 'symlink_install': False, 'test_result_base': None}
[5.633s] INFO:colcon.colcon_core.executor:Executing jobs using 'parallel' executor
[5.695s] DEBUG:colcon.colcon_parallel_executor.executor.parallel:run_until_complete
[5.696s] INFO:colcon.colcon_ros.task.ament_cmake.build:Building ROS package in '/home/pi/Sandbox/RPI_led_service/src/rpi_gpio_msgs' with build type 'ament_cmake'
[5.696s] INFO:colcon.colcon_cmake.task.cmake.build:Building CMake package in '/home/pi/Sandbox/RPI_led_service/src/rpi_gpio_msgs'
[5.767s] INFO:colcon.colcon_core.plugin_system:Skipping extension 'colcon_core.shell.bat': Not used on non-Windows systems
[5.769s] INFO:colcon.colcon_core.shell:Skip shell extension 'powershell' for command environment: Not usable outside of PowerShell
[5.769s] DEBUG:colcon.colcon_core.shell:Skip shell extension 'dsv' for command environment
[6.037s] DEBUG:colcon.colcon_core.event_handler.log_command:Invoking command in '/home/pi/Sandbox/RPI_led_service/build/rpi_gpio_msgs': CMAKE_PREFIX_PATH=${CMAKE_PREFIX_PATH}:/home/pi/Sandbox/RPI_led_service/install/rpi_LCD_control:/opt/ros/iron /usr/bin/cmake --build /home/pi/Sandbox/RPI_led_service/build/rpi_gpio_msgs -- -j4 -l4
[8.499s] DEBUG:colcon.colcon_core.event_handler.log_command:Invoked command in '/home/pi/Sandbox/RPI_led_service/build/rpi_gpio_msgs' returned '0': CMAKE_PREFIX_PATH=${CMAKE_PREFIX_PATH}:/home/pi/Sandbox/RPI_led_service/install/rpi_LCD_control:/opt/ros/iron /usr/bin/cmake --build /home/pi/Sandbox/RPI_led_service/build/rpi_gpio_msgs -- -j4 -l4
[8.937s] DEBUG:colcon.colcon_core.event_handler.log_command:Invoking command in '/home/pi/Sandbox/RPI_led_service/build/rpi_gpio_msgs': CMAKE_PREFIX_PATH=${CMAKE_PREFIX_PATH}:/home/pi/Sandbox/RPI_led_service/install/rpi_LCD_control:/opt/ros/iron /usr/bin/cmake --install /home/pi/Sandbox/RPI_led_service/build/rpi_gpio_msgs
[9.393s] Level 1:colcon.colcon_core.environment:create_environment_scripts_only(rpi_gpio_msgs)
[9.416s] DEBUG:colcon.colcon_core.event_handler.log_command:Invoked command in '/home/pi/Sandbox/RPI_led_service/build/rpi_gpio_msgs' returned '0': CMAKE_PREFIX_PATH=${CMAKE_PREFIX_PATH}:/home/pi/Sandbox/RPI_led_service/install/rpi_LCD_control:/opt/ros/iron /usr/bin/cmake --install /home/pi/Sandbox/RPI_led_service/build/rpi_gpio_msgs
[9.536s] Level 1:colcon.colcon_core.environment:checking '/home/pi/Sandbox/RPI_led_service/install/rpi_gpio_msgs' for CMake module files
[9.541s] Level 1:colcon.colcon_core.environment:checking '/home/pi/Sandbox/RPI_led_service/install/rpi_gpio_msgs' for CMake config files
[9.548s] Level 1:colcon.colcon_core.shell:create_environment_hook('rpi_gpio_msgs', 'cmake_prefix_path')
[9.705s] INFO:colcon.colcon_core.shell:Creating environment hook '/home/pi/Sandbox/RPI_led_service/install/rpi_gpio_msgs/share/rpi_gpio_msgs/hook/cmake_prefix_path.ps1'
[9.711s] INFO:colcon.colcon_core.shell:Creating environment descriptor '/home/pi/Sandbox/RPI_led_service/install/rpi_gpio_msgs/share/rpi_gpio_msgs/hook/cmake_prefix_path.dsv'
[9.716s] INFO:colcon.colcon_core.shell:Creating environment hook '/home/pi/Sandbox/RPI_led_service/install/rpi_gpio_msgs/share/rpi_gpio_msgs/hook/cmake_prefix_path.sh'
[9.723s] Level 1:colcon.colcon_core.environment:checking '/home/pi/Sandbox/RPI_led_service/install/rpi_gpio_msgs/lib'
[9.725s] Level 1:colcon.colcon_core.shell:create_environment_hook('rpi_gpio_msgs', 'ld_library_path_lib')
[9.872s] INFO:colcon.colcon_core.shell:Creating environment hook '/home/pi/Sandbox/RPI_led_service/install/rpi_gpio_msgs/share/rpi_gpio_msgs/hook/ld_library_path_lib.ps1'
[9.877s] INFO:colcon.colcon_core.shell:Creating environment descriptor '/home/pi/Sandbox/RPI_led_service/install/rpi_gpio_msgs/share/rpi_gpio_msgs/hook/ld_library_path_lib.dsv'
[9.881s] INFO:colcon.colcon_core.shell:Creating environment hook '/home/pi/Sandbox/RPI_led_service/install/rpi_gpio_msgs/share/rpi_gpio_msgs/hook/ld_library_path_lib.sh'
[9.885s] Level 1:colcon.colcon_core.environment:checking '/home/pi/Sandbox/RPI_led_service/install/rpi_gpio_msgs/bin'
[9.886s] Level 1:colcon.colcon_core.environment:checking '/home/pi/Sandbox/RPI_led_service/install/rpi_gpio_msgs/lib/pkgconfig/rpi_gpio_msgs.pc'
[9.888s] Level 1:colcon.colcon_core.environment:checking '/home/pi/Sandbox/RPI_led_service/install/rpi_gpio_msgs/lib/python3.10/site-packages'
[9.889s] Level 1:colcon.colcon_core.shell:create_environment_hook('rpi_gpio_msgs', 'pythonpath')
[10.039s] INFO:colcon.colcon_core.shell:Creating environment hook '/home/pi/Sandbox/RPI_led_service/install/rpi_gpio_msgs/share/rpi_gpio_msgs/hook/pythonpath.ps1'
[10.109s] INFO:colcon.colcon_core.shell:Creating environment descriptor '/home/pi/Sandbox/RPI_led_service/install/rpi_gpio_msgs/share/rpi_gpio_msgs/hook/pythonpath.dsv'
[10.113s] INFO:colcon.colcon_core.shell:Creating environment hook '/home/pi/Sandbox/RPI_led_service/install/rpi_gpio_msgs/share/rpi_gpio_msgs/hook/pythonpath.sh'
[10.119s] Level 1:colcon.colcon_core.environment:checking '/home/pi/Sandbox/RPI_led_service/install/rpi_gpio_msgs/bin'
[10.280s] INFO:colcon.colcon_core.shell:Creating package script '/home/pi/Sandbox/RPI_led_service/install/rpi_gpio_msgs/share/rpi_gpio_msgs/package.ps1'
[10.288s] INFO:colcon.colcon_core.shell:Creating package descriptor '/home/pi/Sandbox/RPI_led_service/install/rpi_gpio_msgs/share/rpi_gpio_msgs/package.dsv'
[10.293s] INFO:colcon.colcon_core.shell:Creating package script '/home/pi/Sandbox/RPI_led_service/install/rpi_gpio_msgs/share/rpi_gpio_msgs/package.sh'
[10.300s] INFO:colcon.colcon_core.shell:Creating package script '/home/pi/Sandbox/RPI_led_service/install/rpi_gpio_msgs/share/rpi_gpio_msgs/package.bash'
[10.307s] INFO:colcon.colcon_core.shell:Creating package script '/home/pi/Sandbox/RPI_led_service/install/rpi_gpio_msgs/share/rpi_gpio_msgs/package.zsh'
[10.314s] Level 1:colcon.colcon_core.environment:create_file_with_runtime_dependencies(/home/pi/Sandbox/RPI_led_service/install/rpi_gpio_msgs/share/colcon-core/packages/rpi_gpio_msgs)
[11.161s] Level 1:colcon.colcon_core.environment:create_environment_scripts_only(rpi_gpio_msgs)
[11.343s] Level 1:colcon.colcon_core.environment:checking '/home/pi/Sandbox/RPI_led_service/install/rpi_gpio_msgs' for CMake module files
[11.349s] Level 1:colcon.colcon_core.environment:checking '/home/pi/Sandbox/RPI_led_service/install/rpi_gpio_msgs' for CMake config files
[11.357s] Level 1:colcon.colcon_core.shell:create_environment_hook('rpi_gpio_msgs', 'cmake_prefix_path')
[11.737s] INFO:colcon.colcon_core.shell:Creating environment hook '/home/pi/Sandbox/RPI_led_service/install/rpi_gpio_msgs/share/rpi_gpio_msgs/hook/cmake_prefix_path.ps1'
[11.772s] INFO:colcon.colcon_core.shell:Creating environment descriptor '/home/pi/Sandbox/RPI_led_service/install/rpi_gpio_msgs/share/rpi_gpio_msgs/hook/cmake_prefix_path.dsv'
[11.785s] INFO:colcon.colcon_core.shell:Creating environment hook '/home/pi/Sandbox/RPI_led_service/install/rpi_gpio_msgs/share/rpi_gpio_msgs/hook/cmake_prefix_path.sh'
[11.792s] Level 1:colcon.colcon_core.environment:checking '/home/pi/Sandbox/RPI_led_service/install/rpi_gpio_msgs/lib'
[11.794s] Level 1:colcon.colcon_core.shell:create_environment_hook('rpi_gpio_msgs', 'ld_library_path_lib')
[12.028s] INFO:colcon.colcon_core.shell:Creating environment hook '/home/pi/Sandbox/RPI_led_service/install/rpi_gpio_msgs/share/rpi_gpio_msgs/hook/ld_library_path_lib.ps1'
[12.031s] INFO:colcon.colcon_core.shell:Creating environment descriptor '/home/pi/Sandbox/RPI_led_service/install/rpi_gpio_msgs/share/rpi_gpio_msgs/hook/ld_library_path_lib.dsv'
[12.034s] INFO:colcon.colcon_core.shell:Creating environment hook '/home/pi/Sandbox/RPI_led_service/install/rpi_gpio_msgs/share/rpi_gpio_msgs/hook/ld_library_path_lib.sh'
[12.038s] Level 1:colcon.colcon_core.environment:checking '/home/pi/Sandbox/RPI_led_service/install/rpi_gpio_msgs/bin'
[12.039s] Level 1:colcon.colcon_core.environment:checking '/home/pi/Sandbox/RPI_led_service/install/rpi_gpio_msgs/lib/pkgconfig/rpi_gpio_msgs.pc'
[12.040s] Level 1:colcon.colcon_core.environment:checking '/home/pi/Sandbox/RPI_led_service/install/rpi_gpio_msgs/lib/python3.10/site-packages'
[12.041s] Level 1:colcon.colcon_core.shell:create_environment_hook('rpi_gpio_msgs', 'pythonpath')
[12.322s] INFO:colcon.colcon_core.shell:Creating environment hook '/home/pi/Sandbox/RPI_led_service/install/rpi_gpio_msgs/share/rpi_gpio_msgs/hook/pythonpath.ps1'
[12.325s] INFO:colcon.colcon_core.shell:Creating environment descriptor '/home/pi/Sandbox/RPI_led_service/install/rpi_gpio_msgs/share/rpi_gpio_msgs/hook/pythonpath.dsv'
[12.328s] INFO:colcon.colcon_core.shell:Creating environment hook '/home/pi/Sandbox/RPI_led_service/install/rpi_gpio_msgs/share/rpi_gpio_msgs/hook/pythonpath.sh'
[12.331s] Level 1:colcon.colcon_core.environment:checking '/home/pi/Sandbox/RPI_led_service/install/rpi_gpio_msgs/bin'
[12.500s] INFO:colcon.colcon_core.shell:Creating package script '/home/pi/Sandbox/RPI_led_service/install/rpi_gpio_msgs/share/rpi_gpio_msgs/package.ps1'
[12.504s] INFO:colcon.colcon_core.shell:Creating package descriptor '/home/pi/Sandbox/RPI_led_service/install/rpi_gpio_msgs/share/rpi_gpio_msgs/package.dsv'
[12.508s] INFO:colcon.colcon_core.shell:Creating package script '/home/pi/Sandbox/RPI_led_service/install/rpi_gpio_msgs/share/rpi_gpio_msgs/package.sh'
[12.512s] INFO:colcon.colcon_core.shell:Creating package script '/home/pi/Sandbox/RPI_led_service/install/rpi_gpio_msgs/share/rpi_gpio_msgs/package.bash'
[12.515s] INFO:colcon.colcon_core.shell:Creating package script '/home/pi/Sandbox/RPI_led_service/install/rpi_gpio_msgs/share/rpi_gpio_msgs/package.zsh'
[12.519s] Level 1:colcon.colcon_core.environment:create_file_with_runtime_dependencies(/home/pi/Sandbox/RPI_led_service/install/rpi_gpio_msgs/share/colcon-core/packages/rpi_gpio_msgs)
[12.525s] INFO:colcon.colcon_ros.task.ament_python.build:Building ROS package in '/home/pi/Sandbox/RPI_led_service/src/rpi_LCD_control' with build type 'ament_python'
[12.527s] Level 1:colcon.colcon_core.shell:create_environment_hook('rpi_LCD_control', 'ament_prefix_path')
[12.668s] INFO:colcon.colcon_core.shell:Creating environment hook '/home/pi/Sandbox/RPI_led_service/install/rpi_LCD_control/share/rpi_LCD_control/hook/ament_prefix_path.ps1'
[12.673s] INFO:colcon.colcon_core.shell:Creating environment descriptor '/home/pi/Sandbox/RPI_led_service/install/rpi_LCD_control/share/rpi_LCD_control/hook/ament_prefix_path.dsv'
[12.678s] INFO:colcon.colcon_core.shell:Creating environment hook '/home/pi/Sandbox/RPI_led_service/install/rpi_LCD_control/share/rpi_LCD_control/hook/ament_prefix_path.sh'
[12.893s] INFO:colcon.colcon_core.shell:Skip shell extension 'powershell' for command environment: Not usable outside of PowerShell
[12.895s] DEBUG:colcon.colcon_core.shell:Skip shell extension 'dsv' for command environment
[13.774s] INFO:colcon.colcon_ros.task.ament_cmake.build:Building ROS package in '/home/pi/Sandbox/RPI_led_service/src/rpi_gpio' with build type 'ament_cmake'
[13.775s] INFO:colcon.colcon_cmake.task.cmake.build:Building CMake package in '/home/pi/Sandbox/RPI_led_service/src/rpi_gpio'
[14.129s] INFO:colcon.colcon_core.shell:Skip shell extension 'powershell' for command environment: Not usable outside of PowerShell
[14.141s] DEBUG:colcon.colcon_core.shell:Skip shell extension 'dsv' for command environment
[17.191s] INFO:colcon.colcon_core.task.python.build:Building Python package in '/home/pi/Sandbox/RPI_led_service/src/rpi_LCD_control'
[17.281s] INFO:colcon.colcon_core.shell:Skip shell extension 'powershell' for command environment: Not usable outside of PowerShell
[17.281s] DEBUG:colcon.colcon_core.shell:Skip shell extension 'dsv' for command environment
[17.584s] DEBUG:colcon.colcon_core.event_handler.log_command:Invoking command in '/home/pi/Sandbox/RPI_led_service/build/rpi_gpio': CMAKE_PREFIX_PATH=/home/pi/Sandbox/RPI_led_service/install/rpi_gpio_msgs:/home/pi/Sandbox/RPI_led_service/install/rpi_gpio:/home/pi/Sandbox/RPI_led_service/install/rpi_LCD_control:/opt/ros/iron PYTHONPATH=/home/pi/Sandbox/RPI_led_service/install/rpi_gpio_msgs/lib/python3.10/site-packages:/home/pi/Sandbox/RPI_led_service/install/rpi_LCD_control/lib/python3.10/site-packages:/opt/ros/iron/lib/python3.10/site-packages /usr/bin/cmake --build /home/pi/Sandbox/RPI_led_service/build/rpi_gpio -- -j4 -l4
[17.937s] DEBUG:colcon.colcon_core.event_handler.log_command:Invoked command in '/home/pi/Sandbox/RPI_led_service/build/rpi_gpio' returned '0': CMAKE_PREFIX_PATH=/home/pi/Sandbox/RPI_led_service/install/rpi_gpio_msgs:/home/pi/Sandbox/RPI_led_service/install/rpi_gpio:/home/pi/Sandbox/RPI_led_service/install/rpi_LCD_control:/opt/ros/iron PYTHONPATH=/home/pi/Sandbox/RPI_led_service/install/rpi_gpio_msgs/lib/python3.10/site-packages:/home/pi/Sandbox/RPI_led_service/install/rpi_LCD_control/lib/python3.10/site-packages:/opt/ros/iron/lib/python3.10/site-packages /usr/bin/cmake --build /home/pi/Sandbox/RPI_led_service/build/rpi_gpio -- -j4 -l4
[18.113s] DEBUG:colcon.colcon_core.event_handler.log_command:Invoking command in '/home/pi/Sandbox/RPI_led_service/build/rpi_gpio': CMAKE_PREFIX_PATH=/home/pi/Sandbox/RPI_led_service/install/rpi_gpio_msgs:/home/pi/Sandbox/RPI_led_service/install/rpi_gpio:/home/pi/Sandbox/RPI_led_service/install/rpi_LCD_control:/opt/ros/iron PYTHONPATH=/home/pi/Sandbox/RPI_led_service/install/rpi_gpio_msgs/lib/python3.10/site-packages:/home/pi/Sandbox/RPI_led_service/install/rpi_LCD_control/lib/python3.10/site-packages:/opt/ros/iron/lib/python3.10/site-packages /usr/bin/cmake --install /home/pi/Sandbox/RPI_led_service/build/rpi_gpio
[18.236s] Level 1:colcon.colcon_core.environment:create_environment_scripts_only(rpi_gpio)
[18.242s] DEBUG:colcon.colcon_core.event_handler.log_command:Invoked command in '/home/pi/Sandbox/RPI_led_service/build/rpi_gpio' returned '0': CMAKE_PREFIX_PATH=/home/pi/Sandbox/RPI_led_service/install/rpi_gpio_msgs:/home/pi/Sandbox/RPI_led_service/install/rpi_gpio:/home/pi/Sandbox/RPI_led_service/install/rpi_LCD_control:/opt/ros/iron PYTHONPATH=/home/pi/Sandbox/RPI_led_service/install/rpi_gpio_msgs/lib/python3.10/site-packages:/home/pi/Sandbox/RPI_led_service/install/rpi_LCD_control/lib/python3.10/site-packages:/opt/ros/iron/lib/python3.10/site-packages /usr/bin/cmake --install /home/pi/Sandbox/RPI_led_service/build/rpi_gpio
[18.498s] Level 1:colcon.colcon_core.environment:checking '/home/pi/Sandbox/RPI_led_service/install/rpi_gpio' for CMake module files
[18.502s] Level 1:colcon.colcon_core.environment:checking '/home/pi/Sandbox/RPI_led_service/install/rpi_gpio' for CMake config files
[18.503s] Level 1:colcon.colcon_core.shell:create_environment_hook('rpi_gpio', 'cmake_prefix_path')
[18.615s] INFO:colcon.colcon_core.shell:Creating environment hook '/home/pi/Sandbox/RPI_led_service/install/rpi_gpio/share/rpi_gpio/hook/cmake_prefix_path.ps1'
[18.617s] INFO:colcon.colcon_core.shell:Creating environment descriptor '/home/pi/Sandbox/RPI_led_service/install/rpi_gpio/share/rpi_gpio/hook/cmake_prefix_path.dsv'
[18.620s] INFO:colcon.colcon_core.shell:Creating environment hook '/home/pi/Sandbox/RPI_led_service/install/rpi_gpio/share/rpi_gpio/hook/cmake_prefix_path.sh'
[18.624s] Level 1:colcon.colcon_core.environment:checking '/home/pi/Sandbox/RPI_led_service/install/rpi_gpio/lib'
[18.624s] Level 1:colcon.colcon_core.environment:checking '/home/pi/Sandbox/RPI_led_service/install/rpi_gpio/bin'
[18.625s] Level 1:colcon.colcon_core.environment:checking '/home/pi/Sandbox/RPI_led_service/install/rpi_gpio/lib/pkgconfig/rpi_gpio.pc'
[18.626s] Level 1:colcon.colcon_core.environment:checking '/home/pi/Sandbox/RPI_led_service/install/rpi_gpio/lib/python3.10/site-packages'
[18.628s] Level 1:colcon.colcon_core.environment:checking '/home/pi/Sandbox/RPI_led_service/install/rpi_gpio/bin'
[18.750s] INFO:colcon.colcon_core.shell:Creating package script '/home/pi/Sandbox/RPI_led_service/install/rpi_gpio/share/rpi_gpio/package.ps1'
[18.759s] INFO:colcon.colcon_core.shell:Creating package descriptor '/home/pi/Sandbox/RPI_led_service/install/rpi_gpio/share/rpi_gpio/package.dsv'
[18.763s] INFO:colcon.colcon_core.shell:Creating package script '/home/pi/Sandbox/RPI_led_service/install/rpi_gpio/share/rpi_gpio/package.sh'
[18.767s] INFO:colcon.colcon_core.shell:Creating package script '/home/pi/Sandbox/RPI_led_service/install/rpi_gpio/share/rpi_gpio/package.bash'
[18.771s] INFO:colcon.colcon_core.shell:Creating package script '/home/pi/Sandbox/RPI_led_service/install/rpi_gpio/share/rpi_gpio/package.zsh'
[18.775s] Level 1:colcon.colcon_core.environment:create_file_with_runtime_dependencies(/home/pi/Sandbox/RPI_led_service/install/rpi_gpio/share/colcon-core/packages/rpi_gpio)
[19.133s] Level 1:colcon.colcon_core.environment:create_environment_scripts_only(rpi_gpio)
[19.247s] Level 1:colcon.colcon_core.environment:checking '/home/pi/Sandbox/RPI_led_service/install/rpi_gpio' for CMake module files
[19.250s] Level 1:colcon.colcon_core.environment:checking '/home/pi/Sandbox/RPI_led_service/install/rpi_gpio' for CMake config files
[19.252s] Level 1:colcon.colcon_core.shell:create_environment_hook('rpi_gpio', 'cmake_prefix_path')
[19.361s] INFO:colcon.colcon_core.shell:Creating environment hook '/home/pi/Sandbox/RPI_led_service/install/rpi_gpio/share/rpi_gpio/hook/cmake_prefix_path.ps1'
[19.364s] INFO:colcon.colcon_core.shell:Creating environment descriptor '/home/pi/Sandbox/RPI_led_service/install/rpi_gpio/share/rpi_gpio/hook/cmake_prefix_path.dsv'
[19.366s] INFO:colcon.colcon_core.shell:Creating environment hook '/home/pi/Sandbox/RPI_led_service/install/rpi_gpio/share/rpi_gpio/hook/cmake_prefix_path.sh'
[19.370s] Level 1:colcon.colcon_core.environment:checking '/home/pi/Sandbox/RPI_led_service/install/rpi_gpio/lib'
[19.371s] Level 1:colcon.colcon_core.environment:checking '/home/pi/Sandbox/RPI_led_service/install/rpi_gpio/bin'
[19.371s] Level 1:colcon.colcon_core.environment:checking '/home/pi/Sandbox/RPI_led_service/install/rpi_gpio/lib/pkgconfig/rpi_gpio.pc'
[19.373s] Level 1:colcon.colcon_core.environment:checking '/home/pi/Sandbox/RPI_led_service/install/rpi_gpio/lib/python3.10/site-packages'
[19.374s] Level 1:colcon.colcon_core.environment:checking '/home/pi/Sandbox/RPI_led_service/install/rpi_gpio/bin'
[19.499s] INFO:colcon.colcon_core.shell:Creating package script '/home/pi/Sandbox/RPI_led_service/install/rpi_gpio/share/rpi_gpio/package.ps1'
[19.503s] INFO:colcon.colcon_core.shell:Creating package descriptor '/home/pi/Sandbox/RPI_led_service/install/rpi_gpio/share/rpi_gpio/package.dsv'
[19.506s] INFO:colcon.colcon_core.shell:Creating package script '/home/pi/Sandbox/RPI_led_service/install/rpi_gpio/share/rpi_gpio/package.sh'
[19.509s] INFO:colcon.colcon_core.shell:Creating package script '/home/pi/Sandbox/RPI_led_service/install/rpi_gpio/share/rpi_gpio/package.bash'
[19.512s] INFO:colcon.colcon_core.shell:Creating package script '/home/pi/Sandbox/RPI_led_service/install/rpi_gpio/share/rpi_gpio/package.zsh'
[19.515s] Level 1:colcon.colcon_core.environment:create_file_with_runtime_dependencies(/home/pi/Sandbox/RPI_led_service/install/rpi_gpio/share/colcon-core/packages/rpi_gpio)
[20.011s] DEBUG:colcon.colcon_core.event_handler.log_command:Invoking command in '/home/pi/Sandbox/RPI_led_service/src/rpi_LCD_control': CMAKE_PREFIX_PATH=/home/pi/Sandbox/RPI_led_service/install/rpi_gpio_msgs:/home/pi/Sandbox/RPI_led_service/install/rpi_gpio PYTHONPATH=/home/pi/Sandbox/RPI_led_service/build/rpi_LCD_control/prefix_override:/home/pi/Sandbox/RPI_led_service/install/rpi_LCD_control/lib/python3.10/site-packages:/home/pi/Sandbox/RPI_led_service/install/rpi_gpio_msgs/lib/python3.10/site-packages:/home/pi/Sandbox/RPI_led_service/install/rpi_LCD_control/lib/python3.10/site-packages:/opt/ros/iron/lib/python3.10/site-packages /usr/bin/python3 setup.py egg_info --egg-base ../../build/rpi_LCD_control build --build-base /home/pi/Sandbox/RPI_led_service/build/rpi_LCD_control/build install --record /home/pi/Sandbox/RPI_led_service/build/rpi_LCD_control/install.log --single-version-externally-managed
[21.827s] DEBUG:colcon.colcon_core.event_handler.log_command:Invoked command in '/home/pi/Sandbox/RPI_led_service/src/rpi_LCD_control' returned '0': CMAKE_PREFIX_PATH=/home/pi/Sandbox/RPI_led_service/install/rpi_gpio_msgs:/home/pi/Sandbox/RPI_led_service/install/rpi_gpio PYTHONPATH=/home/pi/Sandbox/RPI_led_service/build/rpi_LCD_control/prefix_override:/home/pi/Sandbox/RPI_led_service/install/rpi_LCD_control/lib/python3.10/site-packages:/home/pi/Sandbox/RPI_led_service/install/rpi_gpio_msgs/lib/python3.10/site-packages:/home/pi/Sandbox/RPI_led_service/install/rpi_LCD_control/lib/python3.10/site-packages:/opt/ros/iron/lib/python3.10/site-packages /usr/bin/python3 setup.py egg_info --egg-base ../../build/rpi_LCD_control build --build-base /home/pi/Sandbox/RPI_led_service/build/rpi_LCD_control/build install --record /home/pi/Sandbox/RPI_led_service/build/rpi_LCD_control/install.log --single-version-externally-managed
[21.919s] Level 1:colcon.colcon_core.environment:checking '/home/pi/Sandbox/RPI_led_service/install/rpi_LCD_control' for CMake module files
[21.921s] Level 1:colcon.colcon_core.environment:checking '/home/pi/Sandbox/RPI_led_service/install/rpi_LCD_control' for CMake config files
[21.926s] Level 1:colcon.colcon_core.environment:checking '/home/pi/Sandbox/RPI_led_service/install/rpi_LCD_control/lib'
[21.926s] Level 1:colcon.colcon_core.environment:checking '/home/pi/Sandbox/RPI_led_service/install/rpi_LCD_control/bin'
[21.927s] Level 1:colcon.colcon_core.environment:checking '/home/pi/Sandbox/RPI_led_service/install/rpi_LCD_control/lib/pkgconfig/rpi_LCD_control.pc'
[21.928s] Level 1:colcon.colcon_core.environment:checking '/home/pi/Sandbox/RPI_led_service/install/rpi_LCD_control/lib/python3.10/site-packages'
[21.928s] Level 1:colcon.colcon_core.shell:create_environment_hook('rpi_LCD_control', 'pythonpath')
[22.019s] INFO:colcon.colcon_core.shell:Creating environment hook '/home/pi/Sandbox/RPI_led_service/install/rpi_LCD_control/share/rpi_LCD_control/hook/pythonpath.ps1'
[22.022s] INFO:colcon.colcon_core.shell:Creating environment descriptor '/home/pi/Sandbox/RPI_led_service/install/rpi_LCD_control/share/rpi_LCD_control/hook/pythonpath.dsv'
[22.024s] INFO:colcon.colcon_core.shell:Creating environment hook '/home/pi/Sandbox/RPI_led_service/install/rpi_LCD_control/share/rpi_LCD_control/hook/pythonpath.sh'
[22.027s] Level 1:colcon.colcon_core.environment:checking '/home/pi/Sandbox/RPI_led_service/install/rpi_LCD_control/bin'
[22.028s] Level 1:colcon.colcon_core.environment:create_environment_scripts_only(rpi_LCD_control)
[22.145s] INFO:colcon.colcon_core.shell:Creating package script '/home/pi/Sandbox/RPI_led_service/install/rpi_LCD_control/share/rpi_LCD_control/package.ps1'
[22.149s] INFO:colcon.colcon_core.shell:Creating package descriptor '/home/pi/Sandbox/RPI_led_service/install/rpi_LCD_control/share/rpi_LCD_control/package.dsv'
[22.152s] INFO:colcon.colcon_core.shell:Creating package script '/home/pi/Sandbox/RPI_led_service/install/rpi_LCD_control/share/rpi_LCD_control/package.sh'
[22.156s] INFO:colcon.colcon_core.shell:Creating package script '/home/pi/Sandbox/RPI_led_service/install/rpi_LCD_control/share/rpi_LCD_control/package.bash'
[22.159s] INFO:colcon.colcon_core.shell:Creating package script '/home/pi/Sandbox/RPI_led_service/install/rpi_LCD_control/share/rpi_LCD_control/package.zsh'
[22.162s] Level 1:colcon.colcon_core.environment:create_file_with_runtime_dependencies(/home/pi/Sandbox/RPI_led_service/install/rpi_LCD_control/share/colcon-core/packages/rpi_LCD_control)
[22.165s] DEBUG:colcon.colcon_parallel_executor.executor.parallel:closing loop
[22.169s] DEBUG:colcon.colcon_parallel_executor.executor.parallel:loop closed
[22.170s] DEBUG:colcon.colcon_parallel_executor.executor.parallel:run_until_complete finished with '0'
[22.170s] DEBUG:colcon.colcon_core.event_reactor:joining thread
[22.388s] INFO:colcon.colcon_core.plugin_system:Skipping extension 'colcon_notification.desktop_notification.notify_send': Could not find 'notify-send'
[22.389s] INFO:colcon.colcon_core.plugin_system:Skipping extension 'colcon_notification.desktop_notification.terminal_notifier': Not used on non-Darwin systems
[22.389s] INFO:colcon.colcon_core.plugin_system:Skipping extension 'colcon_notification.desktop_notification.win32': Not used on non-Windows systems
[22.389s] INFO:colcon.colcon_notification.desktop_notification:Sending desktop notification using 'notify2'
[22.393s] DEBUG:colcon.colcon_notification.desktop_notification.notify2:Failed to initialize notify2: org.freedesktop.DBus.Error.ServiceUnknown: The name org.freedesktop.Notifications was not provided by any .service files
[22.394s] DEBUG:colcon.colcon_core.event_reactor:joined thread
[22.534s] INFO:colcon.colcon_core.shell:Creating prefix script '/home/pi/Sandbox/RPI_led_service/install/local_setup.ps1'
[22.539s] INFO:colcon.colcon_core.shell:Creating prefix util module '/home/pi/Sandbox/RPI_led_service/install/_local_setup_util_ps1.py'
[22.545s] INFO:colcon.colcon_core.shell:Creating prefix chain script '/home/pi/Sandbox/RPI_led_service/install/setup.ps1'
[22.691s] INFO:colcon.colcon_core.shell:Creating prefix script '/home/pi/Sandbox/RPI_led_service/install/local_setup.sh'
[22.697s] INFO:colcon.colcon_core.shell:Creating prefix util module '/home/pi/Sandbox/RPI_led_service/install/_local_setup_util_sh.py'
[22.703s] INFO:colcon.colcon_core.shell:Creating prefix chain script '/home/pi/Sandbox/RPI_led_service/install/setup.sh'
[22.855s] INFO:colcon.colcon_core.shell:Creating prefix script '/home/pi/Sandbox/RPI_led_service/install/local_setup.bash'
[22.858s] INFO:colcon.colcon_core.shell:Creating prefix chain script '/home/pi/Sandbox/RPI_led_service/install/setup.bash'
[22.957s] INFO:colcon.colcon_core.shell:Creating prefix script '/home/pi/Sandbox/RPI_led_service/install/local_setup.zsh'
[22.960s] INFO:colcon.colcon_core.shell:Creating prefix chain script '/home/pi/Sandbox/RPI_led_service/install/setup.zsh'
