running egg_info
writing ../../build/rpi_LCD_control/rpi_LCD_control.egg-info/PKG-INFO
writing dependency_links to ../../build/rpi_LCD_control/rpi_LCD_control.egg-info/dependency_links.txt
writing entry points to ../../build/rpi_LCD_control/rpi_LCD_control.egg-info/entry_points.txt
writing requirements to ../../build/rpi_LCD_control/rpi_LCD_control.egg-info/requires.txt
writing top-level names to ../../build/rpi_LCD_control/rpi_LCD_control.egg-info/top_level.txt
reading manifest file '../../build/rpi_LCD_control/rpi_LCD_control.egg-info/SOURCES.txt'
writing manifest file '../../build/rpi_LCD_control/rpi_LCD_control.egg-info/SOURCES.txt'
running build
running build_py
copying rpi_LCD_control/scripts/displayclient.py -> /home/pi/Sandbox/RPI_led_service/build/rpi_LCD_control/build/lib/rpi_LCD_control/scripts
running install
/usr/lib/python3/dist-packages/setuptools/command/install.py:34: SetuptoolsDeprecationWarning: setup.py install is deprecated. Use build and pip and other standards-based tools.
  warnings.warn(
running install_lib
copying /home/pi/Sandbox/RPI_led_service/build/rpi_LCD_control/build/lib/rpi_LCD_control/scripts/displayclient.py -> /home/pi/Sandbox/RPI_led_service/install/rpi_LCD_control/lib/python3.10/site-packages/rpi_LCD_control/scripts
byte-compiling /home/pi/Sandbox/RPI_led_service/install/rpi_LCD_control/lib/python3.10/site-packages/rpi_LCD_control/scripts/displayclient.py to displayclient.cpython-310.pyc
running install_data
running install_egg_info
removing '/home/pi/Sandbox/RPI_led_service/install/rpi_LCD_control/lib/python3.10/site-packages/rpi_LCD_control-0.0.0-py3.10.egg-info' (and everything under it)
Copying ../../build/rpi_LCD_control/rpi_LCD_control.egg-info to /home/pi/Sandbox/RPI_led_service/install/rpi_LCD_control/lib/python3.10/site-packages/rpi_LCD_control-0.0.0-py3.10.egg-info
running install_scripts
Installing displayclient script to /home/pi/Sandbox/RPI_led_service/install/rpi_LCD_control/lib/rpi_LCD_control
writing list of installed files to '/home/pi/Sandbox/RPI_led_service/build/rpi_LCD_control/install.log'
