[2.316s] DEBUG:colcon:Command line arguments: ['/usr/bin/colcon', 'list', '-p', '--base-paths', '/home/lsantos/Documents/GitHub/Sandbox/RPI_led']
[2.316s] DEBUG:colcon:Parsed command line arguments: Namespace(log_base=None, log_level=None, verb_name='list', build_base='build', ignore_user_meta=False, metas=['./colcon.meta'], base_paths=['/home/lsantos/Documents/GitHub/Sandbox/RPI_led'], packages_ignore=None, packages_ignore_regex=None, paths=None, packages_up_to=None, packages_up_to_regex=None, packages_above=None, packages_above_and_dependencies=None, packages_above_depth=None, packages_select_by_dep=None, packages_skip_by_dep=None, packages_skip_up_to=None, packages_select_build_failed=False, packages_skip_build_finished=False, packages_select_test_failures=False, packages_skip_test_passed=False, packages_select=None, packages_skip=None, packages_select_regex=None, packages_skip_regex=None, packages_start=None, packages_end=None, allow_overriding=[], topological_order=False, names_only=False, paths_only=True, topological_graph=False, topological_graph_dot=False, topological_graph_density=False, topological_graph_legend=False, topological_graph_dot_cluster=False, topological_graph_dot_include_skipped=False, verb_parser=<colcon_defaults.argument_parser.defaults.DefaultArgumentsDecorator object at 0x7ff227e91270>, verb_extension=<colcon_package_information.verb.list.ListVerb object at 0x7ff227e93310>, main=<bound method ListVerb.main of <colcon_package_information.verb.list.ListVerb object at 0x7ff227e93310>>)
[2.400s] Level 1:colcon.colcon_core.package_discovery:discover_packages(colcon_meta) check parameters
[2.401s] Level 1:colcon.colcon_core.package_discovery:discover_packages(recursive) check parameters
[2.401s] Level 1:colcon.colcon_core.package_discovery:discover_packages(ignore) check parameters
[2.401s] Level 1:colcon.colcon_core.package_discovery:discover_packages(path) check parameters
[2.401s] Level 1:colcon.colcon_core.package_discovery:discover_packages(recursive) discover
[2.401s] INFO:colcon.colcon_core.package_discovery:Crawling recursively for packages in '/home/lsantos/Documents/GitHub/Sandbox/RPI_led'
[2.401s] Level 1:colcon.colcon_core.package_identification:_identify(/home/lsantos/Documents/GitHub/Sandbox/RPI_led) by extensions ['ignore', 'ignore_ament_install']
[2.401s] Level 1:colcon.colcon_core.package_identification:_identify(/home/lsantos/Documents/GitHub/Sandbox/RPI_led) by extension 'ignore'
[2.402s] Level 1:colcon.colcon_core.package_identification:_identify(/home/lsantos/Documents/GitHub/Sandbox/RPI_led) by extension 'ignore_ament_install'
[2.402s] Level 1:colcon.colcon_core.package_identification:_identify(/home/lsantos/Documents/GitHub/Sandbox/RPI_led) by extensions ['colcon_pkg']
[2.402s] Level 1:colcon.colcon_core.package_identification:_identify(/home/lsantos/Documents/GitHub/Sandbox/RPI_led) by extension 'colcon_pkg'
[2.402s] Level 1:colcon.colcon_core.package_identification:_identify(/home/lsantos/Documents/GitHub/Sandbox/RPI_led) by extensions ['colcon_meta']
[2.402s] Level 1:colcon.colcon_core.package_identification:_identify(/home/lsantos/Documents/GitHub/Sandbox/RPI_led) by extension 'colcon_meta'
[2.402s] Level 1:colcon.colcon_core.package_identification:_identify(/home/lsantos/Documents/GitHub/Sandbox/RPI_led) by extensions ['ros']
[2.402s] Level 1:colcon.colcon_core.package_identification:_identify(/home/lsantos/Documents/GitHub/Sandbox/RPI_led) by extension 'ros'
[2.426s] Level 1:colcon.colcon_core.package_identification:_identify(/home/lsantos/Documents/GitHub/Sandbox/RPI_led) by extensions ['cmake', 'python']
[2.426s] Level 1:colcon.colcon_core.package_identification:_identify(/home/lsantos/Documents/GitHub/Sandbox/RPI_led) by extension 'cmake'
[2.426s] Level 1:colcon.colcon_core.package_identification:_identify(/home/lsantos/Documents/GitHub/Sandbox/RPI_led) by extension 'python'
[2.427s] Level 1:colcon.colcon_core.package_identification:_identify(/home/lsantos/Documents/GitHub/Sandbox/RPI_led) by extensions ['python_setup_py']
[2.427s] Level 1:colcon.colcon_core.package_identification:_identify(/home/lsantos/Documents/GitHub/Sandbox/RPI_led) by extension 'python_setup_py'
[2.427s] Level 1:colcon.colcon_core.package_identification:_identify(/home/lsantos/Documents/GitHub/Sandbox/RPI_led/build) by extensions ['ignore', 'ignore_ament_install']
[2.427s] Level 1:colcon.colcon_core.package_identification:_identify(/home/lsantos/Documents/GitHub/Sandbox/RPI_led/build) by extension 'ignore'
[2.427s] Level 1:colcon.colcon_core.package_identification:_identify(/home/lsantos/Documents/GitHub/Sandbox/RPI_led/build) ignored
[2.428s] Level 1:colcon.colcon_core.package_identification:_identify(/home/lsantos/Documents/GitHub/Sandbox/RPI_led/install) by extensions ['ignore', 'ignore_ament_install']
[2.428s] Level 1:colcon.colcon_core.package_identification:_identify(/home/lsantos/Documents/GitHub/Sandbox/RPI_led/install) by extension 'ignore'
[2.428s] Level 1:colcon.colcon_core.package_identification:_identify(/home/lsantos/Documents/GitHub/Sandbox/RPI_led/install) ignored
[2.428s] Level 1:colcon.colcon_core.package_identification:_identify(/home/lsantos/Documents/GitHub/Sandbox/RPI_led/log) by extensions ['ignore', 'ignore_ament_install']
[2.428s] Level 1:colcon.colcon_core.package_identification:_identify(/home/lsantos/Documents/GitHub/Sandbox/RPI_led/log) by extension 'ignore'
[2.428s] Level 1:colcon.colcon_core.package_identification:_identify(/home/lsantos/Documents/GitHub/Sandbox/RPI_led/log) ignored
[2.429s] Level 1:colcon.colcon_core.package_identification:_identify(/home/lsantos/Documents/GitHub/Sandbox/RPI_led/src) by extensions ['ignore', 'ignore_ament_install']
[2.429s] Level 1:colcon.colcon_core.package_identification:_identify(/home/lsantos/Documents/GitHub/Sandbox/RPI_led/src) by extension 'ignore'
[2.429s] Level 1:colcon.colcon_core.package_identification:_identify(/home/lsantos/Documents/GitHub/Sandbox/RPI_led/src) by extension 'ignore_ament_install'
[2.429s] Level 1:colcon.colcon_core.package_identification:_identify(/home/lsantos/Documents/GitHub/Sandbox/RPI_led/src) by extensions ['colcon_pkg']
[2.429s] Level 1:colcon.colcon_core.package_identification:_identify(/home/lsantos/Documents/GitHub/Sandbox/RPI_led/src) by extension 'colcon_pkg'
[2.429s] Level 1:colcon.colcon_core.package_identification:_identify(/home/lsantos/Documents/GitHub/Sandbox/RPI_led/src) by extensions ['colcon_meta']
[2.429s] Level 1:colcon.colcon_core.package_identification:_identify(/home/lsantos/Documents/GitHub/Sandbox/RPI_led/src) by extension 'colcon_meta'
[2.430s] Level 1:colcon.colcon_core.package_identification:_identify(/home/lsantos/Documents/GitHub/Sandbox/RPI_led/src) by extensions ['ros']
[2.430s] Level 1:colcon.colcon_core.package_identification:_identify(/home/lsantos/Documents/GitHub/Sandbox/RPI_led/src) by extension 'ros'
[2.430s] Level 1:colcon.colcon_core.package_identification:_identify(/home/lsantos/Documents/GitHub/Sandbox/RPI_led/src) by extensions ['cmake', 'python']
[2.430s] Level 1:colcon.colcon_core.package_identification:_identify(/home/lsantos/Documents/GitHub/Sandbox/RPI_led/src) by extension 'cmake'
[2.430s] Level 1:colcon.colcon_core.package_identification:_identify(/home/lsantos/Documents/GitHub/Sandbox/RPI_led/src) by extension 'python'
[2.430s] Level 1:colcon.colcon_core.package_identification:_identify(/home/lsantos/Documents/GitHub/Sandbox/RPI_led/src) by extensions ['python_setup_py']
[2.430s] Level 1:colcon.colcon_core.package_identification:_identify(/home/lsantos/Documents/GitHub/Sandbox/RPI_led/src) by extension 'python_setup_py'
[2.430s] Level 1:colcon.colcon_core.package_identification:_identify(/home/lsantos/Documents/GitHub/Sandbox/RPI_led/src/gpio_control) by extensions ['ignore', 'ignore_ament_install']
[2.431s] Level 1:colcon.colcon_core.package_identification:_identify(/home/lsantos/Documents/GitHub/Sandbox/RPI_led/src/gpio_control) by extension 'ignore'
[2.431s] Level 1:colcon.colcon_core.package_identification:_identify(/home/lsantos/Documents/GitHub/Sandbox/RPI_led/src/gpio_control) by extension 'ignore_ament_install'
[2.431s] Level 1:colcon.colcon_core.package_identification:_identify(/home/lsantos/Documents/GitHub/Sandbox/RPI_led/src/gpio_control) by extensions ['colcon_pkg']
[2.431s] Level 1:colcon.colcon_core.package_identification:_identify(/home/lsantos/Documents/GitHub/Sandbox/RPI_led/src/gpio_control) by extension 'colcon_pkg'
[2.431s] Level 1:colcon.colcon_core.package_identification:_identify(/home/lsantos/Documents/GitHub/Sandbox/RPI_led/src/gpio_control) by extensions ['colcon_meta']
[2.431s] Level 1:colcon.colcon_core.package_identification:_identify(/home/lsantos/Documents/GitHub/Sandbox/RPI_led/src/gpio_control) by extension 'colcon_meta'
[2.431s] Level 1:colcon.colcon_core.package_identification:_identify(/home/lsantos/Documents/GitHub/Sandbox/RPI_led/src/gpio_control) by extensions ['ros']
[2.431s] Level 1:colcon.colcon_core.package_identification:_identify(/home/lsantos/Documents/GitHub/Sandbox/RPI_led/src/gpio_control) by extension 'ros'
[2.437s] DEBUG:colcon.colcon_core.package_identification:Package '/home/lsantos/Documents/GitHub/Sandbox/RPI_led/src/gpio_control' with type 'ros.ament_cmake' and name 'gpio_control'
[2.437s] Level 1:colcon.colcon_core.package_discovery:discover_packages(recursive) using defaults
