-- Found ament_cmake: 2.0.3 (/opt/ros/iron/share/ament_cmake/cmake)
-- Found rclcpp: 21.0.3 (/opt/ros/iron/share/rclcpp/cmake)
-- Found rosidl_generator_c: 4.0.1 (/opt/ros/iron/share/rosidl_generator_c/cmake)
-- Found rosidl_generator_cpp: 4.0.1 (/opt/ros/iron/share/rosidl_generator_cpp/cmake)
-- Using all available rosidl_typesupport_c: rosidl_typesupport_fastrtps_c;rosidl_typesupport_introspection_c
-- Using all available rosidl_typesupport_cpp: rosidl_typesupport_fastrtps_cpp;rosidl_typesupport_introspection_cpp
-- Found rmw_implementation_cmake: 7.1.0 (/opt/ros/iron/share/rmw_implementation_cmake/cmake)
-- Found rmw_fastrtps_cpp: 7.1.1 (/opt/ros/iron/share/rmw_fastrtps_cpp/cmake)
-- Using RMW implementation 'rmw_fastrtps_cpp' as default
-- Found rpi_gpio_msgs: 0.0.0 (/home/pi/Sandbox/RPI_led_service/install/rpi_gpio_msgs/share/rpi_gpio_msgs/cmake)
-- Found ament_lint_auto: 0.14.2 (/opt/ros/iron/share/ament_lint_auto/cmake)
-- Added test 'cppcheck' to perform static code analysis on C / C++ code
-- Configured cppcheck include dirs: 
-- Configured cppcheck exclude dirs and/or files: 
-- Added test 'flake8' to check Python code syntax and style conventions
-- Configured 'flake8' exclude dirs and/or files: 
-- Added test 'lint_cmake' to check CMake code style
-- Added test 'pep257' to check Python code against some of the docstring style conventions in PEP 257
-- Added test 'uncrustify' to check C / C++ code style
-- Configured uncrustify additional arguments: 
-- Added test 'xmllint' to check XML markup files
-- Configuring done
-- Generating done
-- Build files have been written to: /home/pi/Sandbox/RPI_led_service/build/rpi_gpio
[35m[1mConsolidate compiler generated dependencies of target gpio_server[0m
[35m[1mConsolidate compiler generated dependencies of target gpio_client[0m
[ 50%] Built target gpio_server
[100%] Built target gpio_client
-- Install configuration: ""
-- Up-to-date: /home/pi/Sandbox/RPI_led_service/install/rpi_gpio/lib/rpi_gpio/gpio_server
-- Up-to-date: /home/pi/Sandbox/RPI_led_service/install/rpi_gpio/lib/rpi_gpio/gpio_client
-- Installing: /home/pi/Sandbox/RPI_led_service/install/rpi_gpio/share/ament_index/resource_index/package_run_dependencies/rpi_gpio
-- Up-to-date: /home/pi/Sandbox/RPI_led_service/install/rpi_gpio/share/ament_index/resource_index/parent_prefix_path/rpi_gpio
-- Up-to-date: /home/pi/Sandbox/RPI_led_service/install/rpi_gpio/share/rpi_gpio/environment/ament_prefix_path.sh
-- Up-to-date: /home/pi/Sandbox/RPI_led_service/install/rpi_gpio/share/rpi_gpio/environment/ament_prefix_path.dsv
-- Up-to-date: /home/pi/Sandbox/RPI_led_service/install/rpi_gpio/share/rpi_gpio/environment/path.sh
-- Up-to-date: /home/pi/Sandbox/RPI_led_service/install/rpi_gpio/share/rpi_gpio/environment/path.dsv
-- Up-to-date: /home/pi/Sandbox/RPI_led_service/install/rpi_gpio/share/rpi_gpio/local_setup.bash
-- Up-to-date: /home/pi/Sandbox/RPI_led_service/install/rpi_gpio/share/rpi_gpio/local_setup.sh
-- Up-to-date: /home/pi/Sandbox/RPI_led_service/install/rpi_gpio/share/rpi_gpio/local_setup.zsh
-- Up-to-date: /home/pi/Sandbox/RPI_led_service/install/rpi_gpio/share/rpi_gpio/local_setup.dsv
-- Installing: /home/pi/Sandbox/RPI_led_service/install/rpi_gpio/share/rpi_gpio/package.dsv
-- Up-to-date: /home/pi/Sandbox/RPI_led_service/install/rpi_gpio/share/ament_index/resource_index/packages/rpi_gpio
-- Up-to-date: /home/pi/Sandbox/RPI_led_service/install/rpi_gpio/share/rpi_gpio/cmake/rpi_gpioConfig.cmake
-- Up-to-date: /home/pi/Sandbox/RPI_led_service/install/rpi_gpio/share/rpi_gpio/cmake/rpi_gpioConfig-version.cmake
-- Installing: /home/pi/Sandbox/RPI_led_service/install/rpi_gpio/share/rpi_gpio/package.xml
