[4.122s] Invoking command in '/home/pi/Sandbox/RPI_led_service/build/rpi_gpio': CMAKE_PREFIX_PATH=/home/pi/Sandbox/RPI_led_service/install/rpi_gpio_msgs:/home/pi/Sandbox/RPI_led_service/install/rpi_gpio:/home/pi/Sandbox/RPI_led_service/install/rpi_LCD_control:/opt/ros/iron PYTHONPATH=/home/pi/Sandbox/RPI_led_service/install/rpi_gpio_msgs/lib/python3.10/site-packages:/home/pi/Sandbox/RPI_led_service/install/rpi_LCD_control/lib/python3.10/site-packages:/opt/ros/iron/lib/python3.10/site-packages /usr/bin/cmake --build /home/pi/Sandbox/RPI_led_service/build/rpi_gpio -- -j4 -l4
[4.235s] -- Found ament_cmake: 2.0.3 (/opt/ros/iron/share/ament_cmake/cmake)
[5.129s] -- Found rclcpp: 21.0.3 (/opt/ros/iron/share/rclcpp/cmake)
[5.349s] -- Found rosidl_generator_c: 4.0.1 (/opt/ros/iron/share/rosidl_generator_c/cmake)
[5.396s] -- Found rosidl_generator_cpp: 4.0.1 (/opt/ros/iron/share/rosidl_generator_cpp/cmake)
[5.462s] -- Using all available rosidl_typesupport_c: rosidl_typesupport_fastrtps_c;rosidl_typesupport_introspection_c
[5.546s] -- Using all available rosidl_typesupport_cpp: rosidl_typesupport_fastrtps_cpp;rosidl_typesupport_introspection_cpp
[6.290s] -- Found rmw_implementation_cmake: 7.1.0 (/opt/ros/iron/share/rmw_implementation_cmake/cmake)
[6.299s] -- Found rmw_fastrtps_cpp: 7.1.1 (/opt/ros/iron/share/rmw_fastrtps_cpp/cmake)
[7.314s] -- Using RMW implementation 'rmw_fastrtps_cpp' as default
[8.095s] -- Found rpi_gpio_msgs: 0.0.0 (/home/pi/Sandbox/RPI_led_service/install/rpi_gpio_msgs/share/rpi_gpio_msgs/cmake)
[8.336s] -- Found ament_lint_auto: 0.14.2 (/opt/ros/iron/share/ament_lint_auto/cmake)
[8.836s] -- Added test 'cppcheck' to perform static code analysis on C / C++ code
[8.837s] -- Configured cppcheck include dirs: 
[8.837s] -- Configured cppcheck exclude dirs and/or files: 
[8.840s] -- Added test 'flake8' to check Python code syntax and style conventions
[8.841s] -- Configured 'flake8' exclude dirs and/or files: 
[8.846s] -- Added test 'lint_cmake' to check CMake code style
[8.850s] -- Added test 'pep257' to check Python code against some of the docstring style conventions in PEP 257
[8.858s] -- Added test 'uncrustify' to check C / C++ code style
[8.860s] -- Configured uncrustify additional arguments: 
[8.864s] -- Added test 'xmllint' to check XML markup files
[8.870s] -- Configuring done
[9.030s] -- Generating done
[9.045s] -- Build files have been written to: /home/pi/Sandbox/RPI_led_service/build/rpi_gpio
[9.203s] [35m[1mConsolidate compiler generated dependencies of target gpio_server[0m
[9.246s] [35m[1mConsolidate compiler generated dependencies of target gpio_client[0m
[9.341s] [ 50%] Built target gpio_server
[9.384s] [100%] Built target gpio_client
[9.443s] Invoked command in '/home/pi/Sandbox/RPI_led_service/build/rpi_gpio' returned '0': CMAKE_PREFIX_PATH=/home/pi/Sandbox/RPI_led_service/install/rpi_gpio_msgs:/home/pi/Sandbox/RPI_led_service/install/rpi_gpio:/home/pi/Sandbox/RPI_led_service/install/rpi_LCD_control:/opt/ros/iron PYTHONPATH=/home/pi/Sandbox/RPI_led_service/install/rpi_gpio_msgs/lib/python3.10/site-packages:/home/pi/Sandbox/RPI_led_service/install/rpi_LCD_control/lib/python3.10/site-packages:/opt/ros/iron/lib/python3.10/site-packages /usr/bin/cmake --build /home/pi/Sandbox/RPI_led_service/build/rpi_gpio -- -j4 -l4
[9.593s] Invoking command in '/home/pi/Sandbox/RPI_led_service/build/rpi_gpio': CMAKE_PREFIX_PATH=/home/pi/Sandbox/RPI_led_service/install/rpi_gpio_msgs:/home/pi/Sandbox/RPI_led_service/install/rpi_gpio:/home/pi/Sandbox/RPI_led_service/install/rpi_LCD_control:/opt/ros/iron PYTHONPATH=/home/pi/Sandbox/RPI_led_service/install/rpi_gpio_msgs/lib/python3.10/site-packages:/home/pi/Sandbox/RPI_led_service/install/rpi_LCD_control/lib/python3.10/site-packages:/opt/ros/iron/lib/python3.10/site-packages /usr/bin/cmake --install /home/pi/Sandbox/RPI_led_service/build/rpi_gpio
[9.626s] -- Install configuration: ""
[9.630s] -- Up-to-date: /home/pi/Sandbox/RPI_led_service/install/rpi_gpio/lib/rpi_gpio/gpio_server
[9.630s] -- Up-to-date: /home/pi/Sandbox/RPI_led_service/install/rpi_gpio/lib/rpi_gpio/gpio_client
[9.641s] -- Installing: /home/pi/Sandbox/RPI_led_service/install/rpi_gpio/share/ament_index/resource_index/package_run_dependencies/rpi_gpio
[9.642s] -- Up-to-date: /home/pi/Sandbox/RPI_led_service/install/rpi_gpio/share/ament_index/resource_index/parent_prefix_path/rpi_gpio
[9.642s] -- Up-to-date: /home/pi/Sandbox/RPI_led_service/install/rpi_gpio/share/rpi_gpio/environment/ament_prefix_path.sh
[9.649s] -- Up-to-date: /home/pi/Sandbox/RPI_led_service/install/rpi_gpio/share/rpi_gpio/environment/ament_prefix_path.dsv
[9.652s] -- Up-to-date: /home/pi/Sandbox/RPI_led_service/install/rpi_gpio/share/rpi_gpio/environment/path.sh
[9.660s] -- Up-to-date: /home/pi/Sandbox/RPI_led_service/install/rpi_gpio/share/rpi_gpio/environment/path.dsv
[9.661s] -- Up-to-date: /home/pi/Sandbox/RPI_led_service/install/rpi_gpio/share/rpi_gpio/local_setup.bash
[9.663s] -- Up-to-date: /home/pi/Sandbox/RPI_led_service/install/rpi_gpio/share/rpi_gpio/local_setup.sh
[9.664s] -- Up-to-date: /home/pi/Sandbox/RPI_led_service/install/rpi_gpio/share/rpi_gpio/local_setup.zsh
[9.665s] -- Up-to-date: /home/pi/Sandbox/RPI_led_service/install/rpi_gpio/share/rpi_gpio/local_setup.dsv
[9.667s] -- Installing: /home/pi/Sandbox/RPI_led_service/install/rpi_gpio/share/rpi_gpio/package.dsv
[9.668s] -- Up-to-date: /home/pi/Sandbox/RPI_led_service/install/rpi_gpio/share/ament_index/resource_index/packages/rpi_gpio
[9.669s] -- Up-to-date: /home/pi/Sandbox/RPI_led_service/install/rpi_gpio/share/rpi_gpio/cmake/rpi_gpioConfig.cmake
[9.671s] -- Up-to-date: /home/pi/Sandbox/RPI_led_service/install/rpi_gpio/share/rpi_gpio/cmake/rpi_gpioConfig-version.cmake
[9.672s] -- Installing: /home/pi/Sandbox/RPI_led_service/install/rpi_gpio/share/rpi_gpio/package.xml
[9.673s] Invoked command in '/home/pi/Sandbox/RPI_led_service/build/rpi_gpio' returned '0': CMAKE_PREFIX_PATH=/home/pi/Sandbox/RPI_led_service/install/rpi_gpio_msgs:/home/pi/Sandbox/RPI_led_service/install/rpi_gpio:/home/pi/Sandbox/RPI_led_service/install/rpi_LCD_control:/opt/ros/iron PYTHONPATH=/home/pi/Sandbox/RPI_led_service/install/rpi_gpio_msgs/lib/python3.10/site-packages:/home/pi/Sandbox/RPI_led_service/install/rpi_LCD_control/lib/python3.10/site-packages:/opt/ros/iron/lib/python3.10/site-packages /usr/bin/cmake --install /home/pi/Sandbox/RPI_led_service/build/rpi_gpio
