[5.806s] Invoking command in '/home/pi/Sandbox/RPI_led_service/src/rpi_LCD_control': CMAKE_PREFIX_PATH=/home/pi/Sandbox/RPI_led_service/install/rpi_gpio_msgs:/home/pi/Sandbox/RPI_led_service/install/rpi_gpio PYTHONPATH=/home/pi/Sandbox/RPI_led_service/build/rpi_LCD_control/prefix_override:/home/pi/Sandbox/RPI_led_service/install/rpi_LCD_control/lib/python3.10/site-packages:/home/pi/Sandbox/RPI_led_service/install/rpi_gpio_msgs/lib/python3.10/site-packages:/home/pi/Sandbox/RPI_led_service/install/rpi_LCD_control/lib/python3.10/site-packages:/opt/ros/iron/lib/python3.10/site-packages /usr/bin/python3 setup.py egg_info --egg-base ../../build/rpi_LCD_control build --build-base /home/pi/Sandbox/RPI_led_service/build/rpi_LCD_control/build install --record /home/pi/Sandbox/RPI_led_service/build/rpi_LCD_control/install.log --single-version-externally-managed
[7.790s] running egg_info
[7.794s] writing ../../build/rpi_LCD_control/rpi_LCD_control.egg-info/PKG-INFO
[7.797s] writing dependency_links to ../../build/rpi_LCD_control/rpi_LCD_control.egg-info/dependency_links.txt
[7.801s] writing entry points to ../../build/rpi_LCD_control/rpi_LCD_control.egg-info/entry_points.txt
[7.803s] writing requirements to ../../build/rpi_LCD_control/rpi_LCD_control.egg-info/requires.txt
[7.806s] writing top-level names to ../../build/rpi_LCD_control/rpi_LCD_control.egg-info/top_level.txt
[7.819s] reading manifest file '../../build/rpi_LCD_control/rpi_LCD_control.egg-info/SOURCES.txt'
[7.825s] writing manifest file '../../build/rpi_LCD_control/rpi_LCD_control.egg-info/SOURCES.txt'
[7.825s] running build
[7.826s] running build_py
[7.829s] running install
[7.830s] /usr/lib/python3/dist-packages/setuptools/command/install.py:34: SetuptoolsDeprecationWarning: setup.py install is deprecated. Use build and pip and other standards-based tools.
[7.831s]   warnings.warn(
[7.832s] running install_lib
[7.840s] running install_data
[7.843s] running install_egg_info
[7.853s] removing '/home/pi/Sandbox/RPI_led_service/install/rpi_LCD_control/lib/python3.10/site-packages/rpi_LCD_control-0.0.0-py3.10.egg-info' (and everything under it)
[7.856s] Copying ../../build/rpi_LCD_control/rpi_LCD_control.egg-info to /home/pi/Sandbox/RPI_led_service/install/rpi_LCD_control/lib/python3.10/site-packages/rpi_LCD_control-0.0.0-py3.10.egg-info
[7.866s] running install_scripts
[7.978s] Installing displayclient script to /home/pi/Sandbox/RPI_led_service/install/rpi_LCD_control/lib/rpi_LCD_control
[7.985s] writing list of installed files to '/home/pi/Sandbox/RPI_led_service/build/rpi_LCD_control/install.log'
[8.157s] Invoked command in '/home/pi/Sandbox/RPI_led_service/src/rpi_LCD_control' returned '0': CMAKE_PREFIX_PATH=/home/pi/Sandbox/RPI_led_service/install/rpi_gpio_msgs:/home/pi/Sandbox/RPI_led_service/install/rpi_gpio PYTHONPATH=/home/pi/Sandbox/RPI_led_service/build/rpi_LCD_control/prefix_override:/home/pi/Sandbox/RPI_led_service/install/rpi_LCD_control/lib/python3.10/site-packages:/home/pi/Sandbox/RPI_led_service/install/rpi_gpio_msgs/lib/python3.10/site-packages:/home/pi/Sandbox/RPI_led_service/install/rpi_LCD_control/lib/python3.10/site-packages:/opt/ros/iron/lib/python3.10/site-packages /usr/bin/python3 setup.py egg_info --egg-base ../../build/rpi_LCD_control build --build-base /home/pi/Sandbox/RPI_led_service/build/rpi_LCD_control/build install --record /home/pi/Sandbox/RPI_led_service/build/rpi_LCD_control/install.log --single-version-externally-managed
