[0.037s] Invoking command in '/home/lsantos/GitHub/Sandbox/RPI_led_service/build/rpi_gpio': CMAKE_PREFIX_PATH=/opt/ros/iron /usr/bin/cmake /home/lsantos/GitHub/Sandbox/RPI_led_service/src/rpi_gpio -DCMAKE_INSTALL_PREFIX=/home/lsantos/GitHub/Sandbox/RPI_led_service/install/rpi_gpio
[0.042s] -- Found ament_cmake: 2.0.3 (/opt/ros/iron/share/ament_cmake/cmake)
[0.111s] -- Found rclcpp: 21.0.3 (/opt/ros/iron/share/rclcpp/cmake)
[0.125s] -- Found rosidl_generator_c: 4.0.1 (/opt/ros/iron/share/rosidl_generator_c/cmake)
[0.129s] -- Found rosidl_generator_cpp: 4.0.1 (/opt/ros/iron/share/rosidl_generator_cpp/cmake)
[0.135s] -- Using all available rosidl_typesupport_c: rosidl_typesupport_fastrtps_c;rosidl_typesupport_introspection_c
[0.143s] -- Using all available rosidl_typesupport_cpp: rosidl_typesupport_fastrtps_cpp;rosidl_typesupport_introspection_cpp
[0.221s] -- Found rmw_implementation_cmake: 7.1.0 (/opt/ros/iron/share/rmw_implementation_cmake/cmake)
[0.221s] -- Found rmw_fastrtps_cpp: 7.1.1 (/opt/ros/iron/share/rmw_fastrtps_cpp/cmake)
[0.278s] -- Using RMW implementation 'rmw_fastrtps_cpp' as default
[0.365s] [31mCMake Error at CMakeLists.txt:12 (find_package):
[0.365s]   By not providing "Findrpi_gpio_msgs.cmake" in CMAKE_MODULE_PATH this
[0.365s]   project has asked CMake to find a package configuration file provided by
[0.365s]   "rpi_gpio_msgs", but CMake did not find one.
[0.365s] 
[0.365s]   Could not find a package configuration file provided by "rpi_gpio_msgs"
[0.365s]   with any of the following names:
[0.365s] 
[0.365s]     rpi_gpio_msgsConfig.cmake
[0.365s]     rpi_gpio_msgs-config.cmake
[0.365s] 
[0.365s]   Add the installation prefix of "rpi_gpio_msgs" to CMAKE_PREFIX_PATH or set
[0.365s]   "rpi_gpio_msgs_DIR" to a directory containing one of the above files.  If
[0.365s]   "rpi_gpio_msgs" provides a separate development package or SDK, be sure it
[0.365s]   has been installed.
[0.365s] 
[0.365s] [0m
[0.365s] -- Configuring incomplete, errors occurred!
[0.365s] See also "/home/lsantos/GitHub/Sandbox/RPI_led_service/build/rpi_gpio/CMakeFiles/CMakeOutput.log".
[0.369s] Invoked command in '/home/lsantos/GitHub/Sandbox/RPI_led_service/build/rpi_gpio' returned '1': CMAKE_PREFIX_PATH=/opt/ros/iron /usr/bin/cmake /home/lsantos/GitHub/Sandbox/RPI_led_service/src/rpi_gpio -DCMAKE_INSTALL_PREFIX=/home/lsantos/GitHub/Sandbox/RPI_led_service/install/rpi_gpio
