[0.315s] Invoking command in '/home/pi/Sandbox/RPI_led_service/build/rpi_gpio_msgs': CMAKE_PREFIX_PATH=${CMAKE_PREFIX_PATH}:/home/pi/Sandbox/RPI_led_service/install/rpi_LCD_control:/opt/ros/iron /usr/bin/cmake --build /home/pi/Sandbox/RPI_led_service/build/rpi_gpio_msgs -- -j4 -l4
[0.544s] [  2%] Built target rpi_gpio_msgs__rosidl_generator_type_description
[0.593s] [  2%] Built target ament_cmake_python_copy_rpi_gpio_msgs
[0.675s] [ 17%] Built target rpi_gpio_msgs__rosidl_generator_c
[0.678s] [ 20%] Built target rpi_gpio_msgs__cpp
[0.806s] [ 29%] Built target rpi_gpio_msgs__rosidl_typesupport_introspection_c
[0.838s] [ 38%] Built target rpi_gpio_msgs__rosidl_typesupport_c
[0.868s] [ 47%] Built target rpi_gpio_msgs__rosidl_typesupport_fastrtps_c
[0.975s] [ 55%] Built target rpi_gpio_msgs__rosidl_typesupport_introspection_cpp
[1.023s] [ 64%] Built target rpi_gpio_msgs__rosidl_typesupport_cpp
[1.025s] [ 73%] Built target rpi_gpio_msgs__rosidl_typesupport_fastrtps_cpp
[1.136s] [ 73%] Built target rpi_gpio_msgs
[1.240s] [ 76%] Built target rpi_gpio_msgs__py
[1.350s] [ 82%] Built target rpi_gpio_msgs__rosidl_generator_py
[1.485s] [ 88%] Built target rpi_gpio_msgs__rosidl_typesupport_c__pyext
[1.507s] [ 94%] Built target rpi_gpio_msgs__rosidl_typesupport_fastrtps_c__pyext
[1.536s] [100%] Built target rpi_gpio_msgs__rosidl_typesupport_introspection_c__pyext
[2.229s] running egg_info
[2.233s] writing rpi_gpio_msgs.egg-info/PKG-INFO
[2.235s] writing dependency_links to rpi_gpio_msgs.egg-info/dependency_links.txt
[2.237s] writing top-level names to rpi_gpio_msgs.egg-info/top_level.txt
[2.250s] reading manifest file 'rpi_gpio_msgs.egg-info/SOURCES.txt'
[2.254s] writing manifest file 'rpi_gpio_msgs.egg-info/SOURCES.txt'
[2.406s] [100%] Built target ament_cmake_python_build_rpi_gpio_msgs_egg
[2.453s] Invoked command in '/home/pi/Sandbox/RPI_led_service/build/rpi_gpio_msgs' returned '0': CMAKE_PREFIX_PATH=${CMAKE_PREFIX_PATH}:/home/pi/Sandbox/RPI_led_service/install/rpi_LCD_control:/opt/ros/iron /usr/bin/cmake --build /home/pi/Sandbox/RPI_led_service/build/rpi_gpio_msgs -- -j4 -l4
[2.890s] Invoking command in '/home/pi/Sandbox/RPI_led_service/build/rpi_gpio_msgs': CMAKE_PREFIX_PATH=${CMAKE_PREFIX_PATH}:/home/pi/Sandbox/RPI_led_service/install/rpi_LCD_control:/opt/ros/iron /usr/bin/cmake --install /home/pi/Sandbox/RPI_led_service/build/rpi_gpio_msgs
[2.906s] -- Install configuration: ""
[2.907s] -- Up-to-date: /home/pi/Sandbox/RPI_led_service/install/rpi_gpio_msgs/share/ament_index/resource_index/rosidl_interfaces/rpi_gpio_msgs
[2.908s] -- Up-to-date: /home/pi/Sandbox/RPI_led_service/install/rpi_gpio_msgs/share/rpi_gpio_msgs/srv/LEDToggle.json
[2.909s] -- Up-to-date: /home/pi/Sandbox/RPI_led_service/install/rpi_gpio_msgs/include/rpi_gpio_msgs/rpi_gpio_msgs
[2.909s] -- Up-to-date: /home/pi/Sandbox/RPI_led_service/install/rpi_gpio_msgs/include/rpi_gpio_msgs/rpi_gpio_msgs/msg
[2.910s] -- Up-to-date: /home/pi/Sandbox/RPI_led_service/install/rpi_gpio_msgs/include/rpi_gpio_msgs/rpi_gpio_msgs/msg/rosidl_generator_c__visibility_control.h
[2.911s] -- Up-to-date: /home/pi/Sandbox/RPI_led_service/install/rpi_gpio_msgs/include/rpi_gpio_msgs/rpi_gpio_msgs/srv
[2.912s] -- Up-to-date: /home/pi/Sandbox/RPI_led_service/install/rpi_gpio_msgs/include/rpi_gpio_msgs/rpi_gpio_msgs/srv/detail
[2.913s] -- Up-to-date: /home/pi/Sandbox/RPI_led_service/install/rpi_gpio_msgs/include/rpi_gpio_msgs/rpi_gpio_msgs/srv/detail/led_toggle__functions.c
[2.914s] -- Installing: /home/pi/Sandbox/RPI_led_service/install/rpi_gpio_msgs/include/rpi_gpio_msgs/rpi_gpio_msgs/srv/detail/led_toggle__type_support.c
[2.915s] -- Up-to-date: /home/pi/Sandbox/RPI_led_service/install/rpi_gpio_msgs/include/rpi_gpio_msgs/rpi_gpio_msgs/srv/detail/led_toggle__description.c
[2.916s] -- Up-to-date: /home/pi/Sandbox/RPI_led_service/install/rpi_gpio_msgs/include/rpi_gpio_msgs/rpi_gpio_msgs/srv/detail/led_toggle__functions.h
[2.918s] -- Up-to-date: /home/pi/Sandbox/RPI_led_service/install/rpi_gpio_msgs/include/rpi_gpio_msgs/rpi_gpio_msgs/srv/detail/led_toggle__struct.h
[2.919s] -- Up-to-date: /home/pi/Sandbox/RPI_led_service/install/rpi_gpio_msgs/include/rpi_gpio_msgs/rpi_gpio_msgs/srv/detail/led_toggle__type_support.h
[2.920s] -- Up-to-date: /home/pi/Sandbox/RPI_led_service/install/rpi_gpio_msgs/include/rpi_gpio_msgs/rpi_gpio_msgs/srv/led_toggle.h
[2.921s] -- Up-to-date: /home/pi/Sandbox/RPI_led_service/install/rpi_gpio_msgs/share/rpi_gpio_msgs/environment/library_path.sh
[2.922s] -- Up-to-date: /home/pi/Sandbox/RPI_led_service/install/rpi_gpio_msgs/share/rpi_gpio_msgs/environment/library_path.dsv
[2.924s] -- Up-to-date: /home/pi/Sandbox/RPI_led_service/install/rpi_gpio_msgs/lib/librpi_gpio_msgs__rosidl_generator_c.so
[2.925s] -- Up-to-date: /home/pi/Sandbox/RPI_led_service/install/rpi_gpio_msgs/include/rpi_gpio_msgs/rpi_gpio_msgs
[2.927s] -- Up-to-date: /home/pi/Sandbox/RPI_led_service/install/rpi_gpio_msgs/include/rpi_gpio_msgs/rpi_gpio_msgs/msg
[2.928s] -- Up-to-date: /home/pi/Sandbox/RPI_led_service/install/rpi_gpio_msgs/include/rpi_gpio_msgs/rpi_gpio_msgs/msg/rosidl_typesupport_fastrtps_c__visibility_control.h
[2.929s] -- Up-to-date: /home/pi/Sandbox/RPI_led_service/install/rpi_gpio_msgs/include/rpi_gpio_msgs/rpi_gpio_msgs/srv
[2.931s] -- Up-to-date: /home/pi/Sandbox/RPI_led_service/install/rpi_gpio_msgs/include/rpi_gpio_msgs/rpi_gpio_msgs/srv/detail
[2.932s] -- Up-to-date: /home/pi/Sandbox/RPI_led_service/install/rpi_gpio_msgs/include/rpi_gpio_msgs/rpi_gpio_msgs/srv/detail/led_toggle__rosidl_typesupport_fastrtps_c.h
[2.932s] -- Up-to-date: /home/pi/Sandbox/RPI_led_service/install/rpi_gpio_msgs/lib/librpi_gpio_msgs__rosidl_typesupport_fastrtps_c.so
[2.933s] -- Up-to-date: /home/pi/Sandbox/RPI_led_service/install/rpi_gpio_msgs/include/rpi_gpio_msgs/rpi_gpio_msgs
[2.933s] -- Up-to-date: /home/pi/Sandbox/RPI_led_service/install/rpi_gpio_msgs/include/rpi_gpio_msgs/rpi_gpio_msgs/srv
[2.934s] -- Up-to-date: /home/pi/Sandbox/RPI_led_service/install/rpi_gpio_msgs/include/rpi_gpio_msgs/rpi_gpio_msgs/srv/detail
[2.935s] -- Up-to-date: /home/pi/Sandbox/RPI_led_service/install/rpi_gpio_msgs/include/rpi_gpio_msgs/rpi_gpio_msgs/srv/detail/led_toggle__builder.hpp
[2.936s] -- Up-to-date: /home/pi/Sandbox/RPI_led_service/install/rpi_gpio_msgs/include/rpi_gpio_msgs/rpi_gpio_msgs/srv/detail/led_toggle__struct.hpp
[2.936s] -- Up-to-date: /home/pi/Sandbox/RPI_led_service/install/rpi_gpio_msgs/include/rpi_gpio_msgs/rpi_gpio_msgs/srv/detail/led_toggle__traits.hpp
[2.938s] -- Up-to-date: /home/pi/Sandbox/RPI_led_service/install/rpi_gpio_msgs/include/rpi_gpio_msgs/rpi_gpio_msgs/srv/led_toggle.hpp
[2.938s] -- Up-to-date: /home/pi/Sandbox/RPI_led_service/install/rpi_gpio_msgs/include/rpi_gpio_msgs/rpi_gpio_msgs
[2.939s] -- Up-to-date: /home/pi/Sandbox/RPI_led_service/install/rpi_gpio_msgs/include/rpi_gpio_msgs/rpi_gpio_msgs/msg
[2.939s] -- Up-to-date: /home/pi/Sandbox/RPI_led_service/install/rpi_gpio_msgs/include/rpi_gpio_msgs/rpi_gpio_msgs/msg/rosidl_typesupport_fastrtps_cpp__visibility_control.h
[2.940s] -- Up-to-date: /home/pi/Sandbox/RPI_led_service/install/rpi_gpio_msgs/include/rpi_gpio_msgs/rpi_gpio_msgs/srv
[2.941s] -- Up-to-date: /home/pi/Sandbox/RPI_led_service/install/rpi_gpio_msgs/include/rpi_gpio_msgs/rpi_gpio_msgs/srv/detail
[2.942s] -- Up-to-date: /home/pi/Sandbox/RPI_led_service/install/rpi_gpio_msgs/include/rpi_gpio_msgs/rpi_gpio_msgs/srv/detail/led_toggle__rosidl_typesupport_fastrtps_cpp.hpp
[2.943s] -- Up-to-date: /home/pi/Sandbox/RPI_led_service/install/rpi_gpio_msgs/include/rpi_gpio_msgs/rpi_gpio_msgs/srv/detail/dds_fastrtps
[2.944s] -- Up-to-date: /home/pi/Sandbox/RPI_led_service/install/rpi_gpio_msgs/lib/librpi_gpio_msgs__rosidl_typesupport_fastrtps_cpp.so
[2.945s] -- Up-to-date: /home/pi/Sandbox/RPI_led_service/install/rpi_gpio_msgs/include/rpi_gpio_msgs/rpi_gpio_msgs
[2.946s] -- Up-to-date: /home/pi/Sandbox/RPI_led_service/install/rpi_gpio_msgs/include/rpi_gpio_msgs/rpi_gpio_msgs/msg
[2.947s] -- Up-to-date: /home/pi/Sandbox/RPI_led_service/install/rpi_gpio_msgs/include/rpi_gpio_msgs/rpi_gpio_msgs/msg/rosidl_typesupport_introspection_c__visibility_control.h
[2.947s] -- Up-to-date: /home/pi/Sandbox/RPI_led_service/install/rpi_gpio_msgs/include/rpi_gpio_msgs/rpi_gpio_msgs/srv
[2.948s] -- Up-to-date: /home/pi/Sandbox/RPI_led_service/install/rpi_gpio_msgs/include/rpi_gpio_msgs/rpi_gpio_msgs/srv/detail
[2.949s] -- Up-to-date: /home/pi/Sandbox/RPI_led_service/install/rpi_gpio_msgs/include/rpi_gpio_msgs/rpi_gpio_msgs/srv/detail/led_toggle__rosidl_typesupport_introspection_c.h
[2.949s] -- Installing: /home/pi/Sandbox/RPI_led_service/install/rpi_gpio_msgs/include/rpi_gpio_msgs/rpi_gpio_msgs/srv/detail/led_toggle__type_support.c
[2.950s] -- Up-to-date: /home/pi/Sandbox/RPI_led_service/install/rpi_gpio_msgs/lib/librpi_gpio_msgs__rosidl_typesupport_introspection_c.so
[2.950s] -- Up-to-date: /home/pi/Sandbox/RPI_led_service/install/rpi_gpio_msgs/lib/librpi_gpio_msgs__rosidl_typesupport_c.so
[2.951s] -- Up-to-date: /home/pi/Sandbox/RPI_led_service/install/rpi_gpio_msgs/include/rpi_gpio_msgs/rpi_gpio_msgs
[2.951s] -- Up-to-date: /home/pi/Sandbox/RPI_led_service/install/rpi_gpio_msgs/include/rpi_gpio_msgs/rpi_gpio_msgs/srv
[2.952s] -- Up-to-date: /home/pi/Sandbox/RPI_led_service/install/rpi_gpio_msgs/include/rpi_gpio_msgs/rpi_gpio_msgs/srv/detail
[2.953s] -- Up-to-date: /home/pi/Sandbox/RPI_led_service/install/rpi_gpio_msgs/include/rpi_gpio_msgs/rpi_gpio_msgs/srv/detail/led_toggle__rosidl_typesupport_introspection_cpp.hpp
[2.954s] -- Up-to-date: /home/pi/Sandbox/RPI_led_service/install/rpi_gpio_msgs/include/rpi_gpio_msgs/rpi_gpio_msgs/srv/detail/led_toggle__type_support.cpp
[2.954s] -- Up-to-date: /home/pi/Sandbox/RPI_led_service/install/rpi_gpio_msgs/lib/librpi_gpio_msgs__rosidl_typesupport_introspection_cpp.so
[2.955s] -- Up-to-date: /home/pi/Sandbox/RPI_led_service/install/rpi_gpio_msgs/lib/librpi_gpio_msgs__rosidl_typesupport_cpp.so
[2.956s] -- Up-to-date: /home/pi/Sandbox/RPI_led_service/install/rpi_gpio_msgs/share/rpi_gpio_msgs/environment/pythonpath.sh
[2.956s] -- Up-to-date: /home/pi/Sandbox/RPI_led_service/install/rpi_gpio_msgs/share/rpi_gpio_msgs/environment/pythonpath.dsv
[2.957s] -- Up-to-date: /home/pi/Sandbox/RPI_led_service/install/rpi_gpio_msgs/lib/python3.10/site-packages/rpi_gpio_msgs-0.0.0-py3.10.egg-info
[2.958s] -- Installing: /home/pi/Sandbox/RPI_led_service/install/rpi_gpio_msgs/lib/python3.10/site-packages/rpi_gpio_msgs-0.0.0-py3.10.egg-info/SOURCES.txt
[2.958s] -- Installing: /home/pi/Sandbox/RPI_led_service/install/rpi_gpio_msgs/lib/python3.10/site-packages/rpi_gpio_msgs-0.0.0-py3.10.egg-info/dependency_links.txt
[2.959s] -- Installing: /home/pi/Sandbox/RPI_led_service/install/rpi_gpio_msgs/lib/python3.10/site-packages/rpi_gpio_msgs-0.0.0-py3.10.egg-info/PKG-INFO
[2.959s] -- Installing: /home/pi/Sandbox/RPI_led_service/install/rpi_gpio_msgs/lib/python3.10/site-packages/rpi_gpio_msgs-0.0.0-py3.10.egg-info/top_level.txt
[2.961s] -- Up-to-date: /home/pi/Sandbox/RPI_led_service/install/rpi_gpio_msgs/lib/python3.10/site-packages/rpi_gpio_msgs
[2.962s] -- Up-to-date: /home/pi/Sandbox/RPI_led_service/install/rpi_gpio_msgs/lib/python3.10/site-packages/rpi_gpio_msgs/_rpi_gpio_msgs_s.ep.rosidl_typesupport_fastrtps_c.c
[2.964s] -- Up-to-date: /home/pi/Sandbox/RPI_led_service/install/rpi_gpio_msgs/lib/python3.10/site-packages/rpi_gpio_msgs/_rpi_gpio_msgs_s.ep.rosidl_typesupport_introspection_c.c
[2.965s] -- Up-to-date: /home/pi/Sandbox/RPI_led_service/install/rpi_gpio_msgs/lib/python3.10/site-packages/rpi_gpio_msgs/rpi_gpio_msgs_s__rosidl_typesupport_introspection_c.cpython-310-aarch64-linux-gnu.so
[2.966s] -- Up-to-date: /home/pi/Sandbox/RPI_led_service/install/rpi_gpio_msgs/lib/python3.10/site-packages/rpi_gpio_msgs/librpi_gpio_msgs__rosidl_generator_py.so
[2.967s] -- Up-to-date: /home/pi/Sandbox/RPI_led_service/install/rpi_gpio_msgs/lib/python3.10/site-packages/rpi_gpio_msgs/srv
[2.967s] -- Up-to-date: /home/pi/Sandbox/RPI_led_service/install/rpi_gpio_msgs/lib/python3.10/site-packages/rpi_gpio_msgs/srv/_led_toggle.py
[2.968s] -- Up-to-date: /home/pi/Sandbox/RPI_led_service/install/rpi_gpio_msgs/lib/python3.10/site-packages/rpi_gpio_msgs/srv/_led_toggle_s.c
[2.968s] -- Up-to-date: /home/pi/Sandbox/RPI_led_service/install/rpi_gpio_msgs/lib/python3.10/site-packages/rpi_gpio_msgs/srv/__init__.py
[2.969s] -- Up-to-date: /home/pi/Sandbox/RPI_led_service/install/rpi_gpio_msgs/lib/python3.10/site-packages/rpi_gpio_msgs/rpi_gpio_msgs_s__rosidl_typesupport_c.cpython-310-aarch64-linux-gnu.so
[2.969s] -- Up-to-date: /home/pi/Sandbox/RPI_led_service/install/rpi_gpio_msgs/lib/python3.10/site-packages/rpi_gpio_msgs/__init__.py
[2.970s] -- Up-to-date: /home/pi/Sandbox/RPI_led_service/install/rpi_gpio_msgs/lib/python3.10/site-packages/rpi_gpio_msgs/rpi_gpio_msgs_s__rosidl_typesupport_fastrtps_c.cpython-310-aarch64-linux-gnu.so
[2.970s] -- Up-to-date: /home/pi/Sandbox/RPI_led_service/install/rpi_gpio_msgs/lib/python3.10/site-packages/rpi_gpio_msgs/_rpi_gpio_msgs_s.ep.rosidl_typesupport_c.c
[3.138s] Listing '/home/pi/Sandbox/RPI_led_service/install/rpi_gpio_msgs/lib/python3.10/site-packages/rpi_gpio_msgs'...
[3.140s] Listing '/home/pi/Sandbox/RPI_led_service/install/rpi_gpio_msgs/lib/python3.10/site-packages/rpi_gpio_msgs/srv'...
[3.165s] -- Up-to-date: /home/pi/Sandbox/RPI_led_service/install/rpi_gpio_msgs/lib/python3.10/site-packages/rpi_gpio_msgs/rpi_gpio_msgs_s__rosidl_typesupport_fastrtps_c.cpython-310-aarch64-linux-gnu.so
[3.168s] -- Up-to-date: /home/pi/Sandbox/RPI_led_service/install/rpi_gpio_msgs/lib/python3.10/site-packages/rpi_gpio_msgs/rpi_gpio_msgs_s__rosidl_typesupport_introspection_c.cpython-310-aarch64-linux-gnu.so
[3.170s] -- Up-to-date: /home/pi/Sandbox/RPI_led_service/install/rpi_gpio_msgs/lib/python3.10/site-packages/rpi_gpio_msgs/rpi_gpio_msgs_s__rosidl_typesupport_c.cpython-310-aarch64-linux-gnu.so
[3.173s] -- Up-to-date: /home/pi/Sandbox/RPI_led_service/install/rpi_gpio_msgs/lib/librpi_gpio_msgs__rosidl_generator_py.so
[3.175s] -- Up-to-date: /home/pi/Sandbox/RPI_led_service/install/rpi_gpio_msgs/share/rpi_gpio_msgs/srv/LEDToggle.idl
[3.176s] -- Up-to-date: /home/pi/Sandbox/RPI_led_service/install/rpi_gpio_msgs/share/rpi_gpio_msgs/srv/LEDToggle.srv
[3.177s] -- Up-to-date: /home/pi/Sandbox/RPI_led_service/install/rpi_gpio_msgs/share/rpi_gpio_msgs/srv/LEDToggle_Request.msg
[3.179s] -- Up-to-date: /home/pi/Sandbox/RPI_led_service/install/rpi_gpio_msgs/share/rpi_gpio_msgs/srv/LEDToggle_Response.msg
[3.180s] -- Up-to-date: /home/pi/Sandbox/RPI_led_service/install/rpi_gpio_msgs/share/ament_index/resource_index/package_run_dependencies/rpi_gpio_msgs
[3.181s] -- Up-to-date: /home/pi/Sandbox/RPI_led_service/install/rpi_gpio_msgs/share/ament_index/resource_index/parent_prefix_path/rpi_gpio_msgs
[3.182s] -- Up-to-date: /home/pi/Sandbox/RPI_led_service/install/rpi_gpio_msgs/share/rpi_gpio_msgs/environment/ament_prefix_path.sh
[3.183s] -- Up-to-date: /home/pi/Sandbox/RPI_led_service/install/rpi_gpio_msgs/share/rpi_gpio_msgs/environment/ament_prefix_path.dsv
[3.184s] -- Up-to-date: /home/pi/Sandbox/RPI_led_service/install/rpi_gpio_msgs/share/rpi_gpio_msgs/environment/path.sh
[3.185s] -- Up-to-date: /home/pi/Sandbox/RPI_led_service/install/rpi_gpio_msgs/share/rpi_gpio_msgs/environment/path.dsv
[3.185s] -- Up-to-date: /home/pi/Sandbox/RPI_led_service/install/rpi_gpio_msgs/share/rpi_gpio_msgs/local_setup.bash
[3.186s] -- Up-to-date: /home/pi/Sandbox/RPI_led_service/install/rpi_gpio_msgs/share/rpi_gpio_msgs/local_setup.sh
[3.187s] -- Up-to-date: /home/pi/Sandbox/RPI_led_service/install/rpi_gpio_msgs/share/rpi_gpio_msgs/local_setup.zsh
[3.188s] -- Up-to-date: /home/pi/Sandbox/RPI_led_service/install/rpi_gpio_msgs/share/rpi_gpio_msgs/local_setup.dsv
[3.189s] -- Installing: /home/pi/Sandbox/RPI_led_service/install/rpi_gpio_msgs/share/rpi_gpio_msgs/package.dsv
[3.190s] -- Up-to-date: /home/pi/Sandbox/RPI_led_service/install/rpi_gpio_msgs/share/ament_index/resource_index/packages/rpi_gpio_msgs
[3.191s] -- Up-to-date: /home/pi/Sandbox/RPI_led_service/install/rpi_gpio_msgs/share/rpi_gpio_msgs/cmake/export_rpi_gpio_msgs__rosidl_generator_cExport.cmake
[3.192s] -- Up-to-date: /home/pi/Sandbox/RPI_led_service/install/rpi_gpio_msgs/share/rpi_gpio_msgs/cmake/export_rpi_gpio_msgs__rosidl_generator_cExport-noconfig.cmake
[3.193s] -- Up-to-date: /home/pi/Sandbox/RPI_led_service/install/rpi_gpio_msgs/share/rpi_gpio_msgs/cmake/export_rpi_gpio_msgs__rosidl_typesupport_fastrtps_cExport.cmake
[3.194s] -- Up-to-date: /home/pi/Sandbox/RPI_led_service/install/rpi_gpio_msgs/share/rpi_gpio_msgs/cmake/export_rpi_gpio_msgs__rosidl_typesupport_fastrtps_cExport-noconfig.cmake
[3.195s] -- Up-to-date: /home/pi/Sandbox/RPI_led_service/install/rpi_gpio_msgs/share/rpi_gpio_msgs/cmake/export_rpi_gpio_msgs__rosidl_generator_cppExport.cmake
[3.197s] -- Up-to-date: /home/pi/Sandbox/RPI_led_service/install/rpi_gpio_msgs/share/rpi_gpio_msgs/cmake/export_rpi_gpio_msgs__rosidl_typesupport_fastrtps_cppExport.cmake
[3.199s] -- Up-to-date: /home/pi/Sandbox/RPI_led_service/install/rpi_gpio_msgs/share/rpi_gpio_msgs/cmake/export_rpi_gpio_msgs__rosidl_typesupport_fastrtps_cppExport-noconfig.cmake
[3.201s] -- Up-to-date: /home/pi/Sandbox/RPI_led_service/install/rpi_gpio_msgs/share/rpi_gpio_msgs/cmake/rpi_gpio_msgs__rosidl_typesupport_introspection_cExport.cmake
[3.202s] -- Up-to-date: /home/pi/Sandbox/RPI_led_service/install/rpi_gpio_msgs/share/rpi_gpio_msgs/cmake/rpi_gpio_msgs__rosidl_typesupport_introspection_cExport-noconfig.cmake
[3.204s] -- Up-to-date: /home/pi/Sandbox/RPI_led_service/install/rpi_gpio_msgs/share/rpi_gpio_msgs/cmake/rpi_gpio_msgs__rosidl_typesupport_cExport.cmake
[3.205s] -- Up-to-date: /home/pi/Sandbox/RPI_led_service/install/rpi_gpio_msgs/share/rpi_gpio_msgs/cmake/rpi_gpio_msgs__rosidl_typesupport_cExport-noconfig.cmake
[3.205s] -- Up-to-date: /home/pi/Sandbox/RPI_led_service/install/rpi_gpio_msgs/share/rpi_gpio_msgs/cmake/rpi_gpio_msgs__rosidl_typesupport_introspection_cppExport.cmake
[3.206s] -- Up-to-date: /home/pi/Sandbox/RPI_led_service/install/rpi_gpio_msgs/share/rpi_gpio_msgs/cmake/rpi_gpio_msgs__rosidl_typesupport_introspection_cppExport-noconfig.cmake
[3.207s] -- Up-to-date: /home/pi/Sandbox/RPI_led_service/install/rpi_gpio_msgs/share/rpi_gpio_msgs/cmake/rpi_gpio_msgs__rosidl_typesupport_cppExport.cmake
[3.208s] -- Up-to-date: /home/pi/Sandbox/RPI_led_service/install/rpi_gpio_msgs/share/rpi_gpio_msgs/cmake/rpi_gpio_msgs__rosidl_typesupport_cppExport-noconfig.cmake
[3.209s] -- Up-to-date: /home/pi/Sandbox/RPI_led_service/install/rpi_gpio_msgs/share/rpi_gpio_msgs/cmake/export_rpi_gpio_msgs__rosidl_generator_pyExport.cmake
[3.212s] -- Up-to-date: /home/pi/Sandbox/RPI_led_service/install/rpi_gpio_msgs/share/rpi_gpio_msgs/cmake/export_rpi_gpio_msgs__rosidl_generator_pyExport-noconfig.cmake
[3.214s] -- Up-to-date: /home/pi/Sandbox/RPI_led_service/install/rpi_gpio_msgs/share/rpi_gpio_msgs/cmake/rosidl_cmake-extras.cmake
[3.216s] -- Up-to-date: /home/pi/Sandbox/RPI_led_service/install/rpi_gpio_msgs/share/rpi_gpio_msgs/cmake/ament_cmake_export_dependencies-extras.cmake
[3.217s] -- Up-to-date: /home/pi/Sandbox/RPI_led_service/install/rpi_gpio_msgs/share/rpi_gpio_msgs/cmake/ament_cmake_export_include_directories-extras.cmake
[3.219s] -- Up-to-date: /home/pi/Sandbox/RPI_led_service/install/rpi_gpio_msgs/share/rpi_gpio_msgs/cmake/ament_cmake_export_libraries-extras.cmake
[3.220s] -- Up-to-date: /home/pi/Sandbox/RPI_led_service/install/rpi_gpio_msgs/share/rpi_gpio_msgs/cmake/ament_cmake_export_targets-extras.cmake
[3.224s] -- Up-to-date: /home/pi/Sandbox/RPI_led_service/install/rpi_gpio_msgs/share/rpi_gpio_msgs/cmake/rosidl_cmake_export_typesupport_targets-extras.cmake
[3.227s] -- Up-to-date: /home/pi/Sandbox/RPI_led_service/install/rpi_gpio_msgs/share/rpi_gpio_msgs/cmake/rosidl_cmake_export_typesupport_libraries-extras.cmake
[3.229s] -- Up-to-date: /home/pi/Sandbox/RPI_led_service/install/rpi_gpio_msgs/share/rpi_gpio_msgs/cmake/rpi_gpio_msgsConfig.cmake
[3.230s] -- Up-to-date: /home/pi/Sandbox/RPI_led_service/install/rpi_gpio_msgs/share/rpi_gpio_msgs/cmake/rpi_gpio_msgsConfig-version.cmake
[3.244s] -- Up-to-date: /home/pi/Sandbox/RPI_led_service/install/rpi_gpio_msgs/share/rpi_gpio_msgs/package.xml
[3.245s] Invoked command in '/home/pi/Sandbox/RPI_led_service/build/rpi_gpio_msgs' returned '0': CMAKE_PREFIX_PATH=${CMAKE_PREFIX_PATH}:/home/pi/Sandbox/RPI_led_service/install/rpi_LCD_control:/opt/ros/iron /usr/bin/cmake --install /home/pi/Sandbox/RPI_led_service/build/rpi_gpio_msgs
