[4.186s] DEBUG:colcon:Command line arguments: ['/usr/bin/colcon', 'build']
[4.186s] DEBUG:colcon:Parsed command line arguments: Namespace(log_base=None, log_level=None, verb_name='build', build_base='build', install_base='install', merge_install=False, symlink_install=False, test_result_base=None, continue_on_error=False, executor='parallel', parallel_workers=4, event_handlers=None, ignore_user_meta=False, metas=['./colcon.meta'], base_paths=['.'], packages_ignore=None, packages_ignore_regex=None, paths=None, packages_up_to=None, packages_up_to_regex=None, packages_above=None, packages_above_and_dependencies=None, packages_above_depth=None, packages_select_by_dep=None, packages_skip_by_dep=None, packages_skip_up_to=None, packages_select_build_failed=False, packages_skip_build_finished=False, packages_select_test_failures=False, packages_skip_test_passed=False, packages_select=None, packages_skip=None, packages_select_regex=None, packages_skip_regex=None, packages_start=None, packages_end=None, allow_overriding=[], cmake_args=None, cmake_target=None, cmake_target_skip_unavailable=False, cmake_clean_cache=False, cmake_clean_first=False, cmake_force_configure=False, ament_cmake_args=None, catkin_cmake_args=None, catkin_skip_building_tests=False, verb_parser=<colcon_defaults.argument_parser.defaults.DefaultArgumentsDecorator object at 0xffff902ffb20>, verb_extension=<colcon_core.verb.build.BuildVerb object at 0xffff90833970>, main=<bound method BuildVerb.main of <colcon_core.verb.build.BuildVerb object at 0xffff90833970>>)
[4.415s] Level 1:colcon.colcon_core.package_discovery:discover_packages(colcon_meta) check parameters
[4.416s] Level 1:colcon.colcon_core.package_discovery:discover_packages(recursive) check parameters
[4.416s] Level 1:colcon.colcon_core.package_discovery:discover_packages(ignore) check parameters
[4.416s] Level 1:colcon.colcon_core.package_discovery:discover_packages(path) check parameters
[4.416s] Level 1:colcon.colcon_core.package_discovery:discover_packages(colcon_meta) discover
[4.416s] Level 1:colcon.colcon_core.package_discovery:discover_packages(recursive) discover
[4.417s] INFO:colcon.colcon_core.package_discovery:Crawling recursively for packages in '/home/pi/Sandbox/RPI_led_service'
[4.417s] Level 1:colcon.colcon_core.package_identification:_identify(.) by extensions ['ignore', 'ignore_ament_install']
[4.417s] Level 1:colcon.colcon_core.package_identification:_identify(.) by extension 'ignore'
[4.418s] Level 1:colcon.colcon_core.package_identification:_identify(.) by extension 'ignore_ament_install'
[4.418s] Level 1:colcon.colcon_core.package_identification:_identify(.) by extensions ['colcon_pkg']
[4.418s] Level 1:colcon.colcon_core.package_identification:_identify(.) by extension 'colcon_pkg'
[4.418s] Level 1:colcon.colcon_core.package_identification:_identify(.) by extensions ['colcon_meta']
[4.418s] Level 1:colcon.colcon_core.package_identification:_identify(.) by extension 'colcon_meta'
[4.419s] Level 1:colcon.colcon_core.package_identification:_identify(.) by extensions ['ros']
[4.419s] Level 1:colcon.colcon_core.package_identification:_identify(.) by extension 'ros'
[4.465s] Level 1:colcon.colcon_core.package_identification:_identify(.) by extensions ['cmake', 'python']
[4.466s] Level 1:colcon.colcon_core.package_identification:_identify(.) by extension 'cmake'
[4.466s] Level 1:colcon.colcon_core.package_identification:_identify(.) by extension 'python'
[4.466s] Level 1:colcon.colcon_core.package_identification:_identify(.) by extensions ['python_setup_py']
[4.466s] Level 1:colcon.colcon_core.package_identification:_identify(.) by extension 'python_setup_py'
[4.467s] Level 1:colcon.colcon_core.package_identification:_identify(build) by extensions ['ignore', 'ignore_ament_install']
[4.467s] Level 1:colcon.colcon_core.package_identification:_identify(build) by extension 'ignore'
[4.467s] Level 1:colcon.colcon_core.package_identification:_identify(build) ignored
[4.468s] Level 1:colcon.colcon_core.package_identification:_identify(install) by extensions ['ignore', 'ignore_ament_install']
[4.468s] Level 1:colcon.colcon_core.package_identification:_identify(install) by extension 'ignore'
[4.469s] Level 1:colcon.colcon_core.package_identification:_identify(install) ignored
[4.469s] Level 1:colcon.colcon_core.package_identification:_identify(log) by extensions ['ignore', 'ignore_ament_install']
[4.470s] Level 1:colcon.colcon_core.package_identification:_identify(log) by extension 'ignore'
[4.470s] Level 1:colcon.colcon_core.package_identification:_identify(log) ignored
[4.470s] Level 1:colcon.colcon_core.package_identification:_identify(src) by extensions ['ignore', 'ignore_ament_install']
[4.471s] Level 1:colcon.colcon_core.package_identification:_identify(src) by extension 'ignore'
[4.471s] Level 1:colcon.colcon_core.package_identification:_identify(src) by extension 'ignore_ament_install'
[4.471s] Level 1:colcon.colcon_core.package_identification:_identify(src) by extensions ['colcon_pkg']
[4.471s] Level 1:colcon.colcon_core.package_identification:_identify(src) by extension 'colcon_pkg'
[4.471s] Level 1:colcon.colcon_core.package_identification:_identify(src) by extensions ['colcon_meta']
[4.471s] Level 1:colcon.colcon_core.package_identification:_identify(src) by extension 'colcon_meta'
[4.472s] Level 1:colcon.colcon_core.package_identification:_identify(src) by extensions ['ros']
[4.472s] Level 1:colcon.colcon_core.package_identification:_identify(src) by extension 'ros'
[4.472s] Level 1:colcon.colcon_core.package_identification:_identify(src) by extensions ['cmake', 'python']
[4.472s] Level 1:colcon.colcon_core.package_identification:_identify(src) by extension 'cmake'
[4.472s] Level 1:colcon.colcon_core.package_identification:_identify(src) by extension 'python'
[4.473s] Level 1:colcon.colcon_core.package_identification:_identify(src) by extensions ['python_setup_py']
[4.473s] Level 1:colcon.colcon_core.package_identification:_identify(src) by extension 'python_setup_py'
[4.473s] Level 1:colcon.colcon_core.package_identification:_identify(src/rpi_LCD_control) by extensions ['ignore', 'ignore_ament_install']
[4.474s] Level 1:colcon.colcon_core.package_identification:_identify(src/rpi_LCD_control) by extension 'ignore'
[4.474s] Level 1:colcon.colcon_core.package_identification:_identify(src/rpi_LCD_control) by extension 'ignore_ament_install'
[4.474s] Level 1:colcon.colcon_core.package_identification:_identify(src/rpi_LCD_control) by extensions ['colcon_pkg']
[4.474s] Level 1:colcon.colcon_core.package_identification:_identify(src/rpi_LCD_control) by extension 'colcon_pkg'
[4.474s] Level 1:colcon.colcon_core.package_identification:_identify(src/rpi_LCD_control) by extensions ['colcon_meta']
[4.475s] Level 1:colcon.colcon_core.package_identification:_identify(src/rpi_LCD_control) by extension 'colcon_meta'
[4.475s] Level 1:colcon.colcon_core.package_identification:_identify(src/rpi_LCD_control) by extensions ['ros']
[4.475s] Level 1:colcon.colcon_core.package_identification:_identify(src/rpi_LCD_control) by extension 'ros'
[4.484s] DEBUG:colcon.colcon_core.package_identification:Package 'src/rpi_LCD_control' with type 'ros.ament_python' and name 'rpi_LCD_control'
[4.485s] Level 1:colcon.colcon_core.package_identification:_identify(src/rpi_gpio) by extensions ['ignore', 'ignore_ament_install']
[4.485s] Level 1:colcon.colcon_core.package_identification:_identify(src/rpi_gpio) by extension 'ignore'
[4.485s] Level 1:colcon.colcon_core.package_identification:_identify(src/rpi_gpio) by extension 'ignore_ament_install'
[4.486s] Level 1:colcon.colcon_core.package_identification:_identify(src/rpi_gpio) by extensions ['colcon_pkg']
[4.486s] Level 1:colcon.colcon_core.package_identification:_identify(src/rpi_gpio) by extension 'colcon_pkg'
[4.486s] Level 1:colcon.colcon_core.package_identification:_identify(src/rpi_gpio) by extensions ['colcon_meta']
[4.486s] Level 1:colcon.colcon_core.package_identification:_identify(src/rpi_gpio) by extension 'colcon_meta'
[4.486s] Level 1:colcon.colcon_core.package_identification:_identify(src/rpi_gpio) by extensions ['ros']
[4.486s] Level 1:colcon.colcon_core.package_identification:_identify(src/rpi_gpio) by extension 'ros'
[4.490s] DEBUG:colcon.colcon_core.package_identification:Package 'src/rpi_gpio' with type 'ros.ament_cmake' and name 'rpi_gpio'
[4.490s] Level 1:colcon.colcon_core.package_identification:_identify(src/rpi_gpio_msgs) by extensions ['ignore', 'ignore_ament_install']
[4.491s] Level 1:colcon.colcon_core.package_identification:_identify(src/rpi_gpio_msgs) by extension 'ignore'
[4.491s] Level 1:colcon.colcon_core.package_identification:_identify(src/rpi_gpio_msgs) by extension 'ignore_ament_install'
[4.491s] Level 1:colcon.colcon_core.package_identification:_identify(src/rpi_gpio_msgs) by extensions ['colcon_pkg']
[4.491s] Level 1:colcon.colcon_core.package_identification:_identify(src/rpi_gpio_msgs) by extension 'colcon_pkg'
[4.492s] Level 1:colcon.colcon_core.package_identification:_identify(src/rpi_gpio_msgs) by extensions ['colcon_meta']
[4.492s] Level 1:colcon.colcon_core.package_identification:_identify(src/rpi_gpio_msgs) by extension 'colcon_meta'
[4.492s] Level 1:colcon.colcon_core.package_identification:_identify(src/rpi_gpio_msgs) by extensions ['ros']
[4.492s] Level 1:colcon.colcon_core.package_identification:_identify(src/rpi_gpio_msgs) by extension 'ros'
[4.495s] DEBUG:colcon.colcon_core.package_identification:Package 'src/rpi_gpio_msgs' with type 'ros.ament_cmake' and name 'rpi_gpio_msgs'
[4.495s] Level 1:colcon.colcon_core.package_discovery:discover_packages(recursive) using defaults
[4.495s] Level 1:colcon.colcon_core.package_discovery:discover_packages(ignore) discover
[4.495s] Level 1:colcon.colcon_core.package_discovery:discover_packages(ignore) using defaults
[4.495s] Level 1:colcon.colcon_core.package_discovery:discover_packages(path) discover
[4.495s] Level 1:colcon.colcon_core.package_discovery:discover_packages(path) using defaults
[4.870s] Level 1:colcon.colcon_core.package_discovery:discover_packages(prefix_path) check parameters
[4.870s] Level 1:colcon.colcon_core.package_discovery:discover_packages(prefix_path) discover
[5.000s] DEBUG:colcon.colcon_installed_package_information.package_discovery:Found 3 installed packages in /home/pi/Sandbox/RPI_led_service/install
[5.071s] DEBUG:colcon.colcon_installed_package_information.package_discovery:Found 281 installed packages in /opt/ros/iron
[5.078s] Level 1:colcon.colcon_core.package_discovery:discover_packages(prefix_path) using defaults
[5.418s] Level 5:colcon.colcon_core.verb:set package 'rpi_gpio_msgs' build argument 'cmake_args' from command line to 'None'
[5.418s] Level 5:colcon.colcon_core.verb:set package 'rpi_gpio_msgs' build argument 'cmake_target' from command line to 'None'
[5.419s] Level 5:colcon.colcon_core.verb:set package 'rpi_gpio_msgs' build argument 'cmake_target_skip_unavailable' from command line to 'False'
[5.419s] Level 5:colcon.colcon_core.verb:set package 'rpi_gpio_msgs' build argument 'cmake_clean_cache' from command line to 'False'
[5.419s] Level 5:colcon.colcon_core.verb:set package 'rpi_gpio_msgs' build argument 'cmake_clean_first' from command line to 'False'
[5.419s] Level 5:colcon.colcon_core.verb:set package 'rpi_gpio_msgs' build argument 'cmake_force_configure' from command line to 'False'
[5.419s] Level 5:colcon.colcon_core.verb:set package 'rpi_gpio_msgs' build argument 'ament_cmake_args' from command line to 'None'
[5.419s] Level 5:colcon.colcon_core.verb:set package 'rpi_gpio_msgs' build argument 'catkin_cmake_args' from command line to 'None'
[5.419s] Level 5:colcon.colcon_core.verb:set package 'rpi_gpio_msgs' build argument 'catkin_skip_building_tests' from command line to 'False'
[5.419s] DEBUG:colcon.colcon_core.verb:Building package 'rpi_gpio_msgs' with the following arguments: {'ament_cmake_args': None, 'build_base': '/home/pi/Sandbox/RPI_led_service/build/rpi_gpio_msgs', 'catkin_cmake_args': None, 'catkin_skip_building_tests': False, 'cmake_args': None, 'cmake_clean_cache': False, 'cmake_clean_first': False, 'cmake_force_configure': False, 'cmake_target': None, 'cmake_target_skip_unavailable': False, 'install_base': '/home/pi/Sandbox/RPI_led_service/install/rpi_gpio_msgs', 'merge_install': False, 'path': '/home/pi/Sandbox/RPI_led_service/src/rpi_gpio_msgs', 'symlink_install': False, 'test_result_base': None}
[5.480s] Level 5:colcon.colcon_core.verb:set package 'rpi_LCD_control' build argument 'cmake_args' from command line to 'None'
[5.481s] Level 5:colcon.colcon_core.verb:set package 'rpi_LCD_control' build argument 'cmake_target' from command line to 'None'
[5.481s] Level 5:colcon.colcon_core.verb:set package 'rpi_LCD_control' build argument 'cmake_target_skip_unavailable' from command line to 'False'
[5.481s] Level 5:colcon.colcon_core.verb:set package 'rpi_LCD_control' build argument 'cmake_clean_cache' from command line to 'False'
[5.481s] Level 5:colcon.colcon_core.verb:set package 'rpi_LCD_control' build argument 'cmake_clean_first' from command line to 'False'
[5.481s] Level 5:colcon.colcon_core.verb:set package 'rpi_LCD_control' build argument 'cmake_force_configure' from command line to 'False'
[5.481s] Level 5:colcon.colcon_core.verb:set package 'rpi_LCD_control' build argument 'ament_cmake_args' from command line to 'None'
[5.482s] Level 5:colcon.colcon_core.verb:set package 'rpi_LCD_control' build argument 'catkin_cmake_args' from command line to 'None'
[5.482s] Level 5:colcon.colcon_core.verb:set package 'rpi_LCD_control' build argument 'catkin_skip_building_tests' from command line to 'False'
[5.482s] DEBUG:colcon.colcon_core.verb:Building package 'rpi_LCD_control' with the following arguments: {'ament_cmake_args': None, 'build_base': '/home/pi/Sandbox/RPI_led_service/build/rpi_LCD_control', 'catkin_cmake_args': None, 'catkin_skip_building_tests': False, 'cmake_args': None, 'cmake_clean_cache': False, 'cmake_clean_first': False, 'cmake_force_configure': False, 'cmake_target': None, 'cmake_target_skip_unavailable': False, 'install_base': '/home/pi/Sandbox/RPI_led_service/install/rpi_LCD_control', 'merge_install': False, 'path': '/home/pi/Sandbox/RPI_led_service/src/rpi_LCD_control', 'symlink_install': False, 'test_result_base': None}
[5.542s] Level 5:colcon.colcon_core.verb:set package 'rpi_gpio' build argument 'cmake_args' from command line to 'None'
[5.542s] Level 5:colcon.colcon_core.verb:set package 'rpi_gpio' build argument 'cmake_target' from command line to 'None'
[5.543s] Level 5:colcon.colcon_core.verb:set package 'rpi_gpio' build argument 'cmake_target_skip_unavailable' from command line to 'False'
[5.543s] Level 5:colcon.colcon_core.verb:set package 'rpi_gpio' build argument 'cmake_clean_cache' from command line to 'False'
[5.543s] Level 5:colcon.colcon_core.verb:set package 'rpi_gpio' build argument 'cmake_clean_first' from command line to 'False'
[5.543s] Level 5:colcon.colcon_core.verb:set package 'rpi_gpio' build argument 'cmake_force_configure' from command line to 'False'
[5.543s] Level 5:colcon.colcon_core.verb:set package 'rpi_gpio' build argument 'ament_cmake_args' from command line to 'None'
[5.543s] Level 5:colcon.colcon_core.verb:set package 'rpi_gpio' build argument 'catkin_cmake_args' from command line to 'None'
[5.543s] Level 5:colcon.colcon_core.verb:set package 'rpi_gpio' build argument 'catkin_skip_building_tests' from command line to 'False'
[5.543s] DEBUG:colcon.colcon_core.verb:Building package 'rpi_gpio' with the following arguments: {'ament_cmake_args': None, 'build_base': '/home/pi/Sandbox/RPI_led_service/build/rpi_gpio', 'catkin_cmake_args': None, 'catkin_skip_building_tests': False, 'cmake_args': None, 'cmake_clean_cache': False, 'cmake_clean_first': False, 'cmake_force_configure': False, 'cmake_target': None, 'cmake_target_skip_unavailable': False, 'install_base': '/home/pi/Sandbox/RPI_led_service/install/rpi_gpio', 'merge_install': False, 'path': '/home/pi/Sandbox/RPI_led_service/src/rpi_gpio', 'symlink_install': False, 'test_result_base': None}
[5.603s] INFO:colcon.colcon_core.executor:Executing jobs using 'parallel' executor
[5.666s] DEBUG:colcon.colcon_parallel_executor.executor.parallel:run_until_complete
[5.667s] INFO:colcon.colcon_ros.task.ament_cmake.build:Building ROS package in '/home/pi/Sandbox/RPI_led_service/src/rpi_gpio_msgs' with build type 'ament_cmake'
[5.668s] INFO:colcon.colcon_cmake.task.cmake.build:Building CMake package in '/home/pi/Sandbox/RPI_led_service/src/rpi_gpio_msgs'
[5.738s] INFO:colcon.colcon_core.plugin_system:Skipping extension 'colcon_core.shell.bat': Not used on non-Windows systems
[5.739s] INFO:colcon.colcon_core.shell:Skip shell extension 'powershell' for command environment: Not usable outside of PowerShell
[5.739s] DEBUG:colcon.colcon_core.shell:Skip shell extension 'dsv' for command environment
[6.000s] DEBUG:colcon.colcon_core.event_handler.log_command:Invoking command in '/home/pi/Sandbox/RPI_led_service/build/rpi_gpio_msgs': CMAKE_PREFIX_PATH=${CMAKE_PREFIX_PATH}:/home/pi/Sandbox/RPI_led_service/install/rpi_LCD_control:/opt/ros/iron /usr/bin/cmake --build /home/pi/Sandbox/RPI_led_service/build/rpi_gpio_msgs -- -j4 -l4
[8.430s] DEBUG:colcon.colcon_core.event_handler.log_command:Invoked command in '/home/pi/Sandbox/RPI_led_service/build/rpi_gpio_msgs' returned '0': CMAKE_PREFIX_PATH=${CMAKE_PREFIX_PATH}:/home/pi/Sandbox/RPI_led_service/install/rpi_LCD_control:/opt/ros/iron /usr/bin/cmake --build /home/pi/Sandbox/RPI_led_service/build/rpi_gpio_msgs -- -j4 -l4
[8.824s] DEBUG:colcon.colcon_core.event_handler.log_command:Invoking command in '/home/pi/Sandbox/RPI_led_service/build/rpi_gpio_msgs': CMAKE_PREFIX_PATH=${CMAKE_PREFIX_PATH}:/home/pi/Sandbox/RPI_led_service/install/rpi_LCD_control:/opt/ros/iron /usr/bin/cmake --install /home/pi/Sandbox/RPI_led_service/build/rpi_gpio_msgs
[9.209s] Level 1:colcon.colcon_core.environment:create_environment_scripts_only(rpi_gpio_msgs)
[9.245s] DEBUG:colcon.colcon_core.event_handler.log_command:Invoked command in '/home/pi/Sandbox/RPI_led_service/build/rpi_gpio_msgs' returned '0': CMAKE_PREFIX_PATH=${CMAKE_PREFIX_PATH}:/home/pi/Sandbox/RPI_led_service/install/rpi_LCD_control:/opt/ros/iron /usr/bin/cmake --install /home/pi/Sandbox/RPI_led_service/build/rpi_gpio_msgs
[9.351s] Level 1:colcon.colcon_core.environment:checking '/home/pi/Sandbox/RPI_led_service/install/rpi_gpio_msgs' for CMake module files
[9.356s] Level 1:colcon.colcon_core.environment:checking '/home/pi/Sandbox/RPI_led_service/install/rpi_gpio_msgs' for CMake config files
[9.361s] Level 1:colcon.colcon_core.shell:create_environment_hook('rpi_gpio_msgs', 'cmake_prefix_path')
[9.504s] INFO:colcon.colcon_core.shell:Creating environment hook '/home/pi/Sandbox/RPI_led_service/install/rpi_gpio_msgs/share/rpi_gpio_msgs/hook/cmake_prefix_path.ps1'
[9.514s] INFO:colcon.colcon_core.shell:Creating environment descriptor '/home/pi/Sandbox/RPI_led_service/install/rpi_gpio_msgs/share/rpi_gpio_msgs/hook/cmake_prefix_path.dsv'
[9.517s] INFO:colcon.colcon_core.shell:Creating environment hook '/home/pi/Sandbox/RPI_led_service/install/rpi_gpio_msgs/share/rpi_gpio_msgs/hook/cmake_prefix_path.sh'
[9.522s] Level 1:colcon.colcon_core.environment:checking '/home/pi/Sandbox/RPI_led_service/install/rpi_gpio_msgs/lib'
[9.523s] Level 1:colcon.colcon_core.shell:create_environment_hook('rpi_gpio_msgs', 'ld_library_path_lib')
[9.633s] INFO:colcon.colcon_core.shell:Creating environment hook '/home/pi/Sandbox/RPI_led_service/install/rpi_gpio_msgs/share/rpi_gpio_msgs/hook/ld_library_path_lib.ps1'
[9.636s] INFO:colcon.colcon_core.shell:Creating environment descriptor '/home/pi/Sandbox/RPI_led_service/install/rpi_gpio_msgs/share/rpi_gpio_msgs/hook/ld_library_path_lib.dsv'
[9.638s] INFO:colcon.colcon_core.shell:Creating environment hook '/home/pi/Sandbox/RPI_led_service/install/rpi_gpio_msgs/share/rpi_gpio_msgs/hook/ld_library_path_lib.sh'
[9.641s] Level 1:colcon.colcon_core.environment:checking '/home/pi/Sandbox/RPI_led_service/install/rpi_gpio_msgs/bin'
[9.641s] Level 1:colcon.colcon_core.environment:checking '/home/pi/Sandbox/RPI_led_service/install/rpi_gpio_msgs/lib/pkgconfig/rpi_gpio_msgs.pc'
[9.643s] Level 1:colcon.colcon_core.environment:checking '/home/pi/Sandbox/RPI_led_service/install/rpi_gpio_msgs/lib/python3.10/site-packages'
[9.643s] Level 1:colcon.colcon_core.shell:create_environment_hook('rpi_gpio_msgs', 'pythonpath')
[9.758s] INFO:colcon.colcon_core.shell:Creating environment hook '/home/pi/Sandbox/RPI_led_service/install/rpi_gpio_msgs/share/rpi_gpio_msgs/hook/pythonpath.ps1'
[9.760s] INFO:colcon.colcon_core.shell:Creating environment descriptor '/home/pi/Sandbox/RPI_led_service/install/rpi_gpio_msgs/share/rpi_gpio_msgs/hook/pythonpath.dsv'
[9.763s] INFO:colcon.colcon_core.shell:Creating environment hook '/home/pi/Sandbox/RPI_led_service/install/rpi_gpio_msgs/share/rpi_gpio_msgs/hook/pythonpath.sh'
[9.767s] Level 1:colcon.colcon_core.environment:checking '/home/pi/Sandbox/RPI_led_service/install/rpi_gpio_msgs/bin'
[9.882s] INFO:colcon.colcon_core.shell:Creating package script '/home/pi/Sandbox/RPI_led_service/install/rpi_gpio_msgs/share/rpi_gpio_msgs/package.ps1'
[9.888s] INFO:colcon.colcon_core.shell:Creating package descriptor '/home/pi/Sandbox/RPI_led_service/install/rpi_gpio_msgs/share/rpi_gpio_msgs/package.dsv'
[9.893s] INFO:colcon.colcon_core.shell:Creating package script '/home/pi/Sandbox/RPI_led_service/install/rpi_gpio_msgs/share/rpi_gpio_msgs/package.sh'
[9.898s] INFO:colcon.colcon_core.shell:Creating package script '/home/pi/Sandbox/RPI_led_service/install/rpi_gpio_msgs/share/rpi_gpio_msgs/package.bash'
[9.902s] INFO:colcon.colcon_core.shell:Creating package script '/home/pi/Sandbox/RPI_led_service/install/rpi_gpio_msgs/share/rpi_gpio_msgs/package.zsh'
[9.905s] Level 1:colcon.colcon_core.environment:create_file_with_runtime_dependencies(/home/pi/Sandbox/RPI_led_service/install/rpi_gpio_msgs/share/colcon-core/packages/rpi_gpio_msgs)
[10.421s] Level 1:colcon.colcon_core.environment:create_environment_scripts_only(rpi_gpio_msgs)
[10.539s] Level 1:colcon.colcon_core.environment:checking '/home/pi/Sandbox/RPI_led_service/install/rpi_gpio_msgs' for CMake module files
[10.544s] Level 1:colcon.colcon_core.environment:checking '/home/pi/Sandbox/RPI_led_service/install/rpi_gpio_msgs' for CMake config files
[10.550s] Level 1:colcon.colcon_core.shell:create_environment_hook('rpi_gpio_msgs', 'cmake_prefix_path')
[10.667s] INFO:colcon.colcon_core.shell:Creating environment hook '/home/pi/Sandbox/RPI_led_service/install/rpi_gpio_msgs/share/rpi_gpio_msgs/hook/cmake_prefix_path.ps1'
[10.670s] INFO:colcon.colcon_core.shell:Creating environment descriptor '/home/pi/Sandbox/RPI_led_service/install/rpi_gpio_msgs/share/rpi_gpio_msgs/hook/cmake_prefix_path.dsv'
[10.672s] INFO:colcon.colcon_core.shell:Creating environment hook '/home/pi/Sandbox/RPI_led_service/install/rpi_gpio_msgs/share/rpi_gpio_msgs/hook/cmake_prefix_path.sh'
[10.676s] Level 1:colcon.colcon_core.environment:checking '/home/pi/Sandbox/RPI_led_service/install/rpi_gpio_msgs/lib'
[10.677s] Level 1:colcon.colcon_core.shell:create_environment_hook('rpi_gpio_msgs', 'ld_library_path_lib')
[10.802s] INFO:colcon.colcon_core.shell:Creating environment hook '/home/pi/Sandbox/RPI_led_service/install/rpi_gpio_msgs/share/rpi_gpio_msgs/hook/ld_library_path_lib.ps1'
[10.810s] INFO:colcon.colcon_core.shell:Creating environment descriptor '/home/pi/Sandbox/RPI_led_service/install/rpi_gpio_msgs/share/rpi_gpio_msgs/hook/ld_library_path_lib.dsv'
[10.814s] INFO:colcon.colcon_core.shell:Creating environment hook '/home/pi/Sandbox/RPI_led_service/install/rpi_gpio_msgs/share/rpi_gpio_msgs/hook/ld_library_path_lib.sh'
[10.818s] Level 1:colcon.colcon_core.environment:checking '/home/pi/Sandbox/RPI_led_service/install/rpi_gpio_msgs/bin'
[10.819s] Level 1:colcon.colcon_core.environment:checking '/home/pi/Sandbox/RPI_led_service/install/rpi_gpio_msgs/lib/pkgconfig/rpi_gpio_msgs.pc'
[10.821s] Level 1:colcon.colcon_core.environment:checking '/home/pi/Sandbox/RPI_led_service/install/rpi_gpio_msgs/lib/python3.10/site-packages'
[10.827s] Level 1:colcon.colcon_core.shell:create_environment_hook('rpi_gpio_msgs', 'pythonpath')
[10.959s] INFO:colcon.colcon_core.shell:Creating environment hook '/home/pi/Sandbox/RPI_led_service/install/rpi_gpio_msgs/share/rpi_gpio_msgs/hook/pythonpath.ps1'
[10.962s] INFO:colcon.colcon_core.shell:Creating environment descriptor '/home/pi/Sandbox/RPI_led_service/install/rpi_gpio_msgs/share/rpi_gpio_msgs/hook/pythonpath.dsv'
[10.965s] INFO:colcon.colcon_core.shell:Creating environment hook '/home/pi/Sandbox/RPI_led_service/install/rpi_gpio_msgs/share/rpi_gpio_msgs/hook/pythonpath.sh'
[10.969s] Level 1:colcon.colcon_core.environment:checking '/home/pi/Sandbox/RPI_led_service/install/rpi_gpio_msgs/bin'
[11.090s] INFO:colcon.colcon_core.shell:Creating package script '/home/pi/Sandbox/RPI_led_service/install/rpi_gpio_msgs/share/rpi_gpio_msgs/package.ps1'
[11.094s] INFO:colcon.colcon_core.shell:Creating package descriptor '/home/pi/Sandbox/RPI_led_service/install/rpi_gpio_msgs/share/rpi_gpio_msgs/package.dsv'
[11.097s] INFO:colcon.colcon_core.shell:Creating package script '/home/pi/Sandbox/RPI_led_service/install/rpi_gpio_msgs/share/rpi_gpio_msgs/package.sh'
[11.101s] INFO:colcon.colcon_core.shell:Creating package script '/home/pi/Sandbox/RPI_led_service/install/rpi_gpio_msgs/share/rpi_gpio_msgs/package.bash'
[11.104s] INFO:colcon.colcon_core.shell:Creating package script '/home/pi/Sandbox/RPI_led_service/install/rpi_gpio_msgs/share/rpi_gpio_msgs/package.zsh'
[11.107s] Level 1:colcon.colcon_core.environment:create_file_with_runtime_dependencies(/home/pi/Sandbox/RPI_led_service/install/rpi_gpio_msgs/share/colcon-core/packages/rpi_gpio_msgs)
[11.109s] INFO:colcon.colcon_ros.task.ament_python.build:Building ROS package in '/home/pi/Sandbox/RPI_led_service/src/rpi_LCD_control' with build type 'ament_python'
[11.110s] Level 1:colcon.colcon_core.shell:create_environment_hook('rpi_LCD_control', 'ament_prefix_path')
[11.227s] INFO:colcon.colcon_core.shell:Creating environment hook '/home/pi/Sandbox/RPI_led_service/install/rpi_LCD_control/share/rpi_LCD_control/hook/ament_prefix_path.ps1'
[11.230s] INFO:colcon.colcon_core.shell:Creating environment descriptor '/home/pi/Sandbox/RPI_led_service/install/rpi_LCD_control/share/rpi_LCD_control/hook/ament_prefix_path.dsv'
[11.232s] INFO:colcon.colcon_core.shell:Creating environment hook '/home/pi/Sandbox/RPI_led_service/install/rpi_LCD_control/share/rpi_LCD_control/hook/ament_prefix_path.sh'
[11.393s] INFO:colcon.colcon_core.shell:Skip shell extension 'powershell' for command environment: Not usable outside of PowerShell
[11.393s] DEBUG:colcon.colcon_core.shell:Skip shell extension 'dsv' for command environment
[11.777s] INFO:colcon.colcon_ros.task.ament_cmake.build:Building ROS package in '/home/pi/Sandbox/RPI_led_service/src/rpi_gpio' with build type 'ament_cmake'
[11.778s] INFO:colcon.colcon_cmake.task.cmake.build:Building CMake package in '/home/pi/Sandbox/RPI_led_service/src/rpi_gpio'
[11.874s] INFO:colcon.colcon_core.shell:Skip shell extension 'powershell' for command environment: Not usable outside of PowerShell
[11.874s] DEBUG:colcon.colcon_core.shell:Skip shell extension 'dsv' for command environment
[14.191s] INFO:colcon.colcon_core.task.python.build:Building Python package in '/home/pi/Sandbox/RPI_led_service/src/rpi_LCD_control'
[14.285s] INFO:colcon.colcon_core.shell:Skip shell extension 'powershell' for command environment: Not usable outside of PowerShell
[14.286s] DEBUG:colcon.colcon_core.shell:Skip shell extension 'dsv' for command environment
[14.617s] DEBUG:colcon.colcon_core.event_handler.log_command:Invoking command in '/home/pi/Sandbox/RPI_led_service/build/rpi_gpio': CMAKE_PREFIX_PATH=/home/pi/Sandbox/RPI_led_service/install/rpi_gpio_msgs:/home/pi/Sandbox/RPI_led_service/install/rpi_gpio:/home/pi/Sandbox/RPI_led_service/install/rpi_LCD_control:/opt/ros/iron PYTHONPATH=/home/pi/Sandbox/RPI_led_service/install/rpi_gpio_msgs/lib/python3.10/site-packages:/home/pi/Sandbox/RPI_led_service/install/rpi_LCD_control/lib/python3.10/site-packages:/opt/ros/iron/lib/python3.10/site-packages /usr/bin/cmake --build /home/pi/Sandbox/RPI_led_service/build/rpi_gpio -- -j4 -l4
[17.088s] DEBUG:colcon.colcon_core.event_handler.log_command:Invoking command in '/home/pi/Sandbox/RPI_led_service/src/rpi_LCD_control': CMAKE_PREFIX_PATH=/home/pi/Sandbox/RPI_led_service/install/rpi_gpio_msgs:/home/pi/Sandbox/RPI_led_service/install/rpi_gpio PYTHONPATH=/home/pi/Sandbox/RPI_led_service/build/rpi_LCD_control/prefix_override:/home/pi/Sandbox/RPI_led_service/install/rpi_LCD_control/lib/python3.10/site-packages:/home/pi/Sandbox/RPI_led_service/install/rpi_gpio_msgs/lib/python3.10/site-packages:/home/pi/Sandbox/RPI_led_service/install/rpi_LCD_control/lib/python3.10/site-packages:/opt/ros/iron/lib/python3.10/site-packages /usr/bin/python3 setup.py egg_info --egg-base ../../build/rpi_LCD_control build --build-base /home/pi/Sandbox/RPI_led_service/build/rpi_LCD_control/build install --record /home/pi/Sandbox/RPI_led_service/build/rpi_LCD_control/install.log --single-version-externally-managed
[19.434s] DEBUG:colcon.colcon_core.event_handler.log_command:Invoked command in '/home/pi/Sandbox/RPI_led_service/src/rpi_LCD_control' returned '0': CMAKE_PREFIX_PATH=/home/pi/Sandbox/RPI_led_service/install/rpi_gpio_msgs:/home/pi/Sandbox/RPI_led_service/install/rpi_gpio PYTHONPATH=/home/pi/Sandbox/RPI_led_service/build/rpi_LCD_control/prefix_override:/home/pi/Sandbox/RPI_led_service/install/rpi_LCD_control/lib/python3.10/site-packages:/home/pi/Sandbox/RPI_led_service/install/rpi_gpio_msgs/lib/python3.10/site-packages:/home/pi/Sandbox/RPI_led_service/install/rpi_LCD_control/lib/python3.10/site-packages:/opt/ros/iron/lib/python3.10/site-packages /usr/bin/python3 setup.py egg_info --egg-base ../../build/rpi_LCD_control build --build-base /home/pi/Sandbox/RPI_led_service/build/rpi_LCD_control/build install --record /home/pi/Sandbox/RPI_led_service/build/rpi_LCD_control/install.log --single-version-externally-managed
[19.607s] Level 1:colcon.colcon_core.environment:checking '/home/pi/Sandbox/RPI_led_service/install/rpi_LCD_control' for CMake module files
[19.610s] Level 1:colcon.colcon_core.environment:checking '/home/pi/Sandbox/RPI_led_service/install/rpi_LCD_control' for CMake config files
[19.617s] Level 1:colcon.colcon_core.environment:checking '/home/pi/Sandbox/RPI_led_service/install/rpi_LCD_control/lib'
[19.618s] Level 1:colcon.colcon_core.environment:checking '/home/pi/Sandbox/RPI_led_service/install/rpi_LCD_control/bin'
[19.619s] Level 1:colcon.colcon_core.environment:checking '/home/pi/Sandbox/RPI_led_service/install/rpi_LCD_control/lib/pkgconfig/rpi_LCD_control.pc'
[19.621s] Level 1:colcon.colcon_core.environment:checking '/home/pi/Sandbox/RPI_led_service/install/rpi_LCD_control/lib/python3.10/site-packages'
[19.622s] Level 1:colcon.colcon_core.shell:create_environment_hook('rpi_LCD_control', 'pythonpath')
[19.805s] INFO:colcon.colcon_core.shell:Creating environment hook '/home/pi/Sandbox/RPI_led_service/install/rpi_LCD_control/share/rpi_LCD_control/hook/pythonpath.ps1'
[19.810s] INFO:colcon.colcon_core.shell:Creating environment descriptor '/home/pi/Sandbox/RPI_led_service/install/rpi_LCD_control/share/rpi_LCD_control/hook/pythonpath.dsv'
[19.816s] INFO:colcon.colcon_core.shell:Creating environment hook '/home/pi/Sandbox/RPI_led_service/install/rpi_LCD_control/share/rpi_LCD_control/hook/pythonpath.sh'
[19.828s] Level 1:colcon.colcon_core.environment:checking '/home/pi/Sandbox/RPI_led_service/install/rpi_LCD_control/bin'
[19.830s] Level 1:colcon.colcon_core.environment:create_environment_scripts_only(rpi_LCD_control)
[20.017s] INFO:colcon.colcon_core.shell:Creating package script '/home/pi/Sandbox/RPI_led_service/install/rpi_LCD_control/share/rpi_LCD_control/package.ps1'
[20.021s] INFO:colcon.colcon_core.shell:Creating package descriptor '/home/pi/Sandbox/RPI_led_service/install/rpi_LCD_control/share/rpi_LCD_control/package.dsv'
[20.024s] INFO:colcon.colcon_core.shell:Creating package script '/home/pi/Sandbox/RPI_led_service/install/rpi_LCD_control/share/rpi_LCD_control/package.sh'
[20.028s] INFO:colcon.colcon_core.shell:Creating package script '/home/pi/Sandbox/RPI_led_service/install/rpi_LCD_control/share/rpi_LCD_control/package.bash'
[20.030s] INFO:colcon.colcon_core.shell:Creating package script '/home/pi/Sandbox/RPI_led_service/install/rpi_LCD_control/share/rpi_LCD_control/package.zsh'
[20.033s] Level 1:colcon.colcon_core.environment:create_file_with_runtime_dependencies(/home/pi/Sandbox/RPI_led_service/install/rpi_LCD_control/share/colcon-core/packages/rpi_LCD_control)
[37.254s] DEBUG:colcon.colcon_core.event_handler.log_command:Invoked command in '/home/pi/Sandbox/RPI_led_service/build/rpi_gpio' returned '0': CMAKE_PREFIX_PATH=/home/pi/Sandbox/RPI_led_service/install/rpi_gpio_msgs:/home/pi/Sandbox/RPI_led_service/install/rpi_gpio:/home/pi/Sandbox/RPI_led_service/install/rpi_LCD_control:/opt/ros/iron PYTHONPATH=/home/pi/Sandbox/RPI_led_service/install/rpi_gpio_msgs/lib/python3.10/site-packages:/home/pi/Sandbox/RPI_led_service/install/rpi_LCD_control/lib/python3.10/site-packages:/opt/ros/iron/lib/python3.10/site-packages /usr/bin/cmake --build /home/pi/Sandbox/RPI_led_service/build/rpi_gpio -- -j4 -l4
[37.408s] DEBUG:colcon.colcon_core.event_handler.log_command:Invoking command in '/home/pi/Sandbox/RPI_led_service/build/rpi_gpio': CMAKE_PREFIX_PATH=/home/pi/Sandbox/RPI_led_service/install/rpi_gpio_msgs:/home/pi/Sandbox/RPI_led_service/install/rpi_gpio:/home/pi/Sandbox/RPI_led_service/install/rpi_LCD_control:/opt/ros/iron PYTHONPATH=/home/pi/Sandbox/RPI_led_service/install/rpi_gpio_msgs/lib/python3.10/site-packages:/home/pi/Sandbox/RPI_led_service/install/rpi_LCD_control/lib/python3.10/site-packages:/opt/ros/iron/lib/python3.10/site-packages /usr/bin/cmake --install /home/pi/Sandbox/RPI_led_service/build/rpi_gpio
[37.508s] Level 1:colcon.colcon_core.environment:create_environment_scripts_only(rpi_gpio)
[37.511s] DEBUG:colcon.colcon_core.event_handler.log_command:Invoked command in '/home/pi/Sandbox/RPI_led_service/build/rpi_gpio' returned '0': CMAKE_PREFIX_PATH=/home/pi/Sandbox/RPI_led_service/install/rpi_gpio_msgs:/home/pi/Sandbox/RPI_led_service/install/rpi_gpio:/home/pi/Sandbox/RPI_led_service/install/rpi_LCD_control:/opt/ros/iron PYTHONPATH=/home/pi/Sandbox/RPI_led_service/install/rpi_gpio_msgs/lib/python3.10/site-packages:/home/pi/Sandbox/RPI_led_service/install/rpi_LCD_control/lib/python3.10/site-packages:/opt/ros/iron/lib/python3.10/site-packages /usr/bin/cmake --install /home/pi/Sandbox/RPI_led_service/build/rpi_gpio
[37.579s] Level 1:colcon.colcon_core.environment:checking '/home/pi/Sandbox/RPI_led_service/install/rpi_gpio' for CMake module files
[37.582s] Level 1:colcon.colcon_core.environment:checking '/home/pi/Sandbox/RPI_led_service/install/rpi_gpio' for CMake config files
[37.583s] Level 1:colcon.colcon_core.shell:create_environment_hook('rpi_gpio', 'cmake_prefix_path')
[37.710s] INFO:colcon.colcon_core.shell:Creating environment hook '/home/pi/Sandbox/RPI_led_service/install/rpi_gpio/share/rpi_gpio/hook/cmake_prefix_path.ps1'
[37.821s] INFO:colcon.colcon_core.shell:Creating environment descriptor '/home/pi/Sandbox/RPI_led_service/install/rpi_gpio/share/rpi_gpio/hook/cmake_prefix_path.dsv'
[37.826s] INFO:colcon.colcon_core.shell:Creating environment hook '/home/pi/Sandbox/RPI_led_service/install/rpi_gpio/share/rpi_gpio/hook/cmake_prefix_path.sh'
[37.830s] Level 1:colcon.colcon_core.environment:checking '/home/pi/Sandbox/RPI_led_service/install/rpi_gpio/lib'
[37.830s] Level 1:colcon.colcon_core.environment:checking '/home/pi/Sandbox/RPI_led_service/install/rpi_gpio/bin'
[37.831s] Level 1:colcon.colcon_core.environment:checking '/home/pi/Sandbox/RPI_led_service/install/rpi_gpio/lib/pkgconfig/rpi_gpio.pc'
[37.832s] Level 1:colcon.colcon_core.environment:checking '/home/pi/Sandbox/RPI_led_service/install/rpi_gpio/lib/python3.10/site-packages'
[37.833s] Level 1:colcon.colcon_core.environment:checking '/home/pi/Sandbox/RPI_led_service/install/rpi_gpio/bin'
[37.900s] INFO:colcon.colcon_core.shell:Creating package script '/home/pi/Sandbox/RPI_led_service/install/rpi_gpio/share/rpi_gpio/package.ps1'
[37.927s] INFO:colcon.colcon_core.shell:Creating package descriptor '/home/pi/Sandbox/RPI_led_service/install/rpi_gpio/share/rpi_gpio/package.dsv'
[37.930s] INFO:colcon.colcon_core.shell:Creating package script '/home/pi/Sandbox/RPI_led_service/install/rpi_gpio/share/rpi_gpio/package.sh'
[37.933s] INFO:colcon.colcon_core.shell:Creating package script '/home/pi/Sandbox/RPI_led_service/install/rpi_gpio/share/rpi_gpio/package.bash'
[37.936s] INFO:colcon.colcon_core.shell:Creating package script '/home/pi/Sandbox/RPI_led_service/install/rpi_gpio/share/rpi_gpio/package.zsh'
[37.939s] Level 1:colcon.colcon_core.environment:create_file_with_runtime_dependencies(/home/pi/Sandbox/RPI_led_service/install/rpi_gpio/share/colcon-core/packages/rpi_gpio)
[38.180s] Level 1:colcon.colcon_core.environment:create_environment_scripts_only(rpi_gpio)
[38.249s] Level 1:colcon.colcon_core.environment:checking '/home/pi/Sandbox/RPI_led_service/install/rpi_gpio' for CMake module files
[38.252s] Level 1:colcon.colcon_core.environment:checking '/home/pi/Sandbox/RPI_led_service/install/rpi_gpio' for CMake config files
[38.253s] Level 1:colcon.colcon_core.shell:create_environment_hook('rpi_gpio', 'cmake_prefix_path')
[38.318s] INFO:colcon.colcon_core.shell:Creating environment hook '/home/pi/Sandbox/RPI_led_service/install/rpi_gpio/share/rpi_gpio/hook/cmake_prefix_path.ps1'
[38.325s] INFO:colcon.colcon_core.shell:Creating environment descriptor '/home/pi/Sandbox/RPI_led_service/install/rpi_gpio/share/rpi_gpio/hook/cmake_prefix_path.dsv'
[38.327s] INFO:colcon.colcon_core.shell:Creating environment hook '/home/pi/Sandbox/RPI_led_service/install/rpi_gpio/share/rpi_gpio/hook/cmake_prefix_path.sh'
[38.330s] Level 1:colcon.colcon_core.environment:checking '/home/pi/Sandbox/RPI_led_service/install/rpi_gpio/lib'
[38.331s] Level 1:colcon.colcon_core.environment:checking '/home/pi/Sandbox/RPI_led_service/install/rpi_gpio/bin'
[38.332s] Level 1:colcon.colcon_core.environment:checking '/home/pi/Sandbox/RPI_led_service/install/rpi_gpio/lib/pkgconfig/rpi_gpio.pc'
[38.333s] Level 1:colcon.colcon_core.environment:checking '/home/pi/Sandbox/RPI_led_service/install/rpi_gpio/lib/python3.10/site-packages'
[38.334s] Level 1:colcon.colcon_core.environment:checking '/home/pi/Sandbox/RPI_led_service/install/rpi_gpio/bin'
[38.399s] INFO:colcon.colcon_core.shell:Creating package script '/home/pi/Sandbox/RPI_led_service/install/rpi_gpio/share/rpi_gpio/package.ps1'
[38.430s] INFO:colcon.colcon_core.shell:Creating package descriptor '/home/pi/Sandbox/RPI_led_service/install/rpi_gpio/share/rpi_gpio/package.dsv'
[38.436s] INFO:colcon.colcon_core.shell:Creating package script '/home/pi/Sandbox/RPI_led_service/install/rpi_gpio/share/rpi_gpio/package.sh'
[38.440s] INFO:colcon.colcon_core.shell:Creating package script '/home/pi/Sandbox/RPI_led_service/install/rpi_gpio/share/rpi_gpio/package.bash'
[38.442s] INFO:colcon.colcon_core.shell:Creating package script '/home/pi/Sandbox/RPI_led_service/install/rpi_gpio/share/rpi_gpio/package.zsh'
[38.444s] Level 1:colcon.colcon_core.environment:create_file_with_runtime_dependencies(/home/pi/Sandbox/RPI_led_service/install/rpi_gpio/share/colcon-core/packages/rpi_gpio)
[38.446s] DEBUG:colcon.colcon_parallel_executor.executor.parallel:closing loop
[38.448s] DEBUG:colcon.colcon_parallel_executor.executor.parallel:loop closed
[38.449s] DEBUG:colcon.colcon_parallel_executor.executor.parallel:run_until_complete finished with '0'
[38.449s] DEBUG:colcon.colcon_core.event_reactor:joining thread
[38.534s] INFO:colcon.colcon_core.plugin_system:Skipping extension 'colcon_notification.desktop_notification.notify_send': Could not find 'notify-send'
[38.535s] INFO:colcon.colcon_core.plugin_system:Skipping extension 'colcon_notification.desktop_notification.terminal_notifier': Not used on non-Darwin systems
[38.535s] INFO:colcon.colcon_core.plugin_system:Skipping extension 'colcon_notification.desktop_notification.win32': Not used on non-Windows systems
[38.535s] INFO:colcon.colcon_notification.desktop_notification:Sending desktop notification using 'notify2'
[38.538s] DEBUG:colcon.colcon_notification.desktop_notification.notify2:Failed to initialize notify2: org.freedesktop.DBus.Error.ServiceUnknown: The name org.freedesktop.Notifications was not provided by any .service files
[38.539s] DEBUG:colcon.colcon_core.event_reactor:joined thread
[38.608s] INFO:colcon.colcon_core.shell:Creating prefix script '/home/pi/Sandbox/RPI_led_service/install/local_setup.ps1'
[38.656s] INFO:colcon.colcon_core.shell:Creating prefix util module '/home/pi/Sandbox/RPI_led_service/install/_local_setup_util_ps1.py'
[38.668s] INFO:colcon.colcon_core.shell:Creating prefix chain script '/home/pi/Sandbox/RPI_led_service/install/setup.ps1'
[38.737s] INFO:colcon.colcon_core.shell:Creating prefix script '/home/pi/Sandbox/RPI_led_service/install/local_setup.sh'
[38.741s] INFO:colcon.colcon_core.shell:Creating prefix util module '/home/pi/Sandbox/RPI_led_service/install/_local_setup_util_sh.py'
[38.743s] INFO:colcon.colcon_core.shell:Creating prefix chain script '/home/pi/Sandbox/RPI_led_service/install/setup.sh'
[38.813s] INFO:colcon.colcon_core.shell:Creating prefix script '/home/pi/Sandbox/RPI_led_service/install/local_setup.bash'
[38.815s] INFO:colcon.colcon_core.shell:Creating prefix chain script '/home/pi/Sandbox/RPI_led_service/install/setup.bash'
[38.922s] INFO:colcon.colcon_core.shell:Creating prefix script '/home/pi/Sandbox/RPI_led_service/install/local_setup.zsh'
[38.927s] INFO:colcon.colcon_core.shell:Creating prefix chain script '/home/pi/Sandbox/RPI_led_service/install/setup.zsh'
