[2.734s] Invoking command in '/home/pi/Sandbox/RPI_led_service/build/rpi_gpio': CMAKE_PREFIX_PATH=/home/pi/Sandbox/RPI_led_service/install/rpi_gpio_msgs:/home/pi/Sandbox/RPI_led_service/install/rpi_gpio:/home/pi/Sandbox/RPI_led_service/install/rpi_LCD_control:/opt/ros/iron PYTHONPATH=/home/pi/Sandbox/RPI_led_service/install/rpi_gpio_msgs/lib/python3.10/site-packages:/home/pi/Sandbox/RPI_led_service/install/rpi_LCD_control/lib/python3.10/site-packages:/opt/ros/iron/lib/python3.10/site-packages /usr/bin/cmake --build /home/pi/Sandbox/RPI_led_service/build/rpi_gpio -- -j4 -l4
[2.931s] [35m[1mConsolidate compiler generated dependencies of target gpio_server[0m
[2.948s] [35m[1mConsolidate compiler generated dependencies of target gpio_client[0m
[3.097s] [ 50%] Built target gpio_server
[3.125s] [100%] Built target gpio_client
[3.176s] Invoked command in '/home/pi/Sandbox/RPI_led_service/build/rpi_gpio' returned '0': CMAKE_PREFIX_PATH=/home/pi/Sandbox/RPI_led_service/install/rpi_gpio_msgs:/home/pi/Sandbox/RPI_led_service/install/rpi_gpio:/home/pi/Sandbox/RPI_led_service/install/rpi_LCD_control:/opt/ros/iron PYTHONPATH=/home/pi/Sandbox/RPI_led_service/install/rpi_gpio_msgs/lib/python3.10/site-packages:/home/pi/Sandbox/RPI_led_service/install/rpi_LCD_control/lib/python3.10/site-packages:/opt/ros/iron/lib/python3.10/site-packages /usr/bin/cmake --build /home/pi/Sandbox/RPI_led_service/build/rpi_gpio -- -j4 -l4
[3.835s] Invoking command in '/home/pi/Sandbox/RPI_led_service/build/rpi_gpio': CMAKE_PREFIX_PATH=/home/pi/Sandbox/RPI_led_service/install/rpi_gpio_msgs:/home/pi/Sandbox/RPI_led_service/install/rpi_gpio:/home/pi/Sandbox/RPI_led_service/install/rpi_LCD_control:/opt/ros/iron PYTHONPATH=/home/pi/Sandbox/RPI_led_service/install/rpi_gpio_msgs/lib/python3.10/site-packages:/home/pi/Sandbox/RPI_led_service/install/rpi_LCD_control/lib/python3.10/site-packages:/opt/ros/iron/lib/python3.10/site-packages /usr/bin/cmake --install /home/pi/Sandbox/RPI_led_service/build/rpi_gpio
[3.908s] -- Install configuration: ""
[3.911s] -- Up-to-date: /home/pi/Sandbox/RPI_led_service/install/rpi_gpio/lib/rpi_gpio/gpio_server
[3.915s] -- Up-to-date: /home/pi/Sandbox/RPI_led_service/install/rpi_gpio/lib/rpi_gpio/gpio_client
[3.917s] -- Up-to-date: /home/pi/Sandbox/RPI_led_service/install/rpi_gpio/share/ament_index/resource_index/package_run_dependencies/rpi_gpio
[3.921s] -- Up-to-date: /home/pi/Sandbox/RPI_led_service/install/rpi_gpio/share/ament_index/resource_index/parent_prefix_path/rpi_gpio
[3.933s] -- Up-to-date: /home/pi/Sandbox/RPI_led_service/install/rpi_gpio/share/rpi_gpio/environment/ament_prefix_path.sh
[3.934s] -- Up-to-date: /home/pi/Sandbox/RPI_led_service/install/rpi_gpio/share/rpi_gpio/environment/ament_prefix_path.dsv
[3.936s] -- Up-to-date: /home/pi/Sandbox/RPI_led_service/install/rpi_gpio/share/rpi_gpio/environment/path.sh
[3.938s] -- Up-to-date: /home/pi/Sandbox/RPI_led_service/install/rpi_gpio/share/rpi_gpio/environment/path.dsv
[3.939s] -- Up-to-date: /home/pi/Sandbox/RPI_led_service/install/rpi_gpio/share/rpi_gpio/local_setup.bash
[3.941s] -- Up-to-date: /home/pi/Sandbox/RPI_led_service/install/rpi_gpio/share/rpi_gpio/local_setup.sh
[3.942s] -- Up-to-date: /home/pi/Sandbox/RPI_led_service/install/rpi_gpio/share/rpi_gpio/local_setup.zsh
[3.944s] -- Up-to-date: /home/pi/Sandbox/RPI_led_service/install/rpi_gpio/share/rpi_gpio/local_setup.dsv
[3.946s] -- Installing: /home/pi/Sandbox/RPI_led_service/install/rpi_gpio/share/rpi_gpio/package.dsv
[3.949s] -- Up-to-date: /home/pi/Sandbox/RPI_led_service/install/rpi_gpio/share/ament_index/resource_index/packages/rpi_gpio
[3.950s] -- Up-to-date: /home/pi/Sandbox/RPI_led_service/install/rpi_gpio/share/rpi_gpio/cmake/rpi_gpioConfig.cmake
[3.952s] -- Up-to-date: /home/pi/Sandbox/RPI_led_service/install/rpi_gpio/share/rpi_gpio/cmake/rpi_gpioConfig-version.cmake
[3.954s] -- Up-to-date: /home/pi/Sandbox/RPI_led_service/install/rpi_gpio/share/rpi_gpio/package.xml
[3.983s] Invoked command in '/home/pi/Sandbox/RPI_led_service/build/rpi_gpio' returned '0': CMAKE_PREFIX_PATH=/home/pi/Sandbox/RPI_led_service/install/rpi_gpio_msgs:/home/pi/Sandbox/RPI_led_service/install/rpi_gpio:/home/pi/Sandbox/RPI_led_service/install/rpi_LCD_control:/opt/ros/iron PYTHONPATH=/home/pi/Sandbox/RPI_led_service/install/rpi_gpio_msgs/lib/python3.10/site-packages:/home/pi/Sandbox/RPI_led_service/install/rpi_LCD_control/lib/python3.10/site-packages:/opt/ros/iron/lib/python3.10/site-packages /usr/bin/cmake --install /home/pi/Sandbox/RPI_led_service/build/rpi_gpio
