[0.024s] Invoking command in '/home/lsantos/GitHub/Sandbox/RPI_led/build/gpio_control': CMAKE_PREFIX_PATH=${CMAKE_PREFIX_PATH}:/opt/ros/iron /usr/bin/cmake /home/lsantos/GitHub/Sandbox/RPI_led/src/gpio_control -DCMAKE_INSTALL_PREFIX=/home/lsantos/GitHub/Sandbox/RPI_led/install/gpio_control
[0.049s] -- The C compiler identification is GNU 11.4.0
[0.086s] -- The CXX compiler identification is GNU 11.4.0
[0.090s] -- Detecting C compiler ABI info
[0.152s] -- Detecting C compiler ABI info - done
[0.160s] -- Check for working C compiler: /usr/bin/cc - skipped
[0.161s] -- Detecting C compile features
[0.161s] -- Detecting C compile features - done
[0.164s] -- Detecting CXX compiler ABI info
[0.234s] -- Detecting CXX compiler ABI info - done
[0.238s] -- Check for working CXX compiler: /usr/bin/c++ - skipped
[0.238s] -- Detecting CXX compile features
[0.238s] -- Detecting CXX compile features - done
[0.239s] -- Found ament_cmake: 2.0.3 (/opt/ros/iron/share/ament_cmake/cmake)
[0.319s] -- Found Python3: /usr/bin/python3.10 (found version "3.10.12") found components: Interpreter 
[0.356s] -- Found rclcpp: 21.0.3 (/opt/ros/iron/share/rclcpp/cmake)
[0.375s] -- Found rosidl_generator_c: 4.0.1 (/opt/ros/iron/share/rosidl_generator_c/cmake)
[0.380s] -- Found rosidl_generator_cpp: 4.0.1 (/opt/ros/iron/share/rosidl_generator_cpp/cmake)
[0.387s] -- Using all available rosidl_typesupport_c: rosidl_typesupport_fastrtps_c;rosidl_typesupport_introspection_c
[0.397s] -- Using all available rosidl_typesupport_cpp: rosidl_typesupport_fastrtps_cpp;rosidl_typesupport_introspection_cpp
[0.478s] -- Found rmw_implementation_cmake: 7.1.0 (/opt/ros/iron/share/rmw_implementation_cmake/cmake)
[0.480s] -- Found rmw_fastrtps_cpp: 7.1.1 (/opt/ros/iron/share/rmw_fastrtps_cpp/cmake)
[0.521s] -- Found OpenSSL: /usr/lib/x86_64-linux-gnu/libcrypto.so (found version "3.0.2")  
[0.535s] -- Found FastRTPS: /opt/ros/iron/include  
[0.555s] -- Using RMW implementation 'rmw_fastrtps_cpp' as default
[0.639s] -- Found std_msgs: 5.0.0 (/opt/ros/iron/share/std_msgs/cmake)
[0.655s] -- Found ament_lint_auto: 0.14.2 (/opt/ros/iron/share/ament_lint_auto/cmake)
[0.689s] -- Added test 'cppcheck' to perform static code analysis on C / C++ code
[0.690s] -- Configured cppcheck include dirs: 
[0.690s] -- Configured cppcheck exclude dirs and/or files: 
[0.690s] -- Added test 'lint_cmake' to check CMake code style
[0.690s] -- Added test 'uncrustify' to check C / C++ code style
[0.690s] -- Configured uncrustify additional arguments: 
[0.690s] -- Added test 'xmllint' to check XML markup files
[0.691s] -- Configuring done
[0.696s] -- Generating done
[0.697s] -- Build files have been written to: /home/lsantos/GitHub/Sandbox/RPI_led/build/gpio_control
[0.702s] Invoked command in '/home/lsantos/GitHub/Sandbox/RPI_led/build/gpio_control' returned '0': CMAKE_PREFIX_PATH=${CMAKE_PREFIX_PATH}:/opt/ros/iron /usr/bin/cmake /home/lsantos/GitHub/Sandbox/RPI_led/src/gpio_control -DCMAKE_INSTALL_PREFIX=/home/lsantos/GitHub/Sandbox/RPI_led/install/gpio_control
[0.703s] Invoking command in '/home/lsantos/GitHub/Sandbox/RPI_led/build/gpio_control': CMAKE_PREFIX_PATH=${CMAKE_PREFIX_PATH}:/opt/ros/iron /usr/bin/cmake --build /home/lsantos/GitHub/Sandbox/RPI_led/build/gpio_control -- -j24 -l24
[0.722s] [ 50%] [32mBuilding CXX object CMakeFiles/gpio_talker.dir/src/gpio_talker.cpp.o[0m
[0.722s] [ 50%] [32mBuilding CXX object CMakeFiles/gpio_listener.dir/src/gpio_listener.cpp.o[0m
[0.814s] [01m[K/home/lsantos/GitHub/Sandbox/RPI_led/src/gpio_control/src/gpio_listener.cpp:5:10:[m[K [01;31m[Kfatal error: [m[Kgpiod.hpp: No such file or directory
[0.814s]     5 | #include [01;31m[K<gpiod.hpp>[m[K
[0.814s]       |          [01;31m[K^~~~~~~~~~~[m[K
[0.814s] compilation terminated.
[0.815s] gmake[2]: *** [CMakeFiles/gpio_listener.dir/build.make:76: CMakeFiles/gpio_listener.dir/src/gpio_listener.cpp.o] Error 1
[0.815s] gmake[1]: *** [CMakeFiles/Makefile2:165: CMakeFiles/gpio_listener.dir/all] Error 2
[0.815s] gmake[1]: *** Waiting for unfinished jobs....
[2.653s] [ 75%] [32m[1mLinking CXX executable gpio_talker[0m
[2.664s] /usr/bin/ld: cannot find -lgpiodcxx: No such file or directory
[2.693s] collect2: error: ld returned 1 exit status
[2.694s] gmake[2]: *** [CMakeFiles/gpio_talker.dir/build.make:174: gpio_talker] Error 1
[2.694s] gmake[1]: *** [CMakeFiles/Makefile2:139: CMakeFiles/gpio_talker.dir/all] Error 2
[2.694s] gmake: *** [Makefile:146: all] Error 2
[2.696s] Invoked command in '/home/lsantos/GitHub/Sandbox/RPI_led/build/gpio_control' returned '2': CMAKE_PREFIX_PATH=${CMAKE_PREFIX_PATH}:/opt/ros/iron /usr/bin/cmake --build /home/lsantos/GitHub/Sandbox/RPI_led/build/gpio_control -- -j24 -l24
