[0.048s] Invoking command in '/home/lsantos/GitHub/Sandbox/RPI_led_service/build/rpi_gpio': CMAKE_PREFIX_PATH=${CMAKE_PREFIX_PATH}:/opt/ros/iron /usr/bin/cmake --build /home/lsantos/GitHub/Sandbox/RPI_led_service/build/rpi_gpio -- -j24 -l24
[0.063s] [35m[1mConsolidate compiler generated dependencies of target gpio_server[0m
[0.064s] [35m[1mConsolidate compiler generated dependencies of target gpio_client[0m
[0.071s] [ 25%] [32mBuilding CXX object CMakeFiles/gpio_server.dir/src/server.cpp.o[0m
[0.072s] [ 50%] [32mBuilding CXX object CMakeFiles/gpio_client.dir/src/client.cpp.o[0m
[1.267s] [01m[K/home/lsantos/GitHub/Sandbox/RPI_led_service/src/rpi_gpio/src/client.cpp:[m[K In function ‘[01m[Kint main(int, char**)[m[K’:
[1.267s] [01m[K/home/lsantos/GitHub/Sandbox/RPI_led_service/src/rpi_gpio/src/client.cpp:8:59:[m[K [01;31m[Kerror: [m[K‘[01m[KToggle[m[K’ is not a member of ‘[01m[Krpi_gpio_msgs::srv[m[K’; did you mean ‘[01m[KLEDToggle[m[K’?
[1.267s]     8 |     auto client = node->create_client<rpi_gpio_msgs::srv::[01;31m[KToggle[m[K>("toggle_gpio");
[1.267s]       |                                                           [01;31m[K^~~~~~[m[K
[1.267s]       |                                                           [32m[KLEDToggle[m[K
[1.267s] [01m[K/home/lsantos/GitHub/Sandbox/RPI_led_service/src/rpi_gpio/src/client.cpp:8:66:[m[K [01;31m[Kerror: [m[Kno matching function for call to ‘[01m[Krclcpp::Node::create_client<<expression error> >(const char [12])[m[K’
[1.267s]     8 |     auto client = [01;31m[Knode->create_client<rpi_gpio_msgs::srv::Toggle>("toggle_gpio")[m[K;
[1.267s]       |                   [01;31m[K~~~~~~~~~~~~~~~~~~~~~~~~~~~~~~~~~~~~~~~~~~~~~~~^~~~~~~~~~~~~~~[m[K
[1.267s] In file included from [01m[K/opt/ros/iron/include/rclcpp/rclcpp/executors/single_threaded_executor.hpp:28[m[K,
[1.267s]                  from [01m[K/opt/ros/iron/include/rclcpp/rclcpp/executors.hpp:22[m[K,
[1.267s]                  from [01m[K/opt/ros/iron/include/rclcpp/rclcpp/rclcpp.hpp:167[m[K,
[1.267s]                  from [01m[K/home/lsantos/GitHub/Sandbox/RPI_led_service/src/rpi_gpio/src/client.cpp:1[m[K:
[1.267s] [01m[K/opt/ros/iron/include/rclcpp/rclcpp/node.hpp:268:3:[m[K [01;36m[Knote: [m[Kcandidate: ‘[01m[Ktemplate<class ServiceT> typename rclcpp::Client<ServiceT>::SharedPtr rclcpp::Node::create_client(const string&, const rmw_qos_profile_t&, rclcpp::CallbackGroup::SharedPtr)[m[K’
[1.267s]   268 |   [01;36m[Kcreate_client[m[K(
[1.267s]       |   [01;36m[K^~~~~~~~~~~~~[m[K
[1.268s] [01m[K/opt/ros/iron/include/rclcpp/rclcpp/node.hpp:268:3:[m[K [01;36m[Knote: [m[K  template argument deduction/substitution failed:
[1.268s] [01m[K/home/lsantos/GitHub/Sandbox/RPI_led_service/src/rpi_gpio/src/client.cpp:8:66:[m[K [01;31m[Kerror: [m[Ktemplate argument 1 is invalid
[1.268s]     8 |     auto client = [01;31m[Knode->create_client<rpi_gpio_msgs::srv::Toggle>("toggle_gpio")[m[K;
[1.268s]       |                   [01;31m[K~~~~~~~~~~~~~~~~~~~~~~~~~~~~~~~~~~~~~~~~~~~~~~~^~~~~~~~~~~~~~~[m[K
[1.268s] In file included from [01m[K/opt/ros/iron/include/rclcpp/rclcpp/executors/single_threaded_executor.hpp:28[m[K,
[1.268s]                  from [01m[K/opt/ros/iron/include/rclcpp/rclcpp/executors.hpp:22[m[K,
[1.268s]                  from [01m[K/opt/ros/iron/include/rclcpp/rclcpp/rclcpp.hpp:167[m[K,
[1.268s]                  from [01m[K/home/lsantos/GitHub/Sandbox/RPI_led_service/src/rpi_gpio/src/client.cpp:1[m[K:
[1.268s] [01m[K/opt/ros/iron/include/rclcpp/rclcpp/node.hpp:282:3:[m[K [01;36m[Knote: [m[Kcandidate: ‘[01m[Ktemplate<class ServiceT> typename rclcpp::Client<ServiceT>::SharedPtr rclcpp::Node::create_client(const string&, const rclcpp::QoS&, rclcpp::CallbackGroup::SharedPtr)[m[K’
[1.268s]   282 |   [01;36m[Kcreate_client[m[K(
[1.268s]       |   [01;36m[K^~~~~~~~~~~~~[m[K
[1.268s] [01m[K/opt/ros/iron/include/rclcpp/rclcpp/node.hpp:282:3:[m[K [01;36m[Knote: [m[K  template argument deduction/substitution failed:
[1.268s] [01m[K/home/lsantos/GitHub/Sandbox/RPI_led_service/src/rpi_gpio/src/client.cpp:8:66:[m[K [01;31m[Kerror: [m[Ktemplate argument 1 is invalid
[1.268s]     8 |     auto client = [01;31m[Knode->create_client<rpi_gpio_msgs::srv::Toggle>("toggle_gpio")[m[K;
[1.268s]       |                   [01;31m[K~~~~~~~~~~~~~~~~~~~~~~~~~~~~~~~~~~~~~~~~~~~~~~~^~~~~~~~~~~~~~~[m[K
[1.268s] [01m[K/home/lsantos/GitHub/Sandbox/RPI_led_service/src/rpi_gpio/src/client.cpp:10:57:[m[K [01;31m[Kerror: [m[K‘[01m[KToggle[m[K’ is not a member of ‘[01m[Krpi_gpio_msgs::srv[m[K’; did you mean ‘[01m[KLEDToggle[m[K’?
[1.268s]    10 |     auto request = std::make_shared<rpi_gpio_msgs::srv::[01;31m[KToggle[m[K::Request>();
[1.268s]       |                                                         [01;31m[K^~~~~~[m[K
[1.268s]       |                                                         [32m[KLEDToggle[m[K
[1.268s] [01m[K/home/lsantos/GitHub/Sandbox/RPI_led_service/src/rpi_gpio/src/client.cpp:10:25:[m[K [01;31m[Kerror: [m[Kparse error in template argument list
[1.268s]    10 |     auto request = std::[01;31m[Kmake_shared<rpi_gpio_msgs::srv::Toggle::Request>[m[K();
[1.268s]       |                         [01;31m[K^~~~~~~~~~~~~~~~~~~~~~~~~~~~~~~~~~~~~~~~~~~~~~~~[m[K
[1.268s] [01m[K/home/lsantos/GitHub/Sandbox/RPI_led_service/src/rpi_gpio/src/client.cpp:10:73:[m[K [01;31m[Kerror: [m[Kno matching function for call to ‘[01m[Kmake_shared<<expression error> >()[m[K’
[1.268s]    10 |     auto request = [01;31m[Kstd::make_shared<rpi_gpio_msgs::srv::Toggle::Request>()[m[K;
[1.268s]       |                    [01;31m[K~~~~~~~~~~~~~~~~~~~~~~~~~~~~~~~~~~~~~~~~~~~~~~~~~~~~~^~[m[K
[1.268s] In file included from [01m[K/usr/include/c++/11/memory:77[m[K,
[1.268s]                  from [01m[K/opt/ros/iron/include/rclcpp/rclcpp/rclcpp.hpp:165[m[K,
[1.268s]                  from [01m[K/home/lsantos/GitHub/Sandbox/RPI_led_service/src/rpi_gpio/src/client.cpp:1[m[K:
[1.268s] [01m[K/usr/include/c++/11/bits/shared_ptr.h:875:5:[m[K [01;36m[Knote: [m[Kcandidate: ‘[01m[Ktemplate<class _Tp, class ... _Args> std::shared_ptr<_Tp> std::make_shared(_Args&& ...)[m[K’
[1.268s]   875 |     [01;36m[Kmake_shared[m[K(_Args&&... __args)
[1.268s]       |     [01;36m[K^~~~~~~~~~~[m[K
[1.268s] [01m[K/usr/include/c++/11/bits/shared_ptr.h:875:5:[m[K [01;36m[Knote: [m[K  template argument deduction/substitution failed:
[1.268s] [01m[K/home/lsantos/GitHub/Sandbox/RPI_led_service/src/rpi_gpio/src/client.cpp:10:73:[m[K [01;31m[Kerror: [m[Ktemplate argument 1 is invalid
[1.268s]    10 |     auto request = [01;31m[Kstd::make_shared<rpi_gpio_msgs::srv::Toggle::Request>()[m[K;
[1.268s]       |                    [01;31m[K~~~~~~~~~~~~~~~~~~~~~~~~~~~~~~~~~~~~~~~~~~~~~~~~~~~~~^~[m[K
[1.287s] [01m[K/home/lsantos/GitHub/Sandbox/RPI_led_service/src/rpi_gpio/src/server.cpp:20:47:[m[K [01;31m[Kerror: [m[K‘[01m[Krpi_gpio[m[K’ was not declared in this scope; did you mean ‘[01m[Krpi_gpio_msgs[m[K’?
[1.287s]    20 |     void handle_service(const std::shared_ptr<[01;31m[Krpi_gpio[m[K::srv::Toggle::Request> request,
[1.287s]       |                                               [01;31m[K^~~~~~~~[m[K
[1.287s]       |                                               [32m[Krpi_gpio_msgs[m[K
[1.287s] [01m[K/home/lsantos/GitHub/Sandbox/RPI_led_service/src/rpi_gpio/src/server.cpp:20:77:[m[K [01;31m[Kerror: [m[Ktemplate argument 1 is invalid
[1.288s]    20 |     void handle_service(const std::shared_ptr<rpi_gpio::srv::Toggle::Request[01;31m[K>[m[K request,
[1.288s]       |                                                                             [01;31m[K^[m[K
[1.291s] [01m[K/home/lsantos/GitHub/Sandbox/RPI_led_service/src/rpi_gpio/src/server.cpp:20:47:[m[K [01;31m[Kerror: [m[K‘[01m[Krpi_gpio[m[K’ was not declared in this scope; did you mean ‘[01m[Krpi_gpio_msgs[m[K’?
[1.291s]    20 |     void handle_service(const std::shared_ptr<[01;31m[Krpi_gpio[m[K::srv::Toggle::Request> request,
[1.291s]       |                                               [01;31m[K^~~~~~~~[m[K
[1.291s]       |                                               [32m[Krpi_gpio_msgs[m[K
[1.291s] [01m[K/home/lsantos/GitHub/Sandbox/RPI_led_service/src/rpi_gpio/src/server.cpp:20:77:[m[K [01;31m[Kerror: [m[Ktemplate argument 1 is invalid
[1.291s]    20 |     void handle_service(const std::shared_ptr<rpi_gpio::srv::Toggle::Request[01;31m[K>[m[K request,
[1.291s]       |                                                                             [01;31m[K^[m[K
[1.295s] [01m[K/home/lsantos/GitHub/Sandbox/RPI_led_service/src/rpi_gpio/src/server.cpp:20:47:[m[K [01;31m[Kerror: [m[K‘[01m[Krpi_gpio[m[K’ was not declared in this scope; did you mean ‘[01m[Krpi_gpio_msgs[m[K’?
[1.295s]    20 |     void handle_service(const std::shared_ptr<[01;31m[Krpi_gpio[m[K::srv::Toggle::Request> request,
[1.295s]       |                                               [01;31m[K^~~~~~~~[m[K
[1.295s]       |                                               [32m[Krpi_gpio_msgs[m[K
[1.295s] [01m[K/home/lsantos/GitHub/Sandbox/RPI_led_service/src/rpi_gpio/src/server.cpp:20:77:[m[K [01;31m[Kerror: [m[Ktemplate argument 1 is invalid
[1.295s]    20 |     void handle_service(const std::shared_ptr<rpi_gpio::srv::Toggle::Request[01;31m[K>[m[K request,
[1.295s]       |                                                                             [01;31m[K^[m[K
[1.295s] [01m[K/home/lsantos/GitHub/Sandbox/RPI_led_service/src/rpi_gpio/src/server.cpp:20:31:[m[K [01;31m[Kerror: [m[Kinvalid template-id
[1.295s]    20 |     void handle_service(const [01;31m[Kstd[m[K::shared_ptr<rpi_gpio::srv::Toggle::Request> request,
[1.295s]       |                               [01;31m[K^~~[m[K
[1.295s] [01m[K/home/lsantos/GitHub/Sandbox/RPI_led_service/src/rpi_gpio/src/server.cpp:20:47:[m[K [01;31m[Kerror: [m[K‘[01m[Krpi_gpio[m[K’ has not been declared
[1.295s]    20 |     void handle_service(const std::shared_ptr<[01;31m[Krpi_gpio[m[K::srv::Toggle::Request> request,
[1.295s]       |                                               [01;31m[K^~~~~~~~[m[K
[1.295s] [01m[K/home/lsantos/GitHub/Sandbox/RPI_led_service/src/rpi_gpio/src/server.cpp:20:25:[m[K [01;31m[Kerror: [m[Kclass template placeholder ‘[01m[Kstd::shared_ptr[m[K’ not permitted in this context
[1.295s]    20 |     void handle_service([01;31m[Kconst[m[K std::shared_ptr<rpi_gpio::srv::Toggle::Request> request,
[1.295s]       |                         [01;31m[K^~~~~[m[K
[1.298s] [01m[K/home/lsantos/GitHub/Sandbox/RPI_led_service/src/rpi_gpio/src/server.cpp:21:41:[m[K [01;31m[Kerror: [m[K‘[01m[Krpi_gpio[m[K’ was not declared in this scope; did you mean ‘[01m[Krpi_gpio_msgs[m[K’?
[1.298s]    21 |                         std::shared_ptr<[01;31m[Krpi_gpio[m[K::srv::Toggle::Response> response)
[1.298s]       |                                         [01;31m[K^~~~~~~~[m[K
[1.298s]       |                                         [32m[Krpi_gpio_msgs[m[K
[1.298s] [01m[K/home/lsantos/GitHub/Sandbox/RPI_led_service/src/rpi_gpio/src/server.cpp:21:72:[m[K [01;31m[Kerror: [m[Ktemplate argument 1 is invalid
[1.298s]    21 |                         std::shared_ptr<rpi_gpio::srv::Toggle::Response[01;31m[K>[m[K response)
[1.298s]       |                                                                        [01;31m[K^[m[K
[1.302s] [01m[K/home/lsantos/GitHub/Sandbox/RPI_led_service/src/rpi_gpio/src/server.cpp:21:41:[m[K [01;31m[Kerror: [m[K‘[01m[Krpi_gpio[m[K’ was not declared in this scope; did you mean ‘[01m[Krpi_gpio_msgs[m[K’?
[1.302s]    21 |                         std::shared_ptr<[01;31m[Krpi_gpio[m[K::srv::Toggle::Response> response)
[1.302s]       |                                         [01;31m[K^~~~~~~~[m[K
[1.302s]       |                                         [32m[Krpi_gpio_msgs[m[K
[1.302s] [01m[K/home/lsantos/GitHub/Sandbox/RPI_led_service/src/rpi_gpio/src/server.cpp:21:72:[m[K [01;31m[Kerror: [m[Ktemplate argument 1 is invalid
[1.302s]    21 |                         std::shared_ptr<rpi_gpio::srv::Toggle::Response[01;31m[K>[m[K response)
[1.302s]       |                                                                        [01;31m[K^[m[K
[1.306s] [01m[K/home/lsantos/GitHub/Sandbox/RPI_led_service/src/rpi_gpio/src/server.cpp:21:41:[m[K [01;31m[Kerror: [m[K‘[01m[Krpi_gpio[m[K’ was not declared in this scope; did you mean ‘[01m[Krpi_gpio_msgs[m[K’?
[1.306s]    21 |                         std::shared_ptr<[01;31m[Krpi_gpio[m[K::srv::Toggle::Response> response)
[1.306s]       |                                         [01;31m[K^~~~~~~~[m[K
[1.306s]       |                                         [32m[Krpi_gpio_msgs[m[K
[1.306s] [01m[K/home/lsantos/GitHub/Sandbox/RPI_led_service/src/rpi_gpio/src/server.cpp:21:72:[m[K [01;31m[Kerror: [m[Ktemplate argument 1 is invalid
[1.306s]    21 |                         std::shared_ptr<rpi_gpio::srv::Toggle::Response[01;31m[K>[m[K response)
[1.306s]       |                                                                        [01;31m[K^[m[K
[1.306s] [01m[K/home/lsantos/GitHub/Sandbox/RPI_led_service/src/rpi_gpio/src/server.cpp:21:25:[m[K [01;31m[Kerror: [m[Kinvalid template-id
[1.306s]    21 |                         [01;31m[Kstd[m[K::shared_ptr<rpi_gpio::srv::Toggle::Response> response)
[1.307s]       |                         [01;31m[K^~~[m[K
[1.307s] [01m[K/home/lsantos/GitHub/Sandbox/RPI_led_service/src/rpi_gpio/src/server.cpp:21:41:[m[K [01;31m[Kerror: [m[K‘[01m[Krpi_gpio[m[K’ has not been declared
[1.307s]    21 |                         std::shared_ptr<[01;31m[Krpi_gpio[m[K::srv::Toggle::Response> response)
[1.307s]       |                                         [01;31m[K^~~~~~~~[m[K
[1.307s] [01m[K/home/lsantos/GitHub/Sandbox/RPI_led_service/src/rpi_gpio/src/server.cpp:21:25:[m[K [01;31m[Kerror: [m[Kclass template placeholder ‘[01m[Kstd::shared_ptr[m[K’ not permitted in this context
[1.307s]    21 |                         [01;31m[Kstd[m[K::shared_ptr<rpi_gpio::srv::Toggle::Response> response)
[1.307s]       |                         [01;31m[K^~~[m[K
[1.310s] [01m[K/home/lsantos/GitHub/Sandbox/RPI_led_service/src/rpi_gpio/src/server.cpp:34:21:[m[K [01;31m[Kerror: [m[K‘[01m[Krpi_gpio[m[K’ was not declared in this scope; did you mean ‘[01m[Krpi_gpio_msgs[m[K’?
[1.310s]    34 |     rclcpp::Service<[01;31m[Krpi_gpio[m[K::srv::Toggle>::SharedPtr service_;
[1.310s]       |                     [01;31m[K^~~~~~~~[m[K
[1.310s]       |                     [32m[Krpi_gpio_msgs[m[K
[1.310s] [01m[K/home/lsantos/GitHub/Sandbox/RPI_led_service/src/rpi_gpio/src/server.cpp:34:42:[m[K [01;31m[Kerror: [m[Ktemplate argument 1 is invalid
[1.310s]    34 |     rclcpp::Service<rpi_gpio::srv::Toggle[01;31m[K>[m[K::SharedPtr service_;
[1.310s]       |                                          [01;31m[K^[m[K
[1.310s] [01m[K/home/lsantos/GitHub/Sandbox/RPI_led_service/src/rpi_gpio/src/server.cpp:34:45:[m[K [01;31m[Kerror: [m[Kexpected ‘[01m[K;[m[K’ at end of member declaration
[1.310s]    34 |     rclcpp::Service<rpi_gpio::srv::Toggle>::[01;31m[KSharedPtr[m[K service_;
[1.310s]       |                                             [01;31m[K^~~~~~~~~[m[K
[1.310s]       |                                                      [32m[K;[m[K
[1.311s] [01m[K/home/lsantos/GitHub/Sandbox/RPI_led_service/src/rpi_gpio/src/server.cpp:34:55:[m[K [01;31m[Kerror: [m[K‘[01m[Kservice_[m[K’ does not name a type
[1.311s]    34 |     rclcpp::Service<rpi_gpio::srv::Toggle>::SharedPtr [01;31m[Kservice_[m[K;
[1.311s]       |                                                       [01;31m[K^~~~~~~~[m[K
[1.315s] [01m[K/home/lsantos/GitHub/Sandbox/RPI_led_service/src/rpi_gpio/src/server.cpp:[m[K In constructor ‘[01m[KGPIOServer::GPIOServer()[m[K’:
[1.315s] [01m[K/home/lsantos/GitHub/Sandbox/RPI_led_service/src/rpi_gpio/src/server.cpp:10:9:[m[K [01;31m[Kerror: [m[K‘[01m[Kservice_[m[K’ was not declared in this scope; did you mean ‘[01m[Kservice_msgs[m[K’?
[1.315s]    10 |         [01;31m[Kservice_[m[K = this->create_service<rpi_gpio::srv::Toggle>(
[1.315s]       |         [01;31m[K^~~~~~~~[m[K
[1.315s]       |         [32m[Kservice_msgs[m[K
[1.319s] [01m[K/home/lsantos/GitHub/Sandbox/RPI_led_service/src/rpi_gpio/src/server.cpp:10:41:[m[K [01;31m[Kerror: [m[K‘[01m[Krpi_gpio[m[K’ was not declared in this scope; did you mean ‘[01m[Krpi_gpio_msgs[m[K’?
[1.319s]    10 |         service_ = this->create_service<[01;31m[Krpi_gpio[m[K::srv::Toggle>(
[1.319s]       |                                         [01;31m[K^~~~~~~~[m[K
[1.319s]       |                                         [32m[Krpi_gpio_msgs[m[K
[1.319s] [01m[K/home/lsantos/GitHub/Sandbox/RPI_led_service/src/rpi_gpio/src/server.cpp:10:26:[m[K [01;31m[Kerror: [m[Kparse error in template argument list
[1.319s]    10 |         service_ = this->[01;31m[Kcreate_service<rpi_gpio::srv::Toggle>[m[K(
[1.319s]       |                          [01;31m[K^~~~~~~~~~~~~~~~~~~~~~~~~~~~~~~~~~~~~[m[K
[1.323s] [01m[K/home/lsantos/GitHub/Sandbox/RPI_led_service/src/rpi_gpio/src/server.cpp:10:63:[m[K [01;31m[Kerror: [m[Kno matching function for call to ‘[01m[KGPIOServer::create_service<<expression error> >(const char [12], std::_Bind_helper<false, void (GPIOServer::*)(...), GPIOServer*, const std::_Placeholder<1>&, const std::_Placeholder<2>&>::type)[m[K’
[1.323s]    10 |         service_ = [01;31m[Kthis->create_service<rpi_gpio::srv::Toggle>([m[K
[1.323s]       |                    [01;31m[K~~~~~~~~~~~~~~~~~~~~~~~~~~~~~~~~~~~~~~~~~~~^[m[K
[1.323s]    11 | [01;31m[K            "toggle_gpio",[m[K
[1.323s]       |             [01;31m[K~~~~~~~~~~~~~~[m[K                                     
[1.323s]    12 | [01;31m[K            std::bind(&GPIOServer::handle_service, this, std::placeholders::_1, std::placeholders::_2))[m[K;
[1.323s]       |             [01;31m[K~~~~~~~~~~~~~~~~~~~~~~~~~~~~~~~~~~~~~~~~~~~~~~~~~~~~~~~~~~~~~~~~~~~~~~~~~~~~~~~~~~~~~~~~~~~[m[K
[1.323s] In file included from [01m[K/opt/ros/iron/include/rclcpp/rclcpp/executors/single_threaded_executor.hpp:28[m[K,
[1.323s]                  from [01m[K/opt/ros/iron/include/rclcpp/rclcpp/executors.hpp:22[m[K,
[1.323s]                  from [01m[K/opt/ros/iron/include/rclcpp/rclcpp/rclcpp.hpp:167[m[K,
[1.323s]                  from [01m[K/home/lsantos/GitHub/Sandbox/RPI_led_service/src/rpi_gpio/src/server.cpp:1[m[K:
[1.323s] [01m[K/opt/ros/iron/include/rclcpp/rclcpp/node.hpp:299:3:[m[K [01;36m[Knote: [m[Kcandidate: ‘[01m[Ktemplate<class ServiceT, class CallbackT> typename rclcpp::Service<ServiceT>::SharedPtr rclcpp::Node::create_service(const string&, CallbackT&&, const rmw_qos_profile_t&, rclcpp::CallbackGroup::SharedPtr)[m[K’
[1.323s]   299 |   [01;36m[Kcreate_service[m[K(
[1.323s]       |   [01;36m[K^~~~~~~~~~~~~~[m[K
[1.323s] [01m[K/opt/ros/iron/include/rclcpp/rclcpp/node.hpp:299:3:[m[K [01;36m[Knote: [m[K  template argument deduction/substitution failed:
[1.323s] [01m[K/home/lsantos/GitHub/Sandbox/RPI_led_service/src/rpi_gpio/src/server.cpp:10:63:[m[K [01;31m[Kerror: [m[Ktemplate argument 1 is invalid
[1.324s]    10 |         service_ = [01;31m[Kthis->create_service<rpi_gpio::srv::Toggle>([m[K
[1.324s]       |                    [01;31m[K~~~~~~~~~~~~~~~~~~~~~~~~~~~~~~~~~~~~~~~~~~~^[m[K
[1.324s]    11 | [01;31m[K            "toggle_gpio",[m[K
[1.324s]       |             [01;31m[K~~~~~~~~~~~~~~[m[K                                     
[1.324s]    12 | [01;31m[K            std::bind(&GPIOServer::handle_service, this, std::placeholders::_1, std::placeholders::_2))[m[K;
[1.324s]       |             [01;31m[K~~~~~~~~~~~~~~~~~~~~~~~~~~~~~~~~~~~~~~~~~~~~~~~~~~~~~~~~~~~~~~~~~~~~~~~~~~~~~~~~~~~~~~~~~~~[m[K
[1.324s] In file included from [01m[K/opt/ros/iron/include/rclcpp/rclcpp/executors/single_threaded_executor.hpp:28[m[K,
[1.324s]                  from [01m[K/opt/ros/iron/include/rclcpp/rclcpp/executors.hpp:22[m[K,
[1.324s]                  from [01m[K/opt/ros/iron/include/rclcpp/rclcpp/rclcpp.hpp:167[m[K,
[1.324s]                  from [01m[K/home/lsantos/GitHub/Sandbox/RPI_led_service/src/rpi_gpio/src/server.cpp:1[m[K:
[1.324s] [01m[K/opt/ros/iron/include/rclcpp/rclcpp/node.hpp:315:3:[m[K [01;36m[Knote: [m[Kcandidate: ‘[01m[Ktemplate<class ServiceT, class CallbackT> typename rclcpp::Service<ServiceT>::SharedPtr rclcpp::Node::create_service(const string&, CallbackT&&, const rclcpp::QoS&, rclcpp::CallbackGroup::SharedPtr)[m[K’
[1.324s]   315 |   [01;36m[Kcreate_service[m[K(
[1.324s]       |   [01;36m[K^~~~~~~~~~~~~~[m[K
[1.324s] [01m[K/opt/ros/iron/include/rclcpp/rclcpp/node.hpp:315:3:[m[K [01;36m[Knote: [m[K  template argument deduction/substitution failed:
[1.324s] [01m[K/home/lsantos/GitHub/Sandbox/RPI_led_service/src/rpi_gpio/src/server.cpp:10:63:[m[K [01;31m[Kerror: [m[Ktemplate argument 1 is invalid
[1.324s]    10 |         service_ = [01;31m[Kthis->create_service<rpi_gpio::srv::Toggle>([m[K
[1.324s]       |                    [01;31m[K~~~~~~~~~~~~~~~~~~~~~~~~~~~~~~~~~~~~~~~~~~~^[m[K
[1.324s]    11 | [01;31m[K            "toggle_gpio",[m[K
[1.324s]       |             [01;31m[K~~~~~~~~~~~~~~[m[K                                     
[1.324s]    12 | [01;31m[K            std::bind(&GPIOServer::handle_service, this, std::placeholders::_1, std::placeholders::_2))[m[K;
[1.324s]       |             [01;31m[K~~~~~~~~~~~~~~~~~~~~~~~~~~~~~~~~~~~~~~~~~~~~~~~~~~~~~~~~~~~~~~~~~~~~~~~~~~~~~~~~~~~~~~~~~~~[m[K
[1.325s] [01m[K/home/lsantos/GitHub/Sandbox/RPI_led_service/src/rpi_gpio/src/server.cpp:16:22:[m[K [01;35m[Kwarning: [m[Kmissing initializer for member ‘[01m[Kgpiod::line_request::flags[m[K’ [[01;35m[K]8;;https://gcc.gnu.org/onlinedocs/gcc/Warning-Options.html#index-Wmissing-field-initializers-Wmissing-field-initializers]8;;[m[K]
[1.325s]    16 |         [01;35m[Kline_.request({"ros2_gpio_service", gpiod::line_request::DIRECTION_OUTPUT})[m[K;
[1.325s]       |         [01;35m[K~~~~~~~~~~~~~^~~~~~~~~~~~~~~~~~~~~~~~~~~~~~~~~~~~~~~~~~~~~~~~~~~~~~~~~~~~~~[m[K
[1.327s] [01m[K/home/lsantos/GitHub/Sandbox/RPI_led_service/src/rpi_gpio/src/server.cpp:[m[K In member function ‘[01m[Kvoid GPIOServer::handle_service(...)[m[K’:
[1.327s] [01m[K/home/lsantos/GitHub/Sandbox/RPI_led_service/src/rpi_gpio/src/server.cpp:23:12:[m[K [01;31m[Kerror: [m[K‘[01m[Krequest[m[K’ was not declared in this scope
[1.327s]    23 |         if([01;31m[Krequest[m[K->toggle)
[1.327s]       |            [01;31m[K^~~~~~~[m[K
[1.332s] [01m[K/home/lsantos/GitHub/Sandbox/RPI_led_service/src/rpi_gpio/src/server.cpp:31:9:[m[K [01;31m[Kerror: [m[K‘[01m[Kresponse[m[K’ was not declared in this scope
[1.332s]    31 |         [01;31m[Kresponse[m[K->success = true;
[1.332s]       |         [01;31m[K^~~~~~~~[m[K
[1.715s] gmake[2]: *** [CMakeFiles/gpio_client.dir/build.make:76: CMakeFiles/gpio_client.dir/src/client.cpp.o] Error 1
[1.715s] gmake[1]: *** [CMakeFiles/Makefile2:165: CMakeFiles/gpio_client.dir/all] Error 2
[1.715s] gmake[1]: *** Waiting for unfinished jobs....
[1.783s] gmake[2]: *** [CMakeFiles/gpio_server.dir/build.make:76: CMakeFiles/gpio_server.dir/src/server.cpp.o] Error 1
[1.784s] gmake[1]: *** [CMakeFiles/Makefile2:139: CMakeFiles/gpio_server.dir/all] Error 2
[1.784s] gmake: *** [Makefile:146: all] Error 2
[1.785s] Invoked command in '/home/lsantos/GitHub/Sandbox/RPI_led_service/build/rpi_gpio' returned '2': CMAKE_PREFIX_PATH=${CMAKE_PREFIX_PATH}:/opt/ros/iron /usr/bin/cmake --build /home/lsantos/GitHub/Sandbox/RPI_led_service/build/rpi_gpio -- -j24 -l24
