[35m[1mConsolidate compiler generated dependencies of target gpio_listener[0m
[35m[1mConsolidate compiler generated dependencies of target gpio_talker[0m
[ 50%] Built target gpio_listener
[100%] Built target gpio_talker
-- Install configuration: ""
-- Up-to-date: /home/lsantos/Documents/GitHub/Sandbox/RPI_led/install/gpio_control/lib/gpio_control/gpio_talker
-- Up-to-date: /home/lsantos/Documents/GitHub/Sandbox/RPI_led/install/gpio_control/lib/gpio_control/gpio_listener
-- Up-to-date: /home/lsantos/Documents/GitHub/Sandbox/RPI_led/install/gpio_control/share/ament_index/resource_index/package_run_dependencies/gpio_control
-- Up-to-date: /home/lsantos/Documents/GitHub/Sandbox/RPI_led/install/gpio_control/share/ament_index/resource_index/parent_prefix_path/gpio_control
-- Up-to-date: /home/lsantos/Documents/GitHub/Sandbox/RPI_led/install/gpio_control/share/gpio_control/environment/ament_prefix_path.sh
-- Up-to-date: /home/lsantos/Documents/GitHub/Sandbox/RPI_led/install/gpio_control/share/gpio_control/environment/ament_prefix_path.dsv
-- Up-to-date: /home/lsantos/Documents/GitHub/Sandbox/RPI_led/install/gpio_control/share/gpio_control/environment/path.sh
-- Up-to-date: /home/lsantos/Documents/GitHub/Sandbox/RPI_led/install/gpio_control/share/gpio_control/environment/path.dsv
-- Up-to-date: /home/lsantos/Documents/GitHub/Sandbox/RPI_led/install/gpio_control/share/gpio_control/local_setup.bash
-- Up-to-date: /home/lsantos/Documents/GitHub/Sandbox/RPI_led/install/gpio_control/share/gpio_control/local_setup.sh
-- Up-to-date: /home/lsantos/Documents/GitHub/Sandbox/RPI_led/install/gpio_control/share/gpio_control/local_setup.zsh
-- Up-to-date: /home/lsantos/Documents/GitHub/Sandbox/RPI_led/install/gpio_control/share/gpio_control/local_setup.dsv
-- Installing: /home/lsantos/Documents/GitHub/Sandbox/RPI_led/install/gpio_control/share/gpio_control/package.dsv
-- Up-to-date: /home/lsantos/Documents/GitHub/Sandbox/RPI_led/install/gpio_control/share/ament_index/resource_index/packages/gpio_control
-- Up-to-date: /home/lsantos/Documents/GitHub/Sandbox/RPI_led/install/gpio_control/share/gpio_control/cmake/gpio_controlConfig.cmake
-- Up-to-date: /home/lsantos/Documents/GitHub/Sandbox/RPI_led/install/gpio_control/share/gpio_control/cmake/gpio_controlConfig-version.cmake
-- Up-to-date: /home/lsantos/Documents/GitHub/Sandbox/RPI_led/install/gpio_control/share/gpio_control/package.xml
