[0.083s] Invoking command in '/home/lsantos/Documents/GitHub/Sandbox/RPI_led/build/gpio_control': CMAKE_PREFIX_PATH=${CMAKE_PREFIX_PATH}:/opt/ros/iron /usr/bin/cmake --build /home/lsantos/Documents/GitHub/Sandbox/RPI_led/build/gpio_control -- -j4 -l4
[0.147s] [35m[1mConsolidate compiler generated dependencies of target gpio_listener[0m
[0.148s] [35m[1mConsolidate compiler generated dependencies of target gpio_talker[0m
[0.186s] [ 50%] Built target gpio_listener
[0.214s] [100%] Built target gpio_talker
[0.232s] Invoked command in '/home/lsantos/Documents/GitHub/Sandbox/RPI_led/build/gpio_control' returned '0': CMAKE_PREFIX_PATH=${CMAKE_PREFIX_PATH}:/opt/ros/iron /usr/bin/cmake --build /home/lsantos/Documents/GitHub/Sandbox/RPI_led/build/gpio_control -- -j4 -l4
[0.290s] Invoking command in '/home/lsantos/Documents/GitHub/Sandbox/RPI_led/build/gpio_control': CMAKE_PREFIX_PATH=${CMAKE_PREFIX_PATH}:/opt/ros/iron /usr/bin/cmake --install /home/lsantos/Documents/GitHub/Sandbox/RPI_led/build/gpio_control
[0.304s] -- Install configuration: ""
[0.305s] -- Up-to-date: /home/lsantos/Documents/GitHub/Sandbox/RPI_led/install/gpio_control/lib/gpio_control/gpio_talker
[0.305s] -- Up-to-date: /home/lsantos/Documents/GitHub/Sandbox/RPI_led/install/gpio_control/lib/gpio_control/gpio_listener
[0.306s] -- Up-to-date: /home/lsantos/Documents/GitHub/Sandbox/RPI_led/install/gpio_control/share/ament_index/resource_index/package_run_dependencies/gpio_control
[0.306s] -- Up-to-date: /home/lsantos/Documents/GitHub/Sandbox/RPI_led/install/gpio_control/share/ament_index/resource_index/parent_prefix_path/gpio_control
[0.306s] -- Up-to-date: /home/lsantos/Documents/GitHub/Sandbox/RPI_led/install/gpio_control/share/gpio_control/environment/ament_prefix_path.sh
[0.306s] -- Up-to-date: /home/lsantos/Documents/GitHub/Sandbox/RPI_led/install/gpio_control/share/gpio_control/environment/ament_prefix_path.dsv
[0.306s] -- Up-to-date: /home/lsantos/Documents/GitHub/Sandbox/RPI_led/install/gpio_control/share/gpio_control/environment/path.sh
[0.306s] -- Up-to-date: /home/lsantos/Documents/GitHub/Sandbox/RPI_led/install/gpio_control/share/gpio_control/environment/path.dsv
[0.307s] -- Up-to-date: /home/lsantos/Documents/GitHub/Sandbox/RPI_led/install/gpio_control/share/gpio_control/local_setup.bash
[0.307s] -- Up-to-date: /home/lsantos/Documents/GitHub/Sandbox/RPI_led/install/gpio_control/share/gpio_control/local_setup.sh
[0.307s] -- Up-to-date: /home/lsantos/Documents/GitHub/Sandbox/RPI_led/install/gpio_control/share/gpio_control/local_setup.zsh
[0.307s] -- Up-to-date: /home/lsantos/Documents/GitHub/Sandbox/RPI_led/install/gpio_control/share/gpio_control/local_setup.dsv
[0.307s] -- Installing: /home/lsantos/Documents/GitHub/Sandbox/RPI_led/install/gpio_control/share/gpio_control/package.dsv
[0.307s] -- Up-to-date: /home/lsantos/Documents/GitHub/Sandbox/RPI_led/install/gpio_control/share/ament_index/resource_index/packages/gpio_control
[0.307s] -- Up-to-date: /home/lsantos/Documents/GitHub/Sandbox/RPI_led/install/gpio_control/share/gpio_control/cmake/gpio_controlConfig.cmake
[0.308s] -- Up-to-date: /home/lsantos/Documents/GitHub/Sandbox/RPI_led/install/gpio_control/share/gpio_control/cmake/gpio_controlConfig-version.cmake
[0.308s] -- Up-to-date: /home/lsantos/Documents/GitHub/Sandbox/RPI_led/install/gpio_control/share/gpio_control/package.xml
[0.310s] Invoked command in '/home/lsantos/Documents/GitHub/Sandbox/RPI_led/build/gpio_control' returned '0': CMAKE_PREFIX_PATH=${CMAKE_PREFIX_PATH}:/opt/ros/iron /usr/bin/cmake --install /home/lsantos/Documents/GitHub/Sandbox/RPI_led/build/gpio_control
