[0.027s] Invoking command in '/home/lsantos/GitHub/Sandbox/build/rpi_gpio_msgs': CMAKE_PREFIX_PATH=${CMAKE_PREFIX_PATH}:/opt/ros/iron /usr/bin/cmake /home/lsantos/GitHub/Sandbox/RPI_led_service/src/rpi_gpio_msgs -DCMAKE_INSTALL_PREFIX=/home/lsantos/GitHub/Sandbox/install/rpi_gpio_msgs
[0.049s] -- The C compiler identification is GNU 11.4.0
[0.074s] -- The CXX compiler identification is GNU 11.4.0
[0.077s] -- Detecting C compiler ABI info
[0.107s] -- Detecting C compiler ABI info - done
[0.111s] -- Check for working C compiler: /usr/bin/cc - skipped
[0.111s] -- Detecting C compile features
[0.111s] -- Detecting C compile features - done
[0.113s] -- Detecting CXX compiler ABI info
[0.147s] -- Detecting CXX compiler ABI info - done
[0.152s] -- Check for working CXX compiler: /usr/bin/c++ - skipped
[0.152s] -- Detecting CXX compile features
[0.152s] -- Detecting CXX compile features - done
[0.153s] -- Found ament_cmake: 2.0.3 (/opt/ros/iron/share/ament_cmake/cmake)
[0.234s] -- Found Python3: /usr/bin/python3.10 (found version "3.10.12") found components: Interpreter 
[0.274s] -- Found rclcpp: 21.0.3 (/opt/ros/iron/share/rclcpp/cmake)
[0.295s] -- Found rosidl_generator_c: 4.0.1 (/opt/ros/iron/share/rosidl_generator_c/cmake)
[0.300s] -- Found rosidl_generator_cpp: 4.0.1 (/opt/ros/iron/share/rosidl_generator_cpp/cmake)
[0.308s] -- Using all available rosidl_typesupport_c: rosidl_typesupport_fastrtps_c;rosidl_typesupport_introspection_c
[0.317s] -- Using all available rosidl_typesupport_cpp: rosidl_typesupport_fastrtps_cpp;rosidl_typesupport_introspection_cpp
[0.400s] -- Found rmw_implementation_cmake: 7.1.0 (/opt/ros/iron/share/rmw_implementation_cmake/cmake)
[0.401s] -- Found rmw_fastrtps_cpp: 7.1.1 (/opt/ros/iron/share/rmw_fastrtps_cpp/cmake)
[0.445s] -- Found OpenSSL: /usr/lib/x86_64-linux-gnu/libcrypto.so (found version "3.0.2")  
[0.458s] -- Found FastRTPS: /opt/ros/iron/include  
[0.478s] -- Using RMW implementation 'rmw_fastrtps_cpp' as default
[0.565s] -- Found rosidl_default_generators: 1.5.0 (/opt/ros/iron/share/rosidl_default_generators/cmake)
[0.570s] -- Found rosidl_adapter: 4.0.1 (/opt/ros/iron/share/rosidl_adapter/cmake)
[0.724s] -- Found ament_cmake_ros: 0.11.2 (/opt/ros/iron/share/ament_cmake_ros/cmake)
[0.883s] -- Using all available rosidl_typesupport_c: rosidl_typesupport_fastrtps_c;rosidl_typesupport_introspection_c
[0.945s] -- Using all available rosidl_typesupport_cpp: rosidl_typesupport_fastrtps_cpp;rosidl_typesupport_introspection_cpp
[0.956s] -- Found PythonInterp: /usr/bin/python3 (found suitable version "3.10.12", minimum required is "3.6") 
[0.957s] -- Found python_cmake_module: 0.10.2 (/opt/ros/iron/share/python_cmake_module/cmake)
[0.970s] -- Found PythonLibs: /usr/lib/x86_64-linux-gnu/libpython3.10.so (found suitable version "3.10.12", minimum required is "3.5") 
[0.970s] -- Using PYTHON_EXECUTABLE: /usr/bin/python3
[0.971s] -- Using PYTHON_INCLUDE_DIRS: /usr/include/python3.10
[0.971s] -- Using PYTHON_LIBRARIES: /usr/lib/x86_64-linux-gnu/libpython3.10.so
[0.981s] -- Found PythonExtra: .so  
[1.001s] -- Found ament_lint_auto: 0.14.2 (/opt/ros/iron/share/ament_lint_auto/cmake)
[1.008s] -- Added test 'lint_cmake' to check CMake code style
[1.009s] -- Added test 'xmllint' to check XML markup files
[1.010s] -- Configuring done
[1.024s] -- Generating done
[1.025s] -- Build files have been written to: /home/lsantos/GitHub/Sandbox/build/rpi_gpio_msgs
[1.032s] Invoked command in '/home/lsantos/GitHub/Sandbox/build/rpi_gpio_msgs' returned '0': CMAKE_PREFIX_PATH=${CMAKE_PREFIX_PATH}:/opt/ros/iron /usr/bin/cmake /home/lsantos/GitHub/Sandbox/RPI_led_service/src/rpi_gpio_msgs -DCMAKE_INSTALL_PREFIX=/home/lsantos/GitHub/Sandbox/install/rpi_gpio_msgs
[1.033s] Invoking command in '/home/lsantos/GitHub/Sandbox/build/rpi_gpio_msgs': CMAKE_PREFIX_PATH=${CMAKE_PREFIX_PATH}:/opt/ros/iron /usr/bin/cmake --build /home/lsantos/GitHub/Sandbox/build/rpi_gpio_msgs -- -j24 -l24
[1.055s] [  2%] [34m[1mGenerating type hashes for ROS interfaces[0m
[1.058s] [  2%] Built target ament_cmake_python_copy_rpi_gpio_msgs
[1.151s] [  2%] Built target rpi_gpio_msgs__rosidl_generator_type_description
[1.155s] [  5%] [34m[1mGenerating C code for ROS interfaces[0m
[1.160s] [  8%] [34m[1mGenerating C++ code for ROS interfaces[0m
[1.170s] running egg_info
[1.170s] creating rpi_gpio_msgs.egg-info
[1.170s] writing rpi_gpio_msgs.egg-info/PKG-INFO
[1.170s] writing dependency_links to rpi_gpio_msgs.egg-info/dependency_links.txt
[1.170s] writing top-level names to rpi_gpio_msgs.egg-info/top_level.txt
[1.170s] writing manifest file 'rpi_gpio_msgs.egg-info/SOURCES.txt'
[1.171s] reading manifest file 'rpi_gpio_msgs.egg-info/SOURCES.txt'
[1.172s] writing manifest file 'rpi_gpio_msgs.egg-info/SOURCES.txt'
[1.186s] [  8%] Built target ament_cmake_python_build_rpi_gpio_msgs_egg
[1.302s] [  8%] Built target rpi_gpio_msgs__cpp
[1.315s] [ 17%] [32mBuilding C object CMakeFiles/rpi_gpio_msgs__rosidl_generator_c.dir/rosidl_generator_c/rpi_gpio_msgs/srv/detail/led_toggle__functions.c.o[0m
[1.315s] [ 17%] [32mBuilding C object CMakeFiles/rpi_gpio_msgs__rosidl_generator_c.dir/rosidl_generator_c/rpi_gpio_msgs/srv/detail/led_toggle__type_support.c.o[0m
[1.315s] [ 17%] [32mBuilding C object CMakeFiles/rpi_gpio_msgs__rosidl_generator_c.dir/rosidl_generator_c/rpi_gpio_msgs/srv/detail/led_toggle__description.c.o[0m
[1.349s] [ 20%] [32m[1mLinking C shared library librpi_gpio_msgs__rosidl_generator_c.so[0m
[1.366s] [ 20%] Built target rpi_gpio_msgs__rosidl_generator_c
[1.371s] [ 29%] [34m[1mGenerating C++ type support dispatch for ROS interfaces[0m
[1.371s] [ 29%] [34m[1mGenerating C type support for eProsima Fast-RTPS[0m
[1.371s] [ 29%] [34m[1mGenerating C++ type support for eProsima Fast-RTPS[0m
[1.371s] [ 32%] [34m[1mGenerating C introspection for ROS interfaces[0m
[1.372s] [ 35%] [34m[1mGenerating C++ introspection for ROS interfaces[0m
[1.372s] [ 38%] [34m[1mGenerating C type support dispatch for ROS interfaces[0m
[1.488s] [ 41%] [32mBuilding CXX object CMakeFiles/rpi_gpio_msgs__rosidl_typesupport_cpp.dir/rosidl_typesupport_cpp/rpi_gpio_msgs/srv/led_toggle__type_support.cpp.o[0m
[1.492s] [ 44%] [32mBuilding CXX object CMakeFiles/rpi_gpio_msgs__rosidl_typesupport_c.dir/rosidl_typesupport_c/rpi_gpio_msgs/srv/led_toggle__type_support.cpp.o[0m
[1.500s] [ 47%] [32mBuilding CXX object CMakeFiles/rpi_gpio_msgs__rosidl_typesupport_introspection_cpp.dir/rosidl_typesupport_introspection_cpp/rpi_gpio_msgs/srv/detail/led_toggle__type_support.cpp.o[0m
[1.503s] [ 50%] [32mBuilding C object CMakeFiles/rpi_gpio_msgs__rosidl_typesupport_introspection_c.dir/rosidl_typesupport_introspection_c/rpi_gpio_msgs/srv/detail/led_toggle__type_support.c.o[0m
[1.512s] [ 52%] [32m[1mLinking CXX shared library librpi_gpio_msgs__rosidl_typesupport_c.so[0m
[1.524s] [ 55%] [32m[1mLinking C shared library librpi_gpio_msgs__rosidl_typesupport_introspection_c.so[0m
[1.531s] [ 55%] Built target rpi_gpio_msgs__rosidl_typesupport_c
[1.538s] [ 55%] Built target rpi_gpio_msgs__rosidl_typesupport_introspection_c
[1.577s] [ 58%] [32mBuilding CXX object CMakeFiles/rpi_gpio_msgs__rosidl_typesupport_fastrtps_cpp.dir/rosidl_typesupport_fastrtps_cpp/rpi_gpio_msgs/srv/detail/dds_fastrtps/led_toggle__type_support.cpp.o[0m
[1.578s] [ 61%] [32mBuilding CXX object CMakeFiles/rpi_gpio_msgs__rosidl_typesupport_fastrtps_c.dir/rosidl_typesupport_fastrtps_c/rpi_gpio_msgs/srv/detail/led_toggle__type_support_c.cpp.o[0m
[1.701s] [ 64%] [32m[1mLinking CXX shared library librpi_gpio_msgs__rosidl_typesupport_cpp.so[0m
[1.723s] [ 67%] [32m[1mLinking CXX shared library librpi_gpio_msgs__rosidl_typesupport_introspection_cpp.so[0m
[1.739s] [ 67%] Built target rpi_gpio_msgs__rosidl_typesupport_cpp
[1.741s] [ 70%] [32m[1mLinking CXX shared library librpi_gpio_msgs__rosidl_typesupport_fastrtps_c.so[0m
[1.761s] [ 70%] Built target rpi_gpio_msgs__rosidl_typesupport_introspection_cpp
[1.778s] [ 70%] Built target rpi_gpio_msgs__rosidl_typesupport_fastrtps_c
[1.873s] [ 73%] [32m[1mLinking CXX shared library librpi_gpio_msgs__rosidl_typesupport_fastrtps_cpp.so[0m
[1.910s] [ 73%] Built target rpi_gpio_msgs__rosidl_typesupport_fastrtps_cpp
[1.919s] [ 73%] Built target rpi_gpio_msgs
[1.928s] [ 76%] [34m[1mGenerating Python code for ROS interfaces[0m
[2.121s] [ 76%] Built target rpi_gpio_msgs__py
[2.129s] [ 79%] [32mBuilding C object CMakeFiles/rpi_gpio_msgs__rosidl_generator_py.dir/rosidl_generator_py/rpi_gpio_msgs/srv/_led_toggle_s.c.o[0m
[2.185s] [ 82%] [32m[1mLinking C shared library rosidl_generator_py/rpi_gpio_msgs/librpi_gpio_msgs__rosidl_generator_py.so[0m
[2.205s] [ 82%] Built target rpi_gpio_msgs__rosidl_generator_py
[2.214s] [ 88%] [32mBuilding C object CMakeFiles/rpi_gpio_msgs__rosidl_typesupport_fastrtps_c__pyext.dir/rosidl_generator_py/rpi_gpio_msgs/_rpi_gpio_msgs_s.ep.rosidl_typesupport_fastrtps_c.c.o[0m
[2.214s] [ 88%] [32mBuilding C object CMakeFiles/rpi_gpio_msgs__rosidl_typesupport_introspection_c__pyext.dir/rosidl_generator_py/rpi_gpio_msgs/_rpi_gpio_msgs_s.ep.rosidl_typesupport_introspection_c.c.o[0m
[2.214s] [ 91%] [32mBuilding C object CMakeFiles/rpi_gpio_msgs__rosidl_typesupport_c__pyext.dir/rosidl_generator_py/rpi_gpio_msgs/_rpi_gpio_msgs_s.ep.rosidl_typesupport_c.c.o[0m
[2.264s] [100%] [32m[1mLinking C shared library rosidl_generator_py/rpi_gpio_msgs/rpi_gpio_msgs_s__rosidl_typesupport_c.cpython-310-x86_64-linux-gnu.so[0m
[2.264s] [100%] [32m[1mLinking C shared library rosidl_generator_py/rpi_gpio_msgs/rpi_gpio_msgs_s__rosidl_typesupport_fastrtps_c.cpython-310-x86_64-linux-gnu.so[0m
[2.264s] [100%] [32m[1mLinking C shared library rosidl_generator_py/rpi_gpio_msgs/rpi_gpio_msgs_s__rosidl_typesupport_introspection_c.cpython-310-x86_64-linux-gnu.so[0m
[2.281s] [100%] Built target rpi_gpio_msgs__rosidl_typesupport_introspection_c__pyext
[2.281s] [100%] Built target rpi_gpio_msgs__rosidl_typesupport_c__pyext
[2.281s] [100%] Built target rpi_gpio_msgs__rosidl_typesupport_fastrtps_c__pyext
[2.286s] Invoked command in '/home/lsantos/GitHub/Sandbox/build/rpi_gpio_msgs' returned '0': CMAKE_PREFIX_PATH=${CMAKE_PREFIX_PATH}:/opt/ros/iron /usr/bin/cmake --build /home/lsantos/GitHub/Sandbox/build/rpi_gpio_msgs -- -j24 -l24
[2.312s] Invoking command in '/home/lsantos/GitHub/Sandbox/build/rpi_gpio_msgs': CMAKE_PREFIX_PATH=${CMAKE_PREFIX_PATH}:/opt/ros/iron /usr/bin/cmake --install /home/lsantos/GitHub/Sandbox/build/rpi_gpio_msgs
[2.315s] -- Install configuration: ""
[2.315s] -- Installing: /home/lsantos/GitHub/Sandbox/install/rpi_gpio_msgs/share/ament_index/resource_index/rosidl_interfaces/rpi_gpio_msgs
[2.316s] -- Installing: /home/lsantos/GitHub/Sandbox/install/rpi_gpio_msgs/share/rpi_gpio_msgs/srv/LEDToggle.json
[2.316s] -- Installing: /home/lsantos/GitHub/Sandbox/install/rpi_gpio_msgs/include/rpi_gpio_msgs/rpi_gpio_msgs
[2.316s] -- Installing: /home/lsantos/GitHub/Sandbox/install/rpi_gpio_msgs/include/rpi_gpio_msgs/rpi_gpio_msgs/srv
[2.316s] -- Installing: /home/lsantos/GitHub/Sandbox/install/rpi_gpio_msgs/include/rpi_gpio_msgs/rpi_gpio_msgs/srv/detail
[2.316s] -- Installing: /home/lsantos/GitHub/Sandbox/install/rpi_gpio_msgs/include/rpi_gpio_msgs/rpi_gpio_msgs/srv/detail/led_toggle__description.c
[2.316s] -- Installing: /home/lsantos/GitHub/Sandbox/install/rpi_gpio_msgs/include/rpi_gpio_msgs/rpi_gpio_msgs/srv/detail/led_toggle__functions.c
[2.316s] -- Installing: /home/lsantos/GitHub/Sandbox/install/rpi_gpio_msgs/include/rpi_gpio_msgs/rpi_gpio_msgs/srv/detail/led_toggle__type_support.h
[2.316s] -- Installing: /home/lsantos/GitHub/Sandbox/install/rpi_gpio_msgs/include/rpi_gpio_msgs/rpi_gpio_msgs/srv/detail/led_toggle__struct.h
[2.316s] -- Installing: /home/lsantos/GitHub/Sandbox/install/rpi_gpio_msgs/include/rpi_gpio_msgs/rpi_gpio_msgs/srv/detail/led_toggle__functions.h
[2.316s] -- Installing: /home/lsantos/GitHub/Sandbox/install/rpi_gpio_msgs/include/rpi_gpio_msgs/rpi_gpio_msgs/srv/detail/led_toggle__type_support.c
[2.316s] -- Installing: /home/lsantos/GitHub/Sandbox/install/rpi_gpio_msgs/include/rpi_gpio_msgs/rpi_gpio_msgs/srv/led_toggle.h
[2.316s] -- Installing: /home/lsantos/GitHub/Sandbox/install/rpi_gpio_msgs/include/rpi_gpio_msgs/rpi_gpio_msgs/msg
[2.316s] -- Installing: /home/lsantos/GitHub/Sandbox/install/rpi_gpio_msgs/include/rpi_gpio_msgs/rpi_gpio_msgs/msg/rosidl_generator_c__visibility_control.h
[2.316s] -- Installing: /home/lsantos/GitHub/Sandbox/install/rpi_gpio_msgs/share/rpi_gpio_msgs/environment/library_path.sh
[2.316s] -- Installing: /home/lsantos/GitHub/Sandbox/install/rpi_gpio_msgs/share/rpi_gpio_msgs/environment/library_path.dsv
[2.316s] -- Installing: /home/lsantos/GitHub/Sandbox/install/rpi_gpio_msgs/lib/librpi_gpio_msgs__rosidl_generator_c.so
[2.316s] -- Set runtime path of "/home/lsantos/GitHub/Sandbox/install/rpi_gpio_msgs/lib/librpi_gpio_msgs__rosidl_generator_c.so" to ""
[2.316s] -- Up-to-date: /home/lsantos/GitHub/Sandbox/install/rpi_gpio_msgs/include/rpi_gpio_msgs/rpi_gpio_msgs
[2.316s] -- Up-to-date: /home/lsantos/GitHub/Sandbox/install/rpi_gpio_msgs/include/rpi_gpio_msgs/rpi_gpio_msgs/srv
[2.316s] -- Up-to-date: /home/lsantos/GitHub/Sandbox/install/rpi_gpio_msgs/include/rpi_gpio_msgs/rpi_gpio_msgs/srv/detail
[2.316s] -- Installing: /home/lsantos/GitHub/Sandbox/install/rpi_gpio_msgs/include/rpi_gpio_msgs/rpi_gpio_msgs/srv/detail/led_toggle__rosidl_typesupport_fastrtps_c.h
[2.316s] -- Up-to-date: /home/lsantos/GitHub/Sandbox/install/rpi_gpio_msgs/include/rpi_gpio_msgs/rpi_gpio_msgs/msg
[2.316s] -- Installing: /home/lsantos/GitHub/Sandbox/install/rpi_gpio_msgs/include/rpi_gpio_msgs/rpi_gpio_msgs/msg/rosidl_typesupport_fastrtps_c__visibility_control.h
[2.316s] -- Installing: /home/lsantos/GitHub/Sandbox/install/rpi_gpio_msgs/lib/librpi_gpio_msgs__rosidl_typesupport_fastrtps_c.so
[2.316s] -- Set runtime path of "/home/lsantos/GitHub/Sandbox/install/rpi_gpio_msgs/lib/librpi_gpio_msgs__rosidl_typesupport_fastrtps_c.so" to ""
[2.316s] -- Up-to-date: /home/lsantos/GitHub/Sandbox/install/rpi_gpio_msgs/include/rpi_gpio_msgs/rpi_gpio_msgs
[2.317s] -- Up-to-date: /home/lsantos/GitHub/Sandbox/install/rpi_gpio_msgs/include/rpi_gpio_msgs/rpi_gpio_msgs/srv
[2.317s] -- Up-to-date: /home/lsantos/GitHub/Sandbox/install/rpi_gpio_msgs/include/rpi_gpio_msgs/rpi_gpio_msgs/srv/detail
[2.317s] -- Installing: /home/lsantos/GitHub/Sandbox/install/rpi_gpio_msgs/include/rpi_gpio_msgs/rpi_gpio_msgs/srv/detail/led_toggle__struct.hpp
[2.317s] -- Installing: /home/lsantos/GitHub/Sandbox/install/rpi_gpio_msgs/include/rpi_gpio_msgs/rpi_gpio_msgs/srv/detail/led_toggle__traits.hpp
[2.317s] -- Installing: /home/lsantos/GitHub/Sandbox/install/rpi_gpio_msgs/include/rpi_gpio_msgs/rpi_gpio_msgs/srv/detail/led_toggle__builder.hpp
[2.317s] -- Installing: /home/lsantos/GitHub/Sandbox/install/rpi_gpio_msgs/include/rpi_gpio_msgs/rpi_gpio_msgs/srv/led_toggle.hpp
[2.317s] -- Up-to-date: /home/lsantos/GitHub/Sandbox/install/rpi_gpio_msgs/include/rpi_gpio_msgs/rpi_gpio_msgs
[2.317s] -- Up-to-date: /home/lsantos/GitHub/Sandbox/install/rpi_gpio_msgs/include/rpi_gpio_msgs/rpi_gpio_msgs/srv
[2.317s] -- Up-to-date: /home/lsantos/GitHub/Sandbox/install/rpi_gpio_msgs/include/rpi_gpio_msgs/rpi_gpio_msgs/srv/detail
[2.317s] -- Installing: /home/lsantos/GitHub/Sandbox/install/rpi_gpio_msgs/include/rpi_gpio_msgs/rpi_gpio_msgs/srv/detail/led_toggle__rosidl_typesupport_fastrtps_cpp.hpp
[2.317s] -- Installing: /home/lsantos/GitHub/Sandbox/install/rpi_gpio_msgs/include/rpi_gpio_msgs/rpi_gpio_msgs/srv/detail/dds_fastrtps
[2.317s] -- Up-to-date: /home/lsantos/GitHub/Sandbox/install/rpi_gpio_msgs/include/rpi_gpio_msgs/rpi_gpio_msgs/msg
[2.317s] -- Installing: /home/lsantos/GitHub/Sandbox/install/rpi_gpio_msgs/include/rpi_gpio_msgs/rpi_gpio_msgs/msg/rosidl_typesupport_fastrtps_cpp__visibility_control.h
[2.317s] -- Installing: /home/lsantos/GitHub/Sandbox/install/rpi_gpio_msgs/lib/librpi_gpio_msgs__rosidl_typesupport_fastrtps_cpp.so
[2.317s] -- Set runtime path of "/home/lsantos/GitHub/Sandbox/install/rpi_gpio_msgs/lib/librpi_gpio_msgs__rosidl_typesupport_fastrtps_cpp.so" to ""
[2.317s] -- Up-to-date: /home/lsantos/GitHub/Sandbox/install/rpi_gpio_msgs/include/rpi_gpio_msgs/rpi_gpio_msgs
[2.317s] -- Up-to-date: /home/lsantos/GitHub/Sandbox/install/rpi_gpio_msgs/include/rpi_gpio_msgs/rpi_gpio_msgs/srv
[2.317s] -- Up-to-date: /home/lsantos/GitHub/Sandbox/install/rpi_gpio_msgs/include/rpi_gpio_msgs/rpi_gpio_msgs/srv/detail
[2.317s] -- Installing: /home/lsantos/GitHub/Sandbox/install/rpi_gpio_msgs/include/rpi_gpio_msgs/rpi_gpio_msgs/srv/detail/led_toggle__rosidl_typesupport_introspection_c.h
[2.317s] -- Up-to-date: /home/lsantos/GitHub/Sandbox/install/rpi_gpio_msgs/include/rpi_gpio_msgs/rpi_gpio_msgs/srv/detail/led_toggle__type_support.c
[2.317s] -- Up-to-date: /home/lsantos/GitHub/Sandbox/install/rpi_gpio_msgs/include/rpi_gpio_msgs/rpi_gpio_msgs/msg
[2.317s] -- Installing: /home/lsantos/GitHub/Sandbox/install/rpi_gpio_msgs/include/rpi_gpio_msgs/rpi_gpio_msgs/msg/rosidl_typesupport_introspection_c__visibility_control.h
[2.317s] -- Installing: /home/lsantos/GitHub/Sandbox/install/rpi_gpio_msgs/lib/librpi_gpio_msgs__rosidl_typesupport_introspection_c.so
[2.317s] -- Set runtime path of "/home/lsantos/GitHub/Sandbox/install/rpi_gpio_msgs/lib/librpi_gpio_msgs__rosidl_typesupport_introspection_c.so" to ""
[2.317s] -- Installing: /home/lsantos/GitHub/Sandbox/install/rpi_gpio_msgs/lib/librpi_gpio_msgs__rosidl_typesupport_c.so
[2.317s] -- Set runtime path of "/home/lsantos/GitHub/Sandbox/install/rpi_gpio_msgs/lib/librpi_gpio_msgs__rosidl_typesupport_c.so" to ""
[2.317s] -- Up-to-date: /home/lsantos/GitHub/Sandbox/install/rpi_gpio_msgs/include/rpi_gpio_msgs/rpi_gpio_msgs
[2.317s] -- Up-to-date: /home/lsantos/GitHub/Sandbox/install/rpi_gpio_msgs/include/rpi_gpio_msgs/rpi_gpio_msgs/srv
[2.317s] -- Up-to-date: /home/lsantos/GitHub/Sandbox/install/rpi_gpio_msgs/include/rpi_gpio_msgs/rpi_gpio_msgs/srv/detail
[2.317s] -- Installing: /home/lsantos/GitHub/Sandbox/install/rpi_gpio_msgs/include/rpi_gpio_msgs/rpi_gpio_msgs/srv/detail/led_toggle__type_support.cpp
[2.317s] -- Installing: /home/lsantos/GitHub/Sandbox/install/rpi_gpio_msgs/include/rpi_gpio_msgs/rpi_gpio_msgs/srv/detail/led_toggle__rosidl_typesupport_introspection_cpp.hpp
[2.317s] -- Installing: /home/lsantos/GitHub/Sandbox/install/rpi_gpio_msgs/lib/librpi_gpio_msgs__rosidl_typesupport_introspection_cpp.so
[2.318s] -- Set runtime path of "/home/lsantos/GitHub/Sandbox/install/rpi_gpio_msgs/lib/librpi_gpio_msgs__rosidl_typesupport_introspection_cpp.so" to ""
[2.318s] -- Installing: /home/lsantos/GitHub/Sandbox/install/rpi_gpio_msgs/lib/librpi_gpio_msgs__rosidl_typesupport_cpp.so
[2.318s] -- Set runtime path of "/home/lsantos/GitHub/Sandbox/install/rpi_gpio_msgs/lib/librpi_gpio_msgs__rosidl_typesupport_cpp.so" to ""
[2.318s] -- Installing: /home/lsantos/GitHub/Sandbox/install/rpi_gpio_msgs/share/rpi_gpio_msgs/environment/pythonpath.sh
[2.318s] -- Installing: /home/lsantos/GitHub/Sandbox/install/rpi_gpio_msgs/share/rpi_gpio_msgs/environment/pythonpath.dsv
[2.318s] -- Installing: /home/lsantos/GitHub/Sandbox/install/rpi_gpio_msgs/lib/python3.10/site-packages/rpi_gpio_msgs-0.0.0-py3.10.egg-info
[2.318s] -- Installing: /home/lsantos/GitHub/Sandbox/install/rpi_gpio_msgs/lib/python3.10/site-packages/rpi_gpio_msgs-0.0.0-py3.10.egg-info/dependency_links.txt
[2.318s] -- Installing: /home/lsantos/GitHub/Sandbox/install/rpi_gpio_msgs/lib/python3.10/site-packages/rpi_gpio_msgs-0.0.0-py3.10.egg-info/SOURCES.txt
[2.318s] -- Installing: /home/lsantos/GitHub/Sandbox/install/rpi_gpio_msgs/lib/python3.10/site-packages/rpi_gpio_msgs-0.0.0-py3.10.egg-info/top_level.txt
[2.318s] -- Installing: /home/lsantos/GitHub/Sandbox/install/rpi_gpio_msgs/lib/python3.10/site-packages/rpi_gpio_msgs-0.0.0-py3.10.egg-info/PKG-INFO
[2.318s] -- Installing: /home/lsantos/GitHub/Sandbox/install/rpi_gpio_msgs/lib/python3.10/site-packages/rpi_gpio_msgs
[2.318s] -- Installing: /home/lsantos/GitHub/Sandbox/install/rpi_gpio_msgs/lib/python3.10/site-packages/rpi_gpio_msgs/_rpi_gpio_msgs_s.ep.rosidl_typesupport_c.c
[2.318s] -- Installing: /home/lsantos/GitHub/Sandbox/install/rpi_gpio_msgs/lib/python3.10/site-packages/rpi_gpio_msgs/librpi_gpio_msgs__rosidl_generator_py.so
[2.318s] -- Installing: /home/lsantos/GitHub/Sandbox/install/rpi_gpio_msgs/lib/python3.10/site-packages/rpi_gpio_msgs/_rpi_gpio_msgs_s.ep.rosidl_typesupport_introspection_c.c
[2.318s] -- Installing: /home/lsantos/GitHub/Sandbox/install/rpi_gpio_msgs/lib/python3.10/site-packages/rpi_gpio_msgs/rpi_gpio_msgs_s__rosidl_typesupport_c.cpython-310-x86_64-linux-gnu.so
[2.318s] -- Installing: /home/lsantos/GitHub/Sandbox/install/rpi_gpio_msgs/lib/python3.10/site-packages/rpi_gpio_msgs/rpi_gpio_msgs_s__rosidl_typesupport_fastrtps_c.cpython-310-x86_64-linux-gnu.so
[2.318s] -- Installing: /home/lsantos/GitHub/Sandbox/install/rpi_gpio_msgs/lib/python3.10/site-packages/rpi_gpio_msgs/srv
[2.318s] -- Installing: /home/lsantos/GitHub/Sandbox/install/rpi_gpio_msgs/lib/python3.10/site-packages/rpi_gpio_msgs/srv/_led_toggle_s.c
[2.318s] -- Installing: /home/lsantos/GitHub/Sandbox/install/rpi_gpio_msgs/lib/python3.10/site-packages/rpi_gpio_msgs/srv/__init__.py
[2.318s] -- Installing: /home/lsantos/GitHub/Sandbox/install/rpi_gpio_msgs/lib/python3.10/site-packages/rpi_gpio_msgs/srv/_led_toggle.py
[2.318s] -- Installing: /home/lsantos/GitHub/Sandbox/install/rpi_gpio_msgs/lib/python3.10/site-packages/rpi_gpio_msgs/_rpi_gpio_msgs_s.ep.rosidl_typesupport_fastrtps_c.c
[2.318s] -- Installing: /home/lsantos/GitHub/Sandbox/install/rpi_gpio_msgs/lib/python3.10/site-packages/rpi_gpio_msgs/rpi_gpio_msgs_s__rosidl_typesupport_introspection_c.cpython-310-x86_64-linux-gnu.so
[2.318s] -- Installing: /home/lsantos/GitHub/Sandbox/install/rpi_gpio_msgs/lib/python3.10/site-packages/rpi_gpio_msgs/__init__.py
[2.336s] Listing '/home/lsantos/GitHub/Sandbox/install/rpi_gpio_msgs/lib/python3.10/site-packages/rpi_gpio_msgs'...
[2.336s] Compiling '/home/lsantos/GitHub/Sandbox/install/rpi_gpio_msgs/lib/python3.10/site-packages/rpi_gpio_msgs/__init__.py'...
[2.336s] Listing '/home/lsantos/GitHub/Sandbox/install/rpi_gpio_msgs/lib/python3.10/site-packages/rpi_gpio_msgs/srv'...
[2.336s] Compiling '/home/lsantos/GitHub/Sandbox/install/rpi_gpio_msgs/lib/python3.10/site-packages/rpi_gpio_msgs/srv/__init__.py'...
[2.336s] Compiling '/home/lsantos/GitHub/Sandbox/install/rpi_gpio_msgs/lib/python3.10/site-packages/rpi_gpio_msgs/srv/_led_toggle.py'...
[2.339s] -- Installing: /home/lsantos/GitHub/Sandbox/install/rpi_gpio_msgs/lib/python3.10/site-packages/rpi_gpio_msgs/rpi_gpio_msgs_s__rosidl_typesupport_fastrtps_c.cpython-310-x86_64-linux-gnu.so
[2.339s] -- Set runtime path of "/home/lsantos/GitHub/Sandbox/install/rpi_gpio_msgs/lib/python3.10/site-packages/rpi_gpio_msgs/rpi_gpio_msgs_s__rosidl_typesupport_fastrtps_c.cpython-310-x86_64-linux-gnu.so" to ""
[2.339s] -- Installing: /home/lsantos/GitHub/Sandbox/install/rpi_gpio_msgs/lib/python3.10/site-packages/rpi_gpio_msgs/rpi_gpio_msgs_s__rosidl_typesupport_introspection_c.cpython-310-x86_64-linux-gnu.so
[2.339s] -- Set runtime path of "/home/lsantos/GitHub/Sandbox/install/rpi_gpio_msgs/lib/python3.10/site-packages/rpi_gpio_msgs/rpi_gpio_msgs_s__rosidl_typesupport_introspection_c.cpython-310-x86_64-linux-gnu.so" to ""
[2.339s] -- Installing: /home/lsantos/GitHub/Sandbox/install/rpi_gpio_msgs/lib/python3.10/site-packages/rpi_gpio_msgs/rpi_gpio_msgs_s__rosidl_typesupport_c.cpython-310-x86_64-linux-gnu.so
[2.339s] -- Set runtime path of "/home/lsantos/GitHub/Sandbox/install/rpi_gpio_msgs/lib/python3.10/site-packages/rpi_gpio_msgs/rpi_gpio_msgs_s__rosidl_typesupport_c.cpython-310-x86_64-linux-gnu.so" to ""
[2.339s] -- Installing: /home/lsantos/GitHub/Sandbox/install/rpi_gpio_msgs/lib/librpi_gpio_msgs__rosidl_generator_py.so
[2.340s] -- Set runtime path of "/home/lsantos/GitHub/Sandbox/install/rpi_gpio_msgs/lib/librpi_gpio_msgs__rosidl_generator_py.so" to ""
[2.340s] -- Installing: /home/lsantos/GitHub/Sandbox/install/rpi_gpio_msgs/share/rpi_gpio_msgs/srv/LEDToggle.idl
[2.340s] -- Installing: /home/lsantos/GitHub/Sandbox/install/rpi_gpio_msgs/share/rpi_gpio_msgs/srv/LEDToggle.srv
[2.340s] -- Installing: /home/lsantos/GitHub/Sandbox/install/rpi_gpio_msgs/share/rpi_gpio_msgs/srv/LEDToggle_Request.msg
[2.340s] -- Installing: /home/lsantos/GitHub/Sandbox/install/rpi_gpio_msgs/share/rpi_gpio_msgs/srv/LEDToggle_Response.msg
[2.340s] -- Installing: /home/lsantos/GitHub/Sandbox/install/rpi_gpio_msgs/share/ament_index/resource_index/package_run_dependencies/rpi_gpio_msgs
[2.340s] -- Installing: /home/lsantos/GitHub/Sandbox/install/rpi_gpio_msgs/share/ament_index/resource_index/parent_prefix_path/rpi_gpio_msgs
[2.340s] -- Installing: /home/lsantos/GitHub/Sandbox/install/rpi_gpio_msgs/share/rpi_gpio_msgs/environment/ament_prefix_path.sh
[2.340s] -- Installing: /home/lsantos/GitHub/Sandbox/install/rpi_gpio_msgs/share/rpi_gpio_msgs/environment/ament_prefix_path.dsv
[2.340s] -- Installing: /home/lsantos/GitHub/Sandbox/install/rpi_gpio_msgs/share/rpi_gpio_msgs/environment/path.sh
[2.340s] -- Installing: /home/lsantos/GitHub/Sandbox/install/rpi_gpio_msgs/share/rpi_gpio_msgs/environment/path.dsv
[2.340s] -- Installing: /home/lsantos/GitHub/Sandbox/install/rpi_gpio_msgs/share/rpi_gpio_msgs/local_setup.bash
[2.340s] -- Installing: /home/lsantos/GitHub/Sandbox/install/rpi_gpio_msgs/share/rpi_gpio_msgs/local_setup.sh
[2.340s] -- Installing: /home/lsantos/GitHub/Sandbox/install/rpi_gpio_msgs/share/rpi_gpio_msgs/local_setup.zsh
[2.340s] -- Installing: /home/lsantos/GitHub/Sandbox/install/rpi_gpio_msgs/share/rpi_gpio_msgs/local_setup.dsv
[2.340s] -- Installing: /home/lsantos/GitHub/Sandbox/install/rpi_gpio_msgs/share/rpi_gpio_msgs/package.dsv
[2.340s] -- Installing: /home/lsantos/GitHub/Sandbox/install/rpi_gpio_msgs/share/ament_index/resource_index/packages/rpi_gpio_msgs
[2.340s] -- Installing: /home/lsantos/GitHub/Sandbox/install/rpi_gpio_msgs/share/rpi_gpio_msgs/cmake/export_rpi_gpio_msgs__rosidl_generator_cExport.cmake
[2.340s] -- Installing: /home/lsantos/GitHub/Sandbox/install/rpi_gpio_msgs/share/rpi_gpio_msgs/cmake/export_rpi_gpio_msgs__rosidl_generator_cExport-noconfig.cmake
[2.340s] -- Installing: /home/lsantos/GitHub/Sandbox/install/rpi_gpio_msgs/share/rpi_gpio_msgs/cmake/export_rpi_gpio_msgs__rosidl_typesupport_fastrtps_cExport.cmake
[2.340s] -- Installing: /home/lsantos/GitHub/Sandbox/install/rpi_gpio_msgs/share/rpi_gpio_msgs/cmake/export_rpi_gpio_msgs__rosidl_typesupport_fastrtps_cExport-noconfig.cmake
[2.340s] -- Installing: /home/lsantos/GitHub/Sandbox/install/rpi_gpio_msgs/share/rpi_gpio_msgs/cmake/export_rpi_gpio_msgs__rosidl_generator_cppExport.cmake
[2.340s] -- Installing: /home/lsantos/GitHub/Sandbox/install/rpi_gpio_msgs/share/rpi_gpio_msgs/cmake/export_rpi_gpio_msgs__rosidl_typesupport_fastrtps_cppExport.cmake
[2.340s] -- Installing: /home/lsantos/GitHub/Sandbox/install/rpi_gpio_msgs/share/rpi_gpio_msgs/cmake/export_rpi_gpio_msgs__rosidl_typesupport_fastrtps_cppExport-noconfig.cmake
[2.340s] -- Installing: /home/lsantos/GitHub/Sandbox/install/rpi_gpio_msgs/share/rpi_gpio_msgs/cmake/rpi_gpio_msgs__rosidl_typesupport_introspection_cExport.cmake
[2.340s] -- Installing: /home/lsantos/GitHub/Sandbox/install/rpi_gpio_msgs/share/rpi_gpio_msgs/cmake/rpi_gpio_msgs__rosidl_typesupport_introspection_cExport-noconfig.cmake
[2.341s] -- Installing: /home/lsantos/GitHub/Sandbox/install/rpi_gpio_msgs/share/rpi_gpio_msgs/cmake/rpi_gpio_msgs__rosidl_typesupport_cExport.cmake
[2.341s] -- Installing: /home/lsantos/GitHub/Sandbox/install/rpi_gpio_msgs/share/rpi_gpio_msgs/cmake/rpi_gpio_msgs__rosidl_typesupport_cExport-noconfig.cmake
[2.341s] -- Installing: /home/lsantos/GitHub/Sandbox/install/rpi_gpio_msgs/share/rpi_gpio_msgs/cmake/rpi_gpio_msgs__rosidl_typesupport_introspection_cppExport.cmake
[2.341s] -- Installing: /home/lsantos/GitHub/Sandbox/install/rpi_gpio_msgs/share/rpi_gpio_msgs/cmake/rpi_gpio_msgs__rosidl_typesupport_introspection_cppExport-noconfig.cmake
[2.341s] -- Installing: /home/lsantos/GitHub/Sandbox/install/rpi_gpio_msgs/share/rpi_gpio_msgs/cmake/rpi_gpio_msgs__rosidl_typesupport_cppExport.cmake
[2.341s] -- Installing: /home/lsantos/GitHub/Sandbox/install/rpi_gpio_msgs/share/rpi_gpio_msgs/cmake/rpi_gpio_msgs__rosidl_typesupport_cppExport-noconfig.cmake
[2.341s] -- Installing: /home/lsantos/GitHub/Sandbox/install/rpi_gpio_msgs/share/rpi_gpio_msgs/cmake/export_rpi_gpio_msgs__rosidl_generator_pyExport.cmake
[2.341s] -- Installing: /home/lsantos/GitHub/Sandbox/install/rpi_gpio_msgs/share/rpi_gpio_msgs/cmake/export_rpi_gpio_msgs__rosidl_generator_pyExport-noconfig.cmake
[2.341s] -- Installing: /home/lsantos/GitHub/Sandbox/install/rpi_gpio_msgs/share/rpi_gpio_msgs/cmake/rosidl_cmake-extras.cmake
[2.341s] -- Installing: /home/lsantos/GitHub/Sandbox/install/rpi_gpio_msgs/share/rpi_gpio_msgs/cmake/ament_cmake_export_dependencies-extras.cmake
[2.341s] -- Installing: /home/lsantos/GitHub/Sandbox/install/rpi_gpio_msgs/share/rpi_gpio_msgs/cmake/ament_cmake_export_include_directories-extras.cmake
[2.341s] -- Installing: /home/lsantos/GitHub/Sandbox/install/rpi_gpio_msgs/share/rpi_gpio_msgs/cmake/ament_cmake_export_libraries-extras.cmake
[2.341s] -- Installing: /home/lsantos/GitHub/Sandbox/install/rpi_gpio_msgs/share/rpi_gpio_msgs/cmake/ament_cmake_export_targets-extras.cmake
[2.341s] -- Installing: /home/lsantos/GitHub/Sandbox/install/rpi_gpio_msgs/share/rpi_gpio_msgs/cmake/rosidl_cmake_export_typesupport_targets-extras.cmake
[2.341s] -- Installing: /home/lsantos/GitHub/Sandbox/install/rpi_gpio_msgs/share/rpi_gpio_msgs/cmake/rosidl_cmake_export_typesupport_libraries-extras.cmake
[2.341s] -- Installing: /home/lsantos/GitHub/Sandbox/install/rpi_gpio_msgs/share/rpi_gpio_msgs/cmake/rpi_gpio_msgsConfig.cmake
[2.341s] -- Installing: /home/lsantos/GitHub/Sandbox/install/rpi_gpio_msgs/share/rpi_gpio_msgs/cmake/rpi_gpio_msgsConfig-version.cmake
[2.341s] -- Installing: /home/lsantos/GitHub/Sandbox/install/rpi_gpio_msgs/share/rpi_gpio_msgs/package.xml
[2.343s] Invoked command in '/home/lsantos/GitHub/Sandbox/build/rpi_gpio_msgs' returned '0': CMAKE_PREFIX_PATH=${CMAKE_PREFIX_PATH}:/opt/ros/iron /usr/bin/cmake --install /home/lsantos/GitHub/Sandbox/build/rpi_gpio_msgs
